================== fold: 0 training ======================
Epoch: [1][0/936] Elapsed 0m 1s (remain 23m 51s) Loss: 0.6803(0.6803) LR: 0.00002000 Accuracy: 0.5000
Epoch: [1][300/936] Elapsed 1m 5s (remain 2m 18s) Loss: 0.7207(0.6599) LR: 0.00002000 Accuracy: 0.5723
Epoch: [1][600/936] Elapsed 2m 11s (remain 1m 13s) Loss: 0.8618(0.6519) LR: 0.00002000 Accuracy: 0.5878
Epoch: [1][900/936] Elapsed 3m 18s (remain 0m 7s) Loss: 0.6027(0.6397) LR: 0.00002000 Accuracy: 0.6082
Epoch: [1][935/936] Elapsed 3m 26s (remain 0m 0s) Loss: 0.4254(0.6378) LR: 0.00002000 Accuracy: 0.6108
EVAL: [0/105] Elapsed 0m 0s (remain 0m 45s) Loss: 0.3663(0.3663) Accuracy: 1.0000 F1 Score: 1.0000
EVAL: [104/105] Elapsed 0m 6s (remain 0m 0s) Loss: 0.9299(0.6924) Accuracy: 0.6691 F1 Score: 0.6690
Epoch 1 - avg_train_loss: 0.6378  train_acc: 0.6108  valid_acc: 0.6691  valid_f1: 0.6690  time: 213s
Epoch 1 - Save Best Score: 0.6690 Model
Epoch: [2][0/936] Elapsed 0m 0s (remain 6m 12s) Loss: 0.2684(0.2684) LR: 0.00001050 Accuracy: 1.0000
================== fold: 0 training ======================
Epoch: [1][0/936] Elapsed 0m 1s (remain 23m 28s) Loss: 0.6803(0.6803) LR: 0.00002000 Accuracy: 0.5000
Epoch: [1][300/936] Elapsed 1m 6s (remain 2m 20s) Loss: 0.7207(0.6599) LR: 0.00002000 Accuracy: 0.5723
Epoch: [1][600/936] Elapsed 2m 13s (remain 1m 14s) Loss: 0.8618(0.6519) LR: 0.00002000 Accuracy: 0.5878
Epoch: [1][900/936] Elapsed 3m 19s (remain 0m 7s) Loss: 0.6027(0.6397) LR: 0.00002000 Accuracy: 0.6082
Epoch: [1][935/936] Elapsed 3m 27s (remain 0m 0s) Loss: 0.4254(0.6378) LR: 0.00002000 Accuracy: 0.6108
EVAL: [0/105] Elapsed 0m 0s (remain 0m 37s) Loss: 0.3663(0.3663) Accuracy: 1.0000 F1 Score: 1.0000
EVAL: [104/105] Elapsed 0m 6s (remain 0m 0s) Loss: 0.9299(0.6924) Accuracy: 0.6691 F1 Score: 0.6690
Epoch 1 - avg_train_loss: 0.6378  train_acc: 0.6108  valid_acc: 0.6691  valid_f1: 0.6690  time: 213s
Epoch 1 - Save Best Score: 0.6690 Model
Epoch: [2][0/936] Elapsed 0m 0s (remain 7m 49s) Loss: 0.2684(0.2684) LR: 0.00001050 Accuracy: 1.0000
================== fold: 0 training ======================
Epoch: [1][0/936] Elapsed 0m 1s (remain 23m 54s) Loss: 0.6803(0.6803) LR: 0.00002000 Accuracy: 0.5000
================== fold: 0 training ======================
Epoch: [1][0/3745] Elapsed 0m 1s (remain 89m 31s) Loss: 0.6641(0.6641) LR: 0.00002000 Accuracy: 0.0000
================== fold: 0 training ======================
Epoch: [1][0/3745] Elapsed 0m 1s (remain 93m 28s) Loss: 0.6641(0.6641) LR: 0.00002000 Accuracy: 0.0000
Epoch: [1][300/3745] Elapsed 0m 45s (remain 8m 36s) Loss: 0.5269(0.6822) LR: 0.00002000 Accuracy: 0.5482
================== fold: 0 training ======================
================== fold: 0 training ======================
Epoch: [1][0/936] Elapsed 0m 1s (remain 24m 33s) Loss: 0.6803(0.6803) LR: 0.00002000 Accuracy: 0.5000
Epoch: [1][300/936] Elapsed 1m 6s (remain 2m 21s) Loss: 0.7207(0.6599) LR: 0.00002000 Accuracy: 0.5723
Epoch: [1][600/936] Elapsed 2m 13s (remain 1m 14s) Loss: 0.8618(0.6519) LR: 0.00002000 Accuracy: 0.5878
Epoch: [1][900/936] Elapsed 3m 19s (remain 0m 7s) Loss: 0.6027(0.6397) LR: 0.00002000 Accuracy: 0.6082
Epoch: [1][935/936] Elapsed 3m 27s (remain 0m 0s) Loss: 0.4254(0.6378) LR: 0.00002000 Accuracy: 0.6108
EVAL: [0/105] Elapsed 0m 0s (remain 0m 47s) Loss: 0.3663(0.3663) Accuracy: 1.0000 F1 Score: 1.0000
EVAL: [104/105] Elapsed 0m 6s (remain 0m 0s) Loss: 0.9299(0.6924) Accuracy: 0.6691 F1 Score: 0.6690
Epoch 1 - avg_train_loss: 0.6378  train_acc: 0.6108  valid_acc: 0.6691  valid_f1: 0.6690  time: 214s
Epoch 1 - Save Best Score: 0.6690 Model
Epoch: [2][0/936] Elapsed 0m 0s (remain 8m 50s) Loss: 0.2684(0.2684) LR: 0.00001050 Accuracy: 1.0000
================== fold: 0 training ======================
================== fold: 0 training ======================
Epoch: [1][0/936] Elapsed 0m 1s (remain 23m 31s) Loss: 0.6803(0.6803) LR: 0.00002000 Accuracy: 0.5000
Epoch: [1][300/936] Elapsed 1m 5s (remain 2m 18s) Loss: 0.7207(0.6599) LR: 0.00002000 Accuracy: 0.5723
