================== fold: 0 training ======================
Epoch: [1][0/936] Elapsed 0m 1s (remain 22m 11s) Loss: 0.6803(0.6803) LR: 0.00002000 Accuracy: 0.5000 
Epoch: [1][300/936] Elapsed 1m 5s (remain 2m 19s) Loss: 0.7207(0.6599) LR: 0.00002000 Accuracy: 0.5723 
Epoch: [1][600/936] Elapsed 2m 11s (remain 1m 13s) Loss: 0.8618(0.6519) LR: 0.00002000 Accuracy: 0.5878 
Epoch: [1][900/936] Elapsed 3m 17s (remain 0m 7s) Loss: 0.6027(0.6397) LR: 0.00002000 Accuracy: 0.6082 
Epoch: [1][935/936] Elapsed 3m 25s (remain 0m 0s) Loss: 0.4254(0.6378) LR: 0.00002000 Accuracy: 0.6108 
EVAL: [0/105] Elapsed 0m 0s (remain 0m 30s) Loss: 0.3663(0.3663) accuracy: 1.0000 f1 score: 1.0
EVAL: [104/105] Elapsed 0m 5s (remain 0m 0s) Loss: 0.9299(0.6924) accuracy: 0.6691 f1 score: 0.668971468016567
Epoch 1 - avg_train_loss: 0.6378  train_acc: 0.6108  valid_acc: 0.6691  valid_f1: 0.6690  time: 212s
Epoch 1 - Save Best Score: 0.6690 Model
Epoch: [2][0/936] Elapsed 0m 0s (remain 6m 32s) Loss: 0.2684(0.2684) LR: 0.00001050 Accuracy: 1.0000 
Epoch: [2][300/936] Elapsed 1m 6s (remain 2m 19s) Loss: 0.1492(0.4573) LR: 0.00001050 Accuracy: 0.7766 
Epoch: [2][600/936] Elapsed 2m 12s (remain 1m 13s) Loss: 0.2031(0.4342) LR: 0.00001050 Accuracy: 0.7895 
Epoch: [2][900/936] Elapsed 3m 18s (remain 0m 7s) Loss: 0.3872(0.4337) LR: 0.00001050 Accuracy: 0.7961 
Epoch: [2][935/936] Elapsed 3m 26s (remain 0m 0s) Loss: 0.1164(0.4316) LR: 0.00001050 Accuracy: 0.7970 
EVAL: [0/105] Elapsed 0m 0s (remain 0m 29s) Loss: 0.3251(0.3251) accuracy: 1.0000 f1 score: 1.0
EVAL: [104/105] Elapsed 0m 5s (remain 0m 0s) Loss: 0.8789(0.6713) accuracy: 0.6859 f1 score: 0.6854968248576511
Epoch 2 - avg_train_loss: 0.4316  train_acc: 0.7970  valid_acc: 0.6859  valid_f1: 0.6855  time: 212s
Epoch 2 - Save Best Score: 0.6855 Model
Epoch: [3][0/936] Elapsed 0m 0s (remain 6m 57s) Loss: 0.0840(0.0840) LR: 0.00000100 Accuracy: 1.0000 
Epoch: [3][300/936] Elapsed 1m 6s (remain 2m 19s) Loss: 0.3664(0.2458) LR: 0.00000100 Accuracy: 0.8978 
Epoch: [3][600/936] Elapsed 2m 12s (remain 1m 13s) Loss: 0.1532(0.2370) LR: 0.00000100 Accuracy: 0.8989 
Epoch: [3][900/936] Elapsed 3m 18s (remain 0m 7s) Loss: 0.1518(0.2231) LR: 0.00000100 Accuracy: 0.9098 
Epoch: [3][935/936] Elapsed 3m 26s (remain 0m 0s) Loss: 0.2117(0.2229) LR: 0.00000100 Accuracy: 0.9105 
EVAL: [0/105] Elapsed 0m 0s (remain 0m 31s) Loss: 0.3206(0.3206) accuracy: 1.0000 f1 score: 1.0
EVAL: [104/105] Elapsed 0m 5s (remain 0m 0s) Loss: 0.8589(0.6663) accuracy: 0.6882 f1 score: 0.6882045736897804
Epoch 3 - avg_train_loss: 0.2229  train_acc: 0.9105  valid_acc: 0.6882  valid_f1: 0.6882  time: 212s
Epoch 3 - Save Best Score: 0.6882 Model
Epoch: [4][0/936] Elapsed 0m 0s (remain 7m 22s) Loss: 0.3554(0.3554) LR: 0.00001050 Accuracy: 0.7500 
Epoch: [4][300/936] Elapsed 1m 5s (remain 2m 19s) Loss: 0.1126(0.1783) LR: 0.00001050 Accuracy: 0.9344 
Epoch: [4][600/936] Elapsed 2m 12s (remain 1m 13s) Loss: 0.1787(0.1869) LR: 0.00001050 Accuracy: 0.9235 
Epoch: [4][900/936] Elapsed 3m 18s (remain 0m 7s) Loss: 0.4272(0.1870) LR: 0.00001050 Accuracy: 0.9240 
Epoch: [4][935/936] Elapsed 3m 26s (remain 0m 0s) Loss: 0.0703(0.1860) LR: 0.00001050 Accuracy: 0.9244 
EVAL: [0/105] Elapsed 0m 0s (remain 0m 34s) Loss: 0.3167(0.3167) accuracy: 1.0000 f1 score: 1.0
EVAL: [104/105] Elapsed 0m 6s (remain 0m 0s) Loss: 0.9504(0.6785) accuracy: 0.6715 f1 score: 0.6692641244000856
Epoch 4 - avg_train_loss: 0.1860  train_acc: 0.9244  valid_acc: 0.6715  valid_f1: 0.6693  time: 213s
Epoch: [5][0/936] Elapsed 0m 0s (remain 6m 50s) Loss: 0.1000(0.1000) LR: 0.00002000 Accuracy: 1.0000 
Epoch: [5][300/936] Elapsed 1m 6s (remain 2m 20s) Loss: 0.0178(0.1060) LR: 0.00002000 Accuracy: 0.9610 
Epoch: [5][600/936] Elapsed 2m 12s (remain 1m 13s) Loss: 0.0925(0.1456) LR: 0.00002000 Accuracy: 0.9443 
Epoch: [5][900/936] Elapsed 3m 18s (remain 0m 7s) Loss: 0.0130(0.1554) LR: 0.00002000 Accuracy: 0.9392 
Epoch: [5][935/936] Elapsed 3m 26s (remain 0m 0s) Loss: 0.1303(0.1545) LR: 0.00002000 Accuracy: 0.9388 
EVAL: [0/105] Elapsed 0m 0s (remain 0m 30s) Loss: 0.3160(0.3160) accuracy: 1.0000 f1 score: 1.0
EVAL: [104/105] Elapsed 0m 5s (remain 0m 0s) Loss: 0.7187(0.6779) accuracy: 0.6379 f1 score: 0.637881358369037
Epoch 5 - avg_train_loss: 0.1545  train_acc: 0.9388  valid_acc: 0.6379  valid_f1: 0.6379  time: 212s
Epoch: [6][0/936] Elapsed 0m 0s (remain 7m 10s) Loss: 0.0110(0.0110) LR: 0.00001050 Accuracy: 1.0000 
Epoch: [6][300/936] Elapsed 1m 6s (remain 2m 20s) Loss: 0.1605(0.0928) LR: 0.00001050 Accuracy: 0.9601 
Epoch: [6][600/936] Elapsed 2m 12s (remain 1m 13s) Loss: 0.0164(0.0889) LR: 0.00001050 Accuracy: 0.9646 
Epoch: [6][900/936] Elapsed 3m 18s (remain 0m 7s) Loss: 0.0128(0.0869) LR: 0.00001050 Accuracy: 0.9659 
Epoch: [6][935/936] Elapsed 3m 26s (remain 0m 0s) Loss: 0.1053(0.0861) LR: 0.00001050 Accuracy: 0.9663 
EVAL: [0/105] Elapsed 0m 0s (remain 0m 32s) Loss: 0.3177(0.3177) accuracy: 1.0000 f1 score: 1.0
EVAL: [104/105] Elapsed 0m 5s (remain 0m 0s) Loss: 0.7068(0.6785) accuracy: 0.6451 f1 score: 0.6449185307925988
Epoch 6 - avg_train_loss: 0.0861  train_acc: 0.9663  valid_acc: 0.6451  valid_f1: 0.6449  time: 212s
Epoch: [7][0/936] Elapsed 0m 0s (remain 6m 47s) Loss: 0.0406(0.0406) LR: 0.00000100 Accuracy: 1.0000 
Epoch: [7][300/936] Elapsed 1m 6s (remain 2m 20s) Loss: 0.1711(0.0493) LR: 0.00000100 Accuracy: 0.9784 
Epoch: [7][600/936] Elapsed 2m 12s (remain 1m 13s) Loss: 0.0317(0.0407) LR: 0.00000100 Accuracy: 0.9854 
Epoch: [7][900/936] Elapsed 3m 18s (remain 0m 7s) Loss: 0.0368(0.0403) LR: 0.00000100 Accuracy: 0.9847 
Epoch: [7][935/936] Elapsed 3m 26s (remain 0m 0s) Loss: 0.0114(0.0396) LR: 0.00000100 Accuracy: 0.9853 
EVAL: [0/105] Elapsed 0m 0s (remain 0m 34s) Loss: 0.3152(0.3152) accuracy: 1.0000 f1 score: 1.0
EVAL: [104/105] Elapsed 0m 5s (remain 0m 0s) Loss: 0.7061(0.6805) accuracy: 0.6547 f1 score: 0.6543403177527055
Epoch 7 - avg_train_loss: 0.0396  train_acc: 0.9853  valid_acc: 0.6547  valid_f1: 0.6543  time: 212s
Epoch: [8][0/936] Elapsed 0m 0s (remain 6m 51s) Loss: 0.0065(0.0065) LR: 0.00001050 Accuracy: 1.0000 
Epoch: [8][300/936] Elapsed 1m 6s (remain 2m 20s) Loss: 0.0060(0.0405) LR: 0.00001050 Accuracy: 0.9842 
Epoch: [8][600/936] Elapsed 2m 12s (remain 1m 13s) Loss: 0.0058(0.0408) LR: 0.00001050 Accuracy: 0.9846 
Epoch: [8][900/936] Elapsed 3m 18s (remain 0m 7s) Loss: 0.3055(0.0411) LR: 0.00001050 Accuracy: 0.9847 
Epoch: [8][935/936] Elapsed 3m 25s (remain 0m 0s) Loss: 0.0289(0.0427) LR: 0.00001050 Accuracy: 0.9842 
EVAL: [0/105] Elapsed 0m 0s (remain 0m 33s) Loss: 0.3143(0.3143) accuracy: 1.0000 f1 score: 1.0
EVAL: [104/105] Elapsed 0m 5s (remain 0m 0s) Loss: 0.7005(0.6873) accuracy: 0.6403 f1 score: 0.6393731838937318
Epoch 8 - avg_train_loss: 0.0427  train_acc: 0.9842  valid_acc: 0.6403  valid_f1: 0.6394  time: 212s
Epoch: [9][0/936] Elapsed 0m 0s (remain 6m 20s) Loss: 0.0064(0.0064) LR: 0.00002000 Accuracy: 1.0000 
Epoch: [9][300/936] Elapsed 1m 6s (remain 2m 19s) Loss: 0.0066(0.0386) LR: 0.00002000 Accuracy: 0.9850 
Epoch: [9][600/936] Elapsed 2m 11s (remain 1m 13s) Loss: 0.0175(0.0509) LR: 0.00002000 Accuracy: 0.9800 
Epoch: [9][900/936] Elapsed 3m 17s (remain 0m 7s) Loss: 0.0091(0.0608) LR: 0.00002000 Accuracy: 0.9767 
Epoch: [9][935/936] Elapsed 3m 24s (remain 0m 0s) Loss: 0.0518(0.0617) LR: 0.00002000 Accuracy: 0.9770 
EVAL: [0/105] Elapsed 0m 0s (remain 0m 25s) Loss: 0.3145(0.3145) accuracy: 1.0000 f1 score: 1.0
EVAL: [104/105] Elapsed 0m 5s (remain 0m 0s) Loss: 0.7266(0.6714) accuracy: 0.6571 f1 score: 0.6566873736995734
Epoch 9 - avg_train_loss: 0.0617  train_acc: 0.9770  valid_acc: 0.6571  valid_f1: 0.6567  time: 211s
Epoch: [10][0/936] Elapsed 0m 0s (remain 7m 4s) Loss: 0.0052(0.0052) LR: 0.00001050 Accuracy: 1.0000 
Epoch: [10][300/936] Elapsed 1m 6s (remain 2m 19s) Loss: 0.0039(0.0581) LR: 0.00001050 Accuracy: 0.9792 
Epoch: [10][600/936] Elapsed 2m 11s (remain 1m 13s) Loss: 0.0029(0.0439) LR: 0.00001050 Accuracy: 0.9854 
Epoch: [10][900/936] Elapsed 3m 18s (remain 0m 7s) Loss: 0.0026(0.0413) LR: 0.00001050 Accuracy: 0.9858 
Epoch: [10][935/936] Elapsed 3m 25s (remain 0m 0s) Loss: 0.0041(0.0417) LR: 0.00001050 Accuracy: 0.9853 
EVAL: [0/105] Elapsed 0m 0s (remain 0m 33s) Loss: 0.3138(0.3138) accuracy: 1.0000 f1 score: 1.0
EVAL: [104/105] Elapsed 0m 5s (remain 0m 0s) Loss: 0.6970(0.6808) accuracy: 0.6643 f1 score: 0.6624028497409327
Epoch 10 - avg_train_loss: 0.0417  train_acc: 0.9853  valid_acc: 0.6643  valid_f1: 0.6624  time: 212s
[Fold0] Best score: 0.6882045736897804
================== fold: 1 training ======================
Epoch: [1][0/936] Elapsed 0m 0s (remain 5m 26s) Loss: 0.8361(0.8361) LR: 0.00002000 Accuracy: 0.5000 
Epoch: [1][300/936] Elapsed 1m 5s (remain 2m 19s) Loss: 0.5778(0.6758) LR: 0.00002000 Accuracy: 0.5465 
Epoch: [1][600/936] Elapsed 2m 11s (remain 1m 13s) Loss: 0.4796(0.6544) LR: 0.00002000 Accuracy: 0.5907 
Epoch: [1][900/936] Elapsed 3m 17s (remain 0m 7s) Loss: 0.4123(0.6424) LR: 0.00002000 Accuracy: 0.6129 
Epoch: [1][935/936] Elapsed 3m 25s (remain 0m 0s) Loss: 0.5368(0.6392) LR: 0.00002000 Accuracy: 0.6181 
EVAL: [0/105] Elapsed 0m 0s (remain 0m 30s) Loss: 0.4044(0.4044) accuracy: 1.0000 f1 score: 1.0
EVAL: [104/105] Elapsed 0m 5s (remain 0m 0s) Loss: 0.7925(0.6771) accuracy: 0.6906 f1 score: 0.6861350495072611
Epoch 1 - avg_train_loss: 0.6392  train_acc: 0.6181  valid_acc: 0.6906  valid_f1: 0.6861  time: 212s
Epoch 1 - Save Best Score: 0.6861 Model
Epoch: [2][0/936] Elapsed 0m 0s (remain 6m 57s) Loss: 0.3602(0.3602) LR: 0.00001050 Accuracy: 0.7500 
Epoch: [2][300/936] Elapsed 1m 6s (remain 2m 20s) Loss: 0.3133(0.4588) LR: 0.00001050 Accuracy: 0.7799 
Epoch: [2][600/936] Elapsed 2m 12s (remain 1m 13s) Loss: 0.7725(0.4341) LR: 0.00001050 Accuracy: 0.7962 
Epoch: [2][900/936] Elapsed 3m 18s (remain 0m 7s) Loss: 1.0160(0.4274) LR: 0.00001050 Accuracy: 0.7933 
Epoch: [2][935/936] Elapsed 3m 25s (remain 0m 0s) Loss: 0.3505(0.4287) LR: 0.00001050 Accuracy: 0.7933 
EVAL: [0/105] Elapsed 0m 0s (remain 0m 33s) Loss: 0.4261(0.4261) accuracy: 0.5000 f1 score: 0.3333333333333333
EVAL: [104/105] Elapsed 0m 5s (remain 0m 0s) Loss: 0.7314(0.6683) accuracy: 0.6427 f1 score: 0.6361235234520037
Epoch 2 - avg_train_loss: 0.4287  train_acc: 0.7933  valid_acc: 0.6427  valid_f1: 0.6361  time: 212s
Epoch: [3][0/936] Elapsed 0m 0s (remain 6m 29s) Loss: 0.4104(0.4104) LR: 0.00000100 Accuracy: 0.7500 
Epoch: [3][300/936] Elapsed 1m 5s (remain 2m 19s) Loss: 0.1613(0.2379) LR: 0.00000100 Accuracy: 0.8920 
Epoch: [3][600/936] Elapsed 2m 11s (remain 1m 13s) Loss: 0.1411(0.2211) LR: 0.00000100 Accuracy: 0.9081 
Epoch: [3][900/936] Elapsed 3m 17s (remain 0m 7s) Loss: 0.1296(0.2125) LR: 0.00000100 Accuracy: 0.9143 
Epoch: [3][935/936] Elapsed 3m 25s (remain 0m 0s) Loss: 0.0938(0.2117) LR: 0.00000100 Accuracy: 0.9151 
EVAL: [0/105] Elapsed 0m 0s (remain 0m 34s) Loss: 0.3266(0.3266) accuracy: 1.0000 f1 score: 1.0
EVAL: [104/105] Elapsed 0m 5s (remain 0m 0s) Loss: 0.7165(0.6686) accuracy: 0.6930 f1 score: 0.6928318217393306
Epoch 3 - avg_train_loss: 0.2117  train_acc: 0.9151  valid_acc: 0.6930  valid_f1: 0.6928  time: 211s
Epoch 3 - Save Best Score: 0.6928 Model
Epoch: [4][0/936] Elapsed 0m 0s (remain 6m 55s) Loss: 0.0699(0.0699) LR: 0.00001050 Accuracy: 1.0000 
Epoch: [4][300/936] Elapsed 1m 5s (remain 2m 19s) Loss: 0.0425(0.1464) LR: 0.00001050 Accuracy: 0.9435 
Epoch: [4][600/936] Elapsed 2m 11s (remain 1m 13s) Loss: 0.1451(0.1681) LR: 0.00001050 Accuracy: 0.9330 
Epoch: [4][900/936] Elapsed 3m 17s (remain 0m 7s) Loss: 0.0175(0.1733) LR: 0.00001050 Accuracy: 0.9320 
Epoch: [4][935/936] Elapsed 3m 25s (remain 0m 0s) Loss: 0.0549(0.1735) LR: 0.00001050 Accuracy: 0.9314 
EVAL: [0/105] Elapsed 0m 0s (remain 0m 32s) Loss: 0.3248(0.3248) accuracy: 1.0000 f1 score: 1.0
EVAL: [104/105] Elapsed 0m 5s (remain 0m 0s) Loss: 0.7041(0.6680) accuracy: 0.6643 f1 score: 0.6642512077294687
Epoch 4 - avg_train_loss: 0.1735  train_acc: 0.9314  valid_acc: 0.6643  valid_f1: 0.6643  time: 212s
Epoch: [5][0/936] Elapsed 0m 0s (remain 7m 4s) Loss: 0.0396(0.0396) LR: 0.00002000 Accuracy: 1.0000 
Epoch: [5][300/936] Elapsed 1m 6s (remain 2m 19s) Loss: 0.0278(0.0955) LR: 0.00002000 Accuracy: 0.9676 
Epoch: [5][600/936] Elapsed 2m 11s (remain 1m 13s) Loss: 0.0139(0.1125) LR: 0.00002000 Accuracy: 0.9605 
Epoch: [5][900/936] Elapsed 3m 17s (remain 0m 7s) Loss: 0.2129(0.1255) LR: 0.00002000 Accuracy: 0.9542 
Epoch: [5][935/936] Elapsed 3m 25s (remain 0m 0s) Loss: 0.8338(0.1272) LR: 0.00002000 Accuracy: 0.9543 
EVAL: [0/105] Elapsed 0m 0s (remain 0m 31s) Loss: 0.3381(0.3381) accuracy: 1.0000 f1 score: 1.0
EVAL: [104/105] Elapsed 0m 5s (remain 0m 0s) Loss: 0.6975(0.6566) accuracy: 0.6667 f1 score: 0.6660444213983234
Epoch 5 - avg_train_loss: 0.1272  train_acc: 0.9543  valid_acc: 0.6667  valid_f1: 0.6660  time: 212s
Epoch: [6][0/936] Elapsed 0m 0s (remain 6m 26s) Loss: 0.0900(0.0900) LR: 0.00001050 Accuracy: 1.0000 
Epoch: [6][300/936] Elapsed 1m 6s (remain 2m 19s) Loss: 0.0151(0.0733) LR: 0.00001050 Accuracy: 0.9759 
Epoch: [6][600/936] Elapsed 2m 11s (remain 1m 13s) Loss: 0.0116(0.0700) LR: 0.00001050 Accuracy: 0.9767 
Epoch: [6][900/936] Elapsed 3m 17s (remain 0m 7s) Loss: 0.0195(0.0613) LR: 0.00001050 Accuracy: 0.9797 
Epoch: [6][935/936] Elapsed 3m 25s (remain 0m 0s) Loss: 0.0062(0.0618) LR: 0.00001050 Accuracy: 0.9794 
EVAL: [0/105] Elapsed 0m 0s (remain 0m 30s) Loss: 0.3897(0.3897) accuracy: 0.7500 f1 score: 0.42857142857142855
EVAL: [104/105] Elapsed 0m 5s (remain 0m 0s) Loss: 0.6956(0.6505) accuracy: 0.6835 f1 score: 0.6823113860928987
Epoch 6 - avg_train_loss: 0.0618  train_acc: 0.9794  valid_acc: 0.6835  valid_f1: 0.6823  time: 212s
Epoch: [7][0/936] Elapsed 0m 0s (remain 6m 40s) Loss: 0.0061(0.0061) LR: 0.00000100 Accuracy: 1.0000 
Epoch: [7][300/936] Elapsed 1m 6s (remain 2m 19s) Loss: 0.0088(0.0271) LR: 0.00000100 Accuracy: 0.9909 
Epoch: [7][600/936] Elapsed 2m 11s (remain 1m 13s) Loss: 0.0140(0.0255) LR: 0.00000100 Accuracy: 0.9921 
Epoch: [7][900/936] Elapsed 3m 17s (remain 0m 7s) Loss: 0.0053(0.0245) LR: 0.00000100 Accuracy: 0.9922 
Epoch: [7][935/936] Elapsed 3m 25s (remain 0m 0s) Loss: 0.0063(0.0240) LR: 0.00000100 Accuracy: 0.9925 
EVAL: [0/105] Elapsed 0m 0s (remain 0m 32s) Loss: 0.3452(0.3452) accuracy: 1.0000 f1 score: 1.0
EVAL: [104/105] Elapsed 0m 5s (remain 0m 0s) Loss: 0.6954(0.6575) accuracy: 0.6954 f1 score: 0.695268400186433
Epoch 7 - avg_train_loss: 0.0240  train_acc: 0.9925  valid_acc: 0.6954  valid_f1: 0.6953  time: 211s
Epoch 7 - Save Best Score: 0.6953 Model
Epoch: [8][0/936] Elapsed 0m 0s (remain 6m 58s) Loss: 0.0039(0.0039) LR: 0.00001050 Accuracy: 1.0000 
Epoch: [8][300/936] Elapsed 1m 6s (remain 2m 19s) Loss: 0.0056(0.0098) LR: 0.00001050 Accuracy: 0.9975 
Epoch: [8][600/936] Elapsed 2m 12s (remain 1m 13s) Loss: 0.0726(0.0168) LR: 0.00001050 Accuracy: 0.9946 
Epoch: [8][900/936] Elapsed 3m 18s (remain 0m 7s) Loss: 0.0039(0.0244) LR: 0.00001050 Accuracy: 0.9925 
Epoch: [8][935/936] Elapsed 3m 25s (remain 0m 0s) Loss: 0.0069(0.0238) LR: 0.00001050 Accuracy: 0.9928 
EVAL: [0/105] Elapsed 0m 0s (remain 0m 25s) Loss: 0.3192(0.3192) accuracy: 1.0000 f1 score: 1.0
EVAL: [104/105] Elapsed 0m 5s (remain 0m 0s) Loss: 0.6945(0.6555) accuracy: 0.6882 f1 score: 0.6882476076555024
Epoch 8 - avg_train_loss: 0.0238  train_acc: 0.9928  valid_acc: 0.6882  valid_f1: 0.6882  time: 212s
Epoch: [9][0/936] Elapsed 0m 0s (remain 6m 53s) Loss: 0.0147(0.0147) LR: 0.00002000 Accuracy: 1.0000 
Epoch: [9][300/936] Elapsed 1m 6s (remain 2m 19s) Loss: 0.0042(0.0806) LR: 0.00002000 Accuracy: 0.9726 
Epoch: [9][600/936] Elapsed 2m 11s (remain 1m 13s) Loss: 0.0975(0.0701) LR: 0.00002000 Accuracy: 0.9742 
Epoch: [9][900/936] Elapsed 3m 16s (remain 0m 7s) Loss: 0.0062(0.0728) LR: 0.00002000 Accuracy: 0.9723 
Epoch: [9][935/936] Elapsed 3m 24s (remain 0m 0s) Loss: 0.0804(0.0734) LR: 0.00002000 Accuracy: 0.9720 
EVAL: [0/105] Elapsed 0m 0s (remain 0m 35s) Loss: 0.3140(0.3140) accuracy: 1.0000 f1 score: 1.0
EVAL: [104/105] Elapsed 0m 6s (remain 0m 0s) Loss: 0.6943(0.6639) accuracy: 0.6930 f1 score: 0.6897465705649848
Epoch 9 - avg_train_loss: 0.0734  train_acc: 0.9720  valid_acc: 0.6930  valid_f1: 0.6897  time: 211s
Epoch: [10][0/936] Elapsed 0m 0s (remain 6m 33s) Loss: 0.0027(0.0027) LR: 0.00001050 Accuracy: 1.0000 
Epoch: [10][300/936] Elapsed 1m 6s (remain 2m 19s) Loss: 0.2754(0.0517) LR: 0.00001050 Accuracy: 0.9784 
Epoch: [10][600/936] Elapsed 2m 11s (remain 1m 13s) Loss: 0.0034(0.0418) LR: 0.00001050 Accuracy: 0.9854 
Epoch: [10][900/936] Elapsed 3m 17s (remain 0m 7s) Loss: 0.0092(0.0388) LR: 0.00001050 Accuracy: 0.9858 
Epoch: [10][935/936] Elapsed 3m 24s (remain 0m 0s) Loss: 0.0084(0.0376) LR: 0.00001050 Accuracy: 0.9864 
EVAL: [0/105] Elapsed 0m 0s (remain 0m 32s) Loss: 0.3277(0.3277) accuracy: 1.0000 f1 score: 1.0
EVAL: [104/105] Elapsed 0m 5s (remain 0m 0s) Loss: 0.6941(0.6503) accuracy: 0.6835 f1 score: 0.6812074317750081
Epoch 10 - avg_train_loss: 0.0376  train_acc: 0.9864  valid_acc: 0.6835  valid_f1: 0.6812  time: 211s
[Fold1] Best score: 0.695268400186433
================== fold: 2 training ======================
Epoch: [1][0/936] Elapsed 0m 0s (remain 5m 29s) Loss: 0.6652(0.6652) LR: 0.00002000 Accuracy: 0.7500 
Epoch: [1][300/936] Elapsed 1m 5s (remain 2m 19s) Loss: 0.6806(0.6750) LR: 0.00002000 Accuracy: 0.5473 
Epoch: [1][600/936] Elapsed 2m 11s (remain 1m 13s) Loss: 0.4612(0.6555) LR: 0.00002000 Accuracy: 0.5869 
Epoch: [1][900/936] Elapsed 3m 17s (remain 0m 7s) Loss: 0.9805(0.6491) LR: 0.00002000 Accuracy: 0.5957 
Epoch: [1][935/936] Elapsed 3m 25s (remain 0m 0s) Loss: 0.5927(0.6476) LR: 0.00002000 Accuracy: 0.5967 
EVAL: [0/104] Elapsed 0m 0s (remain 0m 25s) Loss: 0.5435(0.5435) accuracy: 0.7500 f1 score: 0.42857142857142855
EVAL: [103/104] Elapsed 0m 5s (remain 0m 0s) Loss: 0.7800(0.6856) accuracy: 0.7019 f1 score: 0.7014814814814816
Epoch 1 - avg_train_loss: 0.6476  train_acc: 0.5967  valid_acc: 0.7019  valid_f1: 0.7015  time: 211s
Epoch 1 - Save Best Score: 0.7015 Model
Epoch: [2][0/936] Elapsed 0m 0s (remain 5m 25s) Loss: 0.8011(0.8011) LR: 0.00001050 Accuracy: 0.7500 
Epoch: [2][300/936] Elapsed 1m 5s (remain 2m 19s) Loss: 0.3998(0.5002) LR: 0.00001050 Accuracy: 0.7558 
Epoch: [2][600/936] Elapsed 2m 11s (remain 1m 13s) Loss: 0.3518(0.4832) LR: 0.00001050 Accuracy: 0.7592 
Epoch: [2][900/936] Elapsed 3m 17s (remain 0m 7s) Loss: 0.5123(0.4856) LR: 0.00001050 Accuracy: 0.7514 
Epoch: [2][935/936] Elapsed 3m 25s (remain 0m 0s) Loss: 0.9628(0.4842) LR: 0.00001050 Accuracy: 0.7519 
EVAL: [0/104] Elapsed 0m 0s (remain 0m 32s) Loss: 0.5289(0.5289) accuracy: 0.7500 f1 score: 0.42857142857142855
EVAL: [103/104] Elapsed 0m 5s (remain 0m 0s) Loss: 0.7654(0.6567) accuracy: 0.6971 f1 score: 0.690680766688698
Epoch 2 - avg_train_loss: 0.4842  train_acc: 0.7519  valid_acc: 0.6971  valid_f1: 0.6907  time: 211s
Epoch: [3][0/936] Elapsed 0m 0s (remain 6m 24s) Loss: 0.2125(0.2125) LR: 0.00000100 Accuracy: 1.0000 
Epoch: [3][300/936] Elapsed 1m 6s (remain 2m 19s) Loss: 0.2463(0.2609) LR: 0.00000100 Accuracy: 0.8895 
Epoch: [3][600/936] Elapsed 2m 11s (remain 1m 13s) Loss: 0.4056(0.2516) LR: 0.00000100 Accuracy: 0.9018 
Epoch: [3][900/936] Elapsed 3m 17s (remain 0m 7s) Loss: 0.0958(0.2474) LR: 0.00000100 Accuracy: 0.9059 
Epoch: [3][935/936] Elapsed 3m 25s (remain 0m 0s) Loss: 0.0565(0.2468) LR: 0.00000100 Accuracy: 0.9057 
EVAL: [0/104] Elapsed 0m 0s (remain 0m 32s) Loss: 0.5522(0.5522) accuracy: 0.7500 f1 score: 0.42857142857142855
EVAL: [103/104] Elapsed 0m 5s (remain 0m 0s) Loss: 0.7364(0.6641) accuracy: 0.6635 f1 score: 0.6634537595635994
Epoch 3 - avg_train_loss: 0.2468  train_acc: 0.9057  valid_acc: 0.6635  valid_f1: 0.6635  time: 211s
Epoch: [4][0/936] Elapsed 0m 0s (remain 6m 44s) Loss: 0.8618(0.8618) LR: 0.00001050 Accuracy: 0.5000 
Epoch: [4][300/936] Elapsed 1m 6s (remain 2m 19s) Loss: 0.5237(0.2248) LR: 0.00001050 Accuracy: 0.9153 
Epoch: [4][600/936] Elapsed 2m 12s (remain 1m 13s) Loss: 0.1148(0.2279) LR: 0.00001050 Accuracy: 0.9093 
Epoch: [4][900/936] Elapsed 3m 18s (remain 0m 7s) Loss: 0.0852(0.2316) LR: 0.00001050 Accuracy: 0.9037 
Epoch: [4][935/936] Elapsed 3m 25s (remain 0m 0s) Loss: 0.3068(0.2332) LR: 0.00001050 Accuracy: 0.9017 
EVAL: [0/104] Elapsed 0m 0s (remain 0m 35s) Loss: 0.5568(0.5568) accuracy: 0.7500 f1 score: 0.42857142857142855
EVAL: [103/104] Elapsed 0m 5s (remain 0m 0s) Loss: 0.7989(0.6836) accuracy: 0.6803 f1 score: 0.676835643402431
Epoch 4 - avg_train_loss: 0.2332  train_acc: 0.9017  valid_acc: 0.6803  valid_f1: 0.6768  time: 212s
Epoch: [5][0/936] Elapsed 0m 0s (remain 6m 23s) Loss: 0.0348(0.0348) LR: 0.00002000 Accuracy: 1.0000 
Epoch: [5][300/936] Elapsed 1m 6s (remain 2m 20s) Loss: 0.0770(0.1217) LR: 0.00002000 Accuracy: 0.9585 
Epoch: [5][600/936] Elapsed 2m 12s (remain 1m 13s) Loss: 0.0349(0.1488) LR: 0.00002000 Accuracy: 0.9476 
Epoch: [5][900/936] Elapsed 3m 18s (remain 0m 7s) Loss: 0.0150(0.1554) LR: 0.00002000 Accuracy: 0.9437 
Epoch: [5][935/936] Elapsed 3m 25s (remain 0m 0s) Loss: 0.5359(0.1545) LR: 0.00002000 Accuracy: 0.9442 
EVAL: [0/104] Elapsed 0m 0s (remain 0m 30s) Loss: 0.5263(0.5263) accuracy: 0.7500 f1 score: 0.42857142857142855
EVAL: [103/104] Elapsed 0m 5s (remain 0m 0s) Loss: 0.6656(0.6546) accuracy: 0.6875 f1 score: 0.687037037037037
Epoch 5 - avg_train_loss: 0.1545  train_acc: 0.9442  valid_acc: 0.6875  valid_f1: 0.6870  time: 212s
Epoch: [6][0/936] Elapsed 0m 0s (remain 7m 11s) Loss: 0.0155(0.0155) LR: 0.00001050 Accuracy: 1.0000 
Epoch: [6][300/936] Elapsed 1m 6s (remain 2m 20s) Loss: 0.0119(0.0867) LR: 0.00001050 Accuracy: 0.9684 
Epoch: [6][600/936] Elapsed 2m 12s (remain 1m 13s) Loss: 0.0127(0.0863) LR: 0.00001050 Accuracy: 0.9676 
Epoch: [6][900/936] Elapsed 3m 18s (remain 0m 7s) Loss: 0.0090(0.0831) LR: 0.00001050 Accuracy: 0.9698 
Epoch: [6][935/936] Elapsed 3m 26s (remain 0m 0s) Loss: 0.0171(0.0815) LR: 0.00001050 Accuracy: 0.9704 
EVAL: [0/104] Elapsed 0m 0s (remain 0m 25s) Loss: 0.5285(0.5285) accuracy: 0.7500 f1 score: 0.42857142857142855
EVAL: [103/104] Elapsed 0m 5s (remain 0m 0s) Loss: 0.6665(0.6617) accuracy: 0.6779 f1 score: 0.6776983741529639
Epoch 6 - avg_train_loss: 0.0815  train_acc: 0.9704  valid_acc: 0.6779  valid_f1: 0.6777  time: 212s
Epoch: [7][0/936] Elapsed 0m 0s (remain 6m 31s) Loss: 0.0088(0.0088) LR: 0.00000100 Accuracy: 1.0000 
Epoch: [7][300/936] Elapsed 1m 6s (remain 2m 19s) Loss: 0.0132(0.0439) LR: 0.00000100 Accuracy: 0.9884 
Epoch: [7][600/936] Elapsed 2m 11s (remain 1m 13s) Loss: 0.0079(0.0417) LR: 0.00000100 Accuracy: 0.9879 
Epoch: [7][900/936] Elapsed 3m 17s (remain 0m 7s) Loss: 0.0109(0.0418) LR: 0.00000100 Accuracy: 0.9878 
Epoch: [7][935/936] Elapsed 3m 25s (remain 0m 0s) Loss: 0.0059(0.0407) LR: 0.00000100 Accuracy: 0.9882 
EVAL: [0/104] Elapsed 0m 0s (remain 0m 25s) Loss: 0.5408(0.5408) accuracy: 0.7500 f1 score: 0.42857142857142855
EVAL: [103/104] Elapsed 0m 5s (remain 0m 0s) Loss: 0.6688(0.6695) accuracy: 0.6827 f1 score: 0.6818023781378207
Epoch 7 - avg_train_loss: 0.0407  train_acc: 0.9882  valid_acc: 0.6827  valid_f1: 0.6818  time: 211s
Epoch: [8][0/936] Elapsed 0m 0s (remain 7m 12s) Loss: 0.0072(0.0072) LR: 0.00001050 Accuracy: 1.0000 
Epoch: [8][300/936] Elapsed 1m 6s (remain 2m 19s) Loss: 0.3897(0.0215) LR: 0.00001050 Accuracy: 0.9934 
Epoch: [8][600/936] Elapsed 2m 11s (remain 1m 13s) Loss: 0.1065(0.0268) LR: 0.00001050 Accuracy: 0.9917 
Epoch: [8][900/936] Elapsed 3m 17s (remain 0m 7s) Loss: 0.0188(0.0355) LR: 0.00001050 Accuracy: 0.9883 
Epoch: [8][935/936] Elapsed 3m 25s (remain 0m 0s) Loss: 0.0094(0.0362) LR: 0.00001050 Accuracy: 0.9877 
EVAL: [0/104] Elapsed 0m 0s (remain 0m 35s) Loss: 0.5525(0.5525) accuracy: 0.7500 f1 score: 0.42857142857142855
EVAL: [103/104] Elapsed 0m 5s (remain 0m 0s) Loss: 0.6714(0.6655) accuracy: 0.6827 f1 score: 0.681447963800905
Epoch 8 - avg_train_loss: 0.0362  train_acc: 0.9877  valid_acc: 0.6827  valid_f1: 0.6814  time: 212s
Epoch: [9][0/936] Elapsed 0m 0s (remain 7m 5s) Loss: 0.0063(0.0063) LR: 0.00002000 Accuracy: 1.0000 
Epoch: [9][300/936] Elapsed 1m 6s (remain 2m 19s) Loss: 0.0058(0.0485) LR: 0.00002000 Accuracy: 0.9826 
Epoch: [9][600/936] Elapsed 2m 11s (remain 1m 13s) Loss: 0.0236(0.0822) LR: 0.00002000 Accuracy: 0.9705 
Epoch: [9][900/936] Elapsed 3m 17s (remain 0m 7s) Loss: 0.2252(0.0861) LR: 0.00002000 Accuracy: 0.9703 
Epoch: [9][935/936] Elapsed 3m 25s (remain 0m 0s) Loss: 0.0069(0.0866) LR: 0.00002000 Accuracy: 0.9704 
EVAL: [0/104] Elapsed 0m 0s (remain 0m 32s) Loss: 0.5621(0.5621) accuracy: 0.7500 f1 score: 0.42857142857142855
EVAL: [103/104] Elapsed 0m 5s (remain 0m 0s) Loss: 0.7449(0.6760) accuracy: 0.6587 f1 score: 0.6571003993684406
Epoch 9 - avg_train_loss: 0.0866  train_acc: 0.9704  valid_acc: 0.6587  valid_f1: 0.6571  time: 211s
Epoch: [10][0/936] Elapsed 0m 0s (remain 6m 47s) Loss: 0.0217(0.0217) LR: 0.00001050 Accuracy: 1.0000 
Epoch: [10][300/936] Elapsed 1m 6s (remain 2m 19s) Loss: 0.0144(0.0433) LR: 0.00001050 Accuracy: 0.9900 
Epoch: [10][600/936] Elapsed 2m 12s (remain 1m 13s) Loss: 0.0281(0.0422) LR: 0.00001050 Accuracy: 0.9884 
Epoch: [10][900/936] Elapsed 3m 17s (remain 0m 7s) Loss: 0.0050(0.0433) LR: 0.00001050 Accuracy: 0.9870 
Epoch: [10][935/936] Elapsed 3m 25s (remain 0m 0s) Loss: 0.7867(0.0449) LR: 0.00001050 Accuracy: 0.9866 
EVAL: [0/104] Elapsed 0m 0s (remain 0m 34s) Loss: 0.5635(0.5635) accuracy: 0.7500 f1 score: 0.42857142857142855
EVAL: [103/104] Elapsed 0m 5s (remain 0m 0s) Loss: 0.7985(0.6917) accuracy: 0.6466 f1 score: 0.640804243246577
Epoch 10 - avg_train_loss: 0.0449  train_acc: 0.9866  valid_acc: 0.6466  valid_f1: 0.6408  time: 211s
[Fold2] Best score: 0.7014814814814816
================== fold: 3 training ======================
Epoch: [1][0/936] Elapsed 0m 0s (remain 6m 2s) Loss: 0.7478(0.7478) LR: 0.00002000 Accuracy: 0.2500 
Epoch: [1][300/936] Elapsed 1m 6s (remain 2m 19s) Loss: 0.6289(0.6724) LR: 0.00002000 Accuracy: 0.5523 
Epoch: [1][600/936] Elapsed 2m 11s (remain 1m 13s) Loss: 0.6915(0.6587) LR: 0.00002000 Accuracy: 0.5890 
Epoch: [1][900/936] Elapsed 3m 17s (remain 0m 7s) Loss: 0.9121(0.6441) LR: 0.00002000 Accuracy: 0.6049 
Epoch: [1][935/936] Elapsed 3m 25s (remain 0m 0s) Loss: 0.4951(0.6416) LR: 0.00002000 Accuracy: 0.6079 
EVAL: [0/104] Elapsed 0m 0s (remain 0m 36s) Loss: 0.3909(0.3909) accuracy: 1.0000 f1 score: 1.0
EVAL: [103/104] Elapsed 0m 5s (remain 0m 0s) Loss: 0.9343(0.6929) accuracy: 0.6731 f1 score: 0.672160025960179
Epoch 1 - avg_train_loss: 0.6416  train_acc: 0.6079  valid_acc: 0.6731  valid_f1: 0.6722  time: 211s
Epoch 1 - Save Best Score: 0.6722 Model
Epoch: [2][0/936] Elapsed 0m 0s (remain 5m 37s) Loss: 0.4401(0.4401) LR: 0.00001050 Accuracy: 0.7500 
Epoch: [2][300/936] Elapsed 1m 5s (remain 2m 18s) Loss: 0.3948(0.4888) LR: 0.00001050 Accuracy: 0.7583 
Epoch: [2][600/936] Elapsed 2m 11s (remain 1m 13s) Loss: 0.2436(0.4803) LR: 0.00001050 Accuracy: 0.7625 
Epoch: [2][900/936] Elapsed 3m 17s (remain 0m 7s) Loss: 0.1433(0.4694) LR: 0.00001050 Accuracy: 0.7658 
Epoch: [2][935/936] Elapsed 3m 24s (remain 0m 0s) Loss: 0.6887(0.4710) LR: 0.00001050 Accuracy: 0.7652 
EVAL: [0/104] Elapsed 0m 0s (remain 0m 32s) Loss: 0.3452(0.3452) accuracy: 1.0000 f1 score: 1.0
EVAL: [103/104] Elapsed 0m 5s (remain 0m 0s) Loss: 0.9035(0.6851) accuracy: 0.6322 f1 score: 0.632039312039312
Epoch 2 - avg_train_loss: 0.4710  train_acc: 0.7652  valid_acc: 0.6322  valid_f1: 0.6320  time: 211s
Epoch: [3][0/936] Elapsed 0m 0s (remain 6m 42s) Loss: 0.5030(0.5030) LR: 0.00000100 Accuracy: 0.7500 
Epoch: [3][300/936] Elapsed 1m 6s (remain 2m 19s) Loss: 0.3220(0.2826) LR: 0.00000100 Accuracy: 0.8854 
Epoch: [3][600/936] Elapsed 2m 11s (remain 1m 13s) Loss: 0.1599(0.2659) LR: 0.00000100 Accuracy: 0.8914 
Epoch: [3][900/936] Elapsed 3m 17s (remain 0m 7s) Loss: 0.5346(0.2470) LR: 0.00000100 Accuracy: 0.9029 
Epoch: [3][935/936] Elapsed 3m 24s (remain 0m 0s) Loss: 0.0886(0.2434) LR: 0.00000100 Accuracy: 0.9052 
EVAL: [0/104] Elapsed 0m 0s (remain 0m 25s) Loss: 0.3222(0.3222) accuracy: 1.0000 f1 score: 1.0
EVAL: [103/104] Elapsed 0m 5s (remain 0m 0s) Loss: 0.9449(0.6825) accuracy: 0.6514 f1 score: 0.6509885379359027
Epoch 3 - avg_train_loss: 0.2434  train_acc: 0.9052  valid_acc: 0.6514  valid_f1: 0.6510  time: 211s
Epoch: [4][0/936] Elapsed 0m 0s (remain 6m 34s) Loss: 0.1670(0.1670) LR: 0.00001050 Accuracy: 1.0000 
Epoch: [4][300/936] Elapsed 1m 6s (remain 2m 19s) Loss: 0.0357(0.2013) LR: 0.00001050 Accuracy: 0.9211 
Epoch: [4][600/936] Elapsed 2m 11s (remain 1m 13s) Loss: 0.1117(0.1929) LR: 0.00001050 Accuracy: 0.9280 
Epoch: [4][900/936] Elapsed 3m 17s (remain 0m 7s) Loss: 0.2182(0.2069) LR: 0.00001050 Accuracy: 0.9181 
Epoch: [4][935/936] Elapsed 3m 25s (remain 0m 0s) Loss: 0.7997(0.2091) LR: 0.00001050 Accuracy: 0.9175 
EVAL: [0/104] Elapsed 0m 0s (remain 0m 34s) Loss: 0.3264(0.3264) accuracy: 1.0000 f1 score: 1.0
EVAL: [103/104] Elapsed 0m 5s (remain 0m 0s) Loss: 0.9554(0.6630) accuracy: 0.6635 f1 score: 0.6606297927883831
Epoch 4 - avg_train_loss: 0.2091  train_acc: 0.9175  valid_acc: 0.6635  valid_f1: 0.6606  time: 212s
Epoch: [5][0/936] Elapsed 0m 0s (remain 6m 20s) Loss: 0.1351(0.1351) LR: 0.00002000 Accuracy: 1.0000 
Epoch: [5][300/936] Elapsed 1m 5s (remain 2m 19s) Loss: 0.0505(0.1326) LR: 0.00002000 Accuracy: 0.9543 
Epoch: [5][600/936] Elapsed 2m 11s (remain 1m 13s) Loss: 0.0329(0.1258) LR: 0.00002000 Accuracy: 0.9538 
Epoch: [5][900/936] Elapsed 3m 17s (remain 0m 7s) Loss: 0.0944(0.1322) LR: 0.00002000 Accuracy: 0.9509 
Epoch: [5][935/936] Elapsed 3m 25s (remain 0m 0s) Loss: 0.0111(0.1333) LR: 0.00002000 Accuracy: 0.9501 
EVAL: [0/104] Elapsed 0m 0s (remain 0m 34s) Loss: 0.3151(0.3151) accuracy: 1.0000 f1 score: 1.0
EVAL: [103/104] Elapsed 0m 5s (remain 0m 0s) Loss: 1.1364(0.6784) accuracy: 0.6587 f1 score: 0.6576964976937162
Epoch 5 - avg_train_loss: 0.1333  train_acc: 0.9501  valid_acc: 0.6587  valid_f1: 0.6577  time: 212s
Epoch: [6][0/936] Elapsed 0m 0s (remain 6m 49s) Loss: 0.0115(0.0115) LR: 0.00001050 Accuracy: 1.0000 
Epoch: [6][300/936] Elapsed 1m 6s (remain 2m 19s) Loss: 0.0164(0.0618) LR: 0.00001050 Accuracy: 0.9776 
Epoch: [6][600/936] Elapsed 2m 11s (remain 1m 13s) Loss: 0.0124(0.0646) LR: 0.00001050 Accuracy: 0.9759 
Epoch: [6][900/936] Elapsed 3m 17s (remain 0m 7s) Loss: 0.0138(0.0627) LR: 0.00001050 Accuracy: 0.9764 
Epoch: [6][935/936] Elapsed 3m 24s (remain 0m 0s) Loss: 0.0042(0.0623) LR: 0.00001050 Accuracy: 0.9762 
EVAL: [0/104] Elapsed 0m 0s (remain 0m 31s) Loss: 0.3146(0.3146) accuracy: 1.0000 f1 score: 1.0
EVAL: [103/104] Elapsed 0m 5s (remain 0m 0s) Loss: 1.0050(0.6717) accuracy: 0.6562 f1 score: 0.6560890302066773
Epoch 6 - avg_train_loss: 0.0623  train_acc: 0.9762  valid_acc: 0.6562  valid_f1: 0.6561  time: 211s
Epoch: [7][0/936] Elapsed 0m 0s (remain 5m 33s) Loss: 0.0068(0.0068) LR: 0.00000100 Accuracy: 1.0000 
Epoch: [7][300/936] Elapsed 1m 5s (remain 2m 19s) Loss: 0.0068(0.0244) LR: 0.00000100 Accuracy: 0.9884 
Epoch: [7][600/936] Elapsed 2m 11s (remain 1m 13s) Loss: 0.0056(0.0250) LR: 0.00000100 Accuracy: 0.9904 
Epoch: [7][900/936] Elapsed 3m 16s (remain 0m 7s) Loss: 0.0049(0.0241) LR: 0.00000100 Accuracy: 0.9908 
Epoch: [7][935/936] Elapsed 3m 23s (remain 0m 0s) Loss: 0.0066(0.0251) LR: 0.00000100 Accuracy: 0.9904 
EVAL: [0/104] Elapsed 0m 0s (remain 0m 27s) Loss: 0.3145(0.3145) accuracy: 1.0000 f1 score: 1.0
EVAL: [103/104] Elapsed 0m 5s (remain 0m 0s) Loss: 1.0017(0.6691) accuracy: 0.6562 f1 score: 0.6560890302066773
Epoch 7 - avg_train_loss: 0.0251  train_acc: 0.9904  valid_acc: 0.6562  valid_f1: 0.6561  time: 210s
Epoch: [8][0/936] Elapsed 0m 0s (remain 5m 51s) Loss: 0.0040(0.0040) LR: 0.00001050 Accuracy: 1.0000 
Epoch: [8][300/936] Elapsed 1m 5s (remain 2m 17s) Loss: 0.0051(0.0195) LR: 0.00001050 Accuracy: 0.9934 
Epoch: [8][600/936] Elapsed 2m 10s (remain 1m 12s) Loss: 0.0358(0.0220) LR: 0.00001050 Accuracy: 0.9933 
Epoch: [8][900/936] Elapsed 3m 16s (remain 0m 7s) Loss: 0.0066(0.0281) LR: 0.00001050 Accuracy: 0.9897 
Epoch: [8][935/936] Elapsed 3m 23s (remain 0m 0s) Loss: 1.1424(0.0338) LR: 0.00001050 Accuracy: 0.9882 
EVAL: [0/104] Elapsed 0m 0s (remain 0m 32s) Loss: 0.3140(0.3140) accuracy: 1.0000 f1 score: 1.0
EVAL: [103/104] Elapsed 0m 5s (remain 0m 0s) Loss: 1.0617(0.6777) accuracy: 0.6587 f1 score: 0.6571003993684406
Epoch 8 - avg_train_loss: 0.0338  train_acc: 0.9882  valid_acc: 0.6587  valid_f1: 0.6571  time: 210s
Epoch: [9][0/936] Elapsed 0m 0s (remain 6m 48s) Loss: 0.0031(0.0031) LR: 0.00002000 Accuracy: 1.0000 
Epoch: [9][300/936] Elapsed 1m 5s (remain 2m 19s) Loss: 0.0341(0.0333) LR: 0.00002000 Accuracy: 0.9884 
Epoch: [9][600/936] Elapsed 2m 11s (remain 1m 13s) Loss: 0.6870(0.0362) LR: 0.00002000 Accuracy: 0.9854 
Epoch: [9][900/936] Elapsed 3m 16s (remain 0m 7s) Loss: 0.3674(0.0642) LR: 0.00002000 Accuracy: 0.9770 
Epoch: [9][935/936] Elapsed 3m 24s (remain 0m 0s) Loss: 0.0044(0.0652) LR: 0.00002000 Accuracy: 0.9762 
EVAL: [0/104] Elapsed 0m 0s (remain 0m 32s) Loss: 0.3182(0.3182) accuracy: 1.0000 f1 score: 1.0
EVAL: [103/104] Elapsed 0m 5s (remain 0m 0s) Loss: 0.9994(0.6779) accuracy: 0.6635 f1 score: 0.6617021770951927
Epoch 9 - avg_train_loss: 0.0652  train_acc: 0.9762  valid_acc: 0.6635  valid_f1: 0.6617  time: 210s
Epoch: [10][0/936] Elapsed 0m 0s (remain 6m 48s) Loss: 0.0501(0.0501) LR: 0.00001050 Accuracy: 1.0000 
Epoch: [10][300/936] Elapsed 1m 6s (remain 2m 19s) Loss: 0.0040(0.0557) LR: 0.00001050 Accuracy: 0.9767 
Epoch: [10][600/936] Elapsed 2m 11s (remain 1m 13s) Loss: 0.0059(0.0567) LR: 0.00001050 Accuracy: 0.9784 
Epoch: [10][900/936] Elapsed 3m 17s (remain 0m 7s) Loss: 0.0042(0.0493) LR: 0.00001050 Accuracy: 0.9825 
Epoch: [10][935/936] Elapsed 3m 24s (remain 0m 0s) Loss: 0.0049(0.0484) LR: 0.00001050 Accuracy: 0.9829 
EVAL: [0/104] Elapsed 0m 0s (remain 0m 31s) Loss: 0.3141(0.3141) accuracy: 1.0000 f1 score: 1.0
EVAL: [103/104] Elapsed 0m 5s (remain 0m 0s) Loss: 1.0010(0.6826) accuracy: 0.6490 f1 score: 0.6446940446940447
Epoch 10 - avg_train_loss: 0.0484  train_acc: 0.9829  valid_acc: 0.6490  valid_f1: 0.6447  time: 211s
[Fold3] Best score: 0.672160025960179
================== fold: 4 training ======================
Epoch: [1][0/936] Elapsed 0m 0s (remain 5m 29s) Loss: 0.6703(0.6703) LR: 0.00002000 Accuracy: 0.5000 
Epoch: [1][300/936] Elapsed 1m 5s (remain 2m 18s) Loss: 0.8210(0.6682) LR: 0.00002000 Accuracy: 0.5581 
Epoch: [1][600/936] Elapsed 2m 11s (remain 1m 13s) Loss: 0.5168(0.6446) LR: 0.00002000 Accuracy: 0.5948 
Epoch: [1][900/936] Elapsed 3m 17s (remain 0m 7s) Loss: 0.6685(0.6359) LR: 0.00002000 Accuracy: 0.6124 
Epoch: [1][935/936] Elapsed 3m 24s (remain 0m 0s) Loss: 0.3023(0.6362) LR: 0.00002000 Accuracy: 0.6143 
EVAL: [0/104] Elapsed 0m 0s (remain 0m 36s) Loss: 0.4109(0.4109) accuracy: 1.0000 f1 score: 1.0
EVAL: [103/104] Elapsed 0m 5s (remain 0m 0s) Loss: 0.8126(0.6794) accuracy: 0.7139 f1 score: 0.7092224826281814
Epoch 1 - avg_train_loss: 0.6362  train_acc: 0.6143  valid_acc: 0.7139  valid_f1: 0.7092  time: 211s
Epoch 1 - Save Best Score: 0.7092 Model
Epoch: [2][0/936] Elapsed 0m 0s (remain 6m 20s) Loss: 0.5421(0.5421) LR: 0.00001050 Accuracy: 0.5000 
Epoch: [2][300/936] Elapsed 1m 5s (remain 2m 18s) Loss: 0.8231(0.4335) LR: 0.00001050 Accuracy: 0.7857 
Epoch: [2][600/936] Elapsed 2m 11s (remain 1m 13s) Loss: 0.2246(0.4338) LR: 0.00001050 Accuracy: 0.7937 
Epoch: [2][900/936] Elapsed 3m 17s (remain 0m 7s) Loss: 0.2236(0.4207) LR: 0.00001050 Accuracy: 0.8016 
Epoch: [2][935/936] Elapsed 3m 24s (remain 0m 0s) Loss: 0.2674(0.4194) LR: 0.00001050 Accuracy: 0.8024 
EVAL: [0/104] Elapsed 0m 0s (remain 0m 38s) Loss: 0.3528(0.3528) accuracy: 1.0000 f1 score: 1.0
EVAL: [103/104] Elapsed 0m 5s (remain 0m 0s) Loss: 0.7465(0.6644) accuracy: 0.7091 f1 score: 0.7082427677986634
Epoch 2 - avg_train_loss: 0.4194  train_acc: 0.8024  valid_acc: 0.7091  valid_f1: 0.7082  time: 211s
Epoch: [3][0/936] Elapsed 0m 0s (remain 7m 3s) Loss: 0.1477(0.1477) LR: 0.00000100 Accuracy: 1.0000 
Epoch: [3][300/936] Elapsed 1m 5s (remain 2m 19s) Loss: 0.0662(0.1943) LR: 0.00000100 Accuracy: 0.9402 
Epoch: [3][600/936] Elapsed 2m 11s (remain 1m 13s) Loss: 0.1028(0.1905) LR: 0.00000100 Accuracy: 0.9405 
Epoch: [3][900/936] Elapsed 3m 17s (remain 0m 7s) Loss: 0.0669(0.1860) LR: 0.00000100 Accuracy: 0.9406 
Epoch: [3][935/936] Elapsed 3m 25s (remain 0m 0s) Loss: 0.0440(0.1850) LR: 0.00000100 Accuracy: 0.9412 
EVAL: [0/104] Elapsed 0m 0s (remain 0m 24s) Loss: 0.3398(0.3398) accuracy: 1.0000 f1 score: 1.0
EVAL: [103/104] Elapsed 0m 5s (remain 0m 0s) Loss: 0.7125(0.6481) accuracy: 0.7332 f1 score: 0.7331591995238287
Epoch 3 - avg_train_loss: 0.1850  train_acc: 0.9412  valid_acc: 0.7332  valid_f1: 0.7332  time: 211s
Epoch 3 - Save Best Score: 0.7332 Model
Epoch: [4][0/936] Elapsed 0m 0s (remain 7m 7s) Loss: 0.1461(0.1461) LR: 0.00001050 Accuracy: 1.0000 
Epoch: [4][300/936] Elapsed 1m 6s (remain 2m 19s) Loss: 0.0174(0.1279) LR: 0.00001050 Accuracy: 0.9676 
Epoch: [4][600/936] Elapsed 2m 12s (remain 1m 13s) Loss: 0.9188(0.1479) LR: 0.00001050 Accuracy: 0.9505 
Epoch: [4][900/936] Elapsed 3m 17s (remain 0m 7s) Loss: 0.0221(0.1568) LR: 0.00001050 Accuracy: 0.9448 
Epoch: [4][935/936] Elapsed 3m 25s (remain 0m 0s) Loss: 0.5403(0.1560) LR: 0.00001050 Accuracy: 0.9455 
EVAL: [0/104] Elapsed 0m 0s (remain 0m 33s) Loss: 0.3300(0.3300) accuracy: 1.0000 f1 score: 1.0
EVAL: [103/104] Elapsed 0m 5s (remain 0m 0s) Loss: 0.6947(0.6463) accuracy: 0.7284 f1 score: 0.7282884507563279
Epoch 4 - avg_train_loss: 0.1560  train_acc: 0.9455  valid_acc: 0.7284  valid_f1: 0.7283  time: 212s
Epoch: [5][0/936] Elapsed 0m 0s (remain 6m 57s) Loss: 0.0266(0.0266) LR: 0.00002000 Accuracy: 1.0000 
Epoch: [5][300/936] Elapsed 1m 6s (remain 2m 19s) Loss: 0.6056(0.1155) LR: 0.00002000 Accuracy: 0.9585 
Epoch: [5][600/936] Elapsed 2m 11s (remain 1m 13s) Loss: 0.0864(0.1203) LR: 0.00002000 Accuracy: 0.9551 
Epoch: [5][900/936] Elapsed 3m 16s (remain 0m 7s) Loss: 1.1201(0.1283) LR: 0.00002000 Accuracy: 0.9514 
Epoch: [5][935/936] Elapsed 3m 24s (remain 0m 0s) Loss: 0.6231(0.1313) LR: 0.00002000 Accuracy: 0.9506 
EVAL: [0/104] Elapsed 0m 0s (remain 0m 32s) Loss: 0.3274(0.3274) accuracy: 1.0000 f1 score: 1.0
EVAL: [103/104] Elapsed 0m 5s (remain 0m 0s) Loss: 0.7483(0.6511) accuracy: 0.7188 f1 score: 0.7187483747941406
Epoch 5 - avg_train_loss: 0.1313  train_acc: 0.9506  valid_acc: 0.7188  valid_f1: 0.7187  time: 210s
Epoch: [6][0/936] Elapsed 0m 0s (remain 5m 46s) Loss: 0.0447(0.0447) LR: 0.00001050 Accuracy: 1.0000 
Epoch: [6][300/936] Elapsed 1m 5s (remain 2m 18s) Loss: 0.0103(0.0667) LR: 0.00001050 Accuracy: 0.9792 
Epoch: [6][600/936] Elapsed 2m 11s (remain 1m 13s) Loss: 0.4728(0.0621) LR: 0.00001050 Accuracy: 0.9771 
Epoch: [6][900/936] Elapsed 3m 16s (remain 0m 7s) Loss: 0.1331(0.0633) LR: 0.00001050 Accuracy: 0.9761 
Epoch: [6][935/936] Elapsed 3m 23s (remain 0m 0s) Loss: 0.0045(0.0632) LR: 0.00001050 Accuracy: 0.9762 
EVAL: [0/104] Elapsed 0m 0s (remain 0m 27s) Loss: 0.3337(0.3337) accuracy: 1.0000 f1 score: 1.0
EVAL: [103/104] Elapsed 0m 5s (remain 0m 0s) Loss: 0.6843(0.6550) accuracy: 0.6851 f1 score: 0.6849486920075155
Epoch 6 - avg_train_loss: 0.0632  train_acc: 0.9762  valid_acc: 0.6851  valid_f1: 0.6849  time: 210s
Epoch: [7][0/936] Elapsed 0m 0s (remain 5m 41s) Loss: 0.0147(0.0147) LR: 0.00000100 Accuracy: 1.0000 
Epoch: [7][300/936] Elapsed 1m 5s (remain 2m 18s) Loss: 0.0097(0.0352) LR: 0.00000100 Accuracy: 0.9892 
Epoch: [7][600/936] Elapsed 2m 11s (remain 1m 13s) Loss: 0.0075(0.0312) LR: 0.00000100 Accuracy: 0.9900 
Epoch: [7][900/936] Elapsed 3m 16s (remain 0m 7s) Loss: 0.0322(0.0322) LR: 0.00000100 Accuracy: 0.9900 
Epoch: [7][935/936] Elapsed 3m 23s (remain 0m 0s) Loss: 0.0244(0.0321) LR: 0.00000100 Accuracy: 0.9899 
EVAL: [0/104] Elapsed 0m 0s (remain 0m 31s) Loss: 0.3209(0.3209) accuracy: 1.0000 f1 score: 1.0
EVAL: [103/104] Elapsed 0m 5s (remain 0m 0s) Loss: 0.6962(0.6541) accuracy: 0.6899 f1 score: 0.6898877183655308
Epoch 7 - avg_train_loss: 0.0321  train_acc: 0.9899  valid_acc: 0.6899  valid_f1: 0.6899  time: 210s
Epoch: [8][0/936] Elapsed 0m 0s (remain 5m 51s) Loss: 0.1562(0.1562) LR: 0.00001050 Accuracy: 0.7500 
Epoch: [8][300/936] Elapsed 1m 5s (remain 2m 18s) Loss: 0.0036(0.0240) LR: 0.00001050 Accuracy: 0.9917 
Epoch: [8][600/936] Elapsed 2m 11s (remain 1m 13s) Loss: 0.0030(0.0230) LR: 0.00001050 Accuracy: 0.9921 
Epoch: [8][900/936] Elapsed 3m 16s (remain 0m 7s) Loss: 0.0051(0.0363) LR: 0.00001050 Accuracy: 0.9875 
Epoch: [8][935/936] Elapsed 3m 24s (remain 0m 0s) Loss: 0.0049(0.0376) LR: 0.00001050 Accuracy: 0.9872 
EVAL: [0/104] Elapsed 0m 0s (remain 0m 33s) Loss: 0.3148(0.3148) accuracy: 1.0000 f1 score: 1.0
EVAL: [103/104] Elapsed 0m 5s (remain 0m 0s) Loss: 0.7187(0.6810) accuracy: 0.6370 f1 score: 0.6360918807751355
Epoch 8 - avg_train_loss: 0.0376  train_acc: 0.9872  valid_acc: 0.6370  valid_f1: 0.6361  time: 210s
Epoch: [9][0/936] Elapsed 0m 0s (remain 6m 11s) Loss: 0.0034(0.0034) LR: 0.00002000 Accuracy: 1.0000 
Epoch: [9][300/936] Elapsed 1m 5s (remain 2m 18s) Loss: 0.0441(0.0389) LR: 0.00002000 Accuracy: 0.9884 
Epoch: [9][600/936] Elapsed 2m 11s (remain 1m 13s) Loss: 0.0083(0.0496) LR: 0.00002000 Accuracy: 0.9834 
Epoch: [9][900/936] Elapsed 3m 17s (remain 0m 7s) Loss: 0.0044(0.0570) LR: 0.00002000 Accuracy: 0.9795 
Epoch: [9][935/936] Elapsed 3m 25s (remain 0m 0s) Loss: 0.0047(0.0569) LR: 0.00002000 Accuracy: 0.9792 
EVAL: [0/104] Elapsed 0m 0s (remain 0m 36s) Loss: 0.3138(0.3138) accuracy: 1.0000 f1 score: 1.0
EVAL: [103/104] Elapsed 0m 5s (remain 0m 0s) Loss: 0.6983(0.6667) accuracy: 0.6851 f1 score: 0.6825851695236098
Epoch 9 - avg_train_loss: 0.0569  train_acc: 0.9792  valid_acc: 0.6851  valid_f1: 0.6826  time: 211s
Epoch: [10][0/936] Elapsed 0m 0s (remain 6m 45s) Loss: 0.0029(0.0029) LR: 0.00001050 Accuracy: 1.0000 
Epoch: [10][300/936] Elapsed 1m 5s (remain 2m 18s) Loss: 0.0087(0.0398) LR: 0.00001050 Accuracy: 0.9884 
Epoch: [10][600/936] Elapsed 2m 11s (remain 1m 13s) Loss: 0.0036(0.0366) LR: 0.00001050 Accuracy: 0.9875 
Epoch: [10][900/936] Elapsed 3m 17s (remain 0m 7s) Loss: 0.0032(0.0376) LR: 0.00001050 Accuracy: 0.9872 
Epoch: [10][935/936] Elapsed 3m 25s (remain 0m 0s) Loss: 0.0204(0.0368) LR: 0.00001050 Accuracy: 0.9877 
EVAL: [0/104] Elapsed 0m 0s (remain 0m 27s) Loss: 0.3151(0.3151) accuracy: 1.0000 f1 score: 1.0
EVAL: [103/104] Elapsed 0m 5s (remain 0m 0s) Loss: 0.6941(0.6440) accuracy: 0.7019 f1 score: 0.6999185573007562
Epoch 10 - avg_train_loss: 0.0368  train_acc: 0.9877  valid_acc: 0.7019  valid_f1: 0.6999  time: 211s
[Fold4] Best score: 0.7331591995238287
================== fold: 5 training ======================
Epoch: [1][0/936] Elapsed 0m 0s (remain 6m 4s) Loss: 0.7967(0.7967) LR: 0.00002000 Accuracy: 0.5000 
Epoch: [1][300/936] Elapsed 2m 15s (remain 4m 46s) Loss: 0.6180(0.6724) LR: 0.00002000 Accuracy: 0.5648 
Epoch: [1][600/936] Elapsed 3m 27s (remain 1m 55s) Loss: 0.3636(0.6621) LR: 0.00002000 Accuracy: 0.5811 
Epoch: [1][900/936] Elapsed 4m 33s (remain 0m 10s) Loss: 0.4566(0.6494) LR: 0.00002000 Accuracy: 0.6010 
Epoch: [1][935/936] Elapsed 4m 41s (remain 0m 0s) Loss: 1.0966(0.6494) LR: 0.00002000 Accuracy: 0.6018 
EVAL: [0/104] Elapsed 0m 0s (remain 0m 31s) Loss: 0.4278(0.4278) accuracy: 1.0000 f1 score: 1.0
EVAL: [103/104] Elapsed 0m 5s (remain 0m 0s) Loss: 0.6806(0.6996) accuracy: 0.6562 f1 score: 0.6562003340441886
Epoch 1 - avg_train_loss: 0.6494  train_acc: 0.6018  valid_acc: 0.6562  valid_f1: 0.6562  time: 287s
Epoch 1 - Save Best Score: 0.6562 Model
Epoch: [2][0/936] Elapsed 0m 0s (remain 5m 46s) Loss: 0.4080(0.4080) LR: 0.00001050 Accuracy: 0.7500 
Epoch: [2][300/936] Elapsed 1m 6s (remain 2m 19s) Loss: 0.3295(0.4971) LR: 0.00001050 Accuracy: 0.7434 
Epoch: [2][600/936] Elapsed 2m 12s (remain 1m 13s) Loss: 0.5347(0.4754) LR: 0.00001050 Accuracy: 0.7608 
Epoch: [2][900/936] Elapsed 3m 18s (remain 0m 7s) Loss: 0.7059(0.4704) LR: 0.00001050 Accuracy: 0.7686 
Epoch: [2][935/936] Elapsed 3m 25s (remain 0m 0s) Loss: 0.7634(0.4713) LR: 0.00001050 Accuracy: 0.7679 
EVAL: [0/104] Elapsed 0m 0s (remain 0m 32s) Loss: 0.4248(0.4248) accuracy: 0.7500 f1 score: 0.42857142857142855
EVAL: [103/104] Elapsed 0m 5s (remain 0m 0s) Loss: 0.6829(0.6962) accuracy: 0.6538 f1 score: 0.6512342803912435
Epoch 2 - avg_train_loss: 0.4713  train_acc: 0.7679  valid_acc: 0.6538  valid_f1: 0.6512  time: 212s
Epoch: [3][0/936] Elapsed 0m 0s (remain 7m 26s) Loss: 0.4270(0.4270) LR: 0.00000100 Accuracy: 0.7500 
Epoch: [3][300/936] Elapsed 1m 5s (remain 2m 18s) Loss: 0.2694(0.2640) LR: 0.00000100 Accuracy: 0.9236 
Epoch: [3][600/936] Elapsed 2m 11s (remain 1m 13s) Loss: 0.2647(0.2645) LR: 0.00000100 Accuracy: 0.9131 
Epoch: [3][900/936] Elapsed 3m 17s (remain 0m 7s) Loss: 0.2255(0.2580) LR: 0.00000100 Accuracy: 0.9112 
Epoch: [3][935/936] Elapsed 3m 24s (remain 0m 0s) Loss: 0.2230(0.2569) LR: 0.00000100 Accuracy: 0.9119 
EVAL: [0/104] Elapsed 0m 0s (remain 0m 34s) Loss: 0.4291(0.4291) accuracy: 0.7500 f1 score: 0.42857142857142855
EVAL: [103/104] Elapsed 0m 5s (remain 0m 0s) Loss: 0.6669(0.6796) accuracy: 0.6466 f1 score: 0.6466162372072328
Epoch 3 - avg_train_loss: 0.2569  train_acc: 0.9119  valid_acc: 0.6466  valid_f1: 0.6466  time: 211s
Epoch: [4][0/936] Elapsed 0m 0s (remain 5m 15s) Loss: 0.0678(0.0678) LR: 0.00001050 Accuracy: 1.0000 
Epoch: [4][300/936] Elapsed 1m 5s (remain 2m 18s) Loss: 0.2321(0.2254) LR: 0.00001050 Accuracy: 0.9128 
Epoch: [4][600/936] Elapsed 2m 11s (remain 1m 13s) Loss: 0.2397(0.2219) LR: 0.00001050 Accuracy: 0.9147 
Epoch: [4][900/936] Elapsed 3m 17s (remain 0m 7s) Loss: 0.1460(0.2177) LR: 0.00001050 Accuracy: 0.9137 
Epoch: [4][935/936] Elapsed 3m 24s (remain 0m 0s) Loss: 0.1938(0.2197) LR: 0.00001050 Accuracy: 0.9127 
EVAL: [0/104] Elapsed 0m 0s (remain 0m 28s) Loss: 0.4047(0.4047) accuracy: 0.7500 f1 score: 0.42857142857142855
EVAL: [103/104] Elapsed 0m 5s (remain 0m 0s) Loss: 0.6092(0.6749) accuracy: 0.6587 f1 score: 0.6586459561287936
Epoch 4 - avg_train_loss: 0.2197  train_acc: 0.9127  valid_acc: 0.6587  valid_f1: 0.6586  time: 211s
Epoch 4 - Save Best Score: 0.6586 Model
Epoch: [5][0/936] Elapsed 0m 0s (remain 7m 1s) Loss: 0.0217(0.0217) LR: 0.00002000 Accuracy: 1.0000 
Epoch: [5][300/936] Elapsed 1m 22s (remain 2m 53s) Loss: 0.9430(0.1129) LR: 0.00002000 Accuracy: 0.9618 
Epoch: [5][600/936] Elapsed 3m 28s (remain 1m 56s) Loss: 0.0936(0.1260) LR: 0.00002000 Accuracy: 0.9542 
Epoch: [5][900/936] Elapsed 5m 4s (remain 0m 11s) Loss: 0.0194(0.1469) LR: 0.00002000 Accuracy: 0.9451 
Epoch: [5][935/936] Elapsed 5m 21s (remain 0m 0s) Loss: 0.2141(0.1481) LR: 0.00002000 Accuracy: 0.9444 
EVAL: [0/104] Elapsed 0m 0s (remain 0m 32s) Loss: 0.4874(0.4874) accuracy: 0.5000 f1 score: 0.3333333333333333
EVAL: [103/104] Elapsed 0m 10s (remain 0m 0s) Loss: 0.6550(0.6762) accuracy: 0.6707 f1 score: 0.6698317063986328
Epoch 5 - avg_train_loss: 0.1481  train_acc: 0.9444  valid_acc: 0.6707  valid_f1: 0.6698  time: 332s
Epoch 5 - Save Best Score: 0.6698 Model
Epoch: [6][0/936] Elapsed 0m 0s (remain 7m 4s) Loss: 0.0270(0.0270) LR: 0.00001050 Accuracy: 1.0000 
Epoch: [6][300/936] Elapsed 1m 6s (remain 2m 19s) Loss: 0.0097(0.0574) LR: 0.00001050 Accuracy: 0.9826 
Epoch: [6][600/936] Elapsed 2m 12s (remain 1m 13s) Loss: 0.0225(0.0648) LR: 0.00001050 Accuracy: 0.9755 
Epoch: [6][900/936] Elapsed 3m 17s (remain 0m 7s) Loss: 0.0069(0.0638) LR: 0.00001050 Accuracy: 0.9753 
Epoch: [6][935/936] Elapsed 3m 25s (remain 0m 0s) Loss: 0.0245(0.0646) LR: 0.00001050 Accuracy: 0.9749 
EVAL: [0/104] Elapsed 0m 0s (remain 0m 31s) Loss: 0.4963(0.4963) accuracy: 0.5000 f1 score: 0.3333333333333333
EVAL: [103/104] Elapsed 0m 5s (remain 0m 0s) Loss: 0.6413(0.6707) accuracy: 0.6490 f1 score: 0.6487461830295179
Epoch 6 - avg_train_loss: 0.0646  train_acc: 0.9749  valid_acc: 0.6490  valid_f1: 0.6487  time: 212s
Epoch: [7][0/936] Elapsed 0m 0s (remain 5m 56s) Loss: 0.0105(0.0105) LR: 0.00000100 Accuracy: 1.0000 
Epoch: [7][300/936] Elapsed 1m 5s (remain 2m 18s) Loss: 0.0063(0.0242) LR: 0.00000100 Accuracy: 0.9967 
Epoch: [7][600/936] Elapsed 2m 11s (remain 1m 13s) Loss: 0.0066(0.0219) LR: 0.00000100 Accuracy: 0.9958 
Epoch: [7][900/936] Elapsed 3m 16s (remain 0m 7s) Loss: 0.0179(0.0221) LR: 0.00000100 Accuracy: 0.9958 
Epoch: [7][935/936] Elapsed 3m 24s (remain 0m 0s) Loss: 0.0075(0.0218) LR: 0.00000100 Accuracy: 0.9957 
EVAL: [0/104] Elapsed 0m 0s (remain 0m 26s) Loss: 0.4968(0.4968) accuracy: 0.5000 f1 score: 0.3333333333333333
EVAL: [103/104] Elapsed 0m 5s (remain 0m 0s) Loss: 0.6403(0.6725) accuracy: 0.6490 f1 score: 0.6490303492591822
Epoch 7 - avg_train_loss: 0.0218  train_acc: 0.9957  valid_acc: 0.6490  valid_f1: 0.6490  time: 211s
Epoch: [8][0/936] Elapsed 0m 0s (remain 5m 44s) Loss: 0.0111(0.0111) LR: 0.00001050 Accuracy: 1.0000 
Epoch: [8][300/936] Elapsed 1m 5s (remain 2m 18s) Loss: 0.0436(0.0153) LR: 0.00001050 Accuracy: 0.9967 
Epoch: [8][600/936] Elapsed 2m 10s (remain 1m 12s) Loss: 0.0024(0.0155) LR: 0.00001050 Accuracy: 0.9958 
Epoch: [8][900/936] Elapsed 3m 15s (remain 0m 7s) Loss: 0.6578(0.0195) LR: 0.00001050 Accuracy: 0.9942 
Epoch: [8][935/936] Elapsed 3m 23s (remain 0m 0s) Loss: 0.0046(0.0234) LR: 0.00001050 Accuracy: 0.9931 
EVAL: [0/104] Elapsed 0m 0s (remain 0m 25s) Loss: 0.5015(0.5015) accuracy: 0.5000 f1 score: 0.3333333333333333
EVAL: [103/104] Elapsed 0m 5s (remain 0m 0s) Loss: 0.6563(0.6513) accuracy: 0.6562 f1 score: 0.6389743589743591
Epoch 8 - avg_train_loss: 0.0234  train_acc: 0.9931  valid_acc: 0.6562  valid_f1: 0.6390  time: 209s
Epoch: [9][0/936] Elapsed 0m 0s (remain 5m 49s) Loss: 0.0622(0.0622) LR: 0.00002000 Accuracy: 1.0000 
Epoch: [9][300/936] Elapsed 1m 5s (remain 2m 18s) Loss: 0.0250(0.0783) LR: 0.00002000 Accuracy: 0.9701 
Epoch: [9][600/936] Elapsed 2m 11s (remain 1m 13s) Loss: 0.0046(0.0758) LR: 0.00002000 Accuracy: 0.9725 
Epoch: [9][900/936] Elapsed 3m 16s (remain 0m 7s) Loss: 0.0082(0.0708) LR: 0.00002000 Accuracy: 0.9739 
Epoch: [9][935/936] Elapsed 3m 24s (remain 0m 0s) Loss: 0.0069(0.0721) LR: 0.00002000 Accuracy: 0.9738 
EVAL: [0/104] Elapsed 0m 0s (remain 0m 34s) Loss: 0.4989(0.4989) accuracy: 0.5000 f1 score: 0.3333333333333333
EVAL: [103/104] Elapsed 0m 5s (remain 0m 0s) Loss: 0.6184(0.6764) accuracy: 0.6587 f1 score: 0.6585275619681835
Epoch 9 - avg_train_loss: 0.0721  train_acc: 0.9738  valid_acc: 0.6587  valid_f1: 0.6585  time: 210s
Epoch: [10][0/936] Elapsed 0m 0s (remain 6m 29s) Loss: 0.1266(0.1266) LR: 0.00001050 Accuracy: 1.0000 
Epoch: [10][300/936] Elapsed 1m 5s (remain 2m 19s) Loss: 0.0046(0.0312) LR: 0.00001050 Accuracy: 0.9909 
Epoch: [10][600/936] Elapsed 2m 11s (remain 1m 13s) Loss: 0.0047(0.0338) LR: 0.00001050 Accuracy: 0.9913 
Epoch: [10][900/936] Elapsed 3m 17s (remain 0m 7s) Loss: 0.0055(0.0318) LR: 0.00001050 Accuracy: 0.9908 
Epoch: [10][935/936] Elapsed 3m 24s (remain 0m 0s) Loss: 0.0115(0.0312) LR: 0.00001050 Accuracy: 0.9909 
EVAL: [0/104] Elapsed 0m 0s (remain 0m 25s) Loss: 0.4999(0.4999) accuracy: 0.5000 f1 score: 0.3333333333333333
EVAL: [103/104] Elapsed 0m 5s (remain 0m 0s) Loss: 0.6324(0.6681) accuracy: 0.6683 f1 score: 0.6681465038845728
Epoch 10 - avg_train_loss: 0.0312  train_acc: 0.9909  valid_acc: 0.6683  valid_f1: 0.6681  time: 211s
[Fold5] Best score: 0.6698317063986328
================== fold: 6 training ======================
Epoch: [1][0/936] Elapsed 0m 0s (remain 5m 50s) Loss: 0.8058(0.8058) LR: 0.00002000 Accuracy: 0.2500 
Epoch: [1][300/936] Elapsed 1m 5s (remain 2m 19s) Loss: 0.3940(0.6738) LR: 0.00002000 Accuracy: 0.5698 
Epoch: [1][600/936] Elapsed 2m 11s (remain 1m 13s) Loss: 0.6508(0.6625) LR: 0.00002000 Accuracy: 0.5907 
Epoch: [1][900/936] Elapsed 3m 17s (remain 0m 7s) Loss: 0.3314(0.6468) LR: 0.00002000 Accuracy: 0.6171 
Epoch: [1][935/936] Elapsed 3m 25s (remain 0m 0s) Loss: 0.5487(0.6462) LR: 0.00002000 Accuracy: 0.6167 
EVAL: [0/104] Elapsed 0m 0s (remain 0m 34s) Loss: 0.3907(0.3907) accuracy: 0.7500 f1 score: 0.42857142857142855
EVAL: [103/104] Elapsed 0m 5s (remain 0m 0s) Loss: 0.7713(0.6984) accuracy: 0.6442 f1 score: 0.6438273747541362
Epoch 1 - avg_train_loss: 0.6462  train_acc: 0.6167  valid_acc: 0.6442  valid_f1: 0.6438  time: 212s
Epoch 1 - Save Best Score: 0.6438 Model
Epoch: [2][0/936] Elapsed 0m 0s (remain 6m 20s) Loss: 0.4667(0.4667) LR: 0.00001050 Accuracy: 1.0000 
Epoch: [2][300/936] Elapsed 1m 6s (remain 2m 19s) Loss: 0.2991(0.5076) LR: 0.00001050 Accuracy: 0.7550 
Epoch: [2][600/936] Elapsed 2m 12s (remain 1m 13s) Loss: 0.5326(0.4906) LR: 0.00001050 Accuracy: 0.7629 
Epoch: [2][900/936] Elapsed 3m 18s (remain 0m 7s) Loss: 0.6627(0.4791) LR: 0.00001050 Accuracy: 0.7728 
Epoch: [2][935/936] Elapsed 3m 25s (remain 0m 0s) Loss: 0.6124(0.4777) LR: 0.00001050 Accuracy: 0.7730 
EVAL: [0/104] Elapsed 0m 0s (remain 0m 37s) Loss: 0.4127(0.4127) accuracy: 0.7500 f1 score: 0.42857142857142855
EVAL: [103/104] Elapsed 0m 5s (remain 0m 0s) Loss: 0.7026(0.6812) accuracy: 0.6514 f1 score: 0.6505518060423485
Epoch 2 - avg_train_loss: 0.4777  train_acc: 0.7730  valid_acc: 0.6514  valid_f1: 0.6506  time: 212s
Epoch 2 - Save Best Score: 0.6506 Model
Epoch: [3][0/936] Elapsed 0m 0s (remain 7m 22s) Loss: 0.2003(0.2003) LR: 0.00000100 Accuracy: 1.0000 
Epoch: [3][300/936] Elapsed 1m 50s (remain 3m 54s) Loss: 0.2769(0.2640) LR: 0.00000100 Accuracy: 0.9078 
Epoch: [3][600/936] Elapsed 3m 28s (remain 1m 56s) Loss: 0.1516(0.2642) LR: 0.00000100 Accuracy: 0.9081 
Epoch: [3][900/936] Elapsed 4m 33s (remain 0m 10s) Loss: 0.1242(0.2629) LR: 0.00000100 Accuracy: 0.9073 
Epoch: [3][935/936] Elapsed 4m 40s (remain 0m 0s) Loss: 0.6664(0.2627) LR: 0.00000100 Accuracy: 0.9076 
EVAL: [0/104] Elapsed 0m 0s (remain 0m 27s) Loss: 0.3476(0.3476) accuracy: 1.0000 f1 score: 1.0
EVAL: [103/104] Elapsed 0m 5s (remain 0m 0s) Loss: 0.6856(0.6770) accuracy: 0.6635 f1 score: 0.662681864516727
Epoch 3 - avg_train_loss: 0.2627  train_acc: 0.9076  valid_acc: 0.6635  valid_f1: 0.6627  time: 287s
Epoch 3 - Save Best Score: 0.6627 Model
Epoch: [4][0/936] Elapsed 0m 0s (remain 7m 0s) Loss: 0.1230(0.1230) LR: 0.00001050 Accuracy: 1.0000 
Epoch: [4][300/936] Elapsed 1m 6s (remain 2m 19s) Loss: 0.1140(0.2065) LR: 0.00001050 Accuracy: 0.9319 
Epoch: [4][600/936] Elapsed 2m 12s (remain 1m 13s) Loss: 0.2478(0.2126) LR: 0.00001050 Accuracy: 0.9214 
Epoch: [4][900/936] Elapsed 3m 17s (remain 0m 7s) Loss: 0.1824(0.2232) LR: 0.00001050 Accuracy: 0.9129 
Epoch: [4][935/936] Elapsed 3m 25s (remain 0m 0s) Loss: 0.3501(0.2255) LR: 0.00001050 Accuracy: 0.9116 
EVAL: [0/104] Elapsed 0m 0s (remain 0m 28s) Loss: 0.3224(0.3224) accuracy: 1.0000 f1 score: 1.0
EVAL: [103/104] Elapsed 0m 5s (remain 0m 0s) Loss: 0.6686(0.6793) accuracy: 0.6587 f1 score: 0.6575139146567718
Epoch 4 - avg_train_loss: 0.2255  train_acc: 0.9116  valid_acc: 0.6587  valid_f1: 0.6575  time: 211s
Epoch: [5][0/936] Elapsed 0m 0s (remain 6m 10s) Loss: 0.7129(0.7129) LR: 0.00002000 Accuracy: 0.7500 
Epoch: [5][300/936] Elapsed 1m 6s (remain 2m 19s) Loss: 0.0378(0.1261) LR: 0.00002000 Accuracy: 0.9543 
Epoch: [5][600/936] Elapsed 2m 11s (remain 1m 13s) Loss: 0.0117(0.1416) LR: 0.00002000 Accuracy: 0.9484 
Epoch: [5][900/936] Elapsed 3m 16s (remain 0m 7s) Loss: 0.5544(0.1459) LR: 0.00002000 Accuracy: 0.9428 
Epoch: [5][935/936] Elapsed 3m 24s (remain 0m 0s) Loss: 0.0531(0.1460) LR: 0.00002000 Accuracy: 0.9431 
EVAL: [0/104] Elapsed 0m 0s (remain 0m 33s) Loss: 0.3165(0.3165) accuracy: 1.0000 f1 score: 1.0
EVAL: [103/104] Elapsed 0m 5s (remain 0m 0s) Loss: 0.7629(0.7175) accuracy: 0.6178 f1 score: 0.5873402085010013
Epoch 5 - avg_train_loss: 0.1460  train_acc: 0.9431  valid_acc: 0.6178  valid_f1: 0.5873  time: 211s
Epoch: [6][0/936] Elapsed 0m 0s (remain 6m 9s) Loss: 1.0779(1.0779) LR: 0.00001050 Accuracy: 0.5000 
Epoch: [6][300/936] Elapsed 1m 6s (remain 2m 19s) Loss: 0.1707(0.1081) LR: 0.00001050 Accuracy: 0.9543 
Epoch: [6][600/936] Elapsed 2m 11s (remain 1m 13s) Loss: 1.0509(0.0951) LR: 0.00001050 Accuracy: 0.9634 
Epoch: [6][900/936] Elapsed 3m 20s (remain 0m 7s) Loss: 0.0185(0.0862) LR: 0.00001050 Accuracy: 0.9686 
Epoch: [6][935/936] Elapsed 3m 28s (remain 0m 0s) Loss: 0.0081(0.0846) LR: 0.00001050 Accuracy: 0.9693 
EVAL: [0/104] Elapsed 0m 0s (remain 0m 33s) Loss: 0.3156(0.3156) accuracy: 1.0000 f1 score: 1.0
EVAL: [103/104] Elapsed 0m 5s (remain 0m 0s) Loss: 0.6622(0.6675) accuracy: 0.6659 f1 score: 0.6656315956862404
Epoch 6 - avg_train_loss: 0.0846  train_acc: 0.9693  valid_acc: 0.6659  valid_f1: 0.6656  time: 214s
Epoch 6 - Save Best Score: 0.6656 Model
Epoch: [7][0/936] Elapsed 0m 0s (remain 7m 5s) Loss: 0.0064(0.0064) LR: 0.00000100 Accuracy: 1.0000 
Epoch: [7][300/936] Elapsed 1m 6s (remain 2m 19s) Loss: 0.0059(0.0267) LR: 0.00000100 Accuracy: 0.9900 
Epoch: [7][600/936] Elapsed 2m 11s (remain 1m 13s) Loss: 0.0344(0.0286) LR: 0.00000100 Accuracy: 0.9908 
Epoch: [7][900/936] Elapsed 3m 17s (remain 0m 7s) Loss: 0.0086(0.0300) LR: 0.00000100 Accuracy: 0.9903 
Epoch: [7][935/936] Elapsed 3m 25s (remain 0m 0s) Loss: 0.0054(0.0307) LR: 0.00000100 Accuracy: 0.9899 
EVAL: [0/104] Elapsed 0m 0s (remain 0m 25s) Loss: 0.3151(0.3151) accuracy: 1.0000 f1 score: 1.0
EVAL: [103/104] Elapsed 0m 5s (remain 0m 0s) Loss: 0.6649(0.6688) accuracy: 0.6731 f1 score: 0.6723195255305348
Epoch 7 - avg_train_loss: 0.0307  train_acc: 0.9899  valid_acc: 0.6731  valid_f1: 0.6723  time: 211s
Epoch 7 - Save Best Score: 0.6723 Model
Epoch: [8][0/936] Elapsed 0m 0s (remain 6m 45s) Loss: 0.0054(0.0054) LR: 0.00001050 Accuracy: 1.0000 
Epoch: [8][300/936] Elapsed 1m 6s (remain 2m 19s) Loss: 0.0096(0.0243) LR: 0.00001050 Accuracy: 0.9909 
Epoch: [8][600/936] Elapsed 2m 12s (remain 1m 13s) Loss: 0.1934(0.0297) LR: 0.00001050 Accuracy: 0.9884 
Epoch: [8][900/936] Elapsed 3m 18s (remain 0m 7s) Loss: 0.0130(0.0389) LR: 0.00001050 Accuracy: 0.9861 
Epoch: [8][935/936] Elapsed 3m 25s (remain 0m 0s) Loss: 0.0906(0.0387) LR: 0.00001050 Accuracy: 0.9864 
EVAL: [0/104] Elapsed 0m 0s (remain 0m 34s) Loss: 0.3173(0.3173) accuracy: 1.0000 f1 score: 1.0
EVAL: [103/104] Elapsed 0m 5s (remain 0m 0s) Loss: 0.6635(0.6516) accuracy: 0.6851 f1 score: 0.6837640068010236
Epoch 8 - avg_train_loss: 0.0387  train_acc: 0.9864  valid_acc: 0.6851  valid_f1: 0.6838  time: 212s
Epoch 8 - Save Best Score: 0.6838 Model
Epoch: [9][0/936] Elapsed 0m 0s (remain 6m 50s) Loss: 0.0053(0.0053) LR: 0.00002000 Accuracy: 1.0000 
Epoch: [9][300/936] Elapsed 1m 6s (remain 2m 19s) Loss: 0.0199(0.0337) LR: 0.00002000 Accuracy: 0.9900 
Epoch: [9][600/936] Elapsed 2m 12s (remain 1m 13s) Loss: 0.0140(0.0650) LR: 0.00002000 Accuracy: 0.9771 
Epoch: [9][900/936] Elapsed 4m 20s (remain 0m 10s) Loss: 0.0099(0.0736) LR: 0.00002000 Accuracy: 0.9725 
Epoch: [9][935/936] Elapsed 4m 37s (remain 0m 0s) Loss: 0.0181(0.0746) LR: 0.00002000 Accuracy: 0.9722 
EVAL: [0/104] Elapsed 0m 0s (remain 0m 32s) Loss: 0.3219(0.3219) accuracy: 1.0000 f1 score: 1.0
EVAL: [103/104] Elapsed 0m 9s (remain 0m 0s) Loss: 0.6761(0.6662) accuracy: 0.6755 f1 score: 0.6753288047405694
Epoch 9 - avg_train_loss: 0.0746  train_acc: 0.9722  valid_acc: 0.6755  valid_f1: 0.6753  time: 287s
Epoch: [10][0/936] Elapsed 0m 0s (remain 5m 48s) Loss: 0.0031(0.0031) LR: 0.00001050 Accuracy: 1.0000 
Epoch: [10][300/936] Elapsed 1m 5s (remain 2m 17s) Loss: 0.0097(0.0357) LR: 0.00001050 Accuracy: 0.9892 
Epoch: [10][600/936] Elapsed 2m 10s (remain 1m 12s) Loss: 0.0058(0.0391) LR: 0.00001050 Accuracy: 0.9888 
Epoch: [10][900/936] Elapsed 3m 15s (remain 0m 7s) Loss: 0.0038(0.0361) LR: 0.00001050 Accuracy: 0.9892 
Epoch: [10][935/936] Elapsed 3m 23s (remain 0m 0s) Loss: 0.0064(0.0358) LR: 0.00001050 Accuracy: 0.9896 
EVAL: [0/104] Elapsed 0m 0s (remain 0m 28s) Loss: 0.3198(0.3198) accuracy: 1.0000 f1 score: 1.0
EVAL: [103/104] Elapsed 0m 5s (remain 0m 0s) Loss: 0.7645(0.6766) accuracy: 0.6683 f1 score: 0.6648529995563132
Epoch 10 - avg_train_loss: 0.0358  train_acc: 0.9896  valid_acc: 0.6683  valid_f1: 0.6649  time: 209s
[Fold6] Best score: 0.6837640068010236
================== fold: 7 training ======================
Epoch: [1][0/936] Elapsed 0m 0s (remain 5m 45s) Loss: 0.7531(0.7531) LR: 0.00002000 Accuracy: 0.2500 
Epoch: [1][300/936] Elapsed 1m 5s (remain 2m 17s) Loss: 0.7022(0.6661) LR: 0.00002000 Accuracy: 0.5349 
Epoch: [1][600/936] Elapsed 2m 10s (remain 1m 12s) Loss: 0.6469(0.6460) LR: 0.00002000 Accuracy: 0.5849 
Epoch: [1][900/936] Elapsed 3m 15s (remain 0m 7s) Loss: 0.4560(0.6391) LR: 0.00002000 Accuracy: 0.6010 
Epoch: [1][935/936] Elapsed 3m 23s (remain 0m 0s) Loss: 0.9221(0.6406) LR: 0.00002000 Accuracy: 0.6015 
EVAL: [0/104] Elapsed 0m 0s (remain 0m 27s) Loss: 0.4102(0.4102) accuracy: 1.0000 f1 score: 1.0
EVAL: [103/104] Elapsed 0m 5s (remain 0m 0s) Loss: 0.6877(0.6868) accuracy: 0.7163 f1 score: 0.7085589436686615
Epoch 1 - avg_train_loss: 0.6406  train_acc: 0.6015  valid_acc: 0.7163  valid_f1: 0.7086  time: 209s
Epoch 1 - Save Best Score: 0.7086 Model
Epoch: [2][0/936] Elapsed 0m 0s (remain 5m 13s) Loss: 0.3528(0.3528) LR: 0.00001050 Accuracy: 1.0000 
Epoch: [2][300/936] Elapsed 1m 5s (remain 2m 17s) Loss: 0.5896(0.4719) LR: 0.00001050 Accuracy: 0.7625 
Epoch: [2][600/936] Elapsed 2m 10s (remain 1m 12s) Loss: 0.4708(0.4530) LR: 0.00001050 Accuracy: 0.7737 
Epoch: [2][900/936] Elapsed 3m 15s (remain 0m 7s) Loss: 0.2179(0.4449) LR: 0.00001050 Accuracy: 0.7819 
Epoch: [2][935/936] Elapsed 3m 23s (remain 0m 0s) Loss: 0.3976(0.4474) LR: 0.00001050 Accuracy: 0.7810 
EVAL: [0/104] Elapsed 0m 0s (remain 0m 29s) Loss: 0.3312(0.3312) accuracy: 1.0000 f1 score: 1.0
EVAL: [103/104] Elapsed 0m 5s (remain 0m 0s) Loss: 0.7039(0.6610) accuracy: 0.7476 f1 score: 0.747559685836642
Epoch 2 - avg_train_loss: 0.4474  train_acc: 0.7810  valid_acc: 0.7476  valid_f1: 0.7476  time: 210s
Epoch 2 - Save Best Score: 0.7476 Model
Epoch: [3][0/936] Elapsed 0m 0s (remain 6m 30s) Loss: 0.2911(0.2911) LR: 0.00000100 Accuracy: 1.0000 
Epoch: [3][300/936] Elapsed 1m 5s (remain 2m 18s) Loss: 0.1164(0.2657) LR: 0.00000100 Accuracy: 0.8929 
Epoch: [3][600/936] Elapsed 2m 11s (remain 1m 13s) Loss: 0.3134(0.2370) LR: 0.00000100 Accuracy: 0.9077 
Epoch: [3][900/936] Elapsed 3m 17s (remain 0m 7s) Loss: 0.0630(0.2276) LR: 0.00000100 Accuracy: 0.9126 
Epoch: [3][935/936] Elapsed 3m 25s (remain 0m 0s) Loss: 0.0839(0.2254) LR: 0.00000100 Accuracy: 0.9143 
EVAL: [0/104] Elapsed 0m 0s (remain 0m 25s) Loss: 0.3241(0.3241) accuracy: 1.0000 f1 score: 1.0
EVAL: [103/104] Elapsed 0m 5s (remain 0m 0s) Loss: 0.6891(0.6509) accuracy: 0.7308 f1 score: 0.7306135664562086
Epoch 3 - avg_train_loss: 0.2254  train_acc: 0.9143  valid_acc: 0.7308  valid_f1: 0.7306  time: 211s
Epoch: [4][0/936] Elapsed 0m 0s (remain 5m 50s) Loss: 0.0879(0.0879) LR: 0.00001050 Accuracy: 1.0000 
Epoch: [4][300/936] Elapsed 1m 17s (remain 2m 43s) Loss: 0.0173(0.1724) LR: 0.00001050 Accuracy: 0.9319 
Epoch: [4][600/936] Elapsed 2m 24s (remain 1m 20s) Loss: 0.0483(0.1752) LR: 0.00001050 Accuracy: 0.9309 
Epoch: [4][900/936] Elapsed 3m 30s (remain 0m 8s) Loss: 0.2435(0.1769) LR: 0.00001050 Accuracy: 0.9287 
Epoch: [4][935/936] Elapsed 3m 37s (remain 0m 0s) Loss: 0.5849(0.1757) LR: 0.00001050 Accuracy: 0.9292 
EVAL: [0/104] Elapsed 0m 0s (remain 0m 25s) Loss: 0.3187(0.3187) accuracy: 1.0000 f1 score: 1.0
EVAL: [103/104] Elapsed 0m 5s (remain 0m 0s) Loss: 0.6495(0.6538) accuracy: 0.7212 f1 score: 0.7202226345083488
Epoch 4 - avg_train_loss: 0.1757  train_acc: 0.9292  valid_acc: 0.7212  valid_f1: 0.7202  time: 224s
Epoch: [5][0/936] Elapsed 0m 0s (remain 5m 48s) Loss: 0.0271(0.0271) LR: 0.00002000 Accuracy: 1.0000 
Epoch: [5][300/936] Elapsed 1m 5s (remain 2m 18s) Loss: 0.0501(0.0957) LR: 0.00002000 Accuracy: 0.9635 
Epoch: [5][600/936] Elapsed 2m 15s (remain 1m 15s) Loss: 0.0225(0.1138) LR: 0.00002000 Accuracy: 0.9592 
Epoch: [5][900/936] Elapsed 3m 20s (remain 0m 7s) Loss: 0.0277(0.1155) LR: 0.00002000 Accuracy: 0.9592 
Epoch: [5][935/936] Elapsed 3m 27s (remain 0m 0s) Loss: 0.2593(0.1195) LR: 0.00002000 Accuracy: 0.9575 
EVAL: [0/104] Elapsed 0m 0s (remain 0m 31s) Loss: 0.3307(0.3307) accuracy: 1.0000 f1 score: 1.0
EVAL: [103/104] Elapsed 0m 5s (remain 0m 0s) Loss: 0.6570(0.6439) accuracy: 0.7043 f1 score: 0.7040378975862848
Epoch 5 - avg_train_loss: 0.1195  train_acc: 0.9575  valid_acc: 0.7043  valid_f1: 0.7040  time: 214s
Epoch: [6][0/936] Elapsed 0m 0s (remain 5m 50s) Loss: 0.1194(0.1194) LR: 0.00001050 Accuracy: 1.0000 
Epoch: [6][300/936] Elapsed 1m 5s (remain 2m 17s) Loss: 0.0171(0.0663) LR: 0.00001050 Accuracy: 0.9801 
Epoch: [6][600/936] Elapsed 2m 10s (remain 1m 12s) Loss: 0.0049(0.0586) LR: 0.00001050 Accuracy: 0.9834 
Epoch: [6][900/936] Elapsed 3m 18s (remain 0m 7s) Loss: 0.0195(0.0586) LR: 0.00001050 Accuracy: 0.9828 
Epoch: [6][935/936] Elapsed 3m 25s (remain 0m 0s) Loss: 0.0137(0.0583) LR: 0.00001050 Accuracy: 0.9829 
EVAL: [0/104] Elapsed 0m 0s (remain 0m 26s) Loss: 0.3164(0.3164) accuracy: 1.0000 f1 score: 1.0
EVAL: [103/104] Elapsed 0m 5s (remain 0m 0s) Loss: 0.6930(0.6523) accuracy: 0.7139 f1 score: 0.7134637980632876
Epoch 6 - avg_train_loss: 0.0583  train_acc: 0.9829  valid_acc: 0.7139  valid_f1: 0.7135  time: 212s
Epoch: [7][0/936] Elapsed 0m 0s (remain 5m 45s) Loss: 0.0055(0.0055) LR: 0.00000100 Accuracy: 1.0000 
Epoch: [7][300/936] Elapsed 1m 5s (remain 2m 17s) Loss: 0.0070(0.0216) LR: 0.00000100 Accuracy: 0.9950 
Epoch: [7][600/936] Elapsed 2m 10s (remain 1m 12s) Loss: 0.0129(0.0237) LR: 0.00000100 Accuracy: 0.9921 
Epoch: [7][900/936] Elapsed 3m 15s (remain 0m 7s) Loss: 0.0175(0.0208) LR: 0.00000100 Accuracy: 0.9933 
Epoch: [7][935/936] Elapsed 3m 22s (remain 0m 0s) Loss: 0.0058(0.0206) LR: 0.00000100 Accuracy: 0.9936 
EVAL: [0/104] Elapsed 0m 0s (remain 0m 25s) Loss: 0.3163(0.3163) accuracy: 1.0000 f1 score: 1.0
EVAL: [103/104] Elapsed 0m 5s (remain 0m 0s) Loss: 0.6932(0.6507) accuracy: 0.7043 f1 score: 0.7041200451036516
Epoch 7 - avg_train_loss: 0.0206  train_acc: 0.9936  valid_acc: 0.7043  valid_f1: 0.7041  time: 209s
Epoch: [8][0/936] Elapsed 0m 0s (remain 6m 7s) Loss: 0.0061(0.0061) LR: 0.00001050 Accuracy: 1.0000 
Epoch: [8][300/936] Elapsed 1m 5s (remain 2m 17s) Loss: 0.0041(0.0115) LR: 0.00001050 Accuracy: 0.9975 
Epoch: [8][600/936] Elapsed 2m 10s (remain 1m 12s) Loss: 0.0095(0.0172) LR: 0.00001050 Accuracy: 0.9954 
Epoch: [8][900/936] Elapsed 3m 15s (remain 0m 7s) Loss: 0.0055(0.0184) LR: 0.00001050 Accuracy: 0.9950 
Epoch: [8][935/936] Elapsed 3m 23s (remain 0m 0s) Loss: 0.0059(0.0179) LR: 0.00001050 Accuracy: 0.9952 
EVAL: [0/104] Elapsed 0m 0s (remain 0m 31s) Loss: 0.3154(0.3154) accuracy: 1.0000 f1 score: 1.0
EVAL: [103/104] Elapsed 0m 5s (remain 0m 0s) Loss: 0.6939(0.6438) accuracy: 0.6971 f1 score: 0.6966666666666667
Epoch 8 - avg_train_loss: 0.0179  train_acc: 0.9952  valid_acc: 0.6971  valid_f1: 0.6967  time: 209s
Epoch: [9][0/936] Elapsed 0m 0s (remain 5m 26s) Loss: 0.0048(0.0048) LR: 0.00002000 Accuracy: 1.0000 
Epoch: [9][300/936] Elapsed 1m 5s (remain 2m 17s) Loss: 0.0310(0.0371) LR: 0.00002000 Accuracy: 0.9884 
Epoch: [9][600/936] Elapsed 2m 10s (remain 1m 12s) Loss: 0.0241(0.0531) LR: 0.00002000 Accuracy: 0.9846 
Epoch: [9][900/936] Elapsed 3m 15s (remain 0m 7s) Loss: 0.0028(0.0556) LR: 0.00002000 Accuracy: 0.9828 
Epoch: [9][935/936] Elapsed 3m 22s (remain 0m 0s) Loss: 0.0046(0.0584) LR: 0.00002000 Accuracy: 0.9824 
EVAL: [0/104] Elapsed 0m 0s (remain 0m 26s) Loss: 0.3149(0.3149) accuracy: 1.0000 f1 score: 1.0
EVAL: [103/104] Elapsed 0m 5s (remain 0m 0s) Loss: 0.6933(0.6462) accuracy: 0.7139 f1 score: 0.7133443353889806
Epoch 9 - avg_train_loss: 0.0584  train_acc: 0.9824  valid_acc: 0.7139  valid_f1: 0.7133  time: 209s
Epoch: [10][0/936] Elapsed 0m 0s (remain 5m 25s) Loss: 0.0112(0.0112) LR: 0.00001050 Accuracy: 1.0000 
Epoch: [10][300/936] Elapsed 1m 5s (remain 2m 18s) Loss: 0.0103(0.0324) LR: 0.00001050 Accuracy: 0.9909 
Epoch: [10][600/936] Elapsed 2m 13s (remain 1m 14s) Loss: 0.0081(0.0339) LR: 0.00001050 Accuracy: 0.9884 
Epoch: [10][900/936] Elapsed 3m 18s (remain 0m 7s) Loss: 0.1301(0.0289) LR: 0.00001050 Accuracy: 0.9903 
Epoch: [10][935/936] Elapsed 3m 25s (remain 0m 0s) Loss: 0.0022(0.0297) LR: 0.00001050 Accuracy: 0.9904 
EVAL: [0/104] Elapsed 0m 0s (remain 0m 29s) Loss: 0.3149(0.3149) accuracy: 1.0000 f1 score: 1.0
EVAL: [103/104] Elapsed 0m 5s (remain 0m 0s) Loss: 0.6932(0.6405) accuracy: 0.7163 f1 score: 0.7162871344353254
Epoch 10 - avg_train_loss: 0.0297  train_acc: 0.9904  valid_acc: 0.7163  valid_f1: 0.7163  time: 212s
[Fold7] Best score: 0.747559685836642
================== fold: 8 training ======================
Epoch: [1][0/936] Elapsed 0m 0s (remain 5m 37s) Loss: 0.6224(0.6224) LR: 0.00002000 Accuracy: 0.7500 
Epoch: [1][300/936] Elapsed 1m 5s (remain 2m 17s) Loss: 0.6033(0.6675) LR: 0.00002000 Accuracy: 0.5498 
Epoch: [1][600/936] Elapsed 2m 11s (remain 1m 13s) Loss: 1.0698(0.6425) LR: 0.00002000 Accuracy: 0.5923 
Epoch: [1][900/936] Elapsed 3m 17s (remain 0m 7s) Loss: 0.8223(0.6315) LR: 0.00002000 Accuracy: 0.6140 
Epoch: [1][935/936] Elapsed 3m 24s (remain 0m 0s) Loss: 0.8984(0.6314) LR: 0.00002000 Accuracy: 0.6132 
EVAL: [0/104] Elapsed 0m 0s (remain 0m 26s) Loss: 0.3582(0.3582) accuracy: 1.0000 f1 score: 1.0
EVAL: [103/104] Elapsed 0m 5s (remain 0m 0s) Loss: 0.7730(0.6893) accuracy: 0.6635 f1 score: 0.662962962962963
Epoch 1 - avg_train_loss: 0.6314  train_acc: 0.6132  valid_acc: 0.6635  valid_f1: 0.6630  time: 211s
Epoch 1 - Save Best Score: 0.6630 Model
Epoch: [2][0/936] Elapsed 0m 0s (remain 5m 42s) Loss: 0.7361(0.7361) LR: 0.00001050 Accuracy: 0.7500 
Epoch: [2][300/936] Elapsed 1m 7s (remain 2m 22s) Loss: 0.1710(0.4445) LR: 0.00001050 Accuracy: 0.7824 
Epoch: [2][600/936] Elapsed 2m 12s (remain 1m 14s) Loss: 0.1779(0.4382) LR: 0.00001050 Accuracy: 0.7895 
Epoch: [2][900/936] Elapsed 3m 18s (remain 0m 7s) Loss: 0.6096(0.4326) LR: 0.00001050 Accuracy: 0.7919 
Epoch: [2][935/936] Elapsed 3m 25s (remain 0m 0s) Loss: 0.5728(0.4293) LR: 0.00001050 Accuracy: 0.7943 
EVAL: [0/104] Elapsed 0m 0s (remain 0m 25s) Loss: 0.3435(0.3435) accuracy: 1.0000 f1 score: 1.0
EVAL: [103/104] Elapsed 0m 5s (remain 0m 0s) Loss: 0.6374(0.6555) accuracy: 0.7236 f1 score: 0.7231978059491643
Epoch 2 - avg_train_loss: 0.4293  train_acc: 0.7943  valid_acc: 0.7236  valid_f1: 0.7232  time: 212s
Epoch 2 - Save Best Score: 0.7232 Model
Epoch: [3][0/936] Elapsed 0m 0s (remain 7m 0s) Loss: 0.1874(0.1874) LR: 0.00000100 Accuracy: 1.0000 
Epoch: [3][300/936] Elapsed 1m 11s (remain 2m 30s) Loss: 0.3532(0.2082) LR: 0.00000100 Accuracy: 0.9178 
Epoch: [3][600/936] Elapsed 2m 17s (remain 1m 16s) Loss: 0.0643(0.1919) LR: 0.00000100 Accuracy: 0.9305 
Epoch: [3][900/936] Elapsed 3m 28s (remain 0m 8s) Loss: 0.0786(0.1899) LR: 0.00000100 Accuracy: 0.9320 
Epoch: [3][935/936] Elapsed 3m 35s (remain 0m 0s) Loss: 0.5178(0.1903) LR: 0.00000100 Accuracy: 0.9311 
EVAL: [0/104] Elapsed 0m 0s (remain 0m 25s) Loss: 0.3290(0.3290) accuracy: 1.0000 f1 score: 1.0
EVAL: [103/104] Elapsed 0m 5s (remain 0m 0s) Loss: 0.6185(0.6514) accuracy: 0.7188 f1 score: 0.7184750733137829
Epoch 3 - avg_train_loss: 0.1903  train_acc: 0.9311  valid_acc: 0.7188  valid_f1: 0.7185  time: 222s
Epoch: [4][0/936] Elapsed 0m 0s (remain 5m 50s) Loss: 0.0624(0.0624) LR: 0.00001050 Accuracy: 1.0000 
Epoch: [4][300/936] Elapsed 1m 10s (remain 2m 28s) Loss: 0.4295(0.1686) LR: 0.00001050 Accuracy: 0.9369 
Epoch: [4][600/936] Elapsed 2m 15s (remain 1m 15s) Loss: 0.0486(0.1669) LR: 0.00001050 Accuracy: 0.9355 
Epoch: [4][900/936] Elapsed 3m 25s (remain 0m 7s) Loss: 0.0745(0.1705) LR: 0.00001050 Accuracy: 0.9329 
Epoch: [4][935/936] Elapsed 3m 32s (remain 0m 0s) Loss: 0.1070(0.1712) LR: 0.00001050 Accuracy: 0.9316 
EVAL: [0/104] Elapsed 0m 0s (remain 0m 27s) Loss: 0.3195(0.3195) accuracy: 1.0000 f1 score: 1.0
EVAL: [103/104] Elapsed 0m 5s (remain 0m 0s) Loss: 0.6230(0.6577) accuracy: 0.7139 f1 score: 0.7138083538083538
Epoch 4 - avg_train_loss: 0.1712  train_acc: 0.9316  valid_acc: 0.7139  valid_f1: 0.7138  time: 219s
Epoch: [5][0/936] Elapsed 0m 0s (remain 5m 44s) Loss: 0.3220(0.3220) LR: 0.00002000 Accuracy: 0.7500 
Epoch: [5][300/936] Elapsed 1m 11s (remain 2m 31s) Loss: 0.0625(0.0939) LR: 0.00002000 Accuracy: 0.9676 
Epoch: [5][600/936] Elapsed 2m 20s (remain 1m 18s) Loss: 0.0209(0.0931) LR: 0.00002000 Accuracy: 0.9676 
Epoch: [5][900/936] Elapsed 3m 30s (remain 0m 8s) Loss: 0.0450(0.1119) LR: 0.00002000 Accuracy: 0.9567 
Epoch: [5][935/936] Elapsed 3m 38s (remain 0m 0s) Loss: 0.0097(0.1144) LR: 0.00002000 Accuracy: 0.9554 
EVAL: [0/104] Elapsed 0m 0s (remain 0m 28s) Loss: 0.3262(0.3262) accuracy: 1.0000 f1 score: 1.0
EVAL: [103/104] Elapsed 0m 5s (remain 0m 0s) Loss: 0.6233(0.6522) accuracy: 0.6851 f1 score: 0.6825851695236098
Epoch 5 - avg_train_loss: 0.1144  train_acc: 0.9554  valid_acc: 0.6851  valid_f1: 0.6826  time: 224s
Epoch: [6][0/936] Elapsed 0m 0s (remain 6m 25s) Loss: 0.0179(0.0179) LR: 0.00001050 Accuracy: 1.0000 
Epoch: [6][300/936] Elapsed 1m 10s (remain 2m 29s) Loss: 0.0099(0.0803) LR: 0.00001050 Accuracy: 0.9676 
Epoch: [6][600/936] Elapsed 2m 19s (remain 1m 17s) Loss: 0.0510(0.0650) LR: 0.00001050 Accuracy: 0.9750 
Epoch: [6][900/936] Elapsed 3m 24s (remain 0m 7s) Loss: 0.0109(0.0632) LR: 0.00001050 Accuracy: 0.9745 
Epoch: [6][935/936] Elapsed 3m 32s (remain 0m 0s) Loss: 0.0039(0.0634) LR: 0.00001050 Accuracy: 0.9744 
EVAL: [0/104] Elapsed 0m 0s (remain 0m 27s) Loss: 0.3148(0.3148) accuracy: 1.0000 f1 score: 1.0
EVAL: [103/104] Elapsed 0m 5s (remain 0m 0s) Loss: 0.6029(0.6627) accuracy: 0.6875 f1 score: 0.686456400742115
Epoch 6 - avg_train_loss: 0.0634  train_acc: 0.9744  valid_acc: 0.6875  valid_f1: 0.6865  time: 218s
Epoch: [7][0/936] Elapsed 0m 0s (remain 5m 58s) Loss: 0.0204(0.0204) LR: 0.00000100 Accuracy: 1.0000 
Epoch: [7][300/936] Elapsed 1m 5s (remain 2m 18s) Loss: 0.0029(0.0239) LR: 0.00000100 Accuracy: 0.9934 
Epoch: [7][600/936] Elapsed 2m 14s (remain 1m 14s) Loss: 0.0065(0.0219) LR: 0.00000100 Accuracy: 0.9933 
Epoch: [7][900/936] Elapsed 3m 19s (remain 0m 7s) Loss: 0.0039(0.0221) LR: 0.00000100 Accuracy: 0.9936 
Epoch: [7][935/936] Elapsed 3m 26s (remain 0m 0s) Loss: 0.0043(0.0220) LR: 0.00000100 Accuracy: 0.9936 
EVAL: [0/104] Elapsed 0m 0s (remain 0m 26s) Loss: 0.3148(0.3148) accuracy: 1.0000 f1 score: 1.0
EVAL: [103/104] Elapsed 0m 6s (remain 0m 0s) Loss: 0.6011(0.6546) accuracy: 0.7043 f1 score: 0.7042431809117551
Epoch 7 - avg_train_loss: 0.0220  train_acc: 0.9936  valid_acc: 0.7043  valid_f1: 0.7042  time: 213s
Epoch: [8][0/936] Elapsed 0m 0s (remain 9m 31s) Loss: 0.0046(0.0046) LR: 0.00001050 Accuracy: 1.0000 
Epoch: [8][300/936] Elapsed 1m 9s (remain 2m 27s) Loss: 0.0055(0.0144) LR: 0.00001050 Accuracy: 0.9967 
Epoch: [8][600/936] Elapsed 2m 20s (remain 1m 18s) Loss: 0.0039(0.0142) LR: 0.00001050 Accuracy: 0.9963 
Epoch: [8][900/936] Elapsed 3m 25s (remain 0m 7s) Loss: 0.0059(0.0211) LR: 0.00001050 Accuracy: 0.9936 
Epoch: [8][935/936] Elapsed 3m 34s (remain 0m 0s) Loss: 0.0037(0.0224) LR: 0.00001050 Accuracy: 0.9933 
EVAL: [0/104] Elapsed 0m 0s (remain 0m 32s) Loss: 0.3140(0.3140) accuracy: 1.0000 f1 score: 1.0
EVAL: [103/104] Elapsed 0m 5s (remain 0m 0s) Loss: 0.6295(0.6691) accuracy: 0.6851 f1 score: 0.6839547413168166
Epoch 8 - avg_train_loss: 0.0224  train_acc: 0.9933  valid_acc: 0.6851  valid_f1: 0.6840  time: 221s
Epoch: [9][0/936] Elapsed 0m 0s (remain 6m 4s) Loss: 0.0033(0.0033) LR: 0.00002000 Accuracy: 1.0000 
Epoch: [9][300/936] Elapsed 1m 7s (remain 2m 22s) Loss: 0.3473(0.0515) LR: 0.00002000 Accuracy: 0.9842 
Epoch: [9][600/936] Elapsed 2m 13s (remain 1m 14s) Loss: 0.0107(0.0618) LR: 0.00002000 Accuracy: 0.9767 
Epoch: [9][900/936] Elapsed 3m 19s (remain 0m 7s) Loss: 0.0022(0.0650) LR: 0.00002000 Accuracy: 0.9759 
Epoch: [9][935/936] Elapsed 3m 26s (remain 0m 0s) Loss: 0.0139(0.0647) LR: 0.00002000 Accuracy: 0.9760 
EVAL: [0/104] Elapsed 0m 0s (remain 0m 30s) Loss: 0.3140(0.3140) accuracy: 1.0000 f1 score: 1.0
EVAL: [103/104] Elapsed 0m 5s (remain 0m 0s) Loss: 0.6086(0.6607) accuracy: 0.6779 f1 score: 0.6778771698680166
Epoch 9 - avg_train_loss: 0.0647  train_acc: 0.9760  valid_acc: 0.6779  valid_f1: 0.6779  time: 213s
Epoch: [10][0/936] Elapsed 0m 0s (remain 7m 25s) Loss: 0.0171(0.0171) LR: 0.00001050 Accuracy: 1.0000 
Epoch: [10][300/936] Elapsed 1m 5s (remain 2m 19s) Loss: 0.0014(0.0255) LR: 0.00001050 Accuracy: 0.9917 
Epoch: [10][600/936] Elapsed 2m 11s (remain 1m 13s) Loss: 0.0029(0.0269) LR: 0.00001050 Accuracy: 0.9904 
Epoch: [10][900/936] Elapsed 3m 17s (remain 0m 7s) Loss: 0.0058(0.0241) LR: 0.00001050 Accuracy: 0.9914 
Epoch: [10][935/936] Elapsed 3m 25s (remain 0m 0s) Loss: 0.0015(0.0240) LR: 0.00001050 Accuracy: 0.9912 
EVAL: [0/104] Elapsed 0m 0s (remain 0m 34s) Loss: 0.3138(0.3138) accuracy: 1.0000 f1 score: 1.0
EVAL: [103/104] Elapsed 0m 5s (remain 0m 0s) Loss: 0.6003(0.6526) accuracy: 0.7091 f1 score: 0.7091194877692186
Epoch 10 - avg_train_loss: 0.0240  train_acc: 0.9912  valid_acc: 0.7091  valid_f1: 0.7091  time: 211s
[Fold8] Best score: 0.7231978059491643
================== fold: 9 training ======================
Epoch: [1][0/936] Elapsed 0m 0s (remain 5m 28s) Loss: 0.6355(0.6355) LR: 0.00002000 Accuracy: 0.5000 
Epoch: [1][300/936] Elapsed 1m 5s (remain 2m 19s) Loss: 0.6219(0.6853) LR: 0.00002000 Accuracy: 0.5590 
Epoch: [1][600/936] Elapsed 2m 11s (remain 1m 13s) Loss: 0.7907(0.6618) LR: 0.00002000 Accuracy: 0.5928 
Epoch: [1][900/936] Elapsed 3m 17s (remain 0m 7s) Loss: 0.5948(0.6447) LR: 0.00002000 Accuracy: 0.6174 
Epoch: [1][935/936] Elapsed 3m 24s (remain 0m 0s) Loss: 0.4879(0.6429) LR: 0.00002000 Accuracy: 0.6202 
EVAL: [0/104] Elapsed 0m 0s (remain 0m 26s) Loss: 0.3715(0.3715) accuracy: 1.0000 f1 score: 1.0
EVAL: [103/104] Elapsed 0m 5s (remain 0m 0s) Loss: 0.8148(0.6831) accuracy: 0.6514 f1 score: 0.6377068380431845
Epoch 1 - avg_train_loss: 0.6429  train_acc: 0.6202  valid_acc: 0.6514  valid_f1: 0.6377  time: 211s
Epoch 1 - Save Best Score: 0.6377 Model
Epoch: [2][0/936] Elapsed 0m 0s (remain 6m 31s) Loss: 0.3174(0.3174) LR: 0.00001050 Accuracy: 1.0000 
Epoch: [2][300/936] Elapsed 1m 5s (remain 2m 18s) Loss: 0.1831(0.4566) LR: 0.00001050 Accuracy: 0.7890 
Epoch: [2][600/936] Elapsed 2m 11s (remain 1m 13s) Loss: 0.5635(0.4467) LR: 0.00001050 Accuracy: 0.7970 
Epoch: [2][900/936] Elapsed 3m 16s (remain 0m 7s) Loss: 0.2206(0.4323) LR: 0.00001050 Accuracy: 0.8049 
Epoch: [2][935/936] Elapsed 3m 24s (remain 0m 0s) Loss: 0.6282(0.4345) LR: 0.00001050 Accuracy: 0.8021 
EVAL: [0/104] Elapsed 0m 0s (remain 0m 25s) Loss: 0.3395(0.3395) accuracy: 1.0000 f1 score: 1.0
EVAL: [103/104] Elapsed 0m 5s (remain 0m 0s) Loss: 0.8049(0.6757) accuracy: 0.6803 f1 score: 0.6785031523286558
Epoch 2 - avg_train_loss: 0.4345  train_acc: 0.8021  valid_acc: 0.6803  valid_f1: 0.6785  time: 211s
Epoch 2 - Save Best Score: 0.6785 Model
Epoch: [3][0/936] Elapsed 0m 0s (remain 6m 40s) Loss: 0.2673(0.2673) LR: 0.00000100 Accuracy: 1.0000 
Epoch: [3][300/936] Elapsed 1m 5s (remain 2m 18s) Loss: 0.1640(0.2406) LR: 0.00000100 Accuracy: 0.9244 
Epoch: [3][600/936] Elapsed 2m 11s (remain 1m 13s) Loss: 0.4805(0.2276) LR: 0.00000100 Accuracy: 0.9289 
Epoch: [3][900/936] Elapsed 3m 16s (remain 0m 7s) Loss: 0.0642(0.2251) LR: 0.00000100 Accuracy: 0.9281 
Epoch: [3][935/936] Elapsed 3m 24s (remain 0m 0s) Loss: 0.0727(0.2253) LR: 0.00000100 Accuracy: 0.9282 
EVAL: [0/104] Elapsed 0m 0s (remain 0m 26s) Loss: 0.3316(0.3316) accuracy: 1.0000 f1 score: 1.0
EVAL: [103/104] Elapsed 0m 5s (remain 0m 0s) Loss: 0.7648(0.6693) accuracy: 0.6635 f1 score: 0.6611983711460152
Epoch 3 - avg_train_loss: 0.2253  train_acc: 0.9282  valid_acc: 0.6635  valid_f1: 0.6612  time: 211s
Epoch: [4][0/936] Elapsed 0m 0s (remain 7m 6s) Loss: 0.2281(0.2281) LR: 0.00001050 Accuracy: 1.0000 
Epoch: [4][300/936] Elapsed 1m 5s (remain 2m 18s) Loss: 0.0430(0.1661) LR: 0.00001050 Accuracy: 0.9502 
Epoch: [4][600/936] Elapsed 2m 10s (remain 1m 13s) Loss: 0.0434(0.1748) LR: 0.00001050 Accuracy: 0.9389 
Epoch: [4][900/936] Elapsed 3m 16s (remain 0m 7s) Loss: 0.6309(0.1844) LR: 0.00001050 Accuracy: 0.9340 
Epoch: [4][935/936] Elapsed 3m 24s (remain 0m 0s) Loss: 0.2129(0.1852) LR: 0.00001050 Accuracy: 0.9330 
EVAL: [0/104] Elapsed 0m 0s (remain 0m 30s) Loss: 0.3209(0.3209) accuracy: 1.0000 f1 score: 1.0
EVAL: [103/104] Elapsed 0m 5s (remain 0m 0s) Loss: 0.7853(0.6695) accuracy: 0.6562 f1 score: 0.6528781911013859
Epoch 4 - avg_train_loss: 0.1852  train_acc: 0.9330  valid_acc: 0.6562  valid_f1: 0.6529  time: 210s
Epoch: [5][0/936] Elapsed 0m 0s (remain 6m 25s) Loss: 0.0522(0.0522) LR: 0.00002000 Accuracy: 1.0000 
Epoch: [5][300/936] Elapsed 1m 6s (remain 2m 19s) Loss: 0.0208(0.1021) LR: 0.00002000 Accuracy: 0.9635 
Epoch: [5][600/936] Elapsed 2m 11s (remain 1m 13s) Loss: 0.0286(0.1178) LR: 0.00002000 Accuracy: 0.9580 
Epoch: [5][900/936] Elapsed 3m 17s (remain 0m 7s) Loss: 0.3745(0.1318) LR: 0.00002000 Accuracy: 0.9495 
Epoch: [5][935/936] Elapsed 3m 24s (remain 0m 0s) Loss: 0.0327(0.1325) LR: 0.00002000 Accuracy: 0.9498 
EVAL: [0/104] Elapsed 0m 0s (remain 0m 28s) Loss: 0.3201(0.3201) accuracy: 1.0000 f1 score: 1.0
EVAL: [103/104] Elapsed 0m 5s (remain 0m 0s) Loss: 0.7270(0.6606) accuracy: 0.6683 f1 score: 0.666759543048203
Epoch 5 - avg_train_loss: 0.1325  train_acc: 0.9498  valid_acc: 0.6683  valid_f1: 0.6668  time: 211s
Epoch: [6][0/936] Elapsed 0m 0s (remain 6m 33s) Loss: 0.0292(0.0292) LR: 0.00001050 Accuracy: 1.0000 
Epoch: [6][300/936] Elapsed 1m 6s (remain 2m 19s) Loss: 0.0793(0.0649) LR: 0.00001050 Accuracy: 0.9801 
Epoch: [6][600/936] Elapsed 2m 11s (remain 1m 13s) Loss: 0.0116(0.0677) LR: 0.00001050 Accuracy: 0.9804 
Epoch: [6][900/936] Elapsed 3m 16s (remain 0m 7s) Loss: 0.0109(0.0660) LR: 0.00001050 Accuracy: 0.9786 
Epoch: [6][935/936] Elapsed 3m 24s (remain 0m 0s) Loss: 0.0260(0.0669) LR: 0.00001050 Accuracy: 0.9778 
EVAL: [0/104] Elapsed 0m 0s (remain 0m 34s) Loss: 0.3153(0.3153) accuracy: 1.0000 f1 score: 1.0
EVAL: [103/104] Elapsed 0m 5s (remain 0m 0s) Loss: 0.7363(0.6739) accuracy: 0.6683 f1 score: 0.6676469907139384
Epoch 6 - avg_train_loss: 0.0669  train_acc: 0.9778  valid_acc: 0.6683  valid_f1: 0.6676  time: 211s
Epoch: [7][0/936] Elapsed 0m 0s (remain 7m 14s) Loss: 0.0069(0.0069) LR: 0.00000100 Accuracy: 1.0000 
Epoch: [7][300/936] Elapsed 1m 6s (remain 2m 19s) Loss: 0.0093(0.0351) LR: 0.00000100 Accuracy: 0.9934 
Epoch: [7][600/936] Elapsed 2m 11s (remain 1m 13s) Loss: 0.0160(0.0302) LR: 0.00000100 Accuracy: 0.9938 
Epoch: [7][900/936] Elapsed 3m 16s (remain 0m 7s) Loss: 0.0076(0.0284) LR: 0.00000100 Accuracy: 0.9933 
Epoch: [7][935/936] Elapsed 3m 24s (remain 0m 0s) Loss: 0.5418(0.0290) LR: 0.00000100 Accuracy: 0.9931 
EVAL: [0/104] Elapsed 0m 0s (remain 0m 27s) Loss: 0.3152(0.3152) accuracy: 1.0000 f1 score: 1.0
EVAL: [103/104] Elapsed 0m 5s (remain 0m 0s) Loss: 0.7078(0.6576) accuracy: 0.6851 f1 score: 0.6839547413168166
Epoch 7 - avg_train_loss: 0.0290  train_acc: 0.9931  valid_acc: 0.6851  valid_f1: 0.6840  time: 211s
Epoch 7 - Save Best Score: 0.6840 Model
Epoch: [8][0/936] Elapsed 0m 0s (remain 7m 13s) Loss: 0.0129(0.0129) LR: 0.00001050 Accuracy: 1.0000 
Epoch: [8][300/936] Elapsed 1m 5s (remain 2m 19s) Loss: 0.0047(0.0198) LR: 0.00001050 Accuracy: 0.9958 
Epoch: [8][600/936] Elapsed 2m 11s (remain 1m 13s) Loss: 0.0052(0.0238) LR: 0.00001050 Accuracy: 0.9946 
Epoch: [8][900/936] Elapsed 3m 17s (remain 0m 7s) Loss: 0.0030(0.0248) LR: 0.00001050 Accuracy: 0.9936 
Epoch: [8][935/936] Elapsed 3m 25s (remain 0m 0s) Loss: 0.0048(0.0244) LR: 0.00001050 Accuracy: 0.9936 
EVAL: [0/104] Elapsed 0m 0s (remain 0m 31s) Loss: 0.3145(0.3145) accuracy: 1.0000 f1 score: 1.0
EVAL: [103/104] Elapsed 0m 5s (remain 0m 0s) Loss: 0.7139(0.6543) accuracy: 0.6851 f1 score: 0.6833376913913827
Epoch 8 - avg_train_loss: 0.0244  train_acc: 0.9936  valid_acc: 0.6851  valid_f1: 0.6833  time: 211s
Epoch: [9][0/936] Elapsed 0m 0s (remain 6m 47s) Loss: 0.0042(0.0042) LR: 0.00002000 Accuracy: 1.0000 
Epoch: [9][300/936] Elapsed 1m 5s (remain 2m 18s) Loss: 0.0027(0.0131) LR: 0.00002000 Accuracy: 0.9958 
Epoch: [9][600/936] Elapsed 2m 10s (remain 1m 12s) Loss: 0.0042(0.0247) LR: 0.00002000 Accuracy: 0.9921 
Epoch: [9][900/936] Elapsed 3m 16s (remain 0m 7s) Loss: 0.0483(0.0451) LR: 0.00002000 Accuracy: 0.9839 
Epoch: [9][935/936] Elapsed 3m 23s (remain 0m 0s) Loss: 0.0104(0.0463) LR: 0.00002000 Accuracy: 0.9834 
EVAL: [0/104] Elapsed 0m 0s (remain 0m 28s) Loss: 0.3146(0.3146) accuracy: 1.0000 f1 score: 1.0
EVAL: [103/104] Elapsed 0m 5s (remain 0m 0s) Loss: 0.7738(0.6661) accuracy: 0.6779 f1 score: 0.6775193798449612
Epoch 9 - avg_train_loss: 0.0463  train_acc: 0.9834  valid_acc: 0.6779  valid_f1: 0.6775  time: 210s
Epoch: [10][0/936] Elapsed 0m 0s (remain 6m 6s) Loss: 0.0351(0.0351) LR: 0.00001050 Accuracy: 1.0000 
Epoch: [10][300/936] Elapsed 1m 6s (remain 2m 19s) Loss: 0.0079(0.0652) LR: 0.00001050 Accuracy: 0.9826 
Epoch: [10][600/936] Elapsed 2m 11s (remain 1m 13s) Loss: 0.0041(0.0600) LR: 0.00001050 Accuracy: 0.9817 
Epoch: [10][900/936] Elapsed 3m 17s (remain 0m 7s) Loss: 0.0023(0.0506) LR: 0.00001050 Accuracy: 0.9845 
Epoch: [10][935/936] Elapsed 3m 25s (remain 0m 0s) Loss: 0.0045(0.0495) LR: 0.00001050 Accuracy: 0.9845 
EVAL: [0/104] Elapsed 0m 0s (remain 0m 26s) Loss: 0.3142(0.3142) accuracy: 1.0000 f1 score: 1.0
EVAL: [103/104] Elapsed 0m 5s (remain 0m 0s) Loss: 0.7007(0.6602) accuracy: 0.6587 f1 score: 0.6551385937463512
Epoch 10 - avg_train_loss: 0.0495  train_acc: 0.9845  valid_acc: 0.6587  valid_f1: 0.6551  time: 211s
[Fold9] Best score: 0.6839547413168166
================== fold: 0 training ======================
Epoch: [1][0/1109] Elapsed 0m 1s (remain 21m 28s) Loss: 0.6608(0.6608) LR: 0.00002000 Accuracy: 0.5000
