================== fold: 0 training ======================
Epoch: [1][0/936] Elapsed 0m 1s (remain 19m 22s) Loss: 0.7506(0.7506) LR: 0.00002000 Accuracy: 0.7500 
Epoch: [1][300/936] Elapsed 1m 10s (remain 2m 29s) Loss: 0.6329(0.6807) LR: 0.00002000 Accuracy: 0.5116 
Epoch: [1][600/936] Elapsed 2m 21s (remain 1m 18s) Loss: 0.7625(0.6620) LR: 0.00002000 Accuracy: 0.5557 
Epoch: [1][900/936] Elapsed 3m 31s (remain 0m 8s) Loss: 0.8617(0.6452) LR: 0.00002000 Accuracy: 0.5896 
Epoch: [1][935/936] Elapsed 3m 39s (remain 0m 0s) Loss: 0.5653(0.6439) LR: 0.00002000 Accuracy: 0.5929 
EVAL: [0/105] Elapsed 0m 0s (remain 0m 43s) Loss: 0.4445(0.4445) accuracy: 0.5000 f1 score: 0.3333333333333333
EVAL: [104/105] Elapsed 0m 6s (remain 0m 0s) Loss: 0.8379(0.6901) accuracy: 0.6235 f1 score: 0.6042375698957232
Epoch 1 - avg_train_loss: 0.6439  train_acc: 0.5929  valid_acc: 0.6235  valid_f1: 0.6042  time: 226s
Epoch 1 - Save Best Score: 0.6042 Model
Epoch: [2][0/936] Elapsed 0m 0s (remain 8m 52s) Loss: 0.4517(0.4517) LR: 0.00001050 Accuracy: 0.7500 
Epoch: [2][300/936] Elapsed 1m 10s (remain 2m 29s) Loss: 0.4530(0.5392) LR: 0.00001050 Accuracy: 0.7218 
Epoch: [2][600/936] Elapsed 2m 21s (remain 1m 18s) Loss: 0.3820(0.5221) LR: 0.00001050 Accuracy: 0.7363 
Epoch: [2][900/936] Elapsed 3m 31s (remain 0m 8s) Loss: 0.8383(0.5113) LR: 0.00001050 Accuracy: 0.7461 
Epoch: [2][935/936] Elapsed 3m 39s (remain 0m 0s) Loss: 0.4410(0.5119) LR: 0.00001050 Accuracy: 0.7452 
EVAL: [0/105] Elapsed 0m 0s (remain 0m 37s) Loss: 0.3408(0.3408) accuracy: 1.0000 f1 score: 1.0
EVAL: [104/105] Elapsed 0m 5s (remain 0m 0s) Loss: 0.8156(0.6787) accuracy: 0.6787 f1 score: 0.6779885666866443
Epoch 2 - avg_train_loss: 0.5119  train_acc: 0.7452  valid_acc: 0.6787  valid_f1: 0.6780  time: 226s
Epoch 2 - Save Best Score: 0.6780 Model
Epoch: [3][0/936] Elapsed 0m 0s (remain 8m 54s) Loss: 0.3132(0.3132) LR: 0.00000100 Accuracy: 0.5000 
Epoch: [3][300/936] Elapsed 1m 10s (remain 2m 28s) Loss: 0.1241(0.3346) LR: 0.00000100 Accuracy: 0.8713 
Epoch: [3][600/936] Elapsed 2m 21s (remain 1m 18s) Loss: 0.1178(0.3135) LR: 0.00000100 Accuracy: 0.8823 
Epoch: [3][900/936] Elapsed 3m 31s (remain 0m 8s) Loss: 0.3928(0.3090) LR: 0.00000100 Accuracy: 0.8829 
Epoch: [3][935/936] Elapsed 3m 39s (remain 0m 0s) Loss: 0.0972(0.3069) LR: 0.00000100 Accuracy: 0.8846 
EVAL: [0/105] Elapsed 0m 0s (remain 0m 44s) Loss: 0.3312(0.3312) accuracy: 1.0000 f1 score: 1.0
EVAL: [104/105] Elapsed 0m 5s (remain 0m 0s) Loss: 0.7372(0.6655) accuracy: 0.6906 f1 score: 0.6905335826262046
Epoch 3 - avg_train_loss: 0.3069  train_acc: 0.8846  valid_acc: 0.6906  valid_f1: 0.6905  time: 226s
Epoch 3 - Save Best Score: 0.6905 Model
[Fold0] Best score: 0.6905335826262046
================== fold: 1 training ======================
Epoch: [1][0/936] Elapsed 0m 0s (remain 7m 42s) Loss: 0.7159(0.7159) LR: 0.00002000 Accuracy: 0.2500 
Epoch: [1][300/936] Elapsed 1m 10s (remain 2m 28s) Loss: 0.2931(0.6602) LR: 0.00002000 Accuracy: 0.5756 
Epoch: [1][600/936] Elapsed 2m 21s (remain 1m 18s) Loss: 0.6525(0.6737) LR: 0.00002000 Accuracy: 0.5562 
Epoch: [1][900/936] Elapsed 3m 31s (remain 0m 8s) Loss: 0.7432(0.6642) LR: 0.00002000 Accuracy: 0.5719 
Epoch: [1][935/936] Elapsed 3m 39s (remain 0m 0s) Loss: 0.7436(0.6635) LR: 0.00002000 Accuracy: 0.5729 
EVAL: [0/105] Elapsed 0m 0s (remain 0m 51s) Loss: 0.3906(0.3906) accuracy: 1.0000 f1 score: 1.0
EVAL: [104/105] Elapsed 0m 6s (remain 0m 0s) Loss: 1.0283(0.7226) accuracy: 0.5995 f1 score: 0.5707258437355525
Epoch 1 - avg_train_loss: 0.6635  train_acc: 0.5729  valid_acc: 0.5995  valid_f1: 0.5707  time: 226s
Epoch 1 - Save Best Score: 0.5707 Model
Epoch: [2][0/936] Elapsed 0m 0s (remain 8m 20s) Loss: 0.3882(0.3882) LR: 0.00001050 Accuracy: 1.0000 
Epoch: [2][300/936] Elapsed 1m 10s (remain 2m 28s) Loss: 0.4874(0.5921) LR: 0.00001050 Accuracy: 0.6786 
Epoch: [2][600/936] Elapsed 2m 20s (remain 1m 18s) Loss: 0.3918(0.5792) LR: 0.00001050 Accuracy: 0.6818 
Epoch: [2][900/936] Elapsed 3m 30s (remain 0m 8s) Loss: 0.1951(0.5701) LR: 0.00001050 Accuracy: 0.6945 
Epoch: [2][935/936] Elapsed 3m 39s (remain 0m 0s) Loss: 0.7280(0.5706) LR: 0.00001050 Accuracy: 0.6955 
EVAL: [0/105] Elapsed 0m 0s (remain 0m 51s) Loss: 0.3593(0.3593) accuracy: 1.0000 f1 score: 1.0
EVAL: [104/105] Elapsed 0m 6s (remain 0m 0s) Loss: 0.8435(0.6858) accuracy: 0.6978 f1 score: 0.6976313245246537
Epoch 2 - avg_train_loss: 0.5706  train_acc: 0.6955  valid_acc: 0.6978  valid_f1: 0.6976  time: 226s
Epoch 2 - Save Best Score: 0.6976 Model
Epoch: [3][0/936] Elapsed 0m 0s (remain 10m 30s) Loss: 0.6479(0.6479) LR: 0.00000100 Accuracy: 0.7500 
Epoch: [3][300/936] Elapsed 1m 10s (remain 2m 29s) Loss: 0.1421(0.4273) LR: 0.00000100 Accuracy: 0.8198 
Epoch: [3][600/936] Elapsed 2m 21s (remain 1m 18s) Loss: 0.3708(0.4086) LR: 0.00000100 Accuracy: 0.8245 
Epoch: [3][900/936] Elapsed 3m 31s (remain 0m 8s) Loss: 0.1568(0.4006) LR: 0.00000100 Accuracy: 0.8257 
Epoch: [3][935/936] Elapsed 3m 39s (remain 0m 0s) Loss: 0.1580(0.4003) LR: 0.00000100 Accuracy: 0.8251 
EVAL: [0/105] Elapsed 0m 0s (remain 0m 50s) Loss: 0.3343(0.3343) accuracy: 1.0000 f1 score: 1.0
EVAL: [104/105] Elapsed 0m 6s (remain 0m 0s) Loss: 0.8716(0.6806) accuracy: 0.6882 f1 score: 0.6867343164902224
Epoch 3 - avg_train_loss: 0.4003  train_acc: 0.8251  valid_acc: 0.6882  valid_f1: 0.6867  time: 226s
[Fold1] Best score: 0.6976313245246537
================== fold: 2 training ======================
Epoch: [1][0/936] Elapsed 0m 0s (remain 7m 32s) Loss: 0.6833(0.6833) LR: 0.00002000 Accuracy: 0.5000 
Epoch: [1][300/936] Elapsed 1m 10s (remain 2m 28s) Loss: 0.6133(0.6665) LR: 0.00002000 Accuracy: 0.5507 
Epoch: [1][600/936] Elapsed 2m 21s (remain 1m 18s) Loss: 0.5205(0.6502) LR: 0.00002000 Accuracy: 0.5882 
Epoch: [1][900/936] Elapsed 3m 31s (remain 0m 8s) Loss: 0.5554(0.6420) LR: 0.00002000 Accuracy: 0.6021 
Epoch: [1][935/936] Elapsed 3m 39s (remain 0m 0s) Loss: 0.8127(0.6431) LR: 0.00002000 Accuracy: 0.6026 
EVAL: [0/104] Elapsed 0m 0s (remain 0m 53s) Loss: 0.5641(0.5641) accuracy: 0.7500 f1 score: 0.42857142857142855
EVAL: [103/104] Elapsed 0m 6s (remain 0m 0s) Loss: 0.7830(0.6913) accuracy: 0.6514 f1 score: 0.6314017366648945
Epoch 1 - avg_train_loss: 0.6431  train_acc: 0.6026  valid_acc: 0.6514  valid_f1: 0.6314  time: 226s
Epoch 1 - Save Best Score: 0.6314 Model
Epoch: [2][0/936] Elapsed 0m 0s (remain 7m 54s) Loss: 0.6930(0.6930) LR: 0.00001050 Accuracy: 0.2500 
Epoch: [2][300/936] Elapsed 1m 10s (remain 2m 28s) Loss: 0.4208(0.5026) LR: 0.00001050 Accuracy: 0.7533 
Epoch: [2][600/936] Elapsed 2m 20s (remain 1m 18s) Loss: 0.3438(0.4914) LR: 0.00001050 Accuracy: 0.7592 
Epoch: [2][900/936] Elapsed 3m 31s (remain 0m 8s) Loss: 0.2608(0.4845) LR: 0.00001050 Accuracy: 0.7608 
Epoch: [2][935/936] Elapsed 3m 39s (remain 0m 0s) Loss: 0.7431(0.4853) LR: 0.00001050 Accuracy: 0.7610 
EVAL: [0/104] Elapsed 0m 0s (remain 0m 54s) Loss: 0.5607(0.5607) accuracy: 0.7500 f1 score: 0.42857142857142855
EVAL: [103/104] Elapsed 0m 6s (remain 0m 0s) Loss: 0.8134(0.6853) accuracy: 0.6731 f1 score: 0.6665959503099734
Epoch 2 - avg_train_loss: 0.4853  train_acc: 0.7610  valid_acc: 0.6731  valid_f1: 0.6666  time: 226s
Epoch 2 - Save Best Score: 0.6666 Model
Epoch: [3][0/936] Elapsed 0m 0s (remain 10m 12s) Loss: 0.3275(0.3275) LR: 0.00000100 Accuracy: 1.0000 
Epoch: [3][300/936] Elapsed 1m 10s (remain 2m 29s) Loss: 0.3488(0.2890) LR: 0.00000100 Accuracy: 0.9012 
Epoch: [3][600/936] Elapsed 2m 21s (remain 1m 18s) Loss: 0.1458(0.2762) LR: 0.00000100 Accuracy: 0.9027 
Epoch: [3][900/936] Elapsed 3m 31s (remain 0m 8s) Loss: 0.0762(0.2593) LR: 0.00000100 Accuracy: 0.9095 
Epoch: [3][935/936] Elapsed 3m 39s (remain 0m 0s) Loss: 0.7048(0.2583) LR: 0.00000100 Accuracy: 0.9100 
EVAL: [0/104] Elapsed 0m 0s (remain 0m 52s) Loss: 0.5648(0.5648) accuracy: 0.7500 f1 score: 0.42857142857142855
EVAL: [103/104] Elapsed 0m 6s (remain 0m 0s) Loss: 0.7425(0.6656) accuracy: 0.6827 f1 score: 0.6826262859784995
Epoch 3 - avg_train_loss: 0.2583  train_acc: 0.9100  valid_acc: 0.6827  valid_f1: 0.6826  time: 226s
Epoch 3 - Save Best Score: 0.6826 Model
[Fold2] Best score: 0.6826262859784995
================== fold: 3 training ======================
Epoch: [1][0/936] Elapsed 0m 0s (remain 7m 34s) Loss: 0.6909(0.6909) LR: 0.00002000 Accuracy: 0.5000 
Epoch: [1][300/936] Elapsed 1m 10s (remain 2m 29s) Loss: 0.6169(0.6776) LR: 0.00002000 Accuracy: 0.5316 
Epoch: [1][600/936] Elapsed 2m 21s (remain 1m 18s) Loss: 0.6447(0.6549) LR: 0.00002000 Accuracy: 0.5819 
Epoch: [1][900/936] Elapsed 3m 31s (remain 0m 8s) Loss: 0.5577(0.6509) LR: 0.00002000 Accuracy: 0.5921 
Epoch: [1][935/936] Elapsed 3m 39s (remain 0m 0s) Loss: 0.5148(0.6501) LR: 0.00002000 Accuracy: 0.5938 
EVAL: [0/104] Elapsed 0m 0s (remain 0m 40s) Loss: 0.4059(0.4059) accuracy: 0.7500 f1 score: 0.42857142857142855
EVAL: [103/104] Elapsed 0m 5s (remain 0m 0s) Loss: 0.9005(0.6975) accuracy: 0.6274 f1 score: 0.6111704084278573
Epoch 1 - avg_train_loss: 0.6501  train_acc: 0.5938  valid_acc: 0.6274  valid_f1: 0.6112  time: 226s
Epoch 1 - Save Best Score: 0.6112 Model
Epoch: [2][0/936] Elapsed 0m 0s (remain 7m 27s) Loss: 0.5571(0.5571) LR: 0.00001050 Accuracy: 0.7500 
Epoch: [2][300/936] Elapsed 1m 10s (remain 2m 28s) Loss: 0.4812(0.5322) LR: 0.00001050 Accuracy: 0.7276 
Epoch: [2][600/936] Elapsed 2m 20s (remain 1m 18s) Loss: 0.6855(0.5261) LR: 0.00001050 Accuracy: 0.7334 
Epoch: [2][900/936] Elapsed 3m 31s (remain 0m 8s) Loss: 0.3075(0.5100) LR: 0.00001050 Accuracy: 0.7467 
Epoch: [2][935/936] Elapsed 3m 39s (remain 0m 0s) Loss: 0.8417(0.5081) LR: 0.00001050 Accuracy: 0.7487 
EVAL: [0/104] Elapsed 0m 0s (remain 0m 50s) Loss: 0.3353(0.3353) accuracy: 1.0000 f1 score: 1.0
EVAL: [103/104] Elapsed 0m 6s (remain 0m 0s) Loss: 0.9128(0.6840) accuracy: 0.6731 f1 score: 0.6730089007051208
Epoch 2 - avg_train_loss: 0.5081  train_acc: 0.7487  valid_acc: 0.6731  valid_f1: 0.6730  time: 226s
Epoch 2 - Save Best Score: 0.6730 Model
Epoch: [3][0/936] Elapsed 0m 0s (remain 10m 7s) Loss: 0.1763(0.1763) LR: 0.00000100 Accuracy: 1.0000 
Epoch: [3][300/936] Elapsed 1m 10s (remain 2m 29s) Loss: 0.2535(0.3444) LR: 0.00000100 Accuracy: 0.8530 
Epoch: [3][600/936] Elapsed 2m 21s (remain 1m 18s) Loss: 0.2765(0.3326) LR: 0.00000100 Accuracy: 0.8619 
Epoch: [3][900/936] Elapsed 3m 32s (remain 0m 8s) Loss: 0.1269(0.3248) LR: 0.00000100 Accuracy: 0.8682 
Epoch: [3][935/936] Elapsed 3m 40s (remain 0m 0s) Loss: 0.2734(0.3237) LR: 0.00000100 Accuracy: 0.8686 
EVAL: [0/104] Elapsed 0m 0s (remain 0m 50s) Loss: 0.3304(0.3304) accuracy: 1.0000 f1 score: 1.0
EVAL: [103/104] Elapsed 0m 6s (remain 0m 0s) Loss: 0.8853(0.6779) accuracy: 0.6875 f1 score: 0.6871456670137683
Epoch 3 - avg_train_loss: 0.3237  train_acc: 0.8686  valid_acc: 0.6875  valid_f1: 0.6871  time: 227s
Epoch 3 - Save Best Score: 0.6871 Model
[Fold3] Best score: 0.6871456670137683
================== fold: 4 training ======================
Epoch: [1][0/936] Elapsed 0m 0s (remain 7m 35s) Loss: 0.7078(0.7078) LR: 0.00002000 Accuracy: 0.2500 
Epoch: [1][300/936] Elapsed 1m 10s (remain 2m 29s) Loss: 0.8799(0.6709) LR: 0.00002000 Accuracy: 0.5498 
Epoch: [1][600/936] Elapsed 2m 21s (remain 1m 18s) Loss: 0.6770(0.6631) LR: 0.00002000 Accuracy: 0.5707 
Epoch: [1][900/936] Elapsed 3m 32s (remain 0m 8s) Loss: 0.4763(0.6531) LR: 0.00002000 Accuracy: 0.5918 
Epoch: [1][935/936] Elapsed 3m 40s (remain 0m 0s) Loss: 0.6494(0.6512) LR: 0.00002000 Accuracy: 0.5943 
EVAL: [0/104] Elapsed 0m 0s (remain 0m 43s) Loss: 0.3817(0.3817) accuracy: 1.0000 f1 score: 1.0
EVAL: [103/104] Elapsed 0m 5s (remain 0m 0s) Loss: 0.8040(0.6852) accuracy: 0.6731 f1 score: 0.6521653591717286
Epoch 1 - avg_train_loss: 0.6512  train_acc: 0.5943  valid_acc: 0.6731  valid_f1: 0.6522  time: 227s
Epoch 1 - Save Best Score: 0.6522 Model
Epoch: [2][0/936] Elapsed 0m 0s (remain 10m 3s) Loss: 0.4295(0.4295) LR: 0.00001050 Accuracy: 0.7500 
Epoch: [2][300/936] Elapsed 1m 10s (remain 2m 29s) Loss: 0.5234(0.5212) LR: 0.00001050 Accuracy: 0.7326 
Epoch: [2][600/936] Elapsed 2m 21s (remain 1m 18s) Loss: 0.6093(0.5172) LR: 0.00001050 Accuracy: 0.7304 
Epoch: [2][900/936] Elapsed 3m 31s (remain 0m 8s) Loss: 0.6584(0.5133) LR: 0.00001050 Accuracy: 0.7378 
Epoch: [2][935/936] Elapsed 3m 40s (remain 0m 0s) Loss: 0.3315(0.5132) LR: 0.00001050 Accuracy: 0.7382 
EVAL: [0/104] Elapsed 0m 0s (remain 0m 51s) Loss: 0.3609(0.3609) accuracy: 1.0000 f1 score: 1.0
EVAL: [103/104] Elapsed 0m 6s (remain 0m 0s) Loss: 0.7661(0.6631) accuracy: 0.7163 f1 score: 0.7136991414706979
Epoch 2 - avg_train_loss: 0.5132  train_acc: 0.7382  valid_acc: 0.7163  valid_f1: 0.7137  time: 226s
Epoch 2 - Save Best Score: 0.7137 Model
Epoch: [3][0/936] Elapsed 0m 0s (remain 10m 10s) Loss: 0.2982(0.2982) LR: 0.00000100 Accuracy: 0.7500 
Epoch: [3][300/936] Elapsed 1m 10s (remain 2m 29s) Loss: 0.2646(0.3230) LR: 0.00000100 Accuracy: 0.8704 
Epoch: [3][600/936] Elapsed 2m 21s (remain 1m 18s) Loss: 0.1114(0.3101) LR: 0.00000100 Accuracy: 0.8769 
Epoch: [3][900/936] Elapsed 3m 32s (remain 0m 8s) Loss: 0.0751(0.3016) LR: 0.00000100 Accuracy: 0.8810 
Epoch: [3][935/936] Elapsed 3m 40s (remain 0m 0s) Loss: 0.1086(0.3014) LR: 0.00000100 Accuracy: 0.8801 
EVAL: [0/104] Elapsed 0m 0s (remain 0m 53s) Loss: 0.3333(0.3333) accuracy: 1.0000 f1 score: 1.0
EVAL: [103/104] Elapsed 0m 6s (remain 0m 0s) Loss: 0.8220(0.6653) accuracy: 0.7019 f1 score: 0.7013639626704954
Epoch 3 - avg_train_loss: 0.3014  train_acc: 0.8801  valid_acc: 0.7019  valid_f1: 0.7014  time: 227s
[Fold4] Best score: 0.7136991414706979
================== fold: 5 training ======================
Epoch: [1][0/936] Elapsed 0m 0s (remain 8m 4s) Loss: 0.6764(0.6764) LR: 0.00002000 Accuracy: 0.2500 
Epoch: [1][300/936] Elapsed 1m 10s (remain 2m 29s) Loss: 0.4357(0.6631) LR: 0.00002000 Accuracy: 0.5532 
Epoch: [1][600/936] Elapsed 2m 21s (remain 1m 18s) Loss: 0.6108(0.6481) LR: 0.00002000 Accuracy: 0.5836 
Epoch: [1][900/936] Elapsed 3m 31s (remain 0m 8s) Loss: 0.4159(0.6418) LR: 0.00002000 Accuracy: 0.5985 
Epoch: [1][935/936] Elapsed 3m 40s (remain 0m 0s) Loss: 0.6278(0.6415) LR: 0.00002000 Accuracy: 0.5986 
EVAL: [0/104] Elapsed 0m 0s (remain 0m 53s) Loss: 0.3802(0.3802) accuracy: 1.0000 f1 score: 1.0
EVAL: [103/104] Elapsed 0m 6s (remain 0m 0s) Loss: 0.7070(0.6916) accuracy: 0.6587 f1 score: 0.6568693510536955
Epoch 1 - avg_train_loss: 0.6415  train_acc: 0.5986  valid_acc: 0.6587  valid_f1: 0.6569  time: 227s
Epoch 1 - Save Best Score: 0.6569 Model
Epoch: [2][0/936] Elapsed 0m 0s (remain 9m 57s) Loss: 0.4941(0.4941) LR: 0.00001050 Accuracy: 1.0000 
Epoch: [2][300/936] Elapsed 1m 11s (remain 2m 29s) Loss: 0.4199(0.5101) LR: 0.00001050 Accuracy: 0.7475 
Epoch: [2][600/936] Elapsed 2m 21s (remain 1m 18s) Loss: 0.1150(0.4942) LR: 0.00001050 Accuracy: 0.7554 
Epoch: [2][900/936] Elapsed 3m 31s (remain 0m 8s) Loss: 0.1854(0.4795) LR: 0.00001050 Accuracy: 0.7630 
Epoch: [2][935/936] Elapsed 3m 40s (remain 0m 0s) Loss: 0.4093(0.4786) LR: 0.00001050 Accuracy: 0.7639 
EVAL: [0/104] Elapsed 0m 0s (remain 0m 52s) Loss: 0.3709(0.3709) accuracy: 0.7500 f1 score: 0.42857142857142855
EVAL: [103/104] Elapsed 0m 6s (remain 0m 0s) Loss: 0.7077(0.6771) accuracy: 0.6683 f1 score: 0.6680774300978283
Epoch 2 - avg_train_loss: 0.4786  train_acc: 0.7639  valid_acc: 0.6683  valid_f1: 0.6681  time: 227s
Epoch 2 - Save Best Score: 0.6681 Model
Epoch: [3][0/936] Elapsed 0m 0s (remain 10m 25s) Loss: 0.1702(0.1702) LR: 0.00000100 Accuracy: 1.0000 
Epoch: [3][300/936] Elapsed 1m 10s (remain 2m 29s) Loss: 0.0833(0.2733) LR: 0.00000100 Accuracy: 0.8953 
Epoch: [3][600/936] Elapsed 2m 21s (remain 1m 18s) Loss: 0.2095(0.2694) LR: 0.00000100 Accuracy: 0.8993 
Epoch: [3][900/936] Elapsed 3m 31s (remain 0m 8s) Loss: 0.1534(0.2550) LR: 0.00000100 Accuracy: 0.9059 
Epoch: [3][935/936] Elapsed 3m 40s (remain 0m 0s) Loss: 0.3036(0.2546) LR: 0.00000100 Accuracy: 0.9060 
EVAL: [0/104] Elapsed 0m 0s (remain 0m 52s) Loss: 0.3791(0.3791) accuracy: 0.7500 f1 score: 0.42857142857142855
EVAL: [103/104] Elapsed 0m 6s (remain 0m 0s) Loss: 0.7147(0.6804) accuracy: 0.6538 f1 score: 0.6535578791524013
Epoch 3 - avg_train_loss: 0.2546  train_acc: 0.9060  valid_acc: 0.6538  valid_f1: 0.6536  time: 227s
[Fold5] Best score: 0.6680774300978283
================== fold: 6 training ======================
Epoch: [1][0/936] Elapsed 0m 0s (remain 7m 36s) Loss: 0.6976(0.6976) LR: 0.00002000 Accuracy: 0.5000 
Epoch: [1][300/936] Elapsed 1m 10s (remain 2m 28s) Loss: 0.5023(0.6732) LR: 0.00002000 Accuracy: 0.5432 
Epoch: [1][600/936] Elapsed 2m 20s (remain 1m 18s) Loss: 0.7556(0.6608) LR: 0.00002000 Accuracy: 0.5699 
Epoch: [1][900/936] Elapsed 3m 31s (remain 0m 8s) Loss: 0.6067(0.6517) LR: 0.00002000 Accuracy: 0.5874 
Epoch: [1][935/936] Elapsed 3m 39s (remain 0m 0s) Loss: 0.7445(0.6504) LR: 0.00002000 Accuracy: 0.5913 
EVAL: [0/104] Elapsed 0m 0s (remain 0m 51s) Loss: 0.4312(0.4312) accuracy: 0.5000 f1 score: 0.3333333333333333
EVAL: [103/104] Elapsed 0m 6s (remain 0m 0s) Loss: 0.8129(0.6930) accuracy: 0.6442 f1 score: 0.629848736262415
Epoch 1 - avg_train_loss: 0.6504  train_acc: 0.5913  valid_acc: 0.6442  valid_f1: 0.6298  time: 226s
Epoch 1 - Save Best Score: 0.6298 Model
Epoch: [2][0/936] Elapsed 0m 0s (remain 10m 7s) Loss: 0.3216(0.3216) LR: 0.00001050 Accuracy: 0.7500 
Epoch: [2][300/936] Elapsed 1m 10s (remain 2m 29s) Loss: 0.6412(0.5604) LR: 0.00001050 Accuracy: 0.6960 
Epoch: [2][600/936] Elapsed 2m 20s (remain 1m 18s) Loss: 0.4550(0.5628) LR: 0.00001050 Accuracy: 0.6955 
Epoch: [2][900/936] Elapsed 3m 31s (remain 0m 8s) Loss: 0.2063(0.5468) LR: 0.00001050 Accuracy: 0.7106 
Epoch: [2][935/936] Elapsed 3m 39s (remain 0m 0s) Loss: 0.2990(0.5467) LR: 0.00001050 Accuracy: 0.7113 
EVAL: [0/104] Elapsed 0m 0s (remain 0m 35s) Loss: 0.3793(0.3793) accuracy: 1.0000 f1 score: 1.0
EVAL: [103/104] Elapsed 0m 5s (remain 0m 0s) Loss: 0.7596(0.6775) accuracy: 0.6587 f1 score: 0.6568693510536955
Epoch 2 - avg_train_loss: 0.5467  train_acc: 0.7113  valid_acc: 0.6587  valid_f1: 0.6569  time: 226s
Epoch 2 - Save Best Score: 0.6569 Model
Epoch: [3][0/936] Elapsed 0m 0s (remain 10m 40s) Loss: 0.3136(0.3136) LR: 0.00000100 Accuracy: 1.0000 
Epoch: [3][300/936] Elapsed 1m 10s (remain 2m 29s) Loss: 0.3002(0.4097) LR: 0.00000100 Accuracy: 0.8140 
Epoch: [3][600/936] Elapsed 2m 21s (remain 1m 18s) Loss: 0.2887(0.3931) LR: 0.00000100 Accuracy: 0.8245 
Epoch: [3][900/936] Elapsed 3m 31s (remain 0m 8s) Loss: 0.1195(0.3762) LR: 0.00000100 Accuracy: 0.8368 
Epoch: [3][935/936] Elapsed 3m 39s (remain 0m 0s) Loss: 0.0995(0.3748) LR: 0.00000100 Accuracy: 0.8373 
EVAL: [0/104] Elapsed 0m 0s (remain 0m 51s) Loss: 0.3411(0.3411) accuracy: 1.0000 f1 score: 1.0
EVAL: [103/104] Elapsed 0m 6s (remain 0m 0s) Loss: 0.7185(0.6725) accuracy: 0.6779 f1 score: 0.6776163597668178
Epoch 3 - avg_train_loss: 0.3748  train_acc: 0.8373  valid_acc: 0.6779  valid_f1: 0.6776  time: 226s
Epoch 3 - Save Best Score: 0.6776 Model
[Fold6] Best score: 0.6776163597668178
================== fold: 7 training ======================
Epoch: [1][0/936] Elapsed 0m 0s (remain 7m 31s) Loss: 0.6950(0.6950) LR: 0.00002000 Accuracy: 0.7500 
Epoch: [1][300/936] Elapsed 1m 10s (remain 2m 29s) Loss: 0.6792(0.6823) LR: 0.00002000 Accuracy: 0.5257 
Epoch: [1][600/936] Elapsed 2m 21s (remain 1m 18s) Loss: 0.5966(0.6757) LR: 0.00002000 Accuracy: 0.5466 
Epoch: [1][900/936] Elapsed 3m 32s (remain 0m 8s) Loss: 0.5247(0.6680) LR: 0.00002000 Accuracy: 0.5669 
Epoch: [1][935/936] Elapsed 3m 40s (remain 0m 0s) Loss: 0.9160(0.6679) LR: 0.00002000 Accuracy: 0.5686 
EVAL: [0/104] Elapsed 0m 0s (remain 0m 35s) Loss: 0.4211(0.4211) accuracy: 1.0000 f1 score: 1.0
EVAL: [103/104] Elapsed 0m 5s (remain 0m 0s) Loss: 0.7023(0.6900) accuracy: 0.6490 f1 score: 0.6148148148148148
Epoch 1 - avg_train_loss: 0.6679  train_acc: 0.5686  valid_acc: 0.6490  valid_f1: 0.6148  time: 226s
Epoch 1 - Save Best Score: 0.6148 Model
Epoch: [2][0/936] Elapsed 0m 0s (remain 9m 40s) Loss: 0.7957(0.7957) LR: 0.00001050 Accuracy: 0.2500 
Epoch: [2][300/936] Elapsed 1m 10s (remain 2m 29s) Loss: 0.3110(0.5762) LR: 0.00001050 Accuracy: 0.6678 
Epoch: [2][600/936] Elapsed 2m 21s (remain 1m 18s) Loss: 0.4938(0.5667) LR: 0.00001050 Accuracy: 0.6889 
Epoch: [2][900/936] Elapsed 3m 31s (remain 0m 8s) Loss: 0.4769(0.5676) LR: 0.00001050 Accuracy: 0.6890 
Epoch: [2][935/936] Elapsed 3m 40s (remain 0m 0s) Loss: 0.4691(0.5677) LR: 0.00001050 Accuracy: 0.6886 
EVAL: [0/104] Elapsed 0m 0s (remain 0m 36s) Loss: 0.3486(0.3486) accuracy: 1.0000 f1 score: 1.0
EVAL: [103/104] Elapsed 0m 5s (remain 0m 0s) Loss: 0.6916(0.6803) accuracy: 0.6947 f1 score: 0.6946250729739261
Epoch 2 - avg_train_loss: 0.5677  train_acc: 0.6886  valid_acc: 0.6947  valid_f1: 0.6946  time: 226s
Epoch 2 - Save Best Score: 0.6946 Model
Epoch: [3][0/936] Elapsed 0m 0s (remain 10m 8s) Loss: 0.3509(0.3509) LR: 0.00000100 Accuracy: 0.7500 
Epoch: [3][300/936] Elapsed 1m 11s (remain 2m 29s) Loss: 0.2099(0.4265) LR: 0.00000100 Accuracy: 0.7998 
Epoch: [3][600/936] Elapsed 2m 21s (remain 1m 18s) Loss: 0.2339(0.4145) LR: 0.00000100 Accuracy: 0.8020 
Epoch: [3][900/936] Elapsed 3m 32s (remain 0m 8s) Loss: 0.3542(0.4102) LR: 0.00000100 Accuracy: 0.8038 
Epoch: [3][935/936] Elapsed 3m 40s (remain 0m 0s) Loss: 0.1864(0.4076) LR: 0.00000100 Accuracy: 0.8053 
EVAL: [0/104] Elapsed 0m 0s (remain 0m 50s) Loss: 0.3404(0.3404) accuracy: 1.0000 f1 score: 1.0
EVAL: [103/104] Elapsed 0m 6s (remain 0m 0s) Loss: 0.6497(0.6658) accuracy: 0.7284 f1 score: 0.7279110015222814
Epoch 3 - avg_train_loss: 0.4076  train_acc: 0.8053  valid_acc: 0.7284  valid_f1: 0.7279  time: 227s
Epoch 3 - Save Best Score: 0.7279 Model
[Fold7] Best score: 0.7279110015222814
================== fold: 8 training ======================
Epoch: [1][0/936] Elapsed 0m 0s (remain 7m 29s) Loss: 0.6840(0.6840) LR: 0.00002000 Accuracy: 0.2500 
Epoch: [1][300/936] Elapsed 1m 10s (remain 2m 29s) Loss: 0.7131(0.6874) LR: 0.00002000 Accuracy: 0.5224 
Epoch: [1][600/936] Elapsed 2m 21s (remain 1m 18s) Loss: 0.6720(0.6710) LR: 0.00002000 Accuracy: 0.5566 
Epoch: [1][900/936] Elapsed 3m 31s (remain 0m 8s) Loss: 0.8097(0.6603) LR: 0.00002000 Accuracy: 0.5785 
Epoch: [1][935/936] Elapsed 3m 40s (remain 0m 0s) Loss: 0.2876(0.6585) LR: 0.00002000 Accuracy: 0.5809 
EVAL: [0/104] Elapsed 0m 0s (remain 0m 53s) Loss: 0.3719(0.3719) accuracy: 1.0000 f1 score: 1.0
EVAL: [103/104] Elapsed 0m 6s (remain 0m 0s) Loss: 0.7791(0.7078) accuracy: 0.6226 f1 score: 0.615375102322048
Epoch 1 - avg_train_loss: 0.6585  train_acc: 0.5809  valid_acc: 0.6226  valid_f1: 0.6154  time: 227s
Epoch 1 - Save Best Score: 0.6154 Model
Epoch: [2][0/936] Elapsed 0m 0s (remain 9m 47s) Loss: 0.4766(0.4766) LR: 0.00001050 Accuracy: 0.7500 
Epoch: [2][300/936] Elapsed 1m 10s (remain 2m 29s) Loss: 0.4269(0.5519) LR: 0.00001050 Accuracy: 0.7143 
Epoch: [2][600/936] Elapsed 2m 21s (remain 1m 18s) Loss: 0.4128(0.5435) LR: 0.00001050 Accuracy: 0.7238 
Epoch: [2][900/936] Elapsed 3m 31s (remain 0m 8s) Loss: 0.2905(0.5361) LR: 0.00001050 Accuracy: 0.7286 
Epoch: [2][935/936] Elapsed 3m 39s (remain 0m 0s) Loss: 0.4468(0.5361) LR: 0.00001050 Accuracy: 0.7286 
EVAL: [0/104] Elapsed 0m 0s (remain 0m 34s) Loss: 0.3545(0.3545) accuracy: 1.0000 f1 score: 1.0
EVAL: [103/104] Elapsed 0m 5s (remain 0m 0s) Loss: 0.7662(0.6853) accuracy: 0.6851 f1 score: 0.6802909858907042
Epoch 2 - avg_train_loss: 0.5361  train_acc: 0.7286  valid_acc: 0.6851  valid_f1: 0.6803  time: 226s
Epoch 2 - Save Best Score: 0.6803 Model
Epoch: [3][0/936] Elapsed 0m 0s (remain 10m 18s) Loss: 0.3583(0.3583) LR: 0.00000100 Accuracy: 1.0000 
Epoch: [3][300/936] Elapsed 1m 10s (remain 2m 29s) Loss: 0.2310(0.3571) LR: 0.00000100 Accuracy: 0.8613 
Epoch: [3][600/936] Elapsed 2m 21s (remain 1m 18s) Loss: 0.1124(0.3577) LR: 0.00000100 Accuracy: 0.8611 
Epoch: [3][900/936] Elapsed 3m 31s (remain 0m 8s) Loss: 1.0161(0.3590) LR: 0.00000100 Accuracy: 0.8602 
Epoch: [3][935/936] Elapsed 3m 40s (remain 0m 0s) Loss: 0.6469(0.3579) LR: 0.00000100 Accuracy: 0.8603 
EVAL: [0/104] Elapsed 0m 0s (remain 0m 52s) Loss: 0.3412(0.3412) accuracy: 1.0000 f1 score: 1.0
EVAL: [103/104] Elapsed 0m 6s (remain 0m 0s) Loss: 0.6928(0.6635) accuracy: 0.7139 f1 score: 0.7139009772815275
Epoch 3 - avg_train_loss: 0.3579  train_acc: 0.8603  valid_acc: 0.7139  valid_f1: 0.7139  time: 227s
Epoch 3 - Save Best Score: 0.7139 Model
[Fold8] Best score: 0.7139009772815275
================== fold: 9 training ======================
Epoch: [1][0/936] Elapsed 0m 0s (remain 8m 7s) Loss: 0.7039(0.7039) LR: 0.00002000 Accuracy: 0.7500 
Epoch: [1][300/936] Elapsed 1m 10s (remain 2m 29s) Loss: 0.4114(0.6626) LR: 0.00002000 Accuracy: 0.5490 
Epoch: [1][600/936] Elapsed 2m 21s (remain 1m 18s) Loss: 0.8240(0.6602) LR: 0.00002000 Accuracy: 0.5707 
Epoch: [1][900/936] Elapsed 3m 31s (remain 0m 8s) Loss: 0.8080(0.6559) LR: 0.00002000 Accuracy: 0.5857 
Epoch: [1][935/936] Elapsed 3m 40s (remain 0m 0s) Loss: 0.5732(0.6555) LR: 0.00002000 Accuracy: 0.5868 
EVAL: [0/104] Elapsed 0m 0s (remain 0m 49s) Loss: 0.3700(0.3700) accuracy: 1.0000 f1 score: 1.0
EVAL: [103/104] Elapsed 0m 6s (remain 0m 0s) Loss: 0.8931(0.7057) accuracy: 0.6202 f1 score: 0.6166480029861888
Epoch 1 - avg_train_loss: 0.6555  train_acc: 0.5868  valid_acc: 0.6202  valid_f1: 0.6166  time: 227s
Epoch 1 - Save Best Score: 0.6166 Model
Epoch: [2][0/936] Elapsed 0m 0s (remain 9m 51s) Loss: 0.6015(0.6015) LR: 0.00001050 Accuracy: 0.7500 
Epoch: [2][300/936] Elapsed 1m 10s (remain 2m 29s) Loss: 0.2326(0.5616) LR: 0.00001050 Accuracy: 0.7093 
Epoch: [2][600/936] Elapsed 2m 21s (remain 1m 18s) Loss: 0.4377(0.5559) LR: 0.00001050 Accuracy: 0.7097 
Epoch: [2][900/936] Elapsed 3m 31s (remain 0m 8s) Loss: 0.4473(0.5561) LR: 0.00001050 Accuracy: 0.7100 
Epoch: [2][935/936] Elapsed 3m 39s (remain 0m 0s) Loss: 0.5281(0.5524) LR: 0.00001050 Accuracy: 0.7123 
EVAL: [0/104] Elapsed 0m 0s (remain 0m 50s) Loss: 0.3514(0.3514) accuracy: 1.0000 f1 score: 1.0
EVAL: [103/104] Elapsed 0m 6s (remain 0m 0s) Loss: 0.8203(0.6809) accuracy: 0.6514 f1 score: 0.6447731836732289
Epoch 2 - avg_train_loss: 0.5524  train_acc: 0.7123  valid_acc: 0.6514  valid_f1: 0.6448  time: 226s
Epoch 2 - Save Best Score: 0.6448 Model
Epoch: [3][0/936] Elapsed 0m 0s (remain 10m 38s) Loss: 0.2392(0.2392) LR: 0.00000100 Accuracy: 1.0000 
Epoch: [3][300/936] Elapsed 1m 10s (remain 2m 29s) Loss: 0.1946(0.4056) LR: 0.00000100 Accuracy: 0.8198 
Epoch: [3][600/936] Elapsed 2m 21s (remain 1m 18s) Loss: 0.6770(0.3911) LR: 0.00000100 Accuracy: 0.8319 
Epoch: [3][900/936] Elapsed 3m 32s (remain 0m 8s) Loss: 0.1450(0.3856) LR: 0.00000100 Accuracy: 0.8341 
Epoch: [3][935/936] Elapsed 3m 40s (remain 0m 0s) Loss: 0.1364(0.3832) LR: 0.00000100 Accuracy: 0.8352 
EVAL: [0/104] Elapsed 0m 0s (remain 0m 36s) Loss: 0.3365(0.3365) accuracy: 1.0000 f1 score: 1.0
EVAL: [103/104] Elapsed 0m 5s (remain 0m 0s) Loss: 0.7675(0.6772) accuracy: 0.6514 f1 score: 0.6494959179522937
Epoch 3 - avg_train_loss: 0.3832  train_acc: 0.8352  valid_acc: 0.6514  valid_f1: 0.6495  time: 227s
Epoch 3 - Save Best Score: 0.6495 Model
[Fold9] Best score: 0.6494959179522937
================== fold: 0 training ======================
Epoch: [1][0/936] Elapsed 0m 1s (remain 23m 17s) Loss: 0.6803(0.6803) LR: 0.00002000 Accuracy: 0.5000 
Epoch: [1][300/936] Elapsed 1m 5s (remain 2m 18s) Loss: 0.7207(0.6599) LR: 0.00002000 Accuracy: 0.5723 
Epoch: [1][600/936] Elapsed 2m 11s (remain 1m 13s) Loss: 0.8618(0.6519) LR: 0.00002000 Accuracy: 0.5878 
Epoch: [1][900/936] Elapsed 3m 17s (remain 0m 7s) Loss: 0.6027(0.6397) LR: 0.00002000 Accuracy: 0.6082 
Epoch: [1][935/936] Elapsed 3m 24s (remain 0m 0s) Loss: 0.4254(0.6378) LR: 0.00002000 Accuracy: 0.6108 
EVAL: [0/105] Elapsed 0m 0s (remain 0m 44s) Loss: 0.3663(0.3663) accuracy: 1.0000 f1 score: 1.0
EVAL: [104/105] Elapsed 0m 6s (remain 0m 0s) Loss: 0.9299(0.6924) accuracy: 0.6691 f1 score: 0.668971468016567
Epoch 1 - avg_train_loss: 0.6378  train_acc: 0.6108  valid_acc: 0.6691  valid_f1: 0.6690  time: 211s
Epoch 1 - Save Best Score: 0.6690 Model
Epoch: [2][0/936] Elapsed 0m 0s (remain 9m 9s) Loss: 0.2684(0.2684) LR: 0.00001050 Accuracy: 1.0000 
Epoch: [2][300/936] Elapsed 1m 6s (remain 2m 19s) Loss: 0.1492(0.4573) LR: 0.00001050 Accuracy: 0.7766 
Epoch: [2][600/936] Elapsed 2m 12s (remain 1m 13s) Loss: 0.2031(0.4342) LR: 0.00001050 Accuracy: 0.7895 
Epoch: [2][900/936] Elapsed 3m 18s (remain 0m 7s) Loss: 0.3872(0.4337) LR: 0.00001050 Accuracy: 0.7961 
Epoch: [2][935/936] Elapsed 3m 25s (remain 0m 0s) Loss: 0.1164(0.4316) LR: 0.00001050 Accuracy: 0.7970 
EVAL: [0/105] Elapsed 0m 0s (remain 0m 39s) Loss: 0.3251(0.3251) accuracy: 1.0000 f1 score: 1.0
EVAL: [104/105] Elapsed 0m 6s (remain 0m 0s) Loss: 0.8789(0.6713) accuracy: 0.6859 f1 score: 0.6854968248576511
Epoch 2 - avg_train_loss: 0.4316  train_acc: 0.7970  valid_acc: 0.6859  valid_f1: 0.6855  time: 212s
Epoch 2 - Save Best Score: 0.6855 Model
Epoch: [3][0/936] Elapsed 0m 0s (remain 8m 31s) Loss: 0.0840(0.0840) LR: 0.00000100 Accuracy: 1.0000 
Epoch: [3][300/936] Elapsed 1m 6s (remain 2m 19s) Loss: 0.3664(0.2458) LR: 0.00000100 Accuracy: 0.8978 
Epoch: [3][600/936] Elapsed 2m 12s (remain 1m 13s) Loss: 0.1532(0.2370) LR: 0.00000100 Accuracy: 0.8989 
Epoch: [3][900/936] Elapsed 3m 18s (remain 0m 7s) Loss: 0.1518(0.2231) LR: 0.00000100 Accuracy: 0.9098 
Epoch: [3][935/936] Elapsed 3m 25s (remain 0m 0s) Loss: 0.2117(0.2229) LR: 0.00000100 Accuracy: 0.9105 
EVAL: [0/105] Elapsed 0m 0s (remain 0m 44s) Loss: 0.3206(0.3206) accuracy: 1.0000 f1 score: 1.0
EVAL: [104/105] Elapsed 0m 6s (remain 0m 0s) Loss: 0.8589(0.6663) accuracy: 0.6882 f1 score: 0.6882045736897804
Epoch 3 - avg_train_loss: 0.2229  train_acc: 0.9105  valid_acc: 0.6882  valid_f1: 0.6882  time: 212s
Epoch 3 - Save Best Score: 0.6882 Model
[Fold0] Best score: 0.6882045736897804
================== fold: 1 training ======================
Epoch: [1][0/936] Elapsed 0m 0s (remain 6m 46s) Loss: 0.8214(0.8214) LR: 0.00002000 Accuracy: 0.2500 
Epoch: [1][300/936] Elapsed 1m 5s (remain 2m 18s) Loss: 1.2275(0.6598) LR: 0.00002000 Accuracy: 0.5714 
Epoch: [1][600/936] Elapsed 2m 11s (remain 1m 13s) Loss: 0.5511(0.6517) LR: 0.00002000 Accuracy: 0.6002 
Epoch: [1][900/936] Elapsed 3m 17s (remain 0m 7s) Loss: 0.7680(0.6366) LR: 0.00002000 Accuracy: 0.6213 
Epoch: [1][935/936] Elapsed 3m 25s (remain 0m 0s) Loss: 0.9291(0.6356) LR: 0.00002000 Accuracy: 0.6237 
EVAL: [0/105] Elapsed 0m 0s (remain 0m 44s) Loss: 0.4100(0.4100) accuracy: 1.0000 f1 score: 1.0
EVAL: [104/105] Elapsed 0m 6s (remain 0m 0s) Loss: 0.7941(0.6821) accuracy: 0.7098 f1 score: 0.7097720487998482
Epoch 1 - avg_train_loss: 0.6356  train_acc: 0.6237  valid_acc: 0.7098  valid_f1: 0.7098  time: 212s
Epoch 1 - Save Best Score: 0.7098 Model
Epoch: [2][0/936] Elapsed 0m 0s (remain 9m 15s) Loss: 0.3589(0.3589) LR: 0.00001050 Accuracy: 1.0000 
Epoch: [2][300/936] Elapsed 1m 5s (remain 2m 18s) Loss: 0.1402(0.4625) LR: 0.00001050 Accuracy: 0.7782 
Epoch: [2][600/936] Elapsed 2m 11s (remain 1m 13s) Loss: 0.5656(0.4398) LR: 0.00001050 Accuracy: 0.7949 
Epoch: [2][900/936] Elapsed 3m 17s (remain 0m 7s) Loss: 0.4270(0.4364) LR: 0.00001050 Accuracy: 0.7983 
Epoch: [2][935/936] Elapsed 3m 25s (remain 0m 0s) Loss: 0.5711(0.4360) LR: 0.00001050 Accuracy: 0.7983 
EVAL: [0/105] Elapsed 0m 0s (remain 0m 42s) Loss: 0.3527(0.3527) accuracy: 1.0000 f1 score: 1.0
EVAL: [104/105] Elapsed 0m 6s (remain 0m 0s) Loss: 0.7472(0.6694) accuracy: 0.6715 f1 score: 0.6689958457179608
Epoch 2 - avg_train_loss: 0.4360  train_acc: 0.7983  valid_acc: 0.6715  valid_f1: 0.6690  time: 212s
Epoch: [3][0/936] Elapsed 0m 0s (remain 7m 46s) Loss: 0.2183(0.2183) LR: 0.00000100 Accuracy: 1.0000 
Epoch: [3][300/936] Elapsed 1m 5s (remain 2m 18s) Loss: 0.2851(0.2130) LR: 0.00000100 Accuracy: 0.9128 
Epoch: [3][600/936] Elapsed 2m 11s (remain 1m 13s) Loss: 0.1768(0.2118) LR: 0.00000100 Accuracy: 0.9226 
Epoch: [3][900/936] Elapsed 3m 17s (remain 0m 7s) Loss: 0.0679(0.2033) LR: 0.00000100 Accuracy: 0.9254 
Epoch: [3][935/936] Elapsed 3m 24s (remain 0m 0s) Loss: 0.3243(0.2029) LR: 0.00000100 Accuracy: 0.9255 
EVAL: [0/105] Elapsed 0m 0s (remain 0m 45s) Loss: 0.3331(0.3331) accuracy: 1.0000 f1 score: 1.0
EVAL: [104/105] Elapsed 0m 6s (remain 0m 0s) Loss: 0.7324(0.6621) accuracy: 0.7122 f1 score: 0.712188837252105
Epoch 3 - avg_train_loss: 0.2029  train_acc: 0.9255  valid_acc: 0.7122  valid_f1: 0.7122  time: 211s
Epoch 3 - Save Best Score: 0.7122 Model
[Fold1] Best score: 0.712188837252105
================== fold: 2 training ======================
Epoch: [1][0/936] Elapsed 0m 0s (remain 6m 29s) Loss: 0.7492(0.7492) LR: 0.00002000 Accuracy: 0.0000 
Epoch: [1][300/936] Elapsed 1m 5s (remain 2m 18s) Loss: 0.3777(0.6624) LR: 0.00002000 Accuracy: 0.5706 
Epoch: [1][600/936] Elapsed 2m 11s (remain 1m 13s) Loss: 0.5318(0.6584) LR: 0.00002000 Accuracy: 0.5853 
Epoch: [1][900/936] Elapsed 3m 17s (remain 0m 7s) Loss: 0.3144(0.6456) LR: 0.00002000 Accuracy: 0.6043 
Epoch: [1][935/936] Elapsed 3m 25s (remain 0m 0s) Loss: 1.2782(0.6443) LR: 0.00002000 Accuracy: 0.6068 
EVAL: [0/104] Elapsed 0m 0s (remain 0m 45s) Loss: 0.5122(0.5122) accuracy: 1.0000 f1 score: 1.0
EVAL: [103/104] Elapsed 0m 6s (remain 0m 0s) Loss: 0.8049(0.6839) accuracy: 0.7043 f1 score: 0.70325521512953
Epoch 1 - avg_train_loss: 0.6443  train_acc: 0.6068  valid_acc: 0.7043  valid_f1: 0.7033  time: 212s
Epoch 1 - Save Best Score: 0.7033 Model
Epoch: [2][0/936] Elapsed 0m 0s (remain 8m 47s) Loss: 0.4091(0.4091) LR: 0.00001050 Accuracy: 1.0000 
Epoch: [2][300/936] Elapsed 1m 5s (remain 2m 19s) Loss: 0.1971(0.4246) LR: 0.00001050 Accuracy: 0.8040 
Epoch: [2][600/936] Elapsed 2m 11s (remain 1m 13s) Loss: 0.2423(0.4491) LR: 0.00001050 Accuracy: 0.7824 
Epoch: [2][900/936] Elapsed 3m 18s (remain 0m 7s) Loss: 0.1636(0.4550) LR: 0.00001050 Accuracy: 0.7761 
Epoch: [2][935/936] Elapsed 3m 25s (remain 0m 0s) Loss: 0.3869(0.4537) LR: 0.00001050 Accuracy: 0.7783 
EVAL: [0/104] Elapsed 0m 0s (remain 0m 38s) Loss: 0.5134(0.5134) accuracy: 0.7500 f1 score: 0.42857142857142855
EVAL: [103/104] Elapsed 0m 5s (remain 0m 0s) Loss: 0.7828(0.6688) accuracy: 0.7067 f1 score: 0.706723990476851
Epoch 2 - avg_train_loss: 0.4537  train_acc: 0.7783  valid_acc: 0.7067  valid_f1: 0.7067  time: 212s
Epoch 2 - Save Best Score: 0.7067 Model
Epoch: [3][0/936] Elapsed 0m 0s (remain 7m 48s) Loss: 0.1365(0.1365) LR: 0.00000100 Accuracy: 1.0000 
Epoch: [3][300/936] Elapsed 1m 5s (remain 2m 18s) Loss: 0.2213(0.2401) LR: 0.00000100 Accuracy: 0.9219 
Epoch: [3][600/936] Elapsed 2m 11s (remain 1m 13s) Loss: 0.2909(0.2386) LR: 0.00000100 Accuracy: 0.9143 
Epoch: [3][900/936] Elapsed 3m 17s (remain 0m 7s) Loss: 0.1179(0.2306) LR: 0.00000100 Accuracy: 0.9181 
Epoch: [3][935/936] Elapsed 3m 25s (remain 0m 0s) Loss: 0.2046(0.2296) LR: 0.00000100 Accuracy: 0.9183 
EVAL: [0/104] Elapsed 0m 0s (remain 0m 41s) Loss: 0.4980(0.4980) accuracy: 0.7500 f1 score: 0.42857142857142855
EVAL: [103/104] Elapsed 0m 5s (remain 0m 0s) Loss: 0.7845(0.6578) accuracy: 0.7019 f1 score: 0.7014814814814816
Epoch 3 - avg_train_loss: 0.2296  train_acc: 0.9183  valid_acc: 0.7019  valid_f1: 0.7015  time: 212s
[Fold2] Best score: 0.706723990476851
================== fold: 3 training ======================
Epoch: [1][0/936] Elapsed 0m 0s (remain 6m 31s) Loss: 0.6867(0.6867) LR: 0.00002000 Accuracy: 0.7500 
Epoch: [1][300/936] Elapsed 1m 5s (remain 2m 18s) Loss: 0.7713(0.6578) LR: 0.00002000 Accuracy: 0.5748 
Epoch: [1][600/936] Elapsed 2m 11s (remain 1m 13s) Loss: 0.9346(0.6384) LR: 0.00002000 Accuracy: 0.6102 
Epoch: [1][900/936] Elapsed 3m 17s (remain 0m 7s) Loss: 0.6556(0.6347) LR: 0.00002000 Accuracy: 0.6165 
Epoch: [1][935/936] Elapsed 3m 25s (remain 0m 0s) Loss: 0.7015(0.6352) LR: 0.00002000 Accuracy: 0.6170 
EVAL: [0/104] Elapsed 0m 0s (remain 0m 41s) Loss: 0.4415(0.4415) accuracy: 0.7500 f1 score: 0.42857142857142855
EVAL: [103/104] Elapsed 0m 5s (remain 0m 0s) Loss: 0.9132(0.6948) accuracy: 0.6322 f1 score: 0.6270370044827283
Epoch 1 - avg_train_loss: 0.6352  train_acc: 0.6170  valid_acc: 0.6322  valid_f1: 0.6270  time: 211s
Epoch 1 - Save Best Score: 0.6270 Model
Epoch: [2][0/936] Elapsed 0m 0s (remain 8m 33s) Loss: 0.5651(0.5651) LR: 0.00001050 Accuracy: 0.7500 
Epoch: [2][300/936] Elapsed 1m 5s (remain 2m 19s) Loss: 0.3223(0.4559) LR: 0.00001050 Accuracy: 0.7741 
Epoch: [2][600/936] Elapsed 2m 11s (remain 1m 13s) Loss: 0.8957(0.4405) LR: 0.00001050 Accuracy: 0.7858 
Epoch: [2][900/936] Elapsed 3m 18s (remain 0m 7s) Loss: 0.2712(0.4342) LR: 0.00001050 Accuracy: 0.7875 
Epoch: [2][935/936] Elapsed 3m 25s (remain 0m 0s) Loss: 0.3657(0.4346) LR: 0.00001050 Accuracy: 0.7874 
EVAL: [0/104] Elapsed 0m 0s (remain 0m 44s) Loss: 0.3560(0.3560) accuracy: 1.0000 f1 score: 1.0
EVAL: [103/104] Elapsed 0m 6s (remain 0m 0s) Loss: 1.0370(0.6850) accuracy: 0.6611 f1 score: 0.660961695191524
Epoch 2 - avg_train_loss: 0.4346  train_acc: 0.7874  valid_acc: 0.6611  valid_f1: 0.6610  time: 212s
Epoch 2 - Save Best Score: 0.6610 Model
Epoch: [3][0/936] Elapsed 0m 0s (remain 8m 31s) Loss: 0.2426(0.2426) LR: 0.00000100 Accuracy: 1.0000 
Epoch: [3][300/936] Elapsed 1m 6s (remain 2m 19s) Loss: 0.1418(0.2188) LR: 0.00000100 Accuracy: 0.9277 
Epoch: [3][600/936] Elapsed 2m 12s (remain 1m 13s) Loss: 0.0818(0.2125) LR: 0.00000100 Accuracy: 0.9276 
Epoch: [3][900/936] Elapsed 3m 18s (remain 0m 7s) Loss: 0.0875(0.2058) LR: 0.00000100 Accuracy: 0.9312 
Epoch: [3][935/936] Elapsed 3m 25s (remain 0m 0s) Loss: 0.6350(0.2056) LR: 0.00000100 Accuracy: 0.9314 
EVAL: [0/104] Elapsed 0m 0s (remain 0m 41s) Loss: 0.3347(0.3347) accuracy: 1.0000 f1 score: 1.0
EVAL: [103/104] Elapsed 0m 5s (remain 0m 0s) Loss: 1.0311(0.6765) accuracy: 0.6538 f1 score: 0.6537741301583632
Epoch 3 - avg_train_loss: 0.2056  train_acc: 0.9314  valid_acc: 0.6538  valid_f1: 0.6538  time: 212s
[Fold3] Best score: 0.660961695191524
================== fold: 4 training ======================
Epoch: [1][0/936] Elapsed 0m 0s (remain 6m 52s) Loss: 0.7529(0.7529) LR: 0.00002000 Accuracy: 0.5000 
Epoch: [1][300/936] Elapsed 1m 5s (remain 2m 18s) Loss: 0.5542(0.6621) LR: 0.00002000 Accuracy: 0.5473 
Epoch: [1][600/936] Elapsed 2m 11s (remain 1m 13s) Loss: 0.6377(0.6406) LR: 0.00002000 Accuracy: 0.5923 
Epoch: [1][900/936] Elapsed 3m 17s (remain 0m 7s) Loss: 0.7280(0.6324) LR: 0.00002000 Accuracy: 0.6079 
Epoch: [1][935/936] Elapsed 3m 24s (remain 0m 0s) Loss: 0.4986(0.6306) LR: 0.00002000 Accuracy: 0.6092 
EVAL: [0/104] Elapsed 0m 0s (remain 0m 43s) Loss: 0.3821(0.3821) accuracy: 1.0000 f1 score: 1.0
EVAL: [103/104] Elapsed 0m 6s (remain 0m 0s) Loss: 0.8743(0.6862) accuracy: 0.7260 f1 score: 0.7251929629372089
Epoch 1 - avg_train_loss: 0.6306  train_acc: 0.6092  valid_acc: 0.7260  valid_f1: 0.7252  time: 211s
Epoch 1 - Save Best Score: 0.7252 Model
Epoch: [2][0/936] Elapsed 0m 0s (remain 8m 36s) Loss: 0.9124(0.9124) LR: 0.00001050 Accuracy: 0.2500 
Epoch: [2][300/936] Elapsed 1m 5s (remain 2m 19s) Loss: 0.3354(0.4493) LR: 0.00001050 Accuracy: 0.7890 
Epoch: [2][600/936] Elapsed 2m 11s (remain 1m 13s) Loss: 0.2109(0.4229) LR: 0.00001050 Accuracy: 0.8041 
Epoch: [2][900/936] Elapsed 3m 17s (remain 0m 7s) Loss: 0.2056(0.4168) LR: 0.00001050 Accuracy: 0.8094 
Epoch: [2][935/936] Elapsed 3m 25s (remain 0m 0s) Loss: 0.2388(0.4157) LR: 0.00001050 Accuracy: 0.8109 
EVAL: [0/104] Elapsed 0m 0s (remain 0m 41s) Loss: 0.3701(0.3701) accuracy: 1.0000 f1 score: 1.0
EVAL: [103/104] Elapsed 0m 5s (remain 0m 0s) Loss: 0.7964(0.6672) accuracy: 0.7139 f1 score: 0.7136626814046169
Epoch 2 - avg_train_loss: 0.4157  train_acc: 0.8109  valid_acc: 0.7139  valid_f1: 0.7137  time: 212s
Epoch: [3][0/936] Elapsed 0m 0s (remain 7m 57s) Loss: 0.1544(0.1544) LR: 0.00000100 Accuracy: 1.0000 
Epoch: [3][300/936] Elapsed 1m 6s (remain 2m 19s) Loss: 0.3372(0.2199) LR: 0.00000100 Accuracy: 0.9244 
Epoch: [3][600/936] Elapsed 2m 11s (remain 1m 13s) Loss: 0.4293(0.2120) LR: 0.00000100 Accuracy: 0.9297 
Epoch: [3][900/936] Elapsed 3m 17s (remain 0m 7s) Loss: 0.0972(0.2051) LR: 0.00000100 Accuracy: 0.9315 
Epoch: [3][935/936] Elapsed 3m 25s (remain 0m 0s) Loss: 0.0782(0.2053) LR: 0.00000100 Accuracy: 0.9311 
EVAL: [0/104] Elapsed 0m 0s (remain 0m 44s) Loss: 0.3403(0.3403) accuracy: 1.0000 f1 score: 1.0
EVAL: [103/104] Elapsed 0m 6s (remain 0m 0s) Loss: 0.7677(0.6570) accuracy: 0.7188 f1 score: 0.7187353724710628
Epoch 3 - avg_train_loss: 0.2053  train_acc: 0.9311  valid_acc: 0.7188  valid_f1: 0.7187  time: 212s
[Fold4] Best score: 0.7251929629372089
================== fold: 5 training ======================
Epoch: [1][0/936] Elapsed 0m 0s (remain 6m 59s) Loss: 0.7052(0.7052) LR: 0.00002000 Accuracy: 0.5000 
Epoch: [1][300/936] Elapsed 1m 5s (remain 2m 19s) Loss: 0.6408(0.6544) LR: 0.00002000 Accuracy: 0.5797 
Epoch: [1][600/936] Elapsed 2m 11s (remain 1m 13s) Loss: 0.6771(0.6508) LR: 0.00002000 Accuracy: 0.5982 
Epoch: [1][900/936] Elapsed 3m 17s (remain 0m 7s) Loss: 0.4199(0.6375) LR: 0.00002000 Accuracy: 0.6124 
Epoch: [1][935/936] Elapsed 3m 25s (remain 0m 0s) Loss: 0.5233(0.6394) LR: 0.00002000 Accuracy: 0.6124 
EVAL: [0/104] Elapsed 0m 0s (remain 0m 42s) Loss: 0.4251(0.4251) accuracy: 0.7500 f1 score: 0.42857142857142855
EVAL: [103/104] Elapsed 0m 5s (remain 0m 0s) Loss: 0.6996(0.7003) accuracy: 0.6538 f1 score: 0.6524886877828054
Epoch 1 - avg_train_loss: 0.6394  train_acc: 0.6124  valid_acc: 0.6538  valid_f1: 0.6525  time: 211s
Epoch 1 - Save Best Score: 0.6525 Model
Epoch: [2][0/936] Elapsed 0m 0s (remain 8m 25s) Loss: 0.4740(0.4740) LR: 0.00001050 Accuracy: 0.7500 
Epoch: [2][300/936] Elapsed 1m 5s (remain 2m 19s) Loss: 0.5204(0.4506) LR: 0.00001050 Accuracy: 0.7782 
Epoch: [2][600/936] Elapsed 2m 11s (remain 1m 13s) Loss: 0.1952(0.4391) LR: 0.00001050 Accuracy: 0.7874 
Epoch: [2][900/936] Elapsed 3m 17s (remain 0m 7s) Loss: 0.8523(0.4385) LR: 0.00001050 Accuracy: 0.7869 
Epoch: [2][935/936] Elapsed 3m 25s (remain 0m 0s) Loss: 0.1208(0.4352) LR: 0.00001050 Accuracy: 0.7895 
EVAL: [0/104] Elapsed 0m 0s (remain 0m 43s) Loss: 0.3992(0.3992) accuracy: 0.7500 f1 score: 0.42857142857142855
EVAL: [103/104] Elapsed 0m 5s (remain 0m 0s) Loss: 0.7224(0.6898) accuracy: 0.6370 f1 score: 0.6357035567850329
Epoch 2 - avg_train_loss: 0.4352  train_acc: 0.7895  valid_acc: 0.6370  valid_f1: 0.6357  time: 212s
Epoch: [3][0/936] Elapsed 0m 0s (remain 6m 3s) Loss: 0.2503(0.2503) LR: 0.00000100 Accuracy: 0.7500 
Epoch: [3][300/936] Elapsed 1m 5s (remain 2m 18s) Loss: 0.3417(0.2383) LR: 0.00000100 Accuracy: 0.9153 
Epoch: [3][600/936] Elapsed 2m 11s (remain 1m 13s) Loss: 0.1905(0.2188) LR: 0.00000100 Accuracy: 0.9235 
Epoch: [3][900/936] Elapsed 3m 17s (remain 0m 7s) Loss: 0.3545(0.2186) LR: 0.00000100 Accuracy: 0.9198 
Epoch: [3][935/936] Elapsed 3m 24s (remain 0m 0s) Loss: 0.2082(0.2181) LR: 0.00000100 Accuracy: 0.9196 
EVAL: [0/104] Elapsed 0m 0s (remain 0m 43s) Loss: 0.4111(0.4111) accuracy: 0.7500 f1 score: 0.42857142857142855
EVAL: [103/104] Elapsed 0m 6s (remain 0m 0s) Loss: 0.7030(0.6838) accuracy: 0.6442 f1 score: 0.6441567448849844
Epoch 3 - avg_train_loss: 0.2181  train_acc: 0.9196  valid_acc: 0.6442  valid_f1: 0.6442  time: 211s
[Fold5] Best score: 0.6524886877828054
================== fold: 6 training ======================
Epoch: [1][0/936] Elapsed 0m 0s (remain 7m 35s) Loss: 0.6489(0.6489) LR: 0.00002000 Accuracy: 0.2500 
Epoch: [1][300/936] Elapsed 1m 6s (remain 2m 19s) Loss: 0.7274(0.6552) LR: 0.00002000 Accuracy: 0.5714 
Epoch: [1][600/936] Elapsed 2m 11s (remain 1m 13s) Loss: 0.5038(0.6402) LR: 0.00002000 Accuracy: 0.6036 
Epoch: [1][900/936] Elapsed 3m 17s (remain 0m 7s) Loss: 0.3442(0.6327) LR: 0.00002000 Accuracy: 0.6190 
Epoch: [1][935/936] Elapsed 3m 25s (remain 0m 0s) Loss: 0.4793(0.6332) LR: 0.00002000 Accuracy: 0.6202 
EVAL: [0/104] Elapsed 0m 0s (remain 0m 47s) Loss: 0.4139(0.4139) accuracy: 0.7500 f1 score: 0.42857142857142855
EVAL: [103/104] Elapsed 0m 6s (remain 0m 0s) Loss: 0.7994(0.6952) accuracy: 0.6611 f1 score: 0.6607263704037897
Epoch 1 - avg_train_loss: 0.6332  train_acc: 0.6202  valid_acc: 0.6611  valid_f1: 0.6607  time: 212s
Epoch 1 - Save Best Score: 0.6607 Model
Epoch: [2][0/936] Elapsed 0m 0s (remain 9m 47s) Loss: 0.3561(0.3561) LR: 0.00001050 Accuracy: 0.7500 
Epoch: [2][300/936] Elapsed 1m 6s (remain 2m 19s) Loss: 0.1292(0.4381) LR: 0.00001050 Accuracy: 0.7965 
Epoch: [2][600/936] Elapsed 2m 12s (remain 1m 13s) Loss: 0.2483(0.4209) LR: 0.00001050 Accuracy: 0.8074 
Epoch: [2][900/936] Elapsed 3m 18s (remain 0m 7s) Loss: 0.0920(0.4148) LR: 0.00001050 Accuracy: 0.8066 
Epoch: [2][935/936] Elapsed 3m 25s (remain 0m 0s) Loss: 0.2227(0.4128) LR: 0.00001050 Accuracy: 0.8074 
EVAL: [0/104] Elapsed 0m 0s (remain 0m 48s) Loss: 0.3447(0.3447) accuracy: 1.0000 f1 score: 1.0
EVAL: [103/104] Elapsed 0m 6s (remain 0m 0s) Loss: 0.7253(0.6773) accuracy: 0.6707 f1 score: 0.6685875778492386
Epoch 2 - avg_train_loss: 0.4128  train_acc: 0.8074  valid_acc: 0.6707  valid_f1: 0.6686  time: 212s
Epoch 2 - Save Best Score: 0.6686 Model
Epoch: [3][0/936] Elapsed 0m 0s (remain 9m 58s) Loss: 0.0754(0.0754) LR: 0.00000100 Accuracy: 1.0000 
Epoch: [3][300/936] Elapsed 1m 6s (remain 2m 19s) Loss: 0.2894(0.1988) LR: 0.00000100 Accuracy: 0.9369 
Epoch: [3][600/936] Elapsed 2m 12s (remain 1m 13s) Loss: 0.0581(0.1907) LR: 0.00000100 Accuracy: 0.9334 
Epoch: [3][900/936] Elapsed 3m 18s (remain 0m 7s) Loss: 0.0811(0.1850) LR: 0.00000100 Accuracy: 0.9348 
Epoch: [3][935/936] Elapsed 3m 25s (remain 0m 0s) Loss: 0.0839(0.1838) LR: 0.00000100 Accuracy: 0.9348 
EVAL: [0/104] Elapsed 0m 0s (remain 0m 50s) Loss: 0.3370(0.3370) accuracy: 1.0000 f1 score: 1.0
EVAL: [103/104] Elapsed 0m 6s (remain 0m 0s) Loss: 0.7097(0.6723) accuracy: 0.6635 f1 score: 0.662962962962963
Epoch 3 - avg_train_loss: 0.1838  train_acc: 0.9348  valid_acc: 0.6635  valid_f1: 0.6630  time: 212s
[Fold6] Best score: 0.6685875778492386
================== fold: 7 training ======================
Epoch: [1][0/936] Elapsed 0m 0s (remain 7m 35s) Loss: 0.6854(0.6854) LR: 0.00002000 Accuracy: 0.5000 
Epoch: [1][300/936] Elapsed 1m 5s (remain 2m 19s) Loss: 0.5449(0.6781) LR: 0.00002000 Accuracy: 0.5390 
Epoch: [1][600/936] Elapsed 2m 11s (remain 1m 13s) Loss: 0.7837(0.6595) LR: 0.00002000 Accuracy: 0.5711 
Epoch: [1][900/936] Elapsed 3m 17s (remain 0m 7s) Loss: 0.4965(0.6441) LR: 0.00002000 Accuracy: 0.5968 
Epoch: [1][935/936] Elapsed 3m 24s (remain 0m 0s) Loss: 0.6765(0.6433) LR: 0.00002000 Accuracy: 0.5978 
EVAL: [0/104] Elapsed 0m 0s (remain 0m 47s) Loss: 0.3707(0.3707) accuracy: 1.0000 f1 score: 1.0
EVAL: [103/104] Elapsed 0m 6s (remain 0m 0s) Loss: 0.6884(0.6834) accuracy: 0.7308 f1 score: 0.7305450171185344
Epoch 1 - avg_train_loss: 0.6433  train_acc: 0.5978  valid_acc: 0.7308  valid_f1: 0.7305  time: 211s
Epoch 1 - Save Best Score: 0.7305 Model
Epoch: [2][0/936] Elapsed 0m 0s (remain 9m 44s) Loss: 0.6906(0.6906) LR: 0.00001050 Accuracy: 0.5000 
Epoch: [2][300/936] Elapsed 1m 5s (remain 2m 19s) Loss: 0.2654(0.4572) LR: 0.00001050 Accuracy: 0.7600 
Epoch: [2][600/936] Elapsed 2m 11s (remain 1m 13s) Loss: 0.5322(0.4554) LR: 0.00001050 Accuracy: 0.7662 
Epoch: [2][900/936] Elapsed 3m 17s (remain 0m 7s) Loss: 0.7494(0.4540) LR: 0.00001050 Accuracy: 0.7705 
Epoch: [2][935/936] Elapsed 3m 25s (remain 0m 0s) Loss: 0.3306(0.4544) LR: 0.00001050 Accuracy: 0.7716 
EVAL: [0/104] Elapsed 0m 0s (remain 0m 46s) Loss: 0.3524(0.3524) accuracy: 1.0000 f1 score: 1.0
EVAL: [103/104] Elapsed 0m 6s (remain 0m 0s) Loss: 0.6592(0.6672) accuracy: 0.7188 f1 score: 0.7187353724710628
Epoch 2 - avg_train_loss: 0.4544  train_acc: 0.7716  valid_acc: 0.7188  valid_f1: 0.7187  time: 212s
Epoch: [3][0/936] Elapsed 0m 0s (remain 8m 58s) Loss: 0.3506(0.3506) LR: 0.00000100 Accuracy: 0.7500 
Epoch: [3][300/936] Elapsed 1m 6s (remain 2m 19s) Loss: 0.1817(0.2251) LR: 0.00000100 Accuracy: 0.9178 
Epoch: [3][600/936] Elapsed 2m 11s (remain 1m 13s) Loss: 0.0622(0.2135) LR: 0.00000100 Accuracy: 0.9235 
Epoch: [3][900/936] Elapsed 3m 17s (remain 0m 7s) Loss: 0.1928(0.2089) LR: 0.00000100 Accuracy: 0.9229 
Epoch: [3][935/936] Elapsed 3m 24s (remain 0m 0s) Loss: 0.1220(0.2087) LR: 0.00000100 Accuracy: 0.9225 
EVAL: [0/104] Elapsed 0m 0s (remain 0m 49s) Loss: 0.3315(0.3315) accuracy: 1.0000 f1 score: 1.0
EVAL: [103/104] Elapsed 0m 6s (remain 0m 0s) Loss: 0.6369(0.6557) accuracy: 0.7115 f1 score: 0.7112982326270011
Epoch 3 - avg_train_loss: 0.2087  train_acc: 0.9225  valid_acc: 0.7115  valid_f1: 0.7113  time: 211s
[Fold7] Best score: 0.7305450171185344
================== fold: 8 training ======================
Epoch: [1][0/936] Elapsed 0m 0s (remain 6m 59s) Loss: 0.6504(0.6504) LR: 0.00002000 Accuracy: 1.0000 
Epoch: [1][300/936] Elapsed 1m 6s (remain 2m 19s) Loss: 0.7778(0.6611) LR: 0.00002000 Accuracy: 0.5781 
Epoch: [1][600/936] Elapsed 2m 11s (remain 1m 13s) Loss: 0.6277(0.6490) LR: 0.00002000 Accuracy: 0.5936 
Epoch: [1][900/936] Elapsed 3m 17s (remain 0m 7s) Loss: 0.3043(0.6388) LR: 0.00002000 Accuracy: 0.6065 
Epoch: [1][935/936] Elapsed 3m 25s (remain 0m 0s) Loss: 0.5737(0.6370) LR: 0.00002000 Accuracy: 0.6103 
EVAL: [0/104] Elapsed 0m 0s (remain 0m 41s) Loss: 0.4128(0.4128) accuracy: 1.0000 f1 score: 1.0
EVAL: [103/104] Elapsed 0m 5s (remain 0m 0s) Loss: 0.7376(0.6721) accuracy: 0.6707 f1 score: 0.6596090329747777
Epoch 1 - avg_train_loss: 0.6370  train_acc: 0.6103  valid_acc: 0.6707  valid_f1: 0.6596  time: 212s
Epoch 1 - Save Best Score: 0.6596 Model
Epoch: [2][0/936] Elapsed 0m 0s (remain 8m 4s) Loss: 0.7424(0.7424) LR: 0.00001050 Accuracy: 0.5000 
Epoch: [2][300/936] Elapsed 1m 5s (remain 2m 18s) Loss: 0.3910(0.4771) LR: 0.00001050 Accuracy: 0.7683 
Epoch: [2][600/936] Elapsed 2m 11s (remain 1m 13s) Loss: 0.1350(0.4705) LR: 0.00001050 Accuracy: 0.7737 
Epoch: [2][900/936] Elapsed 3m 18s (remain 0m 7s) Loss: 0.1707(0.4680) LR: 0.00001050 Accuracy: 0.7775 
Epoch: [2][935/936] Elapsed 3m 25s (remain 0m 0s) Loss: 1.0914(0.4667) LR: 0.00001050 Accuracy: 0.7786 
EVAL: [0/104] Elapsed 0m 0s (remain 0m 42s) Loss: 0.3590(0.3590) accuracy: 1.0000 f1 score: 1.0
EVAL: [103/104] Elapsed 0m 6s (remain 0m 0s) Loss: 0.7046(0.6604) accuracy: 0.6538 f1 score: 0.6405529953917051
Epoch 2 - avg_train_loss: 0.4667  train_acc: 0.7786  valid_acc: 0.6538  valid_f1: 0.6406  time: 212s
Epoch: [3][0/936] Elapsed 0m 0s (remain 8m 46s) Loss: 0.2446(0.2446) LR: 0.00000100 Accuracy: 1.0000 
Epoch: [3][300/936] Elapsed 1m 6s (remain 2m 19s) Loss: 0.4502(0.2747) LR: 0.00000100 Accuracy: 0.8746 
Epoch: [3][600/936] Elapsed 2m 11s (remain 1m 13s) Loss: 0.5383(0.2615) LR: 0.00000100 Accuracy: 0.8885 
Epoch: [3][900/936] Elapsed 3m 17s (remain 0m 7s) Loss: 0.3485(0.2554) LR: 0.00000100 Accuracy: 0.8968 
Epoch: [3][935/936] Elapsed 3m 25s (remain 0m 0s) Loss: 0.5304(0.2544) LR: 0.00000100 Accuracy: 0.8964 
EVAL: [0/104] Elapsed 0m 0s (remain 0m 43s) Loss: 0.3264(0.3264) accuracy: 1.0000 f1 score: 1.0
EVAL: [103/104] Elapsed 0m 6s (remain 0m 0s) Loss: 0.6708(0.6611) accuracy: 0.6971 f1 score: 0.6969402622632346
Epoch 3 - avg_train_loss: 0.2544  train_acc: 0.8964  valid_acc: 0.6971  valid_f1: 0.6969  time: 211s
Epoch 3 - Save Best Score: 0.6969 Model
[Fold8] Best score: 0.6969402622632346
================== fold: 9 training ======================
Epoch: [1][0/936] Elapsed 0m 0s (remain 6m 31s) Loss: 0.7177(0.7177) LR: 0.00002000 Accuracy: 0.5000 
Epoch: [1][300/936] Elapsed 1m 5s (remain 2m 18s) Loss: 0.4182(0.6621) LR: 0.00002000 Accuracy: 0.5673 
Epoch: [1][600/936] Elapsed 2m 11s (remain 1m 13s) Loss: 0.6039(0.6519) LR: 0.00002000 Accuracy: 0.5944 
Epoch: [1][900/936] Elapsed 3m 17s (remain 0m 7s) Loss: 0.8668(0.6554) LR: 0.00002000 Accuracy: 0.5991 
Epoch: [1][935/936] Elapsed 3m 25s (remain 0m 0s) Loss: 0.7330(0.6552) LR: 0.00002000 Accuracy: 0.5999 
EVAL: [0/104] Elapsed 0m 0s (remain 0m 42s) Loss: 0.4044(0.4044) accuracy: 1.0000 f1 score: 1.0
EVAL: [103/104] Elapsed 0m 6s (remain 0m 0s) Loss: 0.8973(0.7036) accuracy: 0.6250 f1 score: 0.6082578775805867
Epoch 1 - avg_train_loss: 0.6552  train_acc: 0.5999  valid_acc: 0.6250  valid_f1: 0.6083  time: 212s
Epoch 1 - Save Best Score: 0.6083 Model
Epoch: [2][0/936] Elapsed 0m 0s (remain 9m 5s) Loss: 0.6345(0.6345) LR: 0.00001050 Accuracy: 0.5000 
Epoch: [2][300/936] Elapsed 1m 6s (remain 2m 19s) Loss: 0.2768(0.5575) LR: 0.00001050 Accuracy: 0.7002 
Epoch: [2][600/936] Elapsed 2m 12s (remain 1m 13s) Loss: 0.3357(0.5415) LR: 0.00001050 Accuracy: 0.7146 
Epoch: [2][900/936] Elapsed 3m 18s (remain 0m 7s) Loss: 0.5168(0.5347) LR: 0.00001050 Accuracy: 0.7203 
Epoch: [2][935/936] Elapsed 3m 25s (remain 0m 0s) Loss: 0.3808(0.5338) LR: 0.00001050 Accuracy: 0.7222 
EVAL: [0/104] Elapsed 0m 0s (remain 0m 36s) Loss: 0.3527(0.3527) accuracy: 1.0000 f1 score: 1.0
EVAL: [103/104] Elapsed 0m 5s (remain 0m 0s) Loss: 0.7962(0.6797) accuracy: 0.6683 f1 score: 0.6612217920876216
Epoch 2 - avg_train_loss: 0.5338  train_acc: 0.7222  valid_acc: 0.6683  valid_f1: 0.6612  time: 212s
Epoch 2 - Save Best Score: 0.6612 Model
Epoch: [3][0/936] Elapsed 0m 0s (remain 9m 15s) Loss: 0.2522(0.2522) LR: 0.00000100 Accuracy: 1.0000 
Epoch: [3][300/936] Elapsed 1m 6s (remain 2m 19s) Loss: 0.3882(0.3977) LR: 0.00000100 Accuracy: 0.8065 
Epoch: [3][600/936] Elapsed 2m 12s (remain 1m 13s) Loss: 0.3031(0.3861) LR: 0.00000100 Accuracy: 0.8257 
Epoch: [3][900/936] Elapsed 3m 18s (remain 0m 7s) Loss: 0.1621(0.3753) LR: 0.00000100 Accuracy: 0.8324 
Epoch: [3][935/936] Elapsed 3m 25s (remain 0m 0s) Loss: 0.5680(0.3730) LR: 0.00000100 Accuracy: 0.8331 
EVAL: [0/104] Elapsed 0m 0s (remain 0m 41s) Loss: 0.3360(0.3360) accuracy: 1.0000 f1 score: 1.0
EVAL: [103/104] Elapsed 0m 6s (remain 0m 0s) Loss: 0.7839(0.6736) accuracy: 0.6731 f1 score: 0.6728879021253961
Epoch 3 - avg_train_loss: 0.3730  train_acc: 0.8331  valid_acc: 0.6731  valid_f1: 0.6729  time: 212s
Epoch 3 - Save Best Score: 0.6729 Model
[Fold9] Best score: 0.6728879021253961
