================== fold: 0 training ======================
Epoch: [1][0/1109] Elapsed 0m 1s (remain 23m 13s) Loss: 0.6608(0.6608) LR: 0.00002000 Accuracy: 0.5000
Epoch: [1][300/1109] Elapsed 1m 4s (remain 2m 54s) Loss: 0.6354(0.8385) LR: 0.00002000 Accuracy: 0.5075
Epoch: [1][600/1109] Elapsed 2m 9s (remain 1m 49s) Loss: 0.6895(0.8020) LR: 0.00002000 Accuracy: 0.5171
Epoch: [1][900/1109] Elapsed 3m 14s (remain 0m 44s) Loss: 0.9297(0.7823) LR: 0.00002000 Accuracy: 0.5189
Epoch: [1][1108/1109] Elapsed 3m 59s (remain 0m 0s) Loss: 0.6569(0.7722) LR: 0.00002000 Accuracy: 0.5201
EVAL: [0/124] Elapsed 0m 0s (remain 0m 35s) Loss: 0.7492(0.7492) Accuracy: 0.5000 F1 Score: 0.3333
EVAL: [123/124] Elapsed 0m 7s (remain 0m 0s) Loss: 0.9893(0.7168) Accuracy: 0.6045 F1 Score: 0.5914
Epoch 1 - avg_train_loss: 0.7722  train_acc: 0.5201  valid_acc: 0.6045  valid_f1: 0.5914  time: 247s
Epoch 1 - Save Best Score: 0.5914 Model
Epoch: [2][0/1109] Elapsed 0m 0s (remain 7m 24s) Loss: 0.3619(0.3619) LR: 0.00001050 Accuracy: 1.0000
Epoch: [2][300/1109] Elapsed 1m 5s (remain 2m 54s) Loss: 0.5512(0.6858) LR: 0.00001050 Accuracy: 0.5897
Epoch: [2][600/1109] Elapsed 2m 9s (remain 1m 49s) Loss: 0.8200(0.6786) LR: 0.00001050 Accuracy: 0.5936
Epoch: [2][900/1109] Elapsed 3m 14s (remain 0m 44s) Loss: 0.4013(0.6819) LR: 0.00001050 Accuracy: 0.5860
Epoch: [2][1108/1109] Elapsed 3m 59s (remain 0m 0s) Loss: 0.5736(0.6808) LR: 0.00001050 Accuracy: 0.5861
EVAL: [0/124] Elapsed 0m 0s (remain 0m 34s) Loss: 0.7357(0.7357) Accuracy: 0.5000 F1 Score: 0.3333
EVAL: [123/124] Elapsed 0m 6s (remain 0m 0s) Loss: 0.9702(0.7130) Accuracy: 0.6166 F1 Score: 0.6164
Epoch 2 - avg_train_loss: 0.6808  train_acc: 0.5861  valid_acc: 0.6166  valid_f1: 0.6164  time: 246s
Epoch 2 - Save Best Score: 0.6164 Model
Epoch: [3][0/1109] Elapsed 0m 0s (remain 7m 53s) Loss: 0.5641(0.5641) LR: 0.00000100 Accuracy: 0.5000
Epoch: [3][300/1109] Elapsed 1m 5s (remain 2m 54s) Loss: 1.1777(0.6699) LR: 0.00000100 Accuracy: 0.5880
Epoch: [3][600/1109] Elapsed 2m 10s (remain 1m 50s) Loss: 0.6630(0.6663) LR: 0.00000100 Accuracy: 0.5865
Epoch: [3][900/1109] Elapsed 3m 15s (remain 0m 45s) Loss: 0.7571(0.6567) LR: 0.00000100 Accuracy: 0.6018
Epoch: [3][1108/1109] Elapsed 4m 0s (remain 0m 0s) Loss: 0.7472(0.6527) LR: 0.00000100 Accuracy: 0.6062
EVAL: [0/124] Elapsed 0m 0s (remain 0m 47s) Loss: 0.7421(0.7421) Accuracy: 0.5000 F1 Score: 0.3333
EVAL: [123/124] Elapsed 0m 7s (remain 0m 0s) Loss: 0.9856(0.7062) Accuracy: 0.6166 F1 Score: 0.6165
Epoch 3 - avg_train_loss: 0.6527  train_acc: 0.6062  valid_acc: 0.6166  valid_f1: 0.6165  time: 248s
Epoch 3 - Save Best Score: 0.6165 Model
Epoch: [4][0/1109] Elapsed 0m 0s (remain 8m 14s) Loss: 0.6084(0.6084) LR: 0.00001050 Accuracy: 0.5000
Epoch: [4][300/1109] Elapsed 1m 5s (remain 2m 55s) Loss: 0.8721(0.6800) LR: 0.00001050 Accuracy: 0.5756
Epoch: [4][600/1109] Elapsed 2m 10s (remain 1m 50s) Loss: 0.3247(0.6712) LR: 0.00001050 Accuracy: 0.5903
Epoch: [4][900/1109] Elapsed 3m 16s (remain 0m 45s) Loss: 0.7009(0.6687) LR: 0.00001050 Accuracy: 0.5880
Epoch: [4][1108/1109] Elapsed 4m 1s (remain 0m 0s) Loss: 0.7437(0.6679) LR: 0.00001050 Accuracy: 0.5893
EVAL: [0/124] Elapsed 0m 0s (remain 0m 42s) Loss: 0.7325(0.7325) Accuracy: 0.5000 F1 Score: 0.5000
EVAL: [123/124] Elapsed 0m 6s (remain 0m 0s) Loss: 0.8779(0.6994) Accuracy: 0.5538 F1 Score: 0.4927
Epoch 4 - avg_train_loss: 0.6679  train_acc: 0.5893  valid_acc: 0.5538  valid_f1: 0.4927  time: 249s
Epoch: [5][0/1109] Elapsed 0m 0s (remain 8m 51s) Loss: 0.9109(0.9109) LR: 0.00002000 Accuracy: 0.2500
Epoch: [5][300/1109] Elapsed 1m 5s (remain 2m 55s) Loss: 1.2626(0.6687) LR: 0.00002000 Accuracy: 0.5980
Epoch: [5][600/1109] Elapsed 2m 10s (remain 1m 49s) Loss: 0.8431(0.6719) LR: 0.00002000 Accuracy: 0.5886
Epoch: [5][900/1109] Elapsed 3m 15s (remain 0m 45s) Loss: 0.4885(0.6735) LR: 0.00002000 Accuracy: 0.5849
Epoch: [5][1108/1109] Elapsed 4m 0s (remain 0m 0s) Loss: 0.7834(0.6717) LR: 0.00002000 Accuracy: 0.5881
EVAL: [0/124] Elapsed 0m 0s (remain 0m 34s) Loss: 0.7306(0.7306) Accuracy: 0.5000 F1 Score: 0.3333
EVAL: [123/124] Elapsed 0m 6s (remain 0m 0s) Loss: 1.0125(0.7171) Accuracy: 0.6004 F1 Score: 0.5983
Epoch 5 - avg_train_loss: 0.6717  train_acc: 0.5881  valid_acc: 0.6004  valid_f1: 0.5983  time: 247s
Epoch: [6][0/1109] Elapsed 0m 0s (remain 7m 23s) Loss: 0.4069(0.4069) LR: 0.00001050 Accuracy: 0.7500
Epoch: [6][300/1109] Elapsed 1m 5s (remain 2m 55s) Loss: 0.5659(0.6384) LR: 0.00001050 Accuracy: 0.6362
Epoch: [6][600/1109] Elapsed 2m 10s (remain 1m 50s) Loss: 0.7327(0.6423) LR: 0.00001050 Accuracy: 0.6298
Epoch: [6][900/1109] Elapsed 3m 15s (remain 0m 45s) Loss: 0.4724(0.6467) LR: 0.00001050 Accuracy: 0.6229
Epoch: [6][1108/1109] Elapsed 4m 0s (remain 0m 0s) Loss: 0.6844(0.6497) LR: 0.00001050 Accuracy: 0.6163
EVAL: [0/124] Elapsed 0m 0s (remain 0m 46s) Loss: 0.7053(0.7053) Accuracy: 0.7500 F1 Score: 0.7333
EVAL: [123/124] Elapsed 0m 7s (remain 0m 0s) Loss: 1.0376(0.7068) Accuracy: 0.6024 F1 Score: 0.6024
Epoch 6 - avg_train_loss: 0.6497  train_acc: 0.6163  valid_acc: 0.6024  valid_f1: 0.6024  time: 248s
Epoch: [7][0/1109] Elapsed 0m 0s (remain 7m 37s) Loss: 0.6594(0.6594) LR: 0.00000100 Accuracy: 0.5000
Epoch: [7][300/1109] Elapsed 1m 4s (remain 2m 53s) Loss: 0.5102(0.6278) LR: 0.00000100 Accuracy: 0.6537
Epoch: [7][600/1109] Elapsed 2m 9s (remain 1m 49s) Loss: 0.5064(0.6250) LR: 0.00000100 Accuracy: 0.6522
Epoch: [7][900/1109] Elapsed 3m 14s (remain 0m 44s) Loss: 0.3721(0.6207) LR: 0.00000100 Accuracy: 0.6598
Epoch: [7][1108/1109] Elapsed 3m 59s (remain 0m 0s) Loss: 0.5026(0.6195) LR: 0.00000100 Accuracy: 0.6612
EVAL: [0/124] Elapsed 0m 0s (remain 0m 38s) Loss: 0.7021(0.7021) Accuracy: 0.7500 F1 Score: 0.7333
EVAL: [123/124] Elapsed 0m 6s (remain 0m 0s) Loss: 1.0435(0.7036) Accuracy: 0.6004 F1 Score: 0.6002
Epoch 7 - avg_train_loss: 0.6195  train_acc: 0.6612  valid_acc: 0.6004  valid_f1: 0.6002  time: 246s
Epoch: [8][0/1109] Elapsed 0m 0s (remain 7m 17s) Loss: 0.8620(0.8620) LR: 0.00001050 Accuracy: 0.2500
Epoch: [8][300/1109] Elapsed 1m 5s (remain 2m 54s) Loss: 0.4349(0.6216) LR: 0.00001050 Accuracy: 0.6645
Epoch: [8][600/1109] Elapsed 2m 10s (remain 1m 50s) Loss: 0.5414(0.6345) LR: 0.00001050 Accuracy: 0.6489
Epoch: [8][900/1109] Elapsed 3m 14s (remain 0m 45s) Loss: 0.4401(0.6310) LR: 0.00001050 Accuracy: 0.6476
Epoch: [8][1108/1109] Elapsed 3m 59s (remain 0m 0s) Loss: 1.1355(0.6307) LR: 0.00001050 Accuracy: 0.6425
EVAL: [0/124] Elapsed 0m 0s (remain 0m 43s) Loss: 0.7249(0.7249) Accuracy: 0.5000 F1 Score: 0.3333
EVAL: [123/124] Elapsed 0m 7s (remain 0m 0s) Loss: 1.1680(0.7237) Accuracy: 0.5923 F1 Score: 0.5701
Epoch 8 - avg_train_loss: 0.6307  train_acc: 0.6425  valid_acc: 0.5923  valid_f1: 0.5701  time: 247s
Epoch: [9][0/1109] Elapsed 0m 0s (remain 8m 40s) Loss: 0.7770(0.7770) LR: 0.00002000 Accuracy: 0.7500
Epoch: [9][300/1109] Elapsed 1m 5s (remain 2m 55s) Loss: 1.0292(0.6398) LR: 0.00002000 Accuracy: 0.6462
Epoch: [9][600/1109] Elapsed 2m 10s (remain 1m 50s) Loss: 0.7245(0.6421) LR: 0.00002000 Accuracy: 0.6452
Epoch: [9][900/1109] Elapsed 3m 14s (remain 0m 45s) Loss: 0.5332(0.6444) LR: 0.00002000 Accuracy: 0.6398
Epoch: [9][1108/1109] Elapsed 3m 59s (remain 0m 0s) Loss: 0.6618(0.6437) LR: 0.00002000 Accuracy: 0.6368
EVAL: [0/124] Elapsed 0m 0s (remain 0m 44s) Loss: 0.6807(0.6807) Accuracy: 0.7500 F1 Score: 0.7333
EVAL: [123/124] Elapsed 0m 6s (remain 0m 0s) Loss: 0.9150(0.7034) Accuracy: 0.5984 F1 Score: 0.5726
Epoch 9 - avg_train_loss: 0.6437  train_acc: 0.6368  valid_acc: 0.5984  valid_f1: 0.5726  time: 247s
Epoch: [10][0/1109] Elapsed 0m 0s (remain 7m 23s) Loss: 0.6598(0.6598) LR: 0.00001050 Accuracy: 0.7500
Epoch: [10][300/1109] Elapsed 1m 5s (remain 2m 54s) Loss: 0.7703(0.6134) LR: 0.00001050 Accuracy: 0.6736
Epoch: [10][600/1109] Elapsed 2m 10s (remain 1m 49s) Loss: 0.6894(0.6117) LR: 0.00001050 Accuracy: 0.6626
Epoch: [10][900/1109] Elapsed 3m 14s (remain 0m 45s) Loss: 0.6455(0.6138) LR: 0.00001050 Accuracy: 0.6648
Epoch: [10][1108/1109] Elapsed 3m 59s (remain 0m 0s) Loss: 0.4061(0.6138) LR: 0.00001050 Accuracy: 0.6648
EVAL: [0/124] Elapsed 0m 0s (remain 0m 49s) Loss: 0.6863(0.6863) Accuracy: 0.7500 F1 Score: 0.7333
EVAL: [123/124] Elapsed 0m 7s (remain 0m 0s) Loss: 0.9619(0.7025) Accuracy: 0.5862 F1 Score: 0.5741
Epoch 10 - avg_train_loss: 0.6138  train_acc: 0.6648  valid_acc: 0.5862  valid_f1: 0.5741  time: 247s
[Fold0] Best score: 0.6165318846842398
================== fold: 1 training ======================
Epoch: [1][0/1109] Elapsed 0m 0s (remain 7m 24s) Loss: 0.7195(0.7195) LR: 0.00002000 Accuracy: 0.5000
Epoch: [1][300/1109] Elapsed 1m 5s (remain 2m 54s) Loss: 0.5635(0.8913) LR: 0.00002000 Accuracy: 0.4983
Epoch: [1][600/1109] Elapsed 2m 10s (remain 1m 50s) Loss: 0.8607(0.8318) LR: 0.00002000 Accuracy: 0.5037
Epoch: [1][900/1109] Elapsed 3m 15s (remain 0m 45s) Loss: 0.6891(0.7939) LR: 0.00002000 Accuracy: 0.5183
Epoch: [1][1108/1109] Elapsed 4m 0s (remain 0m 0s) Loss: 0.6979(0.7804) LR: 0.00002000 Accuracy: 0.5205
EVAL: [0/124] Elapsed 0m 0s (remain 0m 33s) Loss: 0.4200(0.4200) Accuracy: 0.7500 F1 Score: 0.4286
EVAL: [123/124] Elapsed 0m 6s (remain 0m 0s) Loss: 0.3845(0.7232) Accuracy: 0.6126 F1 Score: 0.5742
Epoch 1 - avg_train_loss: 0.7804  train_acc: 0.5205  valid_acc: 0.6126  valid_f1: 0.5742  time: 247s
Epoch 1 - Save Best Score: 0.5742 Model
Epoch: [2][0/1109] Elapsed 0m 0s (remain 6m 55s) Loss: 0.4274(0.4274) LR: 0.00001050 Accuracy: 1.0000
Epoch: [2][300/1109] Elapsed 1m 4s (remain 2m 53s) Loss: 0.7504(0.6834) LR: 0.00001050 Accuracy: 0.5698
Epoch: [2][600/1109] Elapsed 2m 9s (remain 1m 49s) Loss: 1.1074(0.6820) LR: 0.00001050 Accuracy: 0.5824
Epoch: [2][900/1109] Elapsed 3m 14s (remain 0m 44s) Loss: 0.5815(0.6784) LR: 0.00001050 Accuracy: 0.5819
Epoch: [2][1108/1109] Elapsed 3m 59s (remain 0m 0s) Loss: 0.6259(0.6789) LR: 0.00001050 Accuracy: 0.5823
EVAL: [0/124] Elapsed 0m 0s (remain 0m 42s) Loss: 0.4309(0.4309) Accuracy: 0.7500 F1 Score: 0.4286
EVAL: [123/124] Elapsed 0m 6s (remain 0m 0s) Loss: 0.3621(0.7163) Accuracy: 0.6491 F1 Score: 0.6465
Epoch 2 - avg_train_loss: 0.6789  train_acc: 0.5823  valid_acc: 0.6491  valid_f1: 0.6465  time: 247s
Epoch 2 - Save Best Score: 0.6465 Model
Epoch: [3][0/1109] Elapsed 0m 0s (remain 9m 46s) Loss: 0.9963(0.9963) LR: 0.00000100 Accuracy: 0.2500
Epoch: [3][300/1109] Elapsed 1m 5s (remain 2m 55s) Loss: 0.5100(0.6749) LR: 0.00000100 Accuracy: 0.5781
Epoch: [3][600/1109] Elapsed 2m 10s (remain 1m 50s) Loss: 0.7036(0.6606) LR: 0.00000100 Accuracy: 0.5932
Epoch: [3][900/1109] Elapsed 3m 15s (remain 0m 45s) Loss: 0.8415(0.6649) LR: 0.00000100 Accuracy: 0.5999
Epoch: [3][1108/1109] Elapsed 4m 0s (remain 0m 0s) Loss: 0.6409(0.6662) LR: 0.00000100 Accuracy: 0.6026
EVAL: [0/124] Elapsed 0m 0s (remain 0m 42s) Loss: 0.4641(0.4641) Accuracy: 0.5000 F1 Score: 0.3333
EVAL: [123/124] Elapsed 0m 6s (remain 0m 0s) Loss: 0.3877(0.6993) Accuracy: 0.6227 F1 Score: 0.6180
Epoch 3 - avg_train_loss: 0.6662  train_acc: 0.6026  valid_acc: 0.6227  valid_f1: 0.6180  time: 248s
Epoch: [4][0/1109] Elapsed 0m 0s (remain 10m 5s) Loss: 0.6508(0.6508) LR: 0.00001050 Accuracy: 0.5000
Epoch: [4][300/1109] Elapsed 1m 5s (remain 2m 55s) Loss: 0.8954(0.6714) LR: 0.00001050 Accuracy: 0.5980
Epoch: [4][600/1109] Elapsed 2m 10s (remain 1m 50s) Loss: 0.6718(0.6737) LR: 0.00001050 Accuracy: 0.5840
Epoch: [4][900/1109] Elapsed 3m 15s (remain 0m 45s) Loss: 0.5916(0.6753) LR: 0.00001050 Accuracy: 0.5813
Epoch: [4][1108/1109] Elapsed 4m 0s (remain 0m 0s) Loss: 0.4512(0.6737) LR: 0.00001050 Accuracy: 0.5784
EVAL: [0/124] Elapsed 0m 0s (remain 0m 43s) Loss: 0.4690(0.4690) Accuracy: 0.5000 F1 Score: 0.3333
EVAL: [123/124] Elapsed 0m 6s (remain 0m 0s) Loss: 0.3860(0.6987) Accuracy: 0.6268 F1 Score: 0.6234
Epoch 4 - avg_train_loss: 0.6737  train_acc: 0.5784  valid_acc: 0.6268  valid_f1: 0.6234  time: 248s
Epoch: [5][0/1109] Elapsed 0m 0s (remain 7m 33s) Loss: 0.5970(0.5970) LR: 0.00002000 Accuracy: 0.7500
Epoch: [5][300/1109] Elapsed 1m 5s (remain 2m 54s) Loss: 0.8268(0.7186) LR: 0.00002000 Accuracy: 0.5407
Epoch: [5][600/1109] Elapsed 2m 9s (remain 1m 49s) Loss: 0.6535(0.7190) LR: 0.00002000 Accuracy: 0.5262
Epoch: [5][900/1109] Elapsed 3m 14s (remain 0m 44s) Loss: 0.7980(0.7085) LR: 0.00002000 Accuracy: 0.5344
Epoch: [5][1108/1109] Elapsed 3m 59s (remain 0m 0s) Loss: 0.8270(0.7073) LR: 0.00002000 Accuracy: 0.5311
EVAL: [0/124] Elapsed 0m 0s (remain 0m 47s) Loss: 0.4266(0.4266) Accuracy: 0.7500 F1 Score: 0.4286
EVAL: [123/124] Elapsed 0m 7s (remain 0m 0s) Loss: 0.4214(0.7218) Accuracy: 0.6085 F1 Score: 0.5895
Epoch 5 - avg_train_loss: 0.7073  train_acc: 0.5311  valid_acc: 0.6085  valid_f1: 0.5895  time: 246s
Epoch: [6][0/1109] Elapsed 0m 0s (remain 9m 32s) Loss: 0.8372(0.8372) LR: 0.00001050 Accuracy: 0.5000
Epoch: [6][300/1109] Elapsed 1m 5s (remain 2m 55s) Loss: 0.7622(0.6658) LR: 0.00001050 Accuracy: 0.5889
Epoch: [6][600/1109] Elapsed 2m 10s (remain 1m 49s) Loss: 0.5575(0.6634) LR: 0.00001050 Accuracy: 0.5978
Epoch: [6][900/1109] Elapsed 3m 14s (remain 0m 44s) Loss: 0.4056(0.6608) LR: 0.00001050 Accuracy: 0.6007
Epoch: [6][1108/1109] Elapsed 3m 59s (remain 0m 0s) Loss: 0.7574(0.6608) LR: 0.00001050 Accuracy: 0.6008
EVAL: [0/124] Elapsed 0m 0s (remain 0m 34s) Loss: 0.4978(0.4978) Accuracy: 0.7500 F1 Score: 0.4286
EVAL: [123/124] Elapsed 0m 6s (remain 0m 0s) Loss: 0.4661(0.6947) Accuracy: 0.6024 F1 Score: 0.5702
Epoch 6 - avg_train_loss: 0.6608  train_acc: 0.6008  valid_acc: 0.6024  valid_f1: 0.5702  time: 247s
Epoch: [7][0/1109] Elapsed 0m 0s (remain 7m 25s) Loss: 0.7197(0.7197) LR: 0.00000100 Accuracy: 0.2500
Epoch: [7][300/1109] Elapsed 1m 5s (remain 2m 55s) Loss: 0.6912(0.6401) LR: 0.00000100 Accuracy: 0.5681
Epoch: [7][600/1109] Elapsed 2m 10s (remain 1m 50s) Loss: 0.6992(0.6379) LR: 0.00000100 Accuracy: 0.5940
Epoch: [7][900/1109] Elapsed 3m 14s (remain 0m 45s) Loss: 0.5055(0.6276) LR: 0.00000100 Accuracy: 0.6146
Epoch: [7][1108/1109] Elapsed 3m 59s (remain 0m 0s) Loss: 0.5125(0.6267) LR: 0.00000100 Accuracy: 0.6181
EVAL: [0/124] Elapsed 0m 0s (remain 0m 39s) Loss: 0.4333(0.4333) Accuracy: 0.7500 F1 Score: 0.4286
EVAL: [123/124] Elapsed 0m 6s (remain 0m 0s) Loss: 0.3916(0.7013) Accuracy: 0.6207 F1 Score: 0.6202
Epoch 7 - avg_train_loss: 0.6267  train_acc: 0.6181  valid_acc: 0.6207  valid_f1: 0.6202  time: 247s
Epoch: [8][0/1109] Elapsed 0m 0s (remain 8m 54s) Loss: 0.6480(0.6480) LR: 0.00001050 Accuracy: 0.7500
Epoch: [8][300/1109] Elapsed 1m 5s (remain 2m 54s) Loss: 0.7131(0.6443) LR: 0.00001050 Accuracy: 0.6453
Epoch: [8][600/1109] Elapsed 2m 9s (remain 1m 49s) Loss: 0.5101(0.6375) LR: 0.00001050 Accuracy: 0.6435
Epoch: [8][900/1109] Elapsed 3m 14s (remain 0m 44s) Loss: 0.7366(0.6423) LR: 0.00001050 Accuracy: 0.6307
Epoch: [8][1108/1109] Elapsed 3m 59s (remain 0m 0s) Loss: 0.7426(0.6447) LR: 0.00001050 Accuracy: 0.6283
EVAL: [0/124] Elapsed 0m 0s (remain 0m 33s) Loss: 0.4551(0.4551) Accuracy: 0.7500 F1 Score: 0.4286
EVAL: [123/124] Elapsed 0m 6s (remain 0m 0s) Loss: 0.4128(0.6981) Accuracy: 0.6389 F1 Score: 0.6383
Epoch 8 - avg_train_loss: 0.6447  train_acc: 0.6283  valid_acc: 0.6389  valid_f1: 0.6383  time: 246s
Epoch: [9][0/1109] Elapsed 0m 0s (remain 7m 29s) Loss: 0.3036(0.3036) LR: 0.00002000 Accuracy: 1.0000
Epoch: [9][300/1109] Elapsed 1m 4s (remain 2m 53s) Loss: 0.5915(0.6490) LR: 0.00002000 Accuracy: 0.6204
Epoch: [9][600/1109] Elapsed 2m 9s (remain 1m 49s) Loss: 0.8943(0.6594) LR: 0.00002000 Accuracy: 0.6069
Epoch: [9][900/1109] Elapsed 3m 14s (remain 0m 44s) Loss: 0.6364(0.6602) LR: 0.00002000 Accuracy: 0.6027
Epoch: [9][1108/1109] Elapsed 3m 58s (remain 0m 0s) Loss: 1.1193(0.6564) LR: 0.00002000 Accuracy: 0.6102
EVAL: [0/124] Elapsed 0m 0s (remain 0m 40s) Loss: 0.3998(0.3998) Accuracy: 1.0000 F1 Score: 1.0000
EVAL: [123/124] Elapsed 0m 6s (remain 0m 0s) Loss: 0.3628(0.7207) Accuracy: 0.6004 F1 Score: 0.5917
Epoch 9 - avg_train_loss: 0.6564  train_acc: 0.6102  valid_acc: 0.6004  valid_f1: 0.5917  time: 246s
Epoch: [10][0/1109] Elapsed 0m 0s (remain 9m 13s) Loss: 0.5532(0.5532) LR: 0.00001050 Accuracy: 0.7500
Epoch: [10][300/1109] Elapsed 1m 5s (remain 2m 55s) Loss: 0.4965(0.6395) LR: 0.00001050 Accuracy: 0.6163
Epoch: [10][600/1109] Elapsed 2m 9s (remain 1m 49s) Loss: 0.8940(0.6306) LR: 0.00001050 Accuracy: 0.6352
Epoch: [10][900/1109] Elapsed 3m 14s (remain 0m 44s) Loss: 0.4501(0.6297) LR: 0.00001050 Accuracy: 0.6393
Epoch: [10][1108/1109] Elapsed 3m 59s (remain 0m 0s) Loss: 1.0415(0.6294) LR: 0.00001050 Accuracy: 0.6393
EVAL: [0/124] Elapsed 0m 0s (remain 0m 34s) Loss: 0.4589(0.4589) Accuracy: 0.7500 F1 Score: 0.4286
EVAL: [123/124] Elapsed 0m 6s (remain 0m 0s) Loss: 0.3936(0.6905) Accuracy: 0.6247 F1 Score: 0.6179
Epoch 10 - avg_train_loss: 0.6294  train_acc: 0.6393  valid_acc: 0.6247  valid_f1: 0.6179  time: 246s
[Fold1] Best score: 0.6465217481401662
================== fold: 2 training ======================
Epoch: [1][0/1109] Elapsed 0m 0s (remain 7m 28s) Loss: 0.8709(0.8709) LR: 0.00002000 Accuracy: 0.2500
Epoch: [1][300/1109] Elapsed 1m 5s (remain 2m 54s) Loss: 0.8116(0.8753) LR: 0.00002000 Accuracy: 0.4751
Epoch: [1][600/1109] Elapsed 2m 10s (remain 1m 50s) Loss: 0.5606(0.8141) LR: 0.00002000 Accuracy: 0.5008
Epoch: [1][900/1109] Elapsed 3m 15s (remain 0m 45s) Loss: 0.7183(0.7884) LR: 0.00002000 Accuracy: 0.5078
Epoch: [1][1108/1109] Elapsed 4m 0s (remain 0m 0s) Loss: 0.7363(0.7744) LR: 0.00002000 Accuracy: 0.5201
EVAL: [0/124] Elapsed 0m 0s (remain 0m 31s) Loss: 0.4556(0.4556) Accuracy: 0.5000 F1 Score: 0.3333
EVAL: [123/124] Elapsed 0m 6s (remain 0m 0s) Loss: 0.5112(0.7083) Accuracy: 0.6126 F1 Score: 0.6125
Epoch 1 - avg_train_loss: 0.7744  train_acc: 0.5201  valid_acc: 0.6126  valid_f1: 0.6125  time: 247s
Epoch 1 - Save Best Score: 0.6125 Model
Epoch: [2][0/1109] Elapsed 0m 0s (remain 7m 18s) Loss: 0.9478(0.9478) LR: 0.00001050 Accuracy: 0.5000
Epoch: [2][300/1109] Elapsed 1m 4s (remain 2m 53s) Loss: 0.7133(0.7018) LR: 0.00001050 Accuracy: 0.5590
Epoch: [2][600/1109] Elapsed 2m 9s (remain 1m 49s) Loss: 0.5361(0.7051) LR: 0.00001050 Accuracy: 0.5553
Epoch: [2][900/1109] Elapsed 3m 13s (remain 0m 44s) Loss: 0.4229(0.6939) LR: 0.00001050 Accuracy: 0.5677
Epoch: [2][1108/1109] Elapsed 3m 58s (remain 0m 0s) Loss: 0.9034(0.6893) LR: 0.00001050 Accuracy: 0.5719
EVAL: [0/124] Elapsed 0m 0s (remain 0m 34s) Loss: 0.4726(0.4726) Accuracy: 0.5000 F1 Score: 0.3333
EVAL: [123/124] Elapsed 0m 6s (remain 0m 0s) Loss: 0.5308(0.7018) Accuracy: 0.6065 F1 Score: 0.5863
Epoch 2 - avg_train_loss: 0.6893  train_acc: 0.5719  valid_acc: 0.6065  valid_f1: 0.5863  time: 245s
Epoch: [3][0/1109] Elapsed 0m 0s (remain 7m 31s) Loss: 0.5540(0.5540) LR: 0.00000100 Accuracy: 0.7500
Epoch: [3][300/1109] Elapsed 1m 4s (remain 2m 54s) Loss: 0.6194(0.6674) LR: 0.00000100 Accuracy: 0.5831
Epoch: [3][600/1109] Elapsed 2m 9s (remain 1m 49s) Loss: 0.9732(0.6657) LR: 0.00000100 Accuracy: 0.5973
Epoch: [3][900/1109] Elapsed 3m 13s (remain 0m 44s) Loss: 0.7103(0.6656) LR: 0.00000100 Accuracy: 0.5968
Epoch: [3][1108/1109] Elapsed 3m 58s (remain 0m 0s) Loss: 0.3192(0.6646) LR: 0.00000100 Accuracy: 0.5996
EVAL: [0/124] Elapsed 0m 0s (remain 0m 33s) Loss: 0.4404(0.4404) Accuracy: 0.7500 F1 Score: 0.4286
EVAL: [123/124] Elapsed 0m 6s (remain 0m 0s) Loss: 0.4961(0.7082) Accuracy: 0.6105 F1 Score: 0.6104
Epoch 3 - avg_train_loss: 0.6646  train_acc: 0.5996  valid_acc: 0.6105  valid_f1: 0.6104  time: 246s
Epoch: [4][0/1109] Elapsed 0m 0s (remain 7m 2s) Loss: 0.4054(0.4054) LR: 0.00001050 Accuracy: 1.0000
Epoch: [4][300/1109] Elapsed 1m 4s (remain 2m 53s) Loss: 1.1815(0.6810) LR: 0.00001050 Accuracy: 0.5897
Epoch: [4][600/1109] Elapsed 2m 9s (remain 1m 49s) Loss: 0.5032(0.6714) LR: 0.00001050 Accuracy: 0.6027
Epoch: [4][900/1109] Elapsed 3m 14s (remain 0m 44s) Loss: 0.7424(0.6743) LR: 0.00001050 Accuracy: 0.5963
Epoch: [4][1108/1109] Elapsed 3m 59s (remain 0m 0s) Loss: 0.5996(0.6776) LR: 0.00001050 Accuracy: 0.5908
EVAL: [0/124] Elapsed 0m 0s (remain 0m 38s) Loss: 0.4670(0.4670) Accuracy: 0.5000 F1 Score: 0.3333
EVAL: [123/124] Elapsed 0m 6s (remain 0m 0s) Loss: 0.4810(0.7071) Accuracy: 0.5923 F1 Score: 0.5884
Epoch 4 - avg_train_loss: 0.6776  train_acc: 0.5908  valid_acc: 0.5923  valid_f1: 0.5884  time: 246s
Epoch: [5][0/1109] Elapsed 0m 0s (remain 6m 58s) Loss: 0.9621(0.9621) LR: 0.00002000 Accuracy: 0.5000
Epoch: [5][300/1109] Elapsed 1m 5s (remain 2m 54s) Loss: 0.8570(0.6923) LR: 0.00002000 Accuracy: 0.5581
Epoch: [5][600/1109] Elapsed 2m 10s (remain 1m 49s) Loss: 0.4363(0.6831) LR: 0.00002000 Accuracy: 0.5728
Epoch: [5][900/1109] Elapsed 3m 14s (remain 0m 44s) Loss: 0.6996(0.6767) LR: 0.00002000 Accuracy: 0.5819
Epoch: [5][1108/1109] Elapsed 3m 59s (remain 0m 0s) Loss: 0.6171(0.6748) LR: 0.00002000 Accuracy: 0.5848
EVAL: [0/124] Elapsed 0m 0s (remain 0m 48s) Loss: 0.4855(0.4855) Accuracy: 0.5000 F1 Score: 0.3333
EVAL: [123/124] Elapsed 0m 7s (remain 0m 0s) Loss: 0.5049(0.7018) Accuracy: 0.6024 F1 Score: 0.5871
Epoch 5 - avg_train_loss: 0.6748  train_acc: 0.5848  valid_acc: 0.6024  valid_f1: 0.5871  time: 247s
Epoch: [6][0/1109] Elapsed 0m 0s (remain 8m 39s) Loss: 0.7615(0.7615) LR: 0.00001050 Accuracy: 0.5000
Epoch: [6][300/1109] Elapsed 1m 5s (remain 2m 55s) Loss: 0.4418(0.6463) LR: 0.00001050 Accuracy: 0.6055
Epoch: [6][600/1109] Elapsed 2m 10s (remain 1m 50s) Loss: 0.4979(0.6413) LR: 0.00001050 Accuracy: 0.6252
Epoch: [6][900/1109] Elapsed 3m 15s (remain 0m 45s) Loss: 0.5830(0.6476) LR: 0.00001050 Accuracy: 0.6135
Epoch: [6][1108/1109] Elapsed 4m 0s (remain 0m 0s) Loss: 0.7131(0.6456) LR: 0.00001050 Accuracy: 0.6147
EVAL: [0/124] Elapsed 0m 0s (remain 0m 37s) Loss: 0.4839(0.4839) Accuracy: 0.5000 F1 Score: 0.3333
EVAL: [123/124] Elapsed 0m 6s (remain 0m 0s) Loss: 0.4683(0.6990) Accuracy: 0.5862 F1 Score: 0.5764
Epoch 6 - avg_train_loss: 0.6456  train_acc: 0.6147  valid_acc: 0.5862  valid_f1: 0.5764  time: 247s
Epoch: [7][0/1109] Elapsed 0m 0s (remain 6m 55s) Loss: 0.5753(0.5753) LR: 0.00000100 Accuracy: 0.7500
Epoch: [7][300/1109] Elapsed 1m 4s (remain 2m 54s) Loss: 0.5541(0.6128) LR: 0.00000100 Accuracy: 0.6271
Epoch: [7][600/1109] Elapsed 2m 9s (remain 1m 49s) Loss: 0.6481(0.6172) LR: 0.00000100 Accuracy: 0.6377
Epoch: [7][900/1109] Elapsed 3m 14s (remain 0m 44s) Loss: 0.2615(0.6171) LR: 0.00000100 Accuracy: 0.6426
Epoch: [7][1108/1109] Elapsed 3m 59s (remain 0m 0s) Loss: 0.4310(0.6196) LR: 0.00000100 Accuracy: 0.6425
EVAL: [0/124] Elapsed 0m 0s (remain 0m 46s) Loss: 0.4624(0.4624) Accuracy: 0.5000 F1 Score: 0.3333
EVAL: [123/124] Elapsed 0m 6s (remain 0m 0s) Loss: 0.4417(0.7037) Accuracy: 0.6065 F1 Score: 0.6045
Epoch 7 - avg_train_loss: 0.6196  train_acc: 0.6425  valid_acc: 0.6065  valid_f1: 0.6045  time: 247s
Epoch: [8][0/1109] Elapsed 0m 0s (remain 9m 12s) Loss: 0.3289(0.3289) LR: 0.00001050 Accuracy: 1.0000
Epoch: [8][300/1109] Elapsed 1m 5s (remain 2m 55s) Loss: 0.5040(0.6401) LR: 0.00001050 Accuracy: 0.6312
Epoch: [8][600/1109] Elapsed 2m 10s (remain 1m 49s) Loss: 0.7788(0.6350) LR: 0.00001050 Accuracy: 0.6314
Epoch: [8][900/1109] Elapsed 3m 14s (remain 0m 44s) Loss: 0.4466(0.6314) LR: 0.00001050 Accuracy: 0.6376
Epoch: [8][1108/1109] Elapsed 3m 59s (remain 0m 0s) Loss: 0.4514(0.6332) LR: 0.00001050 Accuracy: 0.6368
EVAL: [0/124] Elapsed 0m 0s (remain 0m 33s) Loss: 0.4469(0.4469) Accuracy: 0.5000 F1 Score: 0.3333
EVAL: [123/124] Elapsed 0m 6s (remain 0m 0s) Loss: 0.4241(0.7094) Accuracy: 0.5984 F1 Score: 0.5976
Epoch 8 - avg_train_loss: 0.6332  train_acc: 0.6368  valid_acc: 0.5984  valid_f1: 0.5976  time: 247s
Epoch: [9][0/1109] Elapsed 0m 0s (remain 7m 2s) Loss: 0.8174(0.8174) LR: 0.00002000 Accuracy: 0.2500
Epoch: [9][300/1109] Elapsed 1m 4s (remain 2m 54s) Loss: 0.4769(0.6542) LR: 0.00002000 Accuracy: 0.6246
Epoch: [9][600/1109] Elapsed 2m 9s (remain 1m 49s) Loss: 0.5602(0.6502) LR: 0.00002000 Accuracy: 0.6219
Epoch: [9][900/1109] Elapsed 3m 14s (remain 0m 44s) Loss: 0.4835(0.6438) LR: 0.00002000 Accuracy: 0.6232
Epoch: [9][1108/1109] Elapsed 3m 58s (remain 0m 0s) Loss: 0.8346(0.6483) LR: 0.00002000 Accuracy: 0.6134
EVAL: [0/124] Elapsed 0m 0s (remain 0m 49s) Loss: 0.5335(0.5335) Accuracy: 0.0000 F1 Score: 0.0000
EVAL: [123/124] Elapsed 0m 7s (remain 0m 0s) Loss: 0.5566(0.6980) Accuracy: 0.5517 F1 Score: 0.4896
Epoch 9 - avg_train_loss: 0.6483  train_acc: 0.6134  valid_acc: 0.5517  valid_f1: 0.4896  time: 246s
Epoch: [10][0/1109] Elapsed 0m 0s (remain 8m 36s) Loss: 0.7788(0.7788) LR: 0.00001050 Accuracy: 0.2500
Epoch: [10][300/1109] Elapsed 1m 5s (remain 2m 54s) Loss: 0.3927(0.6106) LR: 0.00001050 Accuracy: 0.6819
Epoch: [10][600/1109] Elapsed 2m 9s (remain 1m 49s) Loss: 0.3253(0.6217) LR: 0.00001050 Accuracy: 0.6610
Epoch: [10][900/1109] Elapsed 3m 14s (remain 0m 44s) Loss: 0.7868(0.6180) LR: 0.00001050 Accuracy: 0.6640
Epoch: [10][1108/1109] Elapsed 3m 59s (remain 0m 0s) Loss: 0.6096(0.6207) LR: 0.00001050 Accuracy: 0.6619
EVAL: [0/124] Elapsed 0m 0s (remain 0m 45s) Loss: 0.4898(0.4898) Accuracy: 0.5000 F1 Score: 0.3333
EVAL: [123/124] Elapsed 0m 7s (remain 0m 0s) Loss: 0.5239(0.6990) Accuracy: 0.5761 F1 Score: 0.5614
Epoch 10 - avg_train_loss: 0.6207  train_acc: 0.6619  valid_acc: 0.5761  valid_f1: 0.5614  time: 247s
[Fold2] Best score: 0.6124740210301047
================== fold: 3 training ======================
Epoch: [1][0/1109] Elapsed 0m 0s (remain 7m 18s) Loss: 0.6410(0.6410) LR: 0.00002000 Accuracy: 0.5000
Epoch: [1][300/1109] Elapsed 1m 5s (remain 2m 55s) Loss: 0.6866(0.8586) LR: 0.00002000 Accuracy: 0.4950
Epoch: [1][600/1109] Elapsed 2m 10s (remain 1m 50s) Loss: 0.7316(0.8108) LR: 0.00002000 Accuracy: 0.5062
Epoch: [1][900/1109] Elapsed 3m 16s (remain 0m 45s) Loss: 0.9416(0.7995) LR: 0.00002000 Accuracy: 0.5019
Epoch: [1][1108/1109] Elapsed 4m 1s (remain 0m 0s) Loss: 0.6372(0.7828) LR: 0.00002000 Accuracy: 0.5147
EVAL: [0/124] Elapsed 0m 0s (remain 0m 35s) Loss: 0.7169(0.7169) Accuracy: 0.5000 F1 Score: 0.3333
EVAL: [123/124] Elapsed 0m 6s (remain 0m 0s) Loss: 0.9644(0.7239) Accuracy: 0.5862 F1 Score: 0.5458
Epoch 1 - avg_train_loss: 0.7828  train_acc: 0.5147  valid_acc: 0.5862  valid_f1: 0.5458  time: 248s
Epoch 1 - Save Best Score: 0.5458 Model
Epoch: [2][0/1109] Elapsed 0m 0s (remain 7m 21s) Loss: 0.7722(0.7722) LR: 0.00001050 Accuracy: 0.5000
Epoch: [2][300/1109] Elapsed 1m 5s (remain 2m 56s) Loss: 0.6777(0.6873) LR: 0.00001050 Accuracy: 0.5664
Epoch: [2][600/1109] Elapsed 2m 10s (remain 1m 50s) Loss: 0.5324(0.6928) LR: 0.00001050 Accuracy: 0.5657
Epoch: [2][900/1109] Elapsed 3m 15s (remain 0m 45s) Loss: 0.6222(0.6929) LR: 0.00001050 Accuracy: 0.5641
Epoch: [2][1108/1109] Elapsed 4m 1s (remain 0m 0s) Loss: 0.5054(0.6877) LR: 0.00001050 Accuracy: 0.5699
EVAL: [0/124] Elapsed 0m 0s (remain 0m 37s) Loss: 0.7072(0.7072) Accuracy: 0.7500 F1 Score: 0.7333
EVAL: [123/124] Elapsed 0m 6s (remain 0m 0s) Loss: 0.8298(0.7040) Accuracy: 0.6247 F1 Score: 0.6244
Epoch 2 - avg_train_loss: 0.6877  train_acc: 0.5699  valid_acc: 0.6247  valid_f1: 0.6244  time: 248s
Epoch 2 - Save Best Score: 0.6244 Model
Epoch: [3][0/1109] Elapsed 0m 0s (remain 10m 9s) Loss: 0.6121(0.6121) LR: 0.00000100 Accuracy: 0.7500
Epoch: [3][300/1109] Elapsed 1m 5s (remain 2m 55s) Loss: 0.7365(0.6680) LR: 0.00000100 Accuracy: 0.6022
Epoch: [3][600/1109] Elapsed 2m 10s (remain 1m 50s) Loss: 0.9265(0.6646) LR: 0.00000100 Accuracy: 0.5944
Epoch: [3][900/1109] Elapsed 3m 15s (remain 0m 45s) Loss: 0.7104(0.6610) LR: 0.00000100 Accuracy: 0.5977
