================== fold: 0 training ======================
Epoch: [1][0/936] Elapsed 0m 1s (remain 19m 7s) Loss: 0.7422(0.7422) LR: 0.00002000 Accuracy: 0.7500
Epoch: [1][300/936] Elapsed 0m 44s (remain 1m 33s) Loss: 0.5863(0.6772) LR: 0.00002000 Accuracy: 0.5357
Epoch: [1][600/936] Elapsed 1m 27s (remain 0m 48s) Loss: 0.6583(0.6637) LR: 0.00002000 Accuracy: 0.5616
Epoch: [1][900/936] Elapsed 2m 11s (remain 0m 5s) Loss: 0.7510(0.6511) LR: 0.00002000 Accuracy: 0.5855
Epoch: [1][935/936] Elapsed 2m 16s (remain 0m 0s) Loss: 0.5339(0.6502) LR: 0.00002000 Accuracy: 0.5873
EVAL: [0/105] Elapsed 0m 0s (remain 0m 38s) Loss: 0.4020(0.4020) Accuracy: 0.7500 F1 Score: 0.4286
EVAL: [104/105] Elapsed 0m 3s (remain 0m 0s) Loss: 0.8853(0.6950) Accuracy: 0.5923 F1 Score: 0.5548
Epoch 1 - avg_train_loss: 0.6502  train_acc: 0.5873  valid_acc: 0.5923  valid_f1: 0.5548  time: 140s
Epoch 1 - Save Best Score: 0.5548 Model
Epoch: [2][0/936] Elapsed 0m 0s (remain 6m 50s) Loss: 0.6005(0.6005) LR: 0.00001050 Accuracy: 0.5000
Epoch: [2][300/936] Elapsed 0m 44s (remain 1m 33s) Loss: 0.3971(0.5303) LR: 0.00001050 Accuracy: 0.7276
Epoch: [2][600/936] Elapsed 1m 29s (remain 0m 49s) Loss: 0.3746(0.5136) LR: 0.00001050 Accuracy: 0.7404
Epoch: [2][900/936] Elapsed 2m 14s (remain 0m 5s) Loss: 1.0282(0.5036) LR: 0.00001050 Accuracy: 0.7461
Epoch: [2][935/936] Elapsed 2m 19s (remain 0m 0s) Loss: 0.3214(0.5022) LR: 0.00001050 Accuracy: 0.7484
EVAL: [0/105] Elapsed 0m 0s (remain 0m 27s) Loss: 0.3362(0.3362) Accuracy: 1.0000 F1 Score: 1.0000
EVAL: [104/105] Elapsed 0m 2s (remain 0m 0s) Loss: 0.9658(0.7068) Accuracy: 0.6187 F1 Score: 0.6131
Epoch 2 - avg_train_loss: 0.5022  train_acc: 0.7484  valid_acc: 0.6187  valid_f1: 0.6131  time: 142s
Epoch 2 - Save Best Score: 0.6131 Model
Epoch: [3][0/936] Elapsed 0m 0s (remain 7m 37s) Loss: 0.1084(0.1084) LR: 0.00000100 Accuracy: 1.0000
Epoch: [3][300/936] Elapsed 0m 44s (remain 1m 33s) Loss: 0.3047(0.3210) LR: 0.00000100 Accuracy: 0.8929
Epoch: [3][600/936] Elapsed 1m 27s (remain 0m 48s) Loss: 0.1547(0.3138) LR: 0.00000100 Accuracy: 0.8914
Epoch: [3][900/936] Elapsed 2m 10s (remain 0m 5s) Loss: 0.1563(0.3055) LR: 0.00000100 Accuracy: 0.8923
Epoch: [3][935/936] Elapsed 2m 16s (remain 0m 0s) Loss: 0.1999(0.3029) LR: 0.00000100 Accuracy: 0.8942
EVAL: [0/105] Elapsed 0m 0s (remain 0m 43s) Loss: 0.3315(0.3315) Accuracy: 1.0000 F1 Score: 1.0000
EVAL: [104/105] Elapsed 0m 3s (remain 0m 0s) Loss: 0.7773(0.6902) Accuracy: 0.6211 F1 Score: 0.6203
Epoch 3 - avg_train_loss: 0.3029  train_acc: 0.8942  valid_acc: 0.6211  valid_f1: 0.6203  time: 140s
Epoch 3 - Save Best Score: 0.6203 Model
Epoch: [4][0/936] Elapsed 0m 0s (remain 7m 59s) Loss: 0.1516(0.1516) LR: 0.00001050 Accuracy: 1.0000
Epoch: [4][300/936] Elapsed 0m 44s (remain 1m 34s) Loss: 0.1543(0.2744) LR: 0.00001050 Accuracy: 0.9012
Epoch: [4][600/936] Elapsed 1m 30s (remain 0m 50s) Loss: 0.1069(0.2736) LR: 0.00001050 Accuracy: 0.8956
Epoch: [4][900/936] Elapsed 2m 12s (remain 0m 5s) Loss: 0.0887(0.2773) LR: 0.00001050 Accuracy: 0.8929
Epoch: [4][935/936] Elapsed 2m 17s (remain 0m 0s) Loss: 0.0749(0.2801) LR: 0.00001050 Accuracy: 0.8916
EVAL: [0/105] Elapsed 0m 0s (remain 0m 26s) Loss: 0.3221(0.3221) Accuracy: 1.0000 F1 Score: 1.0000
EVAL: [104/105] Elapsed 0m 2s (remain 0m 0s) Loss: 0.7300(0.6902) Accuracy: 0.6283 F1 Score: 0.6274
Epoch 4 - avg_train_loss: 0.2801  train_acc: 0.8916  valid_acc: 0.6283  valid_f1: 0.6274  time: 140s
Epoch 4 - Save Best Score: 0.6274 Model
Epoch: [5][0/936] Elapsed 0m 0s (remain 6m 27s) Loss: 0.2081(0.2081) LR: 0.00002000 Accuracy: 0.7500
Epoch: [5][300/936] Elapsed 0m 44s (remain 1m 33s) Loss: 0.4760(0.1886) LR: 0.00002000 Accuracy: 0.9336
Epoch: [5][600/936] Elapsed 1m 30s (remain 0m 50s) Loss: 0.0673(0.1823) LR: 0.00002000 Accuracy: 0.9339
Epoch: [5][900/936] Elapsed 2m 12s (remain 0m 5s) Loss: 0.0427(0.1961) LR: 0.00002000 Accuracy: 0.9284
Epoch: [5][935/936] Elapsed 2m 17s (remain 0m 0s) Loss: 0.3904(0.1968) LR: 0.00002000 Accuracy: 0.9282
EVAL: [0/105] Elapsed 0m 0s (remain 0m 28s) Loss: 0.3182(0.3182) Accuracy: 1.0000 F1 Score: 1.0000
EVAL: [104/105] Elapsed 0m 2s (remain 0m 0s) Loss: 0.7133(0.6857) Accuracy: 0.6355 F1 Score: 0.6347
Epoch 5 - avg_train_loss: 0.1968  train_acc: 0.9282  valid_acc: 0.6355  valid_f1: 0.6347  time: 140s
Epoch 5 - Save Best Score: 0.6347 Model
Epoch: [6][0/936] Elapsed 0m 0s (remain 7m 30s) Loss: 0.0420(0.0420) LR: 0.00001050 Accuracy: 1.0000
Epoch: [6][300/936] Elapsed 0m 45s (remain 1m 35s) Loss: 0.0196(0.0974) LR: 0.00001050 Accuracy: 0.9726
Epoch: [6][600/936] Elapsed 1m 29s (remain 0m 50s) Loss: 0.0235(0.0958) LR: 0.00001050 Accuracy: 0.9725
Epoch: [6][900/936] Elapsed 2m 14s (remain 0m 5s) Loss: 0.0758(0.0933) LR: 0.00001050 Accuracy: 0.9723
Epoch: [6][935/936] Elapsed 2m 19s (remain 0m 0s) Loss: 0.0196(0.0947) LR: 0.00001050 Accuracy: 0.9717
EVAL: [0/105] Elapsed 0m 0s (remain 0m 43s) Loss: 0.3168(0.3168) Accuracy: 1.0000 F1 Score: 1.0000
EVAL: [104/105] Elapsed 0m 3s (remain 0m 0s) Loss: 1.2649(0.6927) Accuracy: 0.6139 F1 Score: 0.6136
Epoch 6 - avg_train_loss: 0.0947  train_acc: 0.9717  valid_acc: 0.6139  valid_f1: 0.6136  time: 143s
Epoch: [7][0/936] Elapsed 0m 0s (remain 7m 24s) Loss: 0.0298(0.0298) LR: 0.00000100 Accuracy: 1.0000
Epoch: [7][300/936] Elapsed 0m 44s (remain 1m 34s) Loss: 0.3409(0.0660) LR: 0.00000100 Accuracy: 0.9850
Epoch: [7][600/936] Elapsed 1m 28s (remain 0m 49s) Loss: 0.0176(0.0596) LR: 0.00000100 Accuracy: 0.9863
Epoch: [7][900/936] Elapsed 2m 11s (remain 0m 5s) Loss: 0.0265(0.0567) LR: 0.00000100 Accuracy: 0.9867
Epoch: [7][935/936] Elapsed 2m 17s (remain 0m 0s) Loss: 0.0219(0.0563) LR: 0.00000100 Accuracy: 0.9869
EVAL: [0/105] Elapsed 0m 0s (remain 0m 42s) Loss: 0.3168(0.3168) Accuracy: 1.0000 F1 Score: 1.0000
EVAL: [104/105] Elapsed 0m 2s (remain 0m 0s) Loss: 0.7527(0.6831) Accuracy: 0.6235 F1 Score: 0.6232
Epoch 7 - avg_train_loss: 0.0563  train_acc: 0.9869  valid_acc: 0.6235  valid_f1: 0.6232  time: 140s
Epoch: [8][0/936] Elapsed 0m 0s (remain 4m 24s) Loss: 0.0160(0.0160) LR: 0.00001050 Accuracy: 1.0000
Epoch: [8][300/936] Elapsed 0m 44s (remain 1m 33s) Loss: 0.0195(0.0374) LR: 0.00001050 Accuracy: 0.9942
Epoch: [8][600/936] Elapsed 1m 29s (remain 0m 49s) Loss: 0.0195(0.0502) LR: 0.00001050 Accuracy: 0.9884
Epoch: [8][900/936] Elapsed 2m 14s (remain 0m 5s) Loss: 0.0116(0.0547) LR: 0.00001050 Accuracy: 0.9861
Epoch: [8][935/936] Elapsed 2m 20s (remain 0m 0s) Loss: 0.0173(0.0553) LR: 0.00001050 Accuracy: 0.9858
EVAL: [0/105] Elapsed 0m 0s (remain 0m 31s) Loss: 0.3160(0.3160) Accuracy: 1.0000 F1 Score: 1.0000
EVAL: [104/105] Elapsed 0m 2s (remain 0m 0s) Loss: 0.7002(0.7040) Accuracy: 0.6043 F1 Score: 0.6036
Epoch 8 - avg_train_loss: 0.0553  train_acc: 0.9858  valid_acc: 0.6043  valid_f1: 0.6036  time: 143s
Epoch: [9][0/936] Elapsed 0m 0s (remain 7m 26s) Loss: 0.0337(0.0337) LR: 0.00002000 Accuracy: 1.0000
Epoch: [9][300/936] Elapsed 0m 46s (remain 1m 37s) Loss: 0.0082(0.0513) LR: 0.00002000 Accuracy: 0.9867
Epoch: [9][600/936] Elapsed 1m 31s (remain 0m 50s) Loss: 0.0134(0.0706) LR: 0.00002000 Accuracy: 0.9813
Epoch: [9][900/936] Elapsed 2m 16s (remain 0m 5s) Loss: 0.0127(0.0814) LR: 0.00002000 Accuracy: 0.9745
Epoch: [9][935/936] Elapsed 2m 21s (remain 0m 0s) Loss: 0.2350(0.0835) LR: 0.00002000 Accuracy: 0.9738
EVAL: [0/105] Elapsed 0m 0s (remain 0m 29s) Loss: 0.3154(0.3154) Accuracy: 1.0000 F1 Score: 1.0000
EVAL: [104/105] Elapsed 0m 2s (remain 0m 0s) Loss: 0.7198(0.6903) Accuracy: 0.6187 F1 Score: 0.6187
Epoch 9 - avg_train_loss: 0.0835  train_acc: 0.9738  valid_acc: 0.6187  valid_f1: 0.6187  time: 144s
Epoch: [10][0/936] Elapsed 0m 0s (remain 5m 2s) Loss: 0.0610(0.0610) LR: 0.00001050 Accuracy: 1.0000
Epoch: [10][300/936] Elapsed 0m 43s (remain 1m 32s) Loss: 0.0122(0.0541) LR: 0.00001050 Accuracy: 0.9826
Epoch: [10][600/936] Elapsed 1m 26s (remain 0m 48s) Loss: 0.0137(0.0611) LR: 0.00001050 Accuracy: 0.9813
Epoch: [10][900/936] Elapsed 2m 11s (remain 0m 5s) Loss: 1.2256(0.0518) LR: 0.00001050 Accuracy: 0.9853
Epoch: [10][935/936] Elapsed 2m 16s (remain 0m 0s) Loss: 0.0135(0.0503) LR: 0.00001050 Accuracy: 0.9858
EVAL: [0/105] Elapsed 0m 0s (remain 0m 35s) Loss: 0.3149(0.3149) Accuracy: 1.0000 F1 Score: 1.0000
EVAL: [104/105] Elapsed 0m 2s (remain 0m 0s) Loss: 0.7188(0.6788) Accuracy: 0.6379 F1 Score: 0.6377
Epoch 10 - avg_train_loss: 0.0503  train_acc: 0.9858  valid_acc: 0.6379  valid_f1: 0.6377  time: 139s
Epoch 10 - Save Best Score: 0.6377 Model
[Fold0] Best score: 0.6376813262059163
================== fold: 1 training ======================
Epoch: [1][0/936] Elapsed 0m 0s (remain 5m 34s) Loss: 0.7002(0.7002) LR: 0.00002000 Accuracy: 0.7500
Epoch: [1][300/936] Elapsed 0m 43s (remain 1m 31s) Loss: 0.6559(0.6796) LR: 0.00002000 Accuracy: 0.5257
Epoch: [1][600/936] Elapsed 1m 26s (remain 0m 48s) Loss: 0.5481(0.6737) LR: 0.00002000 Accuracy: 0.5379
Epoch: [1][900/936] Elapsed 2m 11s (remain 0m 5s) Loss: 0.6924(0.6708) LR: 0.00002000 Accuracy: 0.5447
Epoch: [1][935/936] Elapsed 2m 16s (remain 0m 0s) Loss: 0.5494(0.6689) LR: 0.00002000 Accuracy: 0.5473
EVAL: [0/105] Elapsed 0m 0s (remain 0m 28s) Loss: 0.4087(0.4087) Accuracy: 1.0000 F1 Score: 1.0000
EVAL: [104/105] Elapsed 0m 2s (remain 0m 0s) Loss: 0.9924(0.7057) Accuracy: 0.6331 F1 Score: 0.6331
Epoch 1 - avg_train_loss: 0.6689  train_acc: 0.5473  valid_acc: 0.6331  valid_f1: 0.6331  time: 138s
Epoch 1 - Save Best Score: 0.6331 Model
Epoch: [2][0/936] Elapsed 0m 0s (remain 5m 24s) Loss: 0.5214(0.5214) LR: 0.00001050 Accuracy: 0.7500
Epoch: [2][300/936] Elapsed 0m 44s (remain 1m 32s) Loss: 0.6222(0.6077) LR: 0.00001050 Accuracy: 0.6545
Epoch: [2][600/936] Elapsed 1m 28s (remain 0m 49s) Loss: 0.4912(0.5858) LR: 0.00001050 Accuracy: 0.6797
Epoch: [2][900/936] Elapsed 2m 12s (remain 0m 5s) Loss: 0.4820(0.5724) LR: 0.00001050 Accuracy: 0.6890
Epoch: [2][935/936] Elapsed 2m 17s (remain 0m 0s) Loss: 0.8757(0.5692) LR: 0.00001050 Accuracy: 0.6915
EVAL: [0/105] Elapsed 0m 0s (remain 0m 29s) Loss: 0.3682(0.3682) Accuracy: 1.0000 F1 Score: 1.0000
EVAL: [104/105] Elapsed 0m 2s (remain 0m 0s) Loss: 0.8923(0.6890) Accuracy: 0.6739 F1 Score: 0.6730
Epoch 2 - avg_train_loss: 0.5692  train_acc: 0.6915  valid_acc: 0.6739  valid_f1: 0.6730  time: 140s
Epoch 2 - Save Best Score: 0.6730 Model
Epoch: [3][0/936] Elapsed 0m 0s (remain 7m 56s) Loss: 0.3028(0.3028) LR: 0.00000100 Accuracy: 1.0000
Epoch: [3][300/936] Elapsed 0m 45s (remain 1m 35s) Loss: 0.6817(0.4023) LR: 0.00000100 Accuracy: 0.8322
Epoch: [3][600/936] Elapsed 1m 26s (remain 0m 48s) Loss: 0.3208(0.3889) LR: 0.00000100 Accuracy: 0.8415
Epoch: [3][900/936] Elapsed 2m 10s (remain 0m 5s) Loss: 0.2624(0.3842) LR: 0.00000100 Accuracy: 0.8385
Epoch: [3][935/936] Elapsed 2m 14s (remain 0m 0s) Loss: 0.4725(0.3836) LR: 0.00000100 Accuracy: 0.8395
EVAL: [0/105] Elapsed 0m 0s (remain 0m 29s) Loss: 0.3557(0.3557) Accuracy: 1.0000 F1 Score: 1.0000
EVAL: [104/105] Elapsed 0m 2s (remain 0m 0s) Loss: 0.7983(0.6780) Accuracy: 0.6930 F1 Score: 0.6929
Epoch 3 - avg_train_loss: 0.3836  train_acc: 0.8395  valid_acc: 0.6930  valid_f1: 0.6929  time: 137s
Epoch 3 - Save Best Score: 0.6929 Model
Epoch: [4][0/936] Elapsed 0m 0s (remain 7m 42s) Loss: 0.2523(0.2523) LR: 0.00001050 Accuracy: 1.0000
Epoch: [4][300/936] Elapsed 0m 42s (remain 1m 30s) Loss: 0.7699(0.3523) LR: 0.00001050 Accuracy: 0.8447
Epoch: [4][600/936] Elapsed 1m 25s (remain 0m 47s) Loss: 0.1744(0.3442) LR: 0.00001050 Accuracy: 0.8557
Epoch: [4][900/936] Elapsed 2m 8s (remain 0m 4s) Loss: 0.0627(0.3372) LR: 0.00001050 Accuracy: 0.8574
Epoch: [4][935/936] Elapsed 2m 13s (remain 0m 0s) Loss: 0.2029(0.3378) LR: 0.00001050 Accuracy: 0.8574
EVAL: [0/105] Elapsed 0m 0s (remain 0m 44s) Loss: 0.3403(0.3403) Accuracy: 1.0000 F1 Score: 1.0000
EVAL: [104/105] Elapsed 0m 3s (remain 0m 0s) Loss: 0.7524(0.6856) Accuracy: 0.6739 F1 Score: 0.6727
Epoch 4 - avg_train_loss: 0.3378  train_acc: 0.8574  valid_acc: 0.6739  valid_f1: 0.6727  time: 137s
Epoch: [5][0/936] Elapsed 0m 0s (remain 8m 3s) Loss: 0.0621(0.0621) LR: 0.00002000 Accuracy: 1.0000
Epoch: [5][300/936] Elapsed 0m 44s (remain 1m 33s) Loss: 0.0616(0.2501) LR: 0.00002000 Accuracy: 0.9012
Epoch: [5][600/936] Elapsed 1m 27s (remain 0m 48s) Loss: 0.1075(0.2533) LR: 0.00002000 Accuracy: 0.9014
Epoch: [5][900/936] Elapsed 2m 11s (remain 0m 5s) Loss: 0.0430(0.2568) LR: 0.00002000 Accuracy: 0.8998
Epoch: [5][935/936] Elapsed 2m 16s (remain 0m 0s) Loss: 0.5821(0.2607) LR: 0.00002000 Accuracy: 0.8988
EVAL: [0/105] Elapsed 0m 0s (remain 0m 42s) Loss: 0.3318(0.3318) Accuracy: 1.0000 F1 Score: 1.0000
EVAL: [104/105] Elapsed 0m 2s (remain 0m 0s) Loss: 0.8063(0.6619) Accuracy: 0.6667 F1 Score: 0.6614
Epoch 5 - avg_train_loss: 0.2607  train_acc: 0.8988  valid_acc: 0.6667  valid_f1: 0.6614  time: 140s
Epoch: [6][0/936] Elapsed 0m 0s (remain 8m 21s) Loss: 0.7832(0.7832) LR: 0.00001050 Accuracy: 0.5000
Epoch: [6][300/936] Elapsed 0m 45s (remain 1m 36s) Loss: 0.0398(0.1357) LR: 0.00001050 Accuracy: 0.9493
Epoch: [6][600/936] Elapsed 1m 29s (remain 0m 50s) Loss: 0.0390(0.1355) LR: 0.00001050 Accuracy: 0.9526
Epoch: [6][900/936] Elapsed 2m 10s (remain 0m 5s) Loss: 0.1042(0.1335) LR: 0.00001050 Accuracy: 0.9526
Epoch: [6][935/936] Elapsed 2m 15s (remain 0m 0s) Loss: 0.1543(0.1342) LR: 0.00001050 Accuracy: 0.9525
EVAL: [0/105] Elapsed 0m 0s (remain 0m 44s) Loss: 0.3351(0.3351) Accuracy: 1.0000 F1 Score: 1.0000
EVAL: [104/105] Elapsed 0m 3s (remain 0m 0s) Loss: 0.7097(0.6655) Accuracy: 0.6715 F1 Score: 0.6705
Epoch 6 - avg_train_loss: 0.1342  train_acc: 0.9525  valid_acc: 0.6715  valid_f1: 0.6705  time: 139s
Epoch: [7][0/936] Elapsed 0m 0s (remain 7m 13s) Loss: 0.0555(0.0555) LR: 0.00000100 Accuracy: 1.0000
Epoch: [7][300/936] Elapsed 0m 44s (remain 1m 33s) Loss: 0.2240(0.0815) LR: 0.00000100 Accuracy: 0.9751
Epoch: [7][600/936] Elapsed 1m 27s (remain 0m 48s) Loss: 0.0304(0.0694) LR: 0.00000100 Accuracy: 0.9800
Epoch: [7][900/936] Elapsed 2m 8s (remain 0m 5s) Loss: 0.0295(0.0665) LR: 0.00000100 Accuracy: 0.9811
Epoch: [7][935/936] Elapsed 2m 14s (remain 0m 0s) Loss: 0.1069(0.0654) LR: 0.00000100 Accuracy: 0.9818
EVAL: [0/105] Elapsed 0m 0s (remain 0m 43s) Loss: 0.3192(0.3192) Accuracy: 1.0000 F1 Score: 1.0000
EVAL: [104/105] Elapsed 0m 3s (remain 0m 0s) Loss: 0.7056(0.6646) Accuracy: 0.6811 F1 Score: 0.6810
Epoch 7 - avg_train_loss: 0.0654  train_acc: 0.9818  valid_acc: 0.6811  valid_f1: 0.6810  time: 138s
Epoch: [8][0/936] Elapsed 0m 0s (remain 7m 42s) Loss: 0.0279(0.0279) LR: 0.00001050 Accuracy: 1.0000
Epoch: [8][300/936] Elapsed 0m 45s (remain 1m 35s) Loss: 0.1019(0.0616) LR: 0.00001050 Accuracy: 0.9826
Epoch: [8][600/936] Elapsed 1m 26s (remain 0m 47s) Loss: 0.0242(0.0800) LR: 0.00001050 Accuracy: 0.9725
Epoch: [8][900/936] Elapsed 2m 8s (remain 0m 4s) Loss: 0.0229(0.0772) LR: 0.00001050 Accuracy: 0.9753
Epoch: [8][935/936] Elapsed 2m 13s (remain 0m 0s) Loss: 0.0459(0.0785) LR: 0.00001050 Accuracy: 0.9752
EVAL: [0/105] Elapsed 0m 0s (remain 0m 41s) Loss: 0.3174(0.3174) Accuracy: 1.0000 F1 Score: 1.0000
EVAL: [104/105] Elapsed 0m 2s (remain 0m 0s) Loss: 0.6993(0.6690) Accuracy: 0.6667 F1 Score: 0.6667
Epoch 8 - avg_train_loss: 0.0785  train_acc: 0.9752  valid_acc: 0.6667  valid_f1: 0.6667  time: 137s
Epoch: [9][0/936] Elapsed 0m 0s (remain 7m 56s) Loss: 0.0138(0.0138) LR: 0.00002000 Accuracy: 1.0000
Epoch: [9][300/936] Elapsed 0m 43s (remain 1m 31s) Loss: 0.0149(0.0774) LR: 0.00002000 Accuracy: 0.9784
Epoch: [9][600/936] Elapsed 1m 26s (remain 0m 48s) Loss: 0.0240(0.0974) LR: 0.00002000 Accuracy: 0.9680
Epoch: [9][900/936] Elapsed 2m 10s (remain 0m 5s) Loss: 0.0344(0.0945) LR: 0.00002000 Accuracy: 0.9695
Epoch: [9][935/936] Elapsed 2m 16s (remain 0m 0s) Loss: 0.0224(0.0954) LR: 0.00002000 Accuracy: 0.9688
EVAL: [0/105] Elapsed 0m 0s (remain 0m 38s) Loss: 0.3159(0.3159) Accuracy: 1.0000 F1 Score: 1.0000
EVAL: [104/105] Elapsed 0m 2s (remain 0m 0s) Loss: 0.7142(0.6977) Accuracy: 0.6475 F1 Score: 0.6400
Epoch 9 - avg_train_loss: 0.0954  train_acc: 0.9688  valid_acc: 0.6475  valid_f1: 0.6400  time: 139s
Epoch: [10][0/936] Elapsed 0m 0s (remain 5m 37s) Loss: 0.0533(0.0533) LR: 0.00001050 Accuracy: 1.0000
Epoch: [10][300/936] Elapsed 0m 43s (remain 1m 32s) Loss: 0.0101(0.0482) LR: 0.00001050 Accuracy: 0.9875
Epoch: [10][600/936] Elapsed 1m 26s (remain 0m 48s) Loss: 0.0124(0.0441) LR: 0.00001050 Accuracy: 0.9879
Epoch: [10][900/936] Elapsed 2m 10s (remain 0m 5s) Loss: 0.0133(0.0432) LR: 0.00001050 Accuracy: 0.9881
Epoch: [10][935/936] Elapsed 2m 15s (remain 0m 0s) Loss: 0.0098(0.0439) LR: 0.00001050 Accuracy: 0.9877
EVAL: [0/105] Elapsed 0m 0s (remain 0m 28s) Loss: 0.3156(0.3156) Accuracy: 1.0000 F1 Score: 1.0000
EVAL: [104/105] Elapsed 0m 2s (remain 0m 0s) Loss: 0.6975(0.6701) Accuracy: 0.6739 F1 Score: 0.6730
Epoch 10 - avg_train_loss: 0.0439  train_acc: 0.9877  valid_acc: 0.6739  valid_f1: 0.6730  time: 138s
[Fold1] Best score: 0.6929025131179232
================== fold: 2 training ======================
Epoch: [1][0/936] Elapsed 0m 0s (remain 5m 10s) Loss: 0.6908(0.6908) LR: 0.00002000 Accuracy: 0.5000
Epoch: [1][300/936] Elapsed 0m 43s (remain 1m 30s) Loss: 0.8527(0.6777) LR: 0.00002000 Accuracy: 0.5399
Epoch: [1][600/936] Elapsed 1m 25s (remain 0m 47s) Loss: 0.8135(0.6714) LR: 0.00002000 Accuracy: 0.5507
Epoch: [1][900/936] Elapsed 2m 9s (remain 0m 5s) Loss: 0.7673(0.6658) LR: 0.00002000 Accuracy: 0.5574
Epoch: [1][935/936] Elapsed 2m 14s (remain 0m 0s) Loss: 0.6317(0.6655) LR: 0.00002000 Accuracy: 0.5577
EVAL: [0/104] Elapsed 0m 0s (remain 0m 42s) Loss: 0.5674(0.5674) Accuracy: 1.0000 F1 Score: 1.0000
EVAL: [103/104] Elapsed 0m 2s (remain 0m 0s) Loss: 0.8329(0.7042) Accuracy: 0.6587 F1 Score: 0.6498
Epoch 1 - avg_train_loss: 0.6655  train_acc: 0.5577  valid_acc: 0.6587  valid_f1: 0.6498  time: 137s
Epoch 1 - Save Best Score: 0.6498 Model
Epoch: [2][0/936] Elapsed 0m 0s (remain 5m 13s) Loss: 0.5488(0.5488) LR: 0.00001050 Accuracy: 0.5000
Epoch: [2][300/936] Elapsed 0m 43s (remain 1m 31s) Loss: 0.5030(0.5714) LR: 0.00001050 Accuracy: 0.6636
Epoch: [2][600/936] Elapsed 1m 26s (remain 0m 48s) Loss: 0.7447(0.5567) LR: 0.00001050 Accuracy: 0.6951
Epoch: [2][900/936] Elapsed 2m 9s (remain 0m 5s) Loss: 0.4844(0.5526) LR: 0.00001050 Accuracy: 0.7003
Epoch: [2][935/936] Elapsed 2m 14s (remain 0m 0s) Loss: 0.4090(0.5529) LR: 0.00001050 Accuracy: 0.7017
EVAL: [0/104] Elapsed 0m 0s (remain 0m 35s) Loss: 0.5016(0.5016) Accuracy: 1.0000 F1 Score: 1.0000
EVAL: [103/104] Elapsed 0m 2s (remain 0m 0s) Loss: 0.7598(0.6750) Accuracy: 0.6755 F1 Score: 0.6693
Epoch 2 - avg_train_loss: 0.5529  train_acc: 0.7017  valid_acc: 0.6755  valid_f1: 0.6693  time: 137s
Epoch 2 - Save Best Score: 0.6693 Model
Epoch: [3][0/936] Elapsed 0m 0s (remain 8m 15s) Loss: 0.6731(0.6731) LR: 0.00000100 Accuracy: 0.5000
Epoch: [3][300/936] Elapsed 0m 42s (remain 1m 30s) Loss: 0.3888(0.3804) LR: 0.00000100 Accuracy: 0.8256
Epoch: [3][600/936] Elapsed 1m 27s (remain 0m 48s) Loss: 0.2572(0.3594) LR: 0.00000100 Accuracy: 0.8415
Epoch: [3][900/936] Elapsed 2m 12s (remain 0m 5s) Loss: 0.4341(0.3613) LR: 0.00000100 Accuracy: 0.8446
Epoch: [3][935/936] Elapsed 2m 17s (remain 0m 0s) Loss: 0.4759(0.3599) LR: 0.00000100 Accuracy: 0.8462
EVAL: [0/104] Elapsed 0m 0s (remain 0m 49s) Loss: 0.5106(0.5106) Accuracy: 0.7500 F1 Score: 0.4286
EVAL: [103/104] Elapsed 0m 3s (remain 0m 0s) Loss: 0.7582(0.6717) Accuracy: 0.6683 F1 Score: 0.6676
Epoch 3 - avg_train_loss: 0.3599  train_acc: 0.8462  valid_acc: 0.6683  valid_f1: 0.6676  time: 141s
Epoch: [4][0/936] Elapsed 0m 0s (remain 7m 53s) Loss: 0.0963(0.0963) LR: 0.00001050 Accuracy: 1.0000
Epoch: [4][300/936] Elapsed 0m 46s (remain 1m 37s) Loss: 0.0647(0.3230) LR: 0.00001050 Accuracy: 0.8605
Epoch: [4][600/936] Elapsed 1m 28s (remain 0m 49s) Loss: 0.2074(0.3334) LR: 0.00001050 Accuracy: 0.8552
Epoch: [4][900/936] Elapsed 2m 10s (remain 0m 5s) Loss: 0.1315(0.3327) LR: 0.00001050 Accuracy: 0.8557
Epoch: [4][935/936] Elapsed 2m 16s (remain 0m 0s) Loss: 0.5562(0.3318) LR: 0.00001050 Accuracy: 0.8568
EVAL: [0/104] Elapsed 0m 0s (remain 0m 29s) Loss: 0.5507(0.5507) Accuracy: 0.7500 F1 Score: 0.4286
EVAL: [103/104] Elapsed 0m 2s (remain 0m 0s) Loss: 0.6423(0.6617) Accuracy: 0.6683 F1 Score: 0.6649
Epoch 4 - avg_train_loss: 0.3318  train_acc: 0.8568  valid_acc: 0.6683  valid_f1: 0.6649  time: 139s
Epoch: [5][0/936] Elapsed 0m 0s (remain 8m 4s) Loss: 0.2896(0.2896) LR: 0.00002000 Accuracy: 0.7500
Epoch: [5][300/936] Elapsed 0m 44s (remain 1m 33s) Loss: 0.0494(0.2244) LR: 0.00002000 Accuracy: 0.9145
Epoch: [5][600/936] Elapsed 1m 28s (remain 0m 49s) Loss: 0.3118(0.2472) LR: 0.00002000 Accuracy: 0.9010
Epoch: [5][900/936] Elapsed 2m 10s (remain 0m 5s) Loss: 0.1242(0.2597) LR: 0.00002000 Accuracy: 0.8951
Epoch: [5][935/936] Elapsed 2m 15s (remain 0m 0s) Loss: 0.6424(0.2590) LR: 0.00002000 Accuracy: 0.8961
EVAL: [0/104] Elapsed 0m 0s (remain 0m 28s) Loss: 0.5200(0.5200) Accuracy: 0.7500 F1 Score: 0.4286
EVAL: [103/104] Elapsed 0m 2s (remain 0m 0s) Loss: 0.6417(0.6673) Accuracy: 0.6514 F1 Score: 0.6480
Epoch 5 - avg_train_loss: 0.2590  train_acc: 0.8961  valid_acc: 0.6514  valid_f1: 0.6480  time: 138s
Epoch: [6][0/936] Elapsed 0m 0s (remain 5m 25s) Loss: 0.0441(0.0441) LR: 0.00001050 Accuracy: 1.0000
Epoch: [6][300/936] Elapsed 0m 45s (remain 1m 35s) Loss: 0.1005(0.1398) LR: 0.00001050 Accuracy: 0.9477
Epoch: [6][600/936] Elapsed 1m 28s (remain 0m 49s) Loss: 0.9565(0.1503) LR: 0.00001050 Accuracy: 0.9447
Epoch: [6][900/936] Elapsed 2m 12s (remain 0m 5s) Loss: 0.0268(0.1481) LR: 0.00001050 Accuracy: 0.9470
Epoch: [6][935/936] Elapsed 2m 17s (remain 0m 0s) Loss: 0.1113(0.1448) LR: 0.00001050 Accuracy: 0.9482
EVAL: [0/104] Elapsed 0m 0s (remain 0m 33s) Loss: 0.5397(0.5397) Accuracy: 0.7500 F1 Score: 0.4286
EVAL: [103/104] Elapsed 0m 2s (remain 0m 0s) Loss: 0.6403(0.6845) Accuracy: 0.6394 F1 Score: 0.6373
Epoch 6 - avg_train_loss: 0.1448  train_acc: 0.9482  valid_acc: 0.6394  valid_f1: 0.6373  time: 140s
Epoch: [7][0/936] Elapsed 0m 0s (remain 8m 4s) Loss: 0.0314(0.0314) LR: 0.00000100 Accuracy: 1.0000
Epoch: [7][300/936] Elapsed 0m 45s (remain 1m 35s) Loss: 0.0458(0.0793) LR: 0.00000100 Accuracy: 0.9809
Epoch: [7][600/936] Elapsed 1m 28s (remain 0m 49s) Loss: 0.1335(0.0842) LR: 0.00000100 Accuracy: 0.9784
Epoch: [7][900/936] Elapsed 2m 13s (remain 0m 5s) Loss: 0.0208(0.0832) LR: 0.00000100 Accuracy: 0.9786
Epoch: [7][935/936] Elapsed 2m 18s (remain 0m 0s) Loss: 0.0229(0.0819) LR: 0.00000100 Accuracy: 0.9789
EVAL: [0/104] Elapsed 0m 0s (remain 0m 38s) Loss: 0.5283(0.5283) Accuracy: 0.7500 F1 Score: 0.4286
EVAL: [103/104] Elapsed 0m 2s (remain 0m 0s) Loss: 0.6093(0.6643) Accuracy: 0.6659 F1 Score: 0.6648
Epoch 7 - avg_train_loss: 0.0819  train_acc: 0.9789  valid_acc: 0.6659  valid_f1: 0.6648  time: 141s
Epoch: [8][0/936] Elapsed 0m 0s (remain 4m 40s) Loss: 0.0309(0.0309) LR: 0.00001050 Accuracy: 1.0000
Epoch: [8][300/936] Elapsed 0m 43s (remain 1m 31s) Loss: 0.0171(0.0745) LR: 0.00001050 Accuracy: 0.9776
Epoch: [8][600/936] Elapsed 1m 27s (remain 0m 48s) Loss: 0.0298(0.0910) LR: 0.00001050 Accuracy: 0.9721
Epoch: [8][900/936] Elapsed 2m 12s (remain 0m 5s) Loss: 0.0182(0.0900) LR: 0.00001050 Accuracy: 0.9731
Epoch: [8][935/936] Elapsed 2m 17s (remain 0m 0s) Loss: 0.0146(0.0893) LR: 0.00001050 Accuracy: 0.9736
EVAL: [0/104] Elapsed 0m 0s (remain 0m 43s) Loss: 0.5409(0.5409) Accuracy: 0.7500 F1 Score: 0.4286
EVAL: [103/104] Elapsed 0m 2s (remain 0m 0s) Loss: 0.6080(0.6675) Accuracy: 0.6514 F1 Score: 0.6502
Epoch 8 - avg_train_loss: 0.0893  train_acc: 0.9736  valid_acc: 0.6514  valid_f1: 0.6502  time: 141s
Epoch: [9][0/936] Elapsed 0m 0s (remain 7m 49s) Loss: 0.0252(0.0252) LR: 0.00002000 Accuracy: 1.0000
Epoch: [9][300/936] Elapsed 0m 45s (remain 1m 34s) Loss: 0.0208(0.0972) LR: 0.00002000 Accuracy: 0.9693
Epoch: [9][600/936] Elapsed 1m 28s (remain 0m 49s) Loss: 0.0303(0.0998) LR: 0.00002000 Accuracy: 0.9684
Epoch: [9][900/936] Elapsed 2m 12s (remain 0m 5s) Loss: 0.0279(0.1207) LR: 0.00002000 Accuracy: 0.9609
Epoch: [9][935/936] Elapsed 2m 17s (remain 0m 0s) Loss: 0.0197(0.1216) LR: 0.00002000 Accuracy: 0.9605
EVAL: [0/104] Elapsed 0m 0s (remain 0m 42s) Loss: 0.5200(0.5200) Accuracy: 0.7500 F1 Score: 0.4286
EVAL: [103/104] Elapsed 0m 3s (remain 0m 0s) Loss: 0.6212(0.6678) Accuracy: 0.6731 F1 Score: 0.6731
Epoch 9 - avg_train_loss: 0.1216  train_acc: 0.9605  valid_acc: 0.6731  valid_f1: 0.6731  time: 141s
Epoch 9 - Save Best Score: 0.6731 Model
Epoch: [10][0/936] Elapsed 0m 0s (remain 8m 2s) Loss: 0.0338(0.0338) LR: 0.00001050 Accuracy: 1.0000
Epoch: [10][300/936] Elapsed 0m 45s (remain 1m 36s) Loss: 0.8268(0.0752) LR: 0.00001050 Accuracy: 0.9751
Epoch: [10][600/936] Elapsed 1m 27s (remain 0m 48s) Loss: 0.0136(0.0703) LR: 0.00001050 Accuracy: 0.9780
Epoch: [10][900/936] Elapsed 2m 9s (remain 0m 5s) Loss: 0.0221(0.0716) LR: 0.00001050 Accuracy: 0.9778
Epoch: [10][935/936] Elapsed 2m 14s (remain 0m 0s) Loss: 0.0141(0.0714) LR: 0.00001050 Accuracy: 0.9781
EVAL: [0/104] Elapsed 0m 0s (remain 0m 28s) Loss: 0.5519(0.5519) Accuracy: 0.7500 F1 Score: 0.4286
EVAL: [103/104] Elapsed 0m 2s (remain 0m 0s) Loss: 0.6040(0.6605) Accuracy: 0.6731 F1 Score: 0.6725
Epoch 10 - avg_train_loss: 0.0714  train_acc: 0.9781  valid_acc: 0.6731  valid_f1: 0.6725  time: 137s
[Fold2] Best score: 0.6730769230769231
================== fold: 3 training ======================
Epoch: [1][0/936] Elapsed 0m 0s (remain 5m 5s) Loss: 0.7016(0.7016) LR: 0.00002000 Accuracy: 0.2500
Epoch: [1][300/936] Elapsed 0m 44s (remain 1m 33s) Loss: 0.6274(0.6778) LR: 0.00002000 Accuracy: 0.5091
Epoch: [1][600/936] Elapsed 1m 29s (remain 0m 50s) Loss: 0.9025(0.6664) LR: 0.00002000 Accuracy: 0.5570
Epoch: [1][900/936] Elapsed 2m 15s (remain 0m 5s) Loss: 0.5907(0.6650) LR: 0.00002000 Accuracy: 0.5652
Epoch: [1][935/936] Elapsed 2m 19s (remain 0m 0s) Loss: 0.5281(0.6636) LR: 0.00002000 Accuracy: 0.5668
EVAL: [0/104] Elapsed 0m 0s (remain 0m 30s) Loss: 0.4227(0.4227) Accuracy: 0.7500 F1 Score: 0.4286
EVAL: [103/104] Elapsed 0m 2s (remain 0m 0s) Loss: 0.9083(0.7141) Accuracy: 0.6034 F1 Score: 0.6034
Epoch 1 - avg_train_loss: 0.6636  train_acc: 0.5668  valid_acc: 0.6034  valid_f1: 0.6034  time: 142s
Epoch 1 - Save Best Score: 0.6034 Model
Epoch: [2][0/936] Elapsed 0m 0s (remain 5m 3s) Loss: 0.4311(0.4311) LR: 0.00001050 Accuracy: 1.0000
Epoch: [2][300/936] Elapsed 0m 44s (remain 1m 33s) Loss: 0.8230(0.5802) LR: 0.00001050 Accuracy: 0.6802
Epoch: [2][600/936] Elapsed 1m 28s (remain 0m 49s) Loss: 0.2177(0.5645) LR: 0.00001050 Accuracy: 0.6976
Epoch: [2][900/936] Elapsed 2m 12s (remain 0m 5s) Loss: 0.4141(0.5532) LR: 0.00001050 Accuracy: 0.7112
Epoch: [2][935/936] Elapsed 2m 17s (remain 0m 0s) Loss: 0.5435(0.5540) LR: 0.00001050 Accuracy: 0.7105
EVAL: [0/104] Elapsed 0m 0s (remain 0m 26s) Loss: 0.4116(0.4116) Accuracy: 0.7500 F1 Score: 0.4286
EVAL: [103/104] Elapsed 0m 2s (remain 0m 0s) Loss: 0.8657(0.6908) Accuracy: 0.6346 F1 Score: 0.6319
Epoch 2 - avg_train_loss: 0.5540  train_acc: 0.7105  valid_acc: 0.6346  valid_f1: 0.6319  time: 140s
Epoch 2 - Save Best Score: 0.6319 Model
Epoch: [3][0/936] Elapsed 0m 0s (remain 7m 55s) Loss: 0.6796(0.6796) LR: 0.00000100 Accuracy: 0.2500
Epoch: [3][300/936] Elapsed 0m 45s (remain 1m 35s) Loss: 0.2131(0.3958) LR: 0.00000100 Accuracy: 0.8447
Epoch: [3][600/936] Elapsed 1m 29s (remain 0m 50s) Loss: 0.3601(0.3874) LR: 0.00000100 Accuracy: 0.8469
Epoch: [3][900/936] Elapsed 2m 13s (remain 0m 5s) Loss: 0.2327(0.3812) LR: 0.00000100 Accuracy: 0.8507
Epoch: [3][935/936] Elapsed 2m 18s (remain 0m 0s) Loss: 0.3896(0.3786) LR: 0.00000100 Accuracy: 0.8520
EVAL: [0/104] Elapsed 0m 0s (remain 0m 38s) Loss: 0.4037(0.4037) Accuracy: 0.7500 F1 Score: 0.4286
EVAL: [103/104] Elapsed 0m 2s (remain 0m 0s) Loss: 0.8255(0.6858) Accuracy: 0.6490 F1 Score: 0.6488
Epoch 3 - avg_train_loss: 0.3786  train_acc: 0.8520  valid_acc: 0.6490  valid_f1: 0.6488  time: 141s
Epoch 3 - Save Best Score: 0.6488 Model
Epoch: [4][0/936] Elapsed 0m 0s (remain 7m 10s) Loss: 0.2650(0.2650) LR: 0.00001050 Accuracy: 1.0000
Epoch: [4][300/936] Elapsed 0m 44s (remain 1m 34s) Loss: 0.1611(0.3408) LR: 0.00001050 Accuracy: 0.8630
Epoch: [4][600/936] Elapsed 1m 27s (remain 0m 48s) Loss: 0.1963(0.3543) LR: 0.00001050 Accuracy: 0.8482
Epoch: [4][900/936] Elapsed 2m 13s (remain 0m 5s) Loss: 0.2061(0.3562) LR: 0.00001050 Accuracy: 0.8471
Epoch: [4][935/936] Elapsed 2m 18s (remain 0m 0s) Loss: 0.2320(0.3560) LR: 0.00001050 Accuracy: 0.8470
EVAL: [0/104] Elapsed 0m 0s (remain 0m 44s) Loss: 0.3990(0.3990) Accuracy: 0.7500 F1 Score: 0.4286
EVAL: [103/104] Elapsed 0m 2s (remain 0m 0s) Loss: 0.8926(0.6988) Accuracy: 0.6418 F1 Score: 0.6372
Epoch 4 - avg_train_loss: 0.3560  train_acc: 0.8470  valid_acc: 0.6418  valid_f1: 0.6372  time: 142s
Epoch: [5][0/936] Elapsed 0m 0s (remain 7m 33s) Loss: 0.1454(0.1454) LR: 0.00002000 Accuracy: 1.0000
Epoch: [5][300/936] Elapsed 0m 45s (remain 1m 35s) Loss: 0.0456(0.2507) LR: 0.00002000 Accuracy: 0.9053
Epoch: [5][600/936] Elapsed 1m 30s (remain 0m 50s) Loss: 0.0653(0.2724) LR: 0.00002000 Accuracy: 0.8885
Epoch: [5][900/936] Elapsed 2m 13s (remain 0m 5s) Loss: 0.1519(0.2805) LR: 0.00002000 Accuracy: 0.8868
Epoch: [5][935/936] Elapsed 2m 18s (remain 0m 0s) Loss: 0.1520(0.2809) LR: 0.00002000 Accuracy: 0.8862
EVAL: [0/104] Elapsed 0m 0s (remain 0m 42s) Loss: 0.3885(0.3885) Accuracy: 0.7500 F1 Score: 0.4286
EVAL: [103/104] Elapsed 0m 2s (remain 0m 0s) Loss: 0.8491(0.6835) Accuracy: 0.6322 F1 Score: 0.6299
Epoch 5 - avg_train_loss: 0.2809  train_acc: 0.8862  valid_acc: 0.6322  valid_f1: 0.6299  time: 141s
Epoch: [6][0/936] Elapsed 0m 0s (remain 7m 45s) Loss: 0.1207(0.1207) LR: 0.00001050 Accuracy: 1.0000
Epoch: [6][300/936] Elapsed 0m 45s (remain 1m 35s) Loss: 0.6935(0.1759) LR: 0.00001050 Accuracy: 0.9344
Epoch: [6][600/936] Elapsed 1m 28s (remain 0m 49s) Loss: 0.0280(0.1708) LR: 0.00001050 Accuracy: 0.9351
Epoch: [6][900/936] Elapsed 2m 14s (remain 0m 5s) Loss: 0.0308(0.1655) LR: 0.00001050 Accuracy: 0.9367
Epoch: [6][935/936] Elapsed 2m 20s (remain 0m 0s) Loss: 0.0240(0.1640) LR: 0.00001050 Accuracy: 0.9375
EVAL: [0/104] Elapsed 0m 0s (remain 0m 39s) Loss: 0.3923(0.3923) Accuracy: 0.7500 F1 Score: 0.4286
EVAL: [103/104] Elapsed 0m 2s (remain 0m 0s) Loss: 0.8891(0.6861) Accuracy: 0.6322 F1 Score: 0.6320
Epoch 6 - avg_train_loss: 0.1640  train_acc: 0.9375  valid_acc: 0.6322  valid_f1: 0.6320  time: 143s
Epoch: [7][0/936] Elapsed 0m 0s (remain 8m 0s) Loss: 0.0241(0.0241) LR: 0.00000100 Accuracy: 1.0000
Epoch: [7][300/936] Elapsed 0m 44s (remain 1m 32s) Loss: 0.0308(0.1025) LR: 0.00000100 Accuracy: 0.9635
Epoch: [7][600/936] Elapsed 1m 25s (remain 0m 47s) Loss: 0.0671(0.0974) LR: 0.00000100 Accuracy: 0.9626
Epoch: [7][900/936] Elapsed 2m 8s (remain 0m 4s) Loss: 0.0537(0.0981) LR: 0.00000100 Accuracy: 0.9639
Epoch: [7][935/936] Elapsed 2m 13s (remain 0m 0s) Loss: 0.0234(0.0986) LR: 0.00000100 Accuracy: 0.9637
EVAL: [0/104] Elapsed 0m 0s (remain 0m 41s) Loss: 0.3905(0.3905) Accuracy: 0.7500 F1 Score: 0.4286
EVAL: [103/104] Elapsed 0m 2s (remain 0m 0s) Loss: 0.8997(0.6889) Accuracy: 0.6202 F1 Score: 0.6202
Epoch 7 - avg_train_loss: 0.0986  train_acc: 0.9637  valid_acc: 0.6202  valid_f1: 0.6202  time: 137s
Epoch: [8][0/936] Elapsed 0m 0s (remain 7m 37s) Loss: 0.0518(0.0518) LR: 0.00001050 Accuracy: 1.0000
Epoch: [8][300/936] Elapsed 0m 44s (remain 1m 33s) Loss: 0.0255(0.0961) LR: 0.00001050 Accuracy: 0.9635
Epoch: [8][600/936] Elapsed 1m 26s (remain 0m 48s) Loss: 0.1405(0.1033) LR: 0.00001050 Accuracy: 0.9609
Epoch: [8][900/936] Elapsed 2m 8s (remain 0m 4s) Loss: 0.0880(0.1103) LR: 0.00001050 Accuracy: 0.9589
Epoch: [8][935/936] Elapsed 2m 14s (remain 0m 0s) Loss: 0.0136(0.1088) LR: 0.00001050 Accuracy: 0.9597
EVAL: [0/104] Elapsed 0m 0s (remain 0m 42s) Loss: 0.4078(0.4078) Accuracy: 0.7500 F1 Score: 0.4286
EVAL: [103/104] Elapsed 0m 2s (remain 0m 0s) Loss: 0.9269(0.6751) Accuracy: 0.6490 F1 Score: 0.6485
Epoch 8 - avg_train_loss: 0.1088  train_acc: 0.9597  valid_acc: 0.6490  valid_f1: 0.6485  time: 137s
Epoch: [9][0/936] Elapsed 0m 0s (remain 7m 50s) Loss: 0.0174(0.0174) LR: 0.00002000 Accuracy: 1.0000
Epoch: [9][300/936] Elapsed 0m 43s (remain 1m 31s) Loss: 0.0221(0.1064) LR: 0.00002000 Accuracy: 0.9560
Epoch: [9][600/936] Elapsed 1m 25s (remain 0m 47s) Loss: 0.2300(0.1132) LR: 0.00002000 Accuracy: 0.9576
Epoch: [9][900/936] Elapsed 2m 7s (remain 0m 4s) Loss: 0.0356(0.1176) LR: 0.00002000 Accuracy: 0.9562
Epoch: [9][935/936] Elapsed 2m 12s (remain 0m 0s) Loss: 0.0229(0.1154) LR: 0.00002000 Accuracy: 0.9573
EVAL: [0/104] Elapsed 0m 0s (remain 0m 44s) Loss: 0.3701(0.3701) Accuracy: 0.7500 F1 Score: 0.4286
EVAL: [103/104] Elapsed 0m 3s (remain 0m 0s) Loss: 0.9488(0.6905) Accuracy: 0.6106 F1 Score: 0.6101
Epoch 9 - avg_train_loss: 0.1154  train_acc: 0.9573  valid_acc: 0.6106  valid_f1: 0.6101  time: 136s
Epoch: [10][0/936] Elapsed 0m 0s (remain 7m 46s) Loss: 0.0150(0.0150) LR: 0.00001050 Accuracy: 1.0000
Epoch: [10][300/936] Elapsed 0m 44s (remain 1m 34s) Loss: 0.0146(0.0575) LR: 0.00001050 Accuracy: 0.9875
Epoch: [10][600/936] Elapsed 1m 27s (remain 0m 48s) Loss: 0.0179(0.0545) LR: 0.00001050 Accuracy: 0.9867
Epoch: [10][900/936] Elapsed 2m 9s (remain 0m 5s) Loss: 0.0120(0.0600) LR: 0.00001050 Accuracy: 0.9845
Epoch: [10][935/936] Elapsed 2m 14s (remain 0m 0s) Loss: 0.0147(0.0587) LR: 0.00001050 Accuracy: 0.9850
EVAL: [0/104] Elapsed 0m 0s (remain 0m 27s) Loss: 0.4301(0.4301) Accuracy: 0.7500 F1 Score: 0.4286
EVAL: [103/104] Elapsed 0m 2s (remain 0m 0s) Loss: 0.8520(0.6729) Accuracy: 0.6418 F1 Score: 0.6390
Epoch 10 - avg_train_loss: 0.0587  train_acc: 0.9850  valid_acc: 0.6418  valid_f1: 0.6390  time: 137s
[Fold3] Best score: 0.6488355419875576
================== fold: 4 training ======================
Epoch: [1][0/936] Elapsed 0m 0s (remain 5m 10s) Loss: 0.6757(0.6757) LR: 0.00002000 Accuracy: 0.5000
Epoch: [1][300/936] Elapsed 0m 41s (remain 1m 28s) Loss: 0.5709(0.6754) LR: 0.00002000 Accuracy: 0.5415
Epoch: [1][600/936] Elapsed 1m 26s (remain 0m 48s) Loss: 0.8123(0.6688) LR: 0.00002000 Accuracy: 0.5574
Epoch: [1][900/936] Elapsed 2m 10s (remain 0m 5s) Loss: 0.6546(0.6571) LR: 0.00002000 Accuracy: 0.5760
Epoch: [1][935/936] Elapsed 2m 15s (remain 0m 0s) Loss: 0.6759(0.6570) LR: 0.00002000 Accuracy: 0.5772
EVAL: [0/104] Elapsed 0m 0s (remain 0m 44s) Loss: 0.4323(0.4323) Accuracy: 0.7500 F1 Score: 0.4286
EVAL: [103/104] Elapsed 0m 2s (remain 0m 0s) Loss: 0.7813(0.6891) Accuracy: 0.6538 F1 Score: 0.6288
Epoch 1 - avg_train_loss: 0.6570  train_acc: 0.5772  valid_acc: 0.6538  valid_f1: 0.6288  time: 139s
Epoch 1 - Save Best Score: 0.6288 Model
Epoch: [2][0/936] Elapsed 0m 0s (remain 7m 52s) Loss: 0.3872(0.3872) LR: 0.00001050 Accuracy: 0.7500
Epoch: [2][300/936] Elapsed 0m 45s (remain 1m 35s) Loss: 0.8137(0.5311) LR: 0.00001050 Accuracy: 0.7159
Epoch: [2][600/936] Elapsed 1m 30s (remain 0m 50s) Loss: 0.3247(0.5309) LR: 0.00001050 Accuracy: 0.7242
Epoch: [2][900/936] Elapsed 2m 14s (remain 0m 5s) Loss: 0.2715(0.5196) LR: 0.00001050 Accuracy: 0.7356
Epoch: [2][935/936] Elapsed 2m 19s (remain 0m 0s) Loss: 0.3505(0.5193) LR: 0.00001050 Accuracy: 0.7356
EVAL: [0/104] Elapsed 0m 0s (remain 0m 45s) Loss: 0.3391(0.3391) Accuracy: 1.0000 F1 Score: 1.0000
EVAL: [103/104] Elapsed 0m 2s (remain 0m 0s) Loss: 0.7593(0.6805) Accuracy: 0.6827 F1 Score: 0.6827
Epoch 2 - avg_train_loss: 0.5193  train_acc: 0.7356  valid_acc: 0.6827  valid_f1: 0.6827  time: 143s
Epoch 2 - Save Best Score: 0.6827 Model
Epoch: [3][0/936] Elapsed 0m 0s (remain 7m 19s) Loss: 0.4347(0.4347) LR: 0.00000100 Accuracy: 0.7500
Epoch: [3][300/936] Elapsed 0m 45s (remain 1m 36s) Loss: 0.1128(0.3542) LR: 0.00000100 Accuracy: 0.8654
Epoch: [3][600/936] Elapsed 1m 29s (remain 0m 50s) Loss: 0.5468(0.3386) LR: 0.00000100 Accuracy: 0.8686
Epoch: [3][900/936] Elapsed 2m 15s (remain 0m 5s) Loss: 0.4294(0.3256) LR: 0.00000100 Accuracy: 0.8774
Epoch: [3][935/936] Elapsed 2m 21s (remain 0m 0s) Loss: 0.1228(0.3263) LR: 0.00000100 Accuracy: 0.8774
EVAL: [0/104] Elapsed 0m 0s (remain 0m 41s) Loss: 0.3307(0.3307) Accuracy: 1.0000 F1 Score: 1.0000
EVAL: [103/104] Elapsed 0m 2s (remain 0m 0s) Loss: 0.7417(0.6757) Accuracy: 0.6731 F1 Score: 0.6730
Epoch 3 - avg_train_loss: 0.3263  train_acc: 0.8774  valid_acc: 0.6731  valid_f1: 0.6730  time: 144s
Epoch: [4][0/936] Elapsed 0m 0s (remain 7m 46s) Loss: 0.2382(0.2382) LR: 0.00001050 Accuracy: 1.0000
Epoch: [4][300/936] Elapsed 0m 44s (remain 1m 32s) Loss: 0.4471(0.2983) LR: 0.00001050 Accuracy: 0.8812
Epoch: [4][600/936] Elapsed 1m 25s (remain 0m 47s) Loss: 0.1138(0.2923) LR: 0.00001050 Accuracy: 0.8848
Epoch: [4][900/936] Elapsed 2m 7s (remain 0m 4s) Loss: 0.4715(0.2956) LR: 0.00001050 Accuracy: 0.8796
Epoch: [4][935/936] Elapsed 2m 13s (remain 0m 0s) Loss: 0.1202(0.2948) LR: 0.00001050 Accuracy: 0.8801
EVAL: [0/104] Elapsed 0m 0s (remain 0m 45s) Loss: 0.3235(0.3235) Accuracy: 1.0000 F1 Score: 1.0000
EVAL: [103/104] Elapsed 0m 2s (remain 0m 0s) Loss: 0.7208(0.6650) Accuracy: 0.6755 F1 Score: 0.6729
Epoch 4 - avg_train_loss: 0.2948  train_acc: 0.8801  valid_acc: 0.6755  valid_f1: 0.6729  time: 136s
Epoch: [5][0/936] Elapsed 0m 0s (remain 7m 57s) Loss: 0.0546(0.0546) LR: 0.00002000 Accuracy: 1.0000
Epoch: [5][300/936] Elapsed 0m 43s (remain 1m 32s) Loss: 0.3371(0.1738) LR: 0.00002000 Accuracy: 0.9402
Epoch: [5][600/936] Elapsed 1m 28s (remain 0m 49s) Loss: 0.6030(0.1843) LR: 0.00002000 Accuracy: 0.9355
Epoch: [5][900/936] Elapsed 2m 14s (remain 0m 5s) Loss: 0.8434(0.1893) LR: 0.00002000 Accuracy: 0.9304
Epoch: [5][935/936] Elapsed 2m 18s (remain 0m 0s) Loss: 0.2855(0.1892) LR: 0.00002000 Accuracy: 0.9316
EVAL: [0/104] Elapsed 0m 0s (remain 0m 31s) Loss: 0.3182(0.3182) Accuracy: 1.0000 F1 Score: 1.0000
EVAL: [103/104] Elapsed 0m 2s (remain 0m 0s) Loss: 0.6993(0.6680) Accuracy: 0.6562 F1 Score: 0.6554
Epoch 5 - avg_train_loss: 0.1892  train_acc: 0.9316  valid_acc: 0.6562  valid_f1: 0.6554  time: 141s
Epoch: [6][0/936] Elapsed 0m 0s (remain 7m 55s) Loss: 0.0347(0.0347) LR: 0.00001050 Accuracy: 1.0000
Epoch: [6][300/936] Elapsed 0m 45s (remain 1m 34s) Loss: 0.0170(0.0977) LR: 0.00001050 Accuracy: 0.9709
Epoch: [6][600/936] Elapsed 1m 28s (remain 0m 49s) Loss: 0.0659(0.0973) LR: 0.00001050 Accuracy: 0.9692
Epoch: [6][900/936] Elapsed 2m 12s (remain 0m 5s) Loss: 0.0246(0.0940) LR: 0.00001050 Accuracy: 0.9703
Epoch: [6][935/936] Elapsed 2m 17s (remain 0m 0s) Loss: 0.4996(0.0932) LR: 0.00001050 Accuracy: 0.9706
EVAL: [0/104] Elapsed 0m 0s (remain 0m 42s) Loss: 0.3170(0.3170) Accuracy: 1.0000 F1 Score: 1.0000
EVAL: [103/104] Elapsed 0m 2s (remain 0m 0s) Loss: 0.6978(0.6646) Accuracy: 0.6611 F1 Score: 0.6598
Epoch 6 - avg_train_loss: 0.0932  train_acc: 0.9706  valid_acc: 0.6611  valid_f1: 0.6598  time: 140s
Epoch: [7][0/936] Elapsed 0m 0s (remain 7m 54s) Loss: 0.0207(0.0207) LR: 0.00000100 Accuracy: 1.0000
Epoch: [7][300/936] Elapsed 0m 43s (remain 1m 32s) Loss: 0.0191(0.0400) LR: 0.00000100 Accuracy: 0.9942
Epoch: [7][600/936] Elapsed 1m 27s (remain 0m 48s) Loss: 0.0236(0.0443) LR: 0.00000100 Accuracy: 0.9913
Epoch: [7][900/936] Elapsed 2m 9s (remain 0m 5s) Loss: 0.0260(0.0406) LR: 0.00000100 Accuracy: 0.9925
Epoch: [7][935/936] Elapsed 2m 14s (remain 0m 0s) Loss: 0.0364(0.0412) LR: 0.00000100 Accuracy: 0.9923
EVAL: [0/104] Elapsed 0m 0s (remain 0m 42s) Loss: 0.3168(0.3168) Accuracy: 1.0000 F1 Score: 1.0000
EVAL: [103/104] Elapsed 0m 2s (remain 0m 0s) Loss: 0.6982(0.6688) Accuracy: 0.6562 F1 Score: 0.6560
Epoch 7 - avg_train_loss: 0.0412  train_acc: 0.9923  valid_acc: 0.6562  valid_f1: 0.6560  time: 137s
Epoch: [8][0/936] Elapsed 0m 0s (remain 5m 31s) Loss: 0.9571(0.9571) LR: 0.00001050 Accuracy: 0.7500
Epoch: [8][300/936] Elapsed 0m 42s (remain 1m 29s) Loss: 0.0123(0.0430) LR: 0.00001050 Accuracy: 0.9917
Epoch: [8][600/936] Elapsed 1m 26s (remain 0m 48s) Loss: 0.0871(0.0370) LR: 0.00001050 Accuracy: 0.9925
Epoch: [8][900/936] Elapsed 2m 10s (remain 0m 5s) Loss: 0.0185(0.0390) LR: 0.00001050 Accuracy: 0.9914
Epoch: [8][935/936] Elapsed 2m 15s (remain 0m 0s) Loss: 0.0166(0.0382) LR: 0.00001050 Accuracy: 0.9917
EVAL: [0/104] Elapsed 0m 0s (remain 0m 45s) Loss: 0.3157(0.3157) Accuracy: 1.0000 F1 Score: 1.0000
EVAL: [103/104] Elapsed 0m 2s (remain 0m 0s) Loss: 0.6945(0.6566) Accuracy: 0.6851 F1 Score: 0.6844
Epoch 8 - avg_train_loss: 0.0382  train_acc: 0.9917  valid_acc: 0.6851  valid_f1: 0.6844  time: 138s
Epoch 8 - Save Best Score: 0.6844 Model
Epoch: [9][0/936] Elapsed 0m 0s (remain 7m 50s) Loss: 0.0124(0.0124) LR: 0.00002000 Accuracy: 1.0000
Epoch: [9][300/936] Elapsed 0m 46s (remain 1m 38s) Loss: 0.0254(0.0697) LR: 0.00002000 Accuracy: 0.9776
Epoch: [9][600/936] Elapsed 1m 28s (remain 0m 49s) Loss: 0.1419(0.1018) LR: 0.00002000 Accuracy: 0.9663
Epoch: [9][900/936] Elapsed 2m 13s (remain 0m 5s) Loss: 0.2317(0.0970) LR: 0.00002000 Accuracy: 0.9667
Epoch: [9][935/936] Elapsed 2m 18s (remain 0m 0s) Loss: 0.0746(0.0973) LR: 0.00002000 Accuracy: 0.9669
EVAL: [0/104] Elapsed 0m 0s (remain 0m 28s) Loss: 0.3162(0.3162) Accuracy: 1.0000 F1 Score: 1.0000
EVAL: [103/104] Elapsed 0m 2s (remain 0m 0s) Loss: 0.7193(0.6646) Accuracy: 0.6635 F1 Score: 0.6627
Epoch 9 - avg_train_loss: 0.0973  train_acc: 0.9669  valid_acc: 0.6635  valid_f1: 0.6627  time: 141s
Epoch: [10][0/936] Elapsed 0m 0s (remain 5m 36s) Loss: 0.0100(0.0100) LR: 0.00001050 Accuracy: 1.0000
Epoch: [10][300/936] Elapsed 0m 44s (remain 1m 34s) Loss: 0.0118(0.0542) LR: 0.00001050 Accuracy: 0.9826
Epoch: [10][600/936] Elapsed 1m 28s (remain 0m 49s) Loss: 0.0117(0.0487) LR: 0.00001050 Accuracy: 0.9829
Epoch: [10][900/936] Elapsed 2m 11s (remain 0m 5s) Loss: 0.0103(0.0473) LR: 0.00001050 Accuracy: 0.9847
Epoch: [10][935/936] Elapsed 2m 16s (remain 0m 0s) Loss: 0.0096(0.0462) LR: 0.00001050 Accuracy: 0.9853
EVAL: [0/104] Elapsed 0m 0s (remain 0m 40s) Loss: 0.3149(0.3149) Accuracy: 1.0000 F1 Score: 1.0000
EVAL: [103/104] Elapsed 0m 2s (remain 0m 0s) Loss: 0.6953(0.6678) Accuracy: 0.6803 F1 Score: 0.6798
Epoch 10 - avg_train_loss: 0.0462  train_acc: 0.9853  valid_acc: 0.6803  valid_f1: 0.6798  time: 140s
[Fold4] Best score: 0.6844378818147601
================== fold: 5 training ======================
Epoch: [1][0/936] Elapsed 0m 0s (remain 4m 46s) Loss: 0.6885(0.6885) LR: 0.00002000 Accuracy: 0.5000
Epoch: [1][300/936] Elapsed 0m 43s (remain 1m 32s) Loss: 0.6138(0.6815) LR: 0.00002000 Accuracy: 0.5183
Epoch: [1][600/936] Elapsed 1m 27s (remain 0m 48s) Loss: 0.5766(0.6708) LR: 0.00002000 Accuracy: 0.5541
Epoch: [1][900/936] Elapsed 2m 11s (remain 0m 5s) Loss: 0.4719(0.6586) LR: 0.00002000 Accuracy: 0.5777
Epoch: [1][935/936] Elapsed 2m 16s (remain 0m 0s) Loss: 0.5366(0.6592) LR: 0.00002000 Accuracy: 0.5775
EVAL: [0/104] Elapsed 0m 0s (remain 0m 44s) Loss: 0.4162(0.4162) Accuracy: 0.7500 F1 Score: 0.4286
EVAL: [103/104] Elapsed 0m 3s (remain 0m 0s) Loss: 0.7402(0.7033) Accuracy: 0.6370 F1 Score: 0.6369
Epoch 1 - avg_train_loss: 0.6592  train_acc: 0.5775  valid_acc: 0.6370  valid_f1: 0.6369  time: 140s
Epoch 1 - Save Best Score: 0.6369 Model
Epoch: [2][0/936] Elapsed 0m 0s (remain 7m 39s) Loss: 0.5697(0.5697) LR: 0.00001050 Accuracy: 1.0000
Epoch: [2][300/936] Elapsed 0m 46s (remain 1m 37s) Loss: 0.3604(0.5310) LR: 0.00001050 Accuracy: 0.7384
Epoch: [2][600/936] Elapsed 1m 29s (remain 0m 49s) Loss: 0.5983(0.5248) LR: 0.00001050 Accuracy: 0.7425
Epoch: [2][900/936] Elapsed 2m 14s (remain 0m 5s) Loss: 0.3085(0.5178) LR: 0.00001050 Accuracy: 0.7461
Epoch: [2][935/936] Elapsed 2m 20s (remain 0m 0s) Loss: 0.6937(0.5161) LR: 0.00001050 Accuracy: 0.7460
EVAL: [0/104] Elapsed 0m 0s (remain 0m 44s) Loss: 0.4194(0.4194) Accuracy: 0.7500 F1 Score: 0.4286
EVAL: [103/104] Elapsed 0m 3s (remain 0m 0s) Loss: 0.6997(0.6814) Accuracy: 0.6466 F1 Score: 0.6454
Epoch 2 - avg_train_loss: 0.5161  train_acc: 0.7460  valid_acc: 0.6466  valid_f1: 0.6454  time: 143s
Epoch 2 - Save Best Score: 0.6454 Model
Epoch: [3][0/936] Elapsed 0m 0s (remain 7m 39s) Loss: 0.4535(0.4535) LR: 0.00000100 Accuracy: 0.7500
Epoch: [3][300/936] Elapsed 0m 45s (remain 1m 35s) Loss: 0.5069(0.3416) LR: 0.00000100 Accuracy: 0.8663
Epoch: [3][600/936] Elapsed 1m 29s (remain 0m 50s) Loss: 0.1528(0.3369) LR: 0.00000100 Accuracy: 0.8698
Epoch: [3][900/936] Elapsed 2m 14s (remain 0m 5s) Loss: 0.4257(0.3332) LR: 0.00000100 Accuracy: 0.8724
Epoch: [3][935/936] Elapsed 2m 20s (remain 0m 0s) Loss: 0.1424(0.3331) LR: 0.00000100 Accuracy: 0.8713
EVAL: [0/104] Elapsed 0m 0s (remain 0m 45s) Loss: 0.4144(0.4144) Accuracy: 0.7500 F1 Score: 0.4286
EVAL: [103/104] Elapsed 0m 3s (remain 0m 0s) Loss: 0.6868(0.6857) Accuracy: 0.6538 F1 Score: 0.6536
Epoch 3 - avg_train_loss: 0.3331  train_acc: 0.8713  valid_acc: 0.6538  valid_f1: 0.6536  time: 144s
Epoch 3 - Save Best Score: 0.6536 Model
Epoch: [4][0/936] Elapsed 0m 0s (remain 7m 59s) Loss: 0.3973(0.3973) LR: 0.00001050 Accuracy: 0.7500
Epoch: [4][300/936] Elapsed 0m 44s (remain 1m 33s) Loss: 0.8194(0.3337) LR: 0.00001050 Accuracy: 0.8613
Epoch: [4][600/936] Elapsed 1m 28s (remain 0m 49s) Loss: 0.6711(0.3081) LR: 0.00001050 Accuracy: 0.8748
Epoch: [4][900/936] Elapsed 2m 13s (remain 0m 5s) Loss: 0.1197(0.3057) LR: 0.00001050 Accuracy: 0.8762
Epoch: [4][935/936] Elapsed 2m 18s (remain 0m 0s) Loss: 0.6644(0.3059) LR: 0.00001050 Accuracy: 0.8755
EVAL: [0/104] Elapsed 0m 0s (remain 0m 41s) Loss: 0.4147(0.4147) Accuracy: 0.7500 F1 Score: 0.4286
EVAL: [103/104] Elapsed 0m 2s (remain 0m 0s) Loss: 0.6271(0.6890) Accuracy: 0.6202 F1 Score: 0.6199
Epoch 4 - avg_train_loss: 0.3059  train_acc: 0.8755  valid_acc: 0.6202  valid_f1: 0.6199  time: 141s
Epoch: [5][0/936] Elapsed 0m 0s (remain 6m 0s) Loss: 0.1504(0.1504) LR: 0.00002000 Accuracy: 1.0000
Epoch: [5][300/936] Elapsed 0m 43s (remain 1m 31s) Loss: 0.6353(0.2152) LR: 0.00002000 Accuracy: 0.9269
Epoch: [5][600/936] Elapsed 1m 25s (remain 0m 47s) Loss: 0.0483(0.2349) LR: 0.00002000 Accuracy: 0.9101
Epoch: [5][900/936] Elapsed 2m 9s (remain 0m 5s) Loss: 1.0357(0.2383) LR: 0.00002000 Accuracy: 0.9101
Epoch: [5][935/936] Elapsed 2m 14s (remain 0m 0s) Loss: 0.3568(0.2381) LR: 0.00002000 Accuracy: 0.9100
EVAL: [0/104] Elapsed 0m 0s (remain 0m 34s) Loss: 0.4100(0.4100) Accuracy: 0.7500 F1 Score: 0.4286
EVAL: [103/104] Elapsed 0m 2s (remain 0m 0s) Loss: 0.8091(0.6757) Accuracy: 0.6587 F1 Score: 0.6581
Epoch 5 - avg_train_loss: 0.2381  train_acc: 0.9100  valid_acc: 0.6587  valid_f1: 0.6581  time: 137s
Epoch 5 - Save Best Score: 0.6581 Model
Epoch: [6][0/936] Elapsed 0m 0s (remain 8m 0s) Loss: 0.0387(0.0387) LR: 0.00001050 Accuracy: 1.0000
Epoch: [6][300/936] Elapsed 0m 46s (remain 1m 38s) Loss: 0.0304(0.1593) LR: 0.00001050 Accuracy: 0.9410
Epoch: [6][600/936] Elapsed 1m 31s (remain 0m 51s) Loss: 0.0294(0.1451) LR: 0.00001050 Accuracy: 0.9488
Epoch: [6][900/936] Elapsed 2m 14s (remain 0m 5s) Loss: 0.0597(0.1354) LR: 0.00001050 Accuracy: 0.9528
Epoch: [6][935/936] Elapsed 2m 19s (remain 0m 0s) Loss: 0.4453(0.1363) LR: 0.00001050 Accuracy: 0.9527
EVAL: [0/104] Elapsed 0m 0s (remain 0m 43s) Loss: 0.4117(0.4117) Accuracy: 0.7500 F1 Score: 0.4286
EVAL: [103/104] Elapsed 0m 2s (remain 0m 0s) Loss: 0.8319(0.6628) Accuracy: 0.6635 F1 Score: 0.6619
Epoch 6 - avg_train_loss: 0.1363  train_acc: 0.9527  valid_acc: 0.6635  valid_f1: 0.6619  time: 142s
Epoch 6 - Save Best Score: 0.6619 Model
Epoch: [7][0/936] Elapsed 0m 0s (remain 8m 7s) Loss: 0.0439(0.0439) LR: 0.00000100 Accuracy: 1.0000
Epoch: [7][300/936] Elapsed 0m 43s (remain 1m 31s) Loss: 0.0246(0.0739) LR: 0.00000100 Accuracy: 0.9759
Epoch: [7][600/936] Elapsed 1m 27s (remain 0m 48s) Loss: 0.0218(0.0766) LR: 0.00000100 Accuracy: 0.9759
Epoch: [7][900/936] Elapsed 2m 12s (remain 0m 5s) Loss: 0.0299(0.0753) LR: 0.00000100 Accuracy: 0.9767
Epoch: [7][935/936] Elapsed 2m 17s (remain 0m 0s) Loss: 0.0896(0.0741) LR: 0.00000100 Accuracy: 0.9773
EVAL: [0/104] Elapsed 0m 0s (remain 0m 27s) Loss: 0.4100(0.4100) Accuracy: 0.7500 F1 Score: 0.4286
EVAL: [103/104] Elapsed 0m 2s (remain 0m 0s) Loss: 0.8314(0.6756) Accuracy: 0.6635 F1 Score: 0.6631
Epoch 7 - avg_train_loss: 0.0741  train_acc: 0.9773  valid_acc: 0.6635  valid_f1: 0.6631  time: 140s
Epoch 7 - Save Best Score: 0.6631 Model
Epoch: [8][0/936] Elapsed 0m 0s (remain 7m 51s) Loss: 0.0243(0.0243) LR: 0.00001050 Accuracy: 1.0000
Epoch: [8][300/936] Elapsed 0m 45s (remain 1m 36s) Loss: 0.3920(0.0577) LR: 0.00001050 Accuracy: 0.9867
Epoch: [8][600/936] Elapsed 1m 32s (remain 0m 51s) Loss: 0.0210(0.0712) LR: 0.00001050 Accuracy: 0.9813
Epoch: [8][900/936] Elapsed 2m 17s (remain 0m 5s) Loss: 0.1371(0.0792) LR: 0.00001050 Accuracy: 0.9781
Epoch: [8][935/936] Elapsed 2m 22s (remain 0m 0s) Loss: 0.6092(0.0825) LR: 0.00001050 Accuracy: 0.9765
EVAL: [0/104] Elapsed 0m 0s (remain 0m 45s) Loss: 0.4093(0.4093) Accuracy: 0.7500 F1 Score: 0.4286
EVAL: [103/104] Elapsed 0m 2s (remain 0m 0s) Loss: 0.8418(0.6646) Accuracy: 0.6659 F1 Score: 0.6642
Epoch 8 - avg_train_loss: 0.0825  train_acc: 0.9765  valid_acc: 0.6659  valid_f1: 0.6642  time: 146s
Epoch 8 - Save Best Score: 0.6642 Model
Epoch: [9][0/936] Elapsed 0m 0s (remain 7m 51s) Loss: 0.0211(0.0211) LR: 0.00002000 Accuracy: 1.0000
Epoch: [9][300/936] Elapsed 0m 43s (remain 1m 30s) Loss: 0.0146(0.0772) LR: 0.00002000 Accuracy: 0.9792
Epoch: [9][600/936] Elapsed 1m 28s (remain 0m 49s) Loss: 0.0135(0.0751) LR: 0.00002000 Accuracy: 0.9780
Epoch: [9][900/936] Elapsed 2m 13s (remain 0m 5s) Loss: 0.0181(0.0925) LR: 0.00002000 Accuracy: 0.9700
Epoch: [9][935/936] Elapsed 2m 18s (remain 0m 0s) Loss: 0.0547(0.0927) LR: 0.00002000 Accuracy: 0.9704
EVAL: [0/104] Elapsed 0m 0s (remain 0m 36s) Loss: 0.4096(0.4096) Accuracy: 0.7500 F1 Score: 0.4286
EVAL: [103/104] Elapsed 0m 2s (remain 0m 0s) Loss: 0.7013(0.6707) Accuracy: 0.6635 F1 Score: 0.6635
Epoch 9 - avg_train_loss: 0.0927  train_acc: 0.9704  valid_acc: 0.6635  valid_f1: 0.6635  time: 141s
Epoch: [10][0/936] Elapsed 0m 0s (remain 5m 36s) Loss: 0.0151(0.0151) LR: 0.00001050 Accuracy: 1.0000
Epoch: [10][300/936] Elapsed 0m 45s (remain 1m 35s) Loss: 0.0407(0.0513) LR: 0.00001050 Accuracy: 0.9850
Epoch: [10][600/936] Elapsed 1m 27s (remain 0m 48s) Loss: 0.0139(0.0499) LR: 0.00001050 Accuracy: 0.9867
Epoch: [10][900/936] Elapsed 2m 11s (remain 0m 5s) Loss: 0.0086(0.0518) LR: 0.00001050 Accuracy: 0.9867
Epoch: [10][935/936] Elapsed 2m 16s (remain 0m 0s) Loss: 0.0107(0.0513) LR: 0.00001050 Accuracy: 0.9869
EVAL: [0/104] Elapsed 0m 0s (remain 0m 44s) Loss: 0.4857(0.4857) Accuracy: 0.5000 F1 Score: 0.3333
EVAL: [103/104] Elapsed 0m 3s (remain 0m 0s) Loss: 0.7213(0.6853) Accuracy: 0.6394 F1 Score: 0.6384
Epoch 10 - avg_train_loss: 0.0513  train_acc: 0.9869  valid_acc: 0.6394  valid_f1: 0.6384  time: 140s
[Fold5] Best score: 0.6642336614116076
================== fold: 6 training ======================
Epoch: [1][0/936] Elapsed 0m 0s (remain 5m 38s) Loss: 0.6858(0.6858) LR: 0.00002000 Accuracy: 0.7500
Epoch: [1][300/936] Elapsed 0m 41s (remain 1m 27s) Loss: 0.6807(0.6746) LR: 0.00002000 Accuracy: 0.5365
Epoch: [1][600/936] Elapsed 1m 28s (remain 0m 49s) Loss: 0.5281(0.6616) LR: 0.00002000 Accuracy: 0.5770
Epoch: [1][900/936] Elapsed 2m 13s (remain 0m 5s) Loss: 0.6459(0.6592) LR: 0.00002000 Accuracy: 0.5802
Epoch: [1][935/936] Elapsed 2m 18s (remain 0m 0s) Loss: 0.5631(0.6588) LR: 0.00002000 Accuracy: 0.5807
EVAL: [0/104] Elapsed 0m 0s (remain 0m 29s) Loss: 0.4118(0.4118) Accuracy: 1.0000 F1 Score: 1.0000
EVAL: [103/104] Elapsed 0m 2s (remain 0m 0s) Loss: 0.7801(0.6955) Accuracy: 0.6250 F1 Score: 0.6176
Epoch 1 - avg_train_loss: 0.6588  train_acc: 0.5807  valid_acc: 0.6250  valid_f1: 0.6176  time: 141s
Epoch 1 - Save Best Score: 0.6176 Model
Epoch: [2][0/936] Elapsed 0m 0s (remain 8m 5s) Loss: 0.7244(0.7244) LR: 0.00001050 Accuracy: 0.5000
Epoch: [2][300/936] Elapsed 0m 43s (remain 1m 31s) Loss: 0.6660(0.5498) LR: 0.00001050 Accuracy: 0.7135
Epoch: [2][600/936] Elapsed 1m 29s (remain 0m 49s) Loss: 0.6517(0.5463) LR: 0.00001050 Accuracy: 0.7167
Epoch: [2][900/936] Elapsed 2m 15s (remain 0m 5s) Loss: 0.6500(0.5350) LR: 0.00001050 Accuracy: 0.7264
Epoch: [2][935/936] Elapsed 2m 20s (remain 0m 0s) Loss: 0.1474(0.5370) LR: 0.00001050 Accuracy: 0.7254
EVAL: [0/104] Elapsed 0m 0s (remain 0m 29s) Loss: 0.3708(0.3708) Accuracy: 1.0000 F1 Score: 1.0000
EVAL: [103/104] Elapsed 0m 2s (remain 0m 0s) Loss: 0.7634(0.6843) Accuracy: 0.6298 F1 Score: 0.6267
Epoch 2 - avg_train_loss: 0.5370  train_acc: 0.7254  valid_acc: 0.6298  valid_f1: 0.6267  time: 143s
Epoch 2 - Save Best Score: 0.6267 Model
Epoch: [3][0/936] Elapsed 0m 0s (remain 7m 58s) Loss: 0.2068(0.2068) LR: 0.00000100 Accuracy: 1.0000
Epoch: [3][300/936] Elapsed 0m 45s (remain 1m 35s) Loss: 0.3833(0.3740) LR: 0.00000100 Accuracy: 0.8414
Epoch: [3][600/936] Elapsed 1m 28s (remain 0m 49s) Loss: 0.3195(0.3696) LR: 0.00000100 Accuracy: 0.8544
Epoch: [3][900/936] Elapsed 2m 12s (remain 0m 5s) Loss: 0.2846(0.3612) LR: 0.00000100 Accuracy: 0.8560
Epoch: [3][935/936] Elapsed 2m 17s (remain 0m 0s) Loss: 0.1998(0.3601) LR: 0.00000100 Accuracy: 0.8566
EVAL: [0/104] Elapsed 0m 0s (remain 0m 42s) Loss: 0.3481(0.3481) Accuracy: 1.0000 F1 Score: 1.0000
EVAL: [103/104] Elapsed 0m 2s (remain 0m 0s) Loss: 0.7873(0.6910) Accuracy: 0.6370 F1 Score: 0.6369
Epoch 3 - avg_train_loss: 0.3601  train_acc: 0.8566  valid_acc: 0.6370  valid_f1: 0.6369  time: 141s
Epoch 3 - Save Best Score: 0.6369 Model
Epoch: [4][0/936] Elapsed 0m 0s (remain 8m 25s) Loss: 0.4995(0.4995) LR: 0.00001050 Accuracy: 0.7500
Epoch: [4][300/936] Elapsed 0m 43s (remain 1m 31s) Loss: 0.5574(0.3407) LR: 0.00001050 Accuracy: 0.8596
Epoch: [4][600/936] Elapsed 1m 27s (remain 0m 48s) Loss: 0.4545(0.3360) LR: 0.00001050 Accuracy: 0.8619
Epoch: [4][900/936] Elapsed 2m 11s (remain 0m 5s) Loss: 0.0927(0.3398) LR: 0.00001050 Accuracy: 0.8582
Epoch: [4][935/936] Elapsed 2m 17s (remain 0m 0s) Loss: 0.2059(0.3372) LR: 0.00001050 Accuracy: 0.8595
EVAL: [0/104] Elapsed 0m 0s (remain 0m 43s) Loss: 0.3348(0.3348) Accuracy: 1.0000 F1 Score: 1.0000
EVAL: [103/104] Elapsed 0m 2s (remain 0m 0s) Loss: 0.7678(0.6829) Accuracy: 0.6394 F1 Score: 0.6386
Epoch 4 - avg_train_loss: 0.3372  train_acc: 0.8595  valid_acc: 0.6394  valid_f1: 0.6386  time: 140s
Epoch 4 - Save Best Score: 0.6386 Model
Epoch: [5][0/936] Elapsed 0m 0s (remain 8m 19s) Loss: 0.1240(0.1240) LR: 0.00002000 Accuracy: 1.0000
Epoch: [5][300/936] Elapsed 0m 44s (remain 1m 34s) Loss: 0.1393(0.2376) LR: 0.00002000 Accuracy: 0.9028
Epoch: [5][600/936] Elapsed 1m 29s (remain 0m 49s) Loss: 0.1397(0.2501) LR: 0.00002000 Accuracy: 0.9010
Epoch: [5][900/936] Elapsed 2m 12s (remain 0m 5s) Loss: 0.1324(0.2523) LR: 0.00002000 Accuracy: 0.9026
Epoch: [5][935/936] Elapsed 2m 17s (remain 0m 0s) Loss: 0.0487(0.2517) LR: 0.00002000 Accuracy: 0.9028
EVAL: [0/104] Elapsed 0m 0s (remain 0m 31s) Loss: 0.3215(0.3215) Accuracy: 1.0000 F1 Score: 1.0000
EVAL: [103/104] Elapsed 0m 2s (remain 0m 0s) Loss: 0.7449(0.6879) Accuracy: 0.6322 F1 Score: 0.6321
Epoch 5 - avg_train_loss: 0.2517  train_acc: 0.9028  valid_acc: 0.6322  valid_f1: 0.6321  time: 140s
Epoch: [6][0/936] Elapsed 0m 0s (remain 5m 12s) Loss: 0.1558(0.1558) LR: 0.00001050 Accuracy: 1.0000
Epoch: [6][300/936] Elapsed 0m 42s (remain 1m 30s) Loss: 0.2938(0.1518) LR: 0.00001050 Accuracy: 0.9477
Epoch: [6][600/936] Elapsed 1m 27s (remain 0m 48s) Loss: 0.2369(0.1439) LR: 0.00001050 Accuracy: 0.9517
Epoch: [6][900/936] Elapsed 2m 10s (remain 0m 5s) Loss: 0.0318(0.1444) LR: 0.00001050 Accuracy: 0.9523
Epoch: [6][935/936] Elapsed 2m 15s (remain 0m 0s) Loss: 0.0386(0.1440) LR: 0.00001050 Accuracy: 0.9525
EVAL: [0/104] Elapsed 0m 0s (remain 0m 44s) Loss: 0.3185(0.3185) Accuracy: 1.0000 F1 Score: 1.0000
EVAL: [103/104] Elapsed 0m 2s (remain 0m 0s) Loss: 0.7776(0.6868) Accuracy: 0.6298 F1 Score: 0.6295
Epoch 6 - avg_train_loss: 0.1440  train_acc: 0.9525  valid_acc: 0.6298  valid_f1: 0.6295  time: 139s
Epoch: [7][0/936] Elapsed 0m 0s (remain 7m 36s) Loss: 0.0503(0.0503) LR: 0.00000100 Accuracy: 1.0000
Epoch: [7][300/936] Elapsed 0m 46s (remain 1m 37s) Loss: 0.0346(0.0798) LR: 0.00000100 Accuracy: 0.9784
Epoch: [7][600/936] Elapsed 1m 28s (remain 0m 49s) Loss: 0.0202(0.0801) LR: 0.00000100 Accuracy: 0.9775
Epoch: [7][900/936] Elapsed 2m 11s (remain 0m 5s) Loss: 0.0340(0.0755) LR: 0.00000100 Accuracy: 0.9803
Epoch: [7][935/936] Elapsed 2m 16s (remain 0m 0s) Loss: 0.0254(0.0742) LR: 0.00000100 Accuracy: 0.9808
EVAL: [0/104] Elapsed 0m 0s (remain 0m 31s) Loss: 0.3184(0.3184) Accuracy: 1.0000 F1 Score: 1.0000
EVAL: [103/104] Elapsed 0m 2s (remain 0m 0s) Loss: 0.7746(0.6805) Accuracy: 0.6370 F1 Score: 0.6368
Epoch 7 - avg_train_loss: 0.0742  train_acc: 0.9808  valid_acc: 0.6370  valid_f1: 0.6368  time: 140s
Epoch: [8][0/936] Elapsed 0m 0s (remain 8m 14s) Loss: 0.0259(0.0259) LR: 0.00001050 Accuracy: 1.0000
Epoch: [8][300/936] Elapsed 0m 44s (remain 1m 34s) Loss: 0.0228(0.0651) LR: 0.00001050 Accuracy: 0.9826
Epoch: [8][600/936] Elapsed 1m 30s (remain 0m 50s) Loss: 0.0883(0.0733) LR: 0.00001050 Accuracy: 0.9784
Epoch: [8][900/936] Elapsed 2m 14s (remain 0m 5s) Loss: 1.0266(0.0816) LR: 0.00001050 Accuracy: 0.9759
Epoch: [8][935/936] Elapsed 2m 19s (remain 0m 0s) Loss: 0.4739(0.0827) LR: 0.00001050 Accuracy: 0.9754
EVAL: [0/104] Elapsed 0m 0s (remain 0m 27s) Loss: 0.3175(0.3175) Accuracy: 1.0000 F1 Score: 1.0000
EVAL: [103/104] Elapsed 0m 2s (remain 0m 0s) Loss: 0.8039(0.6820) Accuracy: 0.6394 F1 Score: 0.6393
Epoch 8 - avg_train_loss: 0.0827  train_acc: 0.9754  valid_acc: 0.6394  valid_f1: 0.6393  time: 142s
Epoch 8 - Save Best Score: 0.6393 Model
Epoch: [9][0/936] Elapsed 0m 0s (remain 9m 1s) Loss: 0.0141(0.0141) LR: 0.00002000 Accuracy: 1.0000
Epoch: [9][300/936] Elapsed 0m 46s (remain 1m 37s) Loss: 0.0249(0.0962) LR: 0.00002000 Accuracy: 0.9684
Epoch: [9][600/936] Elapsed 1m 30s (remain 0m 50s) Loss: 1.0543(0.1002) LR: 0.00002000 Accuracy: 0.9667
Epoch: [9][900/936] Elapsed 2m 13s (remain 0m 5s) Loss: 0.5291(0.1107) LR: 0.00002000 Accuracy: 0.9631
Epoch: [9][935/936] Elapsed 2m 17s (remain 0m 0s) Loss: 0.0329(0.1117) LR: 0.00002000 Accuracy: 0.9626
EVAL: [0/104] Elapsed 0m 0s (remain 0m 32s) Loss: 0.3172(0.3172) Accuracy: 1.0000 F1 Score: 1.0000
EVAL: [103/104] Elapsed 0m 2s (remain 0m 0s) Loss: 0.8289(0.6962) Accuracy: 0.6226 F1 Score: 0.6218
Epoch 9 - avg_train_loss: 0.1117  train_acc: 0.9626  valid_acc: 0.6226  valid_f1: 0.6218  time: 141s
Epoch: [10][0/936] Elapsed 0m 0s (remain 8m 12s) Loss: 0.0219(0.0219) LR: 0.00001050 Accuracy: 1.0000
Epoch: [10][300/936] Elapsed 0m 46s (remain 1m 38s) Loss: 0.0828(0.0416) LR: 0.00001050 Accuracy: 0.9900
Epoch: [10][600/936] Elapsed 1m 32s (remain 0m 51s) Loss: 0.0171(0.0493) LR: 0.00001050 Accuracy: 0.9875
Epoch: [10][900/936] Elapsed 2m 16s (remain 0m 5s) Loss: 0.0116(0.0495) LR: 0.00001050 Accuracy: 0.9878
Epoch: [10][935/936] Elapsed 2m 21s (remain 0m 0s) Loss: 0.0115(0.0489) LR: 0.00001050 Accuracy: 0.9877
EVAL: [0/104] Elapsed 0m 0s (remain 0m 45s) Loss: 0.3156(0.3156) Accuracy: 1.0000 F1 Score: 1.0000
EVAL: [103/104] Elapsed 0m 3s (remain 0m 0s) Loss: 0.8286(0.6968) Accuracy: 0.6058 F1 Score: 0.6054
Epoch 10 - avg_train_loss: 0.0489  train_acc: 0.9877  valid_acc: 0.6058  valid_f1: 0.6054  time: 145s
[Fold6] Best score: 0.639348052248295
================== fold: 7 training ======================
Epoch: [1][0/936] Elapsed 0m 0s (remain 5m 38s) Loss: 0.6793(0.6793) LR: 0.00002000 Accuracy: 0.5000
Epoch: [1][300/936] Elapsed 0m 45s (remain 1m 36s) Loss: 0.7741(0.6823) LR: 0.00002000 Accuracy: 0.5133
Epoch: [1][600/936] Elapsed 1m 31s (remain 0m 51s) Loss: 0.6798(0.6741) LR: 0.00002000 Accuracy: 0.5341
Epoch: [1][900/936] Elapsed 2m 16s (remain 0m 5s) Loss: 0.7044(0.6649) LR: 0.00002000 Accuracy: 0.5563
Epoch: [1][935/936] Elapsed 2m 20s (remain 0m 0s) Loss: 0.7902(0.6651) LR: 0.00002000 Accuracy: 0.5566
EVAL: [0/104] Elapsed 0m 0s (remain 0m 43s) Loss: 0.3890(0.3890) Accuracy: 1.0000 F1 Score: 1.0000
EVAL: [103/104] Elapsed 0m 2s (remain 0m 0s) Loss: 0.7271(0.7035) Accuracy: 0.6611 F1 Score: 0.6603
Epoch 1 - avg_train_loss: 0.6651  train_acc: 0.5566  valid_acc: 0.6611  valid_f1: 0.6603  time: 144s
Epoch 1 - Save Best Score: 0.6603 Model
Epoch: [2][0/936] Elapsed 0m 0s (remain 4m 55s) Loss: 0.6130(0.6130) LR: 0.00001050 Accuracy: 0.5000
Epoch: [2][300/936] Elapsed 0m 45s (remain 1m 35s) Loss: 0.6081(0.5648) LR: 0.00001050 Accuracy: 0.6960
Epoch: [2][600/936] Elapsed 1m 30s (remain 0m 50s) Loss: 0.5167(0.5587) LR: 0.00001050 Accuracy: 0.7126
Epoch: [2][900/936] Elapsed 2m 16s (remain 0m 5s) Loss: 0.6791(0.5500) LR: 0.00001050 Accuracy: 0.7145
Epoch: [2][935/936] Elapsed 2m 21s (remain 0m 0s) Loss: 0.5059(0.5501) LR: 0.00001050 Accuracy: 0.7142
EVAL: [0/104] Elapsed 0m 0s (remain 0m 44s) Loss: 0.3571(0.3571) Accuracy: 1.0000 F1 Score: 1.0000
EVAL: [103/104] Elapsed 0m 2s (remain 0m 0s) Loss: 0.7330(0.6785) Accuracy: 0.6587 F1 Score: 0.6540
Epoch 2 - avg_train_loss: 0.5501  train_acc: 0.7142  valid_acc: 0.6587  valid_f1: 0.6540  time: 145s
Epoch: [3][0/936] Elapsed 0m 0s (remain 7m 35s) Loss: 0.2222(0.2222) LR: 0.00000100 Accuracy: 1.0000
Epoch: [3][300/936] Elapsed 0m 45s (remain 1m 36s) Loss: 0.3040(0.4076) LR: 0.00000100 Accuracy: 0.8198
Epoch: [3][600/936] Elapsed 1m 29s (remain 0m 49s) Loss: 1.0457(0.3852) LR: 0.00000100 Accuracy: 0.8365
Epoch: [3][900/936] Elapsed 2m 14s (remain 0m 5s) Loss: 0.4792(0.3733) LR: 0.00000100 Accuracy: 0.8432
Epoch: [3][935/936] Elapsed 2m 19s (remain 0m 0s) Loss: 0.4373(0.3749) LR: 0.00000100 Accuracy: 0.8419
EVAL: [0/104] Elapsed 0m 0s (remain 0m 45s) Loss: 0.3323(0.3323) Accuracy: 1.0000 F1 Score: 1.0000
EVAL: [103/104] Elapsed 0m 2s (remain 0m 0s) Loss: 0.7299(0.6868) Accuracy: 0.6514 F1 Score: 0.6500
Epoch 3 - avg_train_loss: 0.3749  train_acc: 0.8419  valid_acc: 0.6514  valid_f1: 0.6500  time: 143s
Epoch: [4][0/936] Elapsed 0m 0s (remain 8m 16s) Loss: 0.5529(0.5529) LR: 0.00001050 Accuracy: 0.7500
Epoch: [4][300/936] Elapsed 0m 45s (remain 1m 36s) Loss: 0.7375(0.3216) LR: 0.00001050 Accuracy: 0.8679
Epoch: [4][600/936] Elapsed 1m 30s (remain 0m 50s) Loss: 0.1729(0.3409) LR: 0.00001050 Accuracy: 0.8536
Epoch: [4][900/936] Elapsed 2m 13s (remain 0m 5s) Loss: 0.5420(0.3511) LR: 0.00001050 Accuracy: 0.8463
Epoch: [4][935/936] Elapsed 2m 18s (remain 0m 0s) Loss: 0.3068(0.3517) LR: 0.00001050 Accuracy: 0.8459
EVAL: [0/104] Elapsed 0m 0s (remain 0m 29s) Loss: 0.3243(0.3243) Accuracy: 1.0000 F1 Score: 1.0000
EVAL: [103/104] Elapsed 0m 2s (remain 0m 0s) Loss: 0.7719(0.6921) Accuracy: 0.6562 F1 Score: 0.6522
Epoch 4 - avg_train_loss: 0.3517  train_acc: 0.8459  valid_acc: 0.6562  valid_f1: 0.6522  time: 142s
Epoch: [5][0/936] Elapsed 0m 0s (remain 7m 26s) Loss: 0.3356(0.3356) LR: 0.00002000 Accuracy: 0.7500
Epoch: [5][300/936] Elapsed 0m 45s (remain 1m 36s) Loss: 0.3566(0.2400) LR: 0.00002000 Accuracy: 0.9028
Epoch: [5][600/936] Elapsed 1m 29s (remain 0m 49s) Loss: 0.3264(0.2597) LR: 0.00002000 Accuracy: 0.8931
Epoch: [5][900/936] Elapsed 2m 13s (remain 0m 5s) Loss: 0.3738(0.2619) LR: 0.00002000 Accuracy: 0.8896
Epoch: [5][935/936] Elapsed 2m 18s (remain 0m 0s) Loss: 0.0696(0.2651) LR: 0.00002000 Accuracy: 0.8881
EVAL: [0/104] Elapsed 0m 0s (remain 0m 28s) Loss: 0.3210(0.3210) Accuracy: 1.0000 F1 Score: 1.0000
EVAL: [103/104] Elapsed 0m 2s (remain 0m 0s) Loss: 0.8029(0.6696) Accuracy: 0.6538 F1 Score: 0.6533
Epoch 5 - avg_train_loss: 0.2651  train_acc: 0.8881  valid_acc: 0.6538  valid_f1: 0.6533  time: 141s
Epoch: [6][0/936] Elapsed 0m 0s (remain 5m 24s) Loss: 0.1007(0.1007) LR: 0.00001050 Accuracy: 1.0000
Epoch: [6][300/936] Elapsed 0m 43s (remain 1m 32s) Loss: 0.0430(0.1486) LR: 0.00001050 Accuracy: 0.9493
Epoch: [6][600/936] Elapsed 1m 28s (remain 0m 49s) Loss: 0.3476(0.1219) LR: 0.00001050 Accuracy: 0.9601
Epoch: [6][900/936] Elapsed 2m 11s (remain 0m 5s) Loss: 0.0312(0.1271) LR: 0.00001050 Accuracy: 0.9584
Epoch: [6][935/936] Elapsed 2m 16s (remain 0m 0s) Loss: 0.0942(0.1299) LR: 0.00001050 Accuracy: 0.9570
EVAL: [0/104] Elapsed 0m 0s (remain 0m 43s) Loss: 0.3176(0.3176) Accuracy: 1.0000 F1 Score: 1.0000
EVAL: [103/104] Elapsed 0m 2s (remain 0m 0s) Loss: 0.8284(0.6809) Accuracy: 0.6659 F1 Score: 0.6640
Epoch 6 - avg_train_loss: 0.1299  train_acc: 0.9570  valid_acc: 0.6659  valid_f1: 0.6640  time: 140s
Epoch 6 - Save Best Score: 0.6640 Model
Epoch: [7][0/936] Elapsed 0m 0s (remain 7m 45s) Loss: 0.7367(0.7367) LR: 0.00000100 Accuracy: 0.7500
Epoch: [7][300/936] Elapsed 0m 44s (remain 1m 32s) Loss: 0.0216(0.0715) LR: 0.00000100 Accuracy: 0.9809
Epoch: [7][600/936] Elapsed 1m 28s (remain 0m 49s) Loss: 0.0230(0.0670) LR: 0.00000100 Accuracy: 0.9821
Epoch: [7][900/936] Elapsed 2m 12s (remain 0m 5s) Loss: 0.0174(0.0651) LR: 0.00000100 Accuracy: 0.9817
Epoch: [7][935/936] Elapsed 2m 17s (remain 0m 0s) Loss: 0.0269(0.0657) LR: 0.00000100 Accuracy: 0.9813
EVAL: [0/104] Elapsed 0m 0s (remain 0m 44s) Loss: 0.3174(0.3174) Accuracy: 1.0000 F1 Score: 1.0000
EVAL: [103/104] Elapsed 0m 3s (remain 0m 0s) Loss: 0.8409(0.6684) Accuracy: 0.6707 F1 Score: 0.6704
Epoch 7 - avg_train_loss: 0.0657  train_acc: 0.9813  valid_acc: 0.6707  valid_f1: 0.6704  time: 141s
Epoch 7 - Save Best Score: 0.6704 Model
Epoch: [8][0/936] Elapsed 0m 0s (remain 7m 24s) Loss: 0.0215(0.0215) LR: 0.00001050 Accuracy: 1.0000
Epoch: [8][300/936] Elapsed 0m 44s (remain 1m 33s) Loss: 0.2459(0.0619) LR: 0.00001050 Accuracy: 0.9792
Epoch: [8][600/936] Elapsed 1m 27s (remain 0m 48s) Loss: 0.0196(0.0722) LR: 0.00001050 Accuracy: 0.9746
Epoch: [8][900/936] Elapsed 2m 9s (remain 0m 5s) Loss: 0.0138(0.0750) LR: 0.00001050 Accuracy: 0.9753
Epoch: [8][935/936] Elapsed 2m 14s (remain 0m 0s) Loss: 0.0196(0.0751) LR: 0.00001050 Accuracy: 0.9752
EVAL: [0/104] Elapsed 0m 0s (remain 0m 30s) Loss: 0.3168(0.3168) Accuracy: 1.0000 F1 Score: 1.0000
EVAL: [103/104] Elapsed 0m 2s (remain 0m 0s) Loss: 0.8152(0.6628) Accuracy: 0.6803 F1 Score: 0.6803
Epoch 8 - avg_train_loss: 0.0751  train_acc: 0.9752  valid_acc: 0.6803  valid_f1: 0.6803  time: 138s
Epoch 8 - Save Best Score: 0.6803 Model
Epoch: [9][0/936] Elapsed 0m 0s (remain 8m 6s) Loss: 1.0756(1.0756) LR: 0.00002000 Accuracy: 0.7500
Epoch: [9][300/936] Elapsed 0m 45s (remain 1m 36s) Loss: 0.3110(0.0966) LR: 0.00002000 Accuracy: 0.9676
Epoch: [9][600/936] Elapsed 1m 29s (remain 0m 49s) Loss: 0.0373(0.0988) LR: 0.00002000 Accuracy: 0.9663
Epoch: [9][900/936] Elapsed 2m 13s (remain 0m 5s) Loss: 0.1645(0.1137) LR: 0.00002000 Accuracy: 0.9603
Epoch: [9][935/936] Elapsed 2m 18s (remain 0m 0s) Loss: 0.0649(0.1118) LR: 0.00002000 Accuracy: 0.9610
EVAL: [0/104] Elapsed 0m 0s (remain 0m 29s) Loss: 0.3162(0.3162) Accuracy: 1.0000 F1 Score: 1.0000
EVAL: [103/104] Elapsed 0m 2s (remain 0m 0s) Loss: 0.8084(0.6777) Accuracy: 0.6562 F1 Score: 0.6548
Epoch 9 - avg_train_loss: 0.1118  train_acc: 0.9610  valid_acc: 0.6562  valid_f1: 0.6548  time: 142s
Epoch: [10][0/936] Elapsed 0m 0s (remain 8m 38s) Loss: 0.0470(0.0470) LR: 0.00001050 Accuracy: 1.0000
Epoch: [10][300/936] Elapsed 0m 45s (remain 1m 36s) Loss: 0.0132(0.0516) LR: 0.00001050 Accuracy: 0.9884
Epoch: [10][600/936] Elapsed 1m 28s (remain 0m 49s) Loss: 0.0199(0.0554) LR: 0.00001050 Accuracy: 0.9854
Epoch: [10][900/936] Elapsed 2m 12s (remain 0m 5s) Loss: 0.0150(0.0565) LR: 0.00001050 Accuracy: 0.9842
Epoch: [10][935/936] Elapsed 2m 16s (remain 0m 0s) Loss: 0.0772(0.0554) LR: 0.00001050 Accuracy: 0.9848
EVAL: [0/104] Elapsed 0m 0s (remain 0m 46s) Loss: 0.3154(0.3154) Accuracy: 1.0000 F1 Score: 1.0000
EVAL: [103/104] Elapsed 0m 3s (remain 0m 0s) Loss: 0.7209(0.6631) Accuracy: 0.6683 F1 Score: 0.6681
Epoch 10 - avg_train_loss: 0.0554  train_acc: 0.9848  valid_acc: 0.6683  valid_f1: 0.6681  time: 140s
[Fold7] Best score: 0.6802866140822282
================== fold: 8 training ======================
Epoch: [1][0/936] Elapsed 0m 0s (remain 4m 41s) Loss: 0.6875(0.6875) LR: 0.00002000 Accuracy: 0.5000
Epoch: [1][300/936] Elapsed 0m 45s (remain 1m 36s) Loss: 0.5797(0.6795) LR: 0.00002000 Accuracy: 0.5282
Epoch: [1][600/936] Elapsed 1m 30s (remain 0m 50s) Loss: 0.6492(0.6769) LR: 0.00002000 Accuracy: 0.5374
Epoch: [1][900/936] Elapsed 2m 15s (remain 0m 5s) Loss: 0.4712(0.6663) LR: 0.00002000 Accuracy: 0.5588
Epoch: [1][935/936] Elapsed 2m 20s (remain 0m 0s) Loss: 0.6382(0.6656) LR: 0.00002000 Accuracy: 0.5601
EVAL: [0/104] Elapsed 0m 0s (remain 0m 42s) Loss: 0.3704(0.3704) Accuracy: 1.0000 F1 Score: 1.0000
EVAL: [103/104] Elapsed 0m 3s (remain 0m 0s) Loss: 0.8003(0.7013) Accuracy: 0.6731 F1 Score: 0.6714
Epoch 1 - avg_train_loss: 0.6656  train_acc: 0.5601  valid_acc: 0.6731  valid_f1: 0.6714  time: 144s
Epoch 1 - Save Best Score: 0.6714 Model
Epoch: [2][0/936] Elapsed 0m 0s (remain 7m 12s) Loss: 0.5938(0.5938) LR: 0.00001050 Accuracy: 0.5000
Epoch: [2][300/936] Elapsed 0m 46s (remain 1m 37s) Loss: 0.4792(0.5446) LR: 0.00001050 Accuracy: 0.7334
Epoch: [2][600/936] Elapsed 1m 30s (remain 0m 50s) Loss: 0.9965(0.5432) LR: 0.00001050 Accuracy: 0.7246
Epoch: [2][900/936] Elapsed 2m 14s (remain 0m 5s) Loss: 0.6066(0.5369) LR: 0.00001050 Accuracy: 0.7284
Epoch: [2][935/936] Elapsed 2m 19s (remain 0m 0s) Loss: 0.3905(0.5356) LR: 0.00001050 Accuracy: 0.7289
EVAL: [0/104] Elapsed 0m 0s (remain 0m 42s) Loss: 0.3563(0.3563) Accuracy: 1.0000 F1 Score: 1.0000
EVAL: [103/104] Elapsed 0m 2s (remain 0m 0s) Loss: 0.7720(0.6769) Accuracy: 0.6562 F1 Score: 0.6459
Epoch 2 - avg_train_loss: 0.5356  train_acc: 0.7289  valid_acc: 0.6562  valid_f1: 0.6459  time: 143s
Epoch: [3][0/936] Elapsed 0m 0s (remain 8m 1s) Loss: 0.3655(0.3655) LR: 0.00000100 Accuracy: 1.0000
Epoch: [3][300/936] Elapsed 0m 46s (remain 1m 37s) Loss: 0.2524(0.3659) LR: 0.00000100 Accuracy: 0.8488
Epoch: [3][600/936] Elapsed 1m 31s (remain 0m 50s) Loss: 0.1410(0.3605) LR: 0.00000100 Accuracy: 0.8527
Epoch: [3][900/936] Elapsed 2m 15s (remain 0m 5s) Loss: 0.3072(0.3478) LR: 0.00000100 Accuracy: 0.8621
Epoch: [3][935/936] Elapsed 2m 20s (remain 0m 0s) Loss: 0.1521(0.3460) LR: 0.00000100 Accuracy: 0.8638
EVAL: [0/104] Elapsed 0m 0s (remain 0m 25s) Loss: 0.3358(0.3358) Accuracy: 1.0000 F1 Score: 1.0000
EVAL: [103/104] Elapsed 0m 2s (remain 0m 0s) Loss: 0.7494(0.6722) Accuracy: 0.6899 F1 Score: 0.6897
Epoch 3 - avg_train_loss: 0.3460  train_acc: 0.8638  valid_acc: 0.6899  valid_f1: 0.6897  time: 143s
Epoch 3 - Save Best Score: 0.6897 Model
Epoch: [4][0/936] Elapsed 0m 0s (remain 7m 37s) Loss: 0.3156(0.3156) LR: 0.00001050 Accuracy: 1.0000
Epoch: [4][300/936] Elapsed 0m 46s (remain 1m 37s) Loss: 0.1730(0.3339) LR: 0.00001050 Accuracy: 0.8522
Epoch: [4][600/936] Elapsed 1m 31s (remain 0m 50s) Loss: 0.0872(0.3137) LR: 0.00001050 Accuracy: 0.8719
Epoch: [4][900/936] Elapsed 2m 15s (remain 0m 5s) Loss: 0.0659(0.3093) LR: 0.00001050 Accuracy: 0.8738
Epoch: [4][935/936] Elapsed 2m 20s (remain 0m 0s) Loss: 0.2128(0.3123) LR: 0.00001050 Accuracy: 0.8718
EVAL: [0/104] Elapsed 0m 0s (remain 0m 42s) Loss: 0.3239(0.3239) Accuracy: 1.0000 F1 Score: 1.0000
EVAL: [103/104] Elapsed 0m 2s (remain 0m 0s) Loss: 0.7482(0.6909) Accuracy: 0.6442 F1 Score: 0.6418
Epoch 4 - avg_train_loss: 0.3123  train_acc: 0.8718  valid_acc: 0.6442  valid_f1: 0.6418  time: 144s
Epoch: [5][0/936] Elapsed 0m 0s (remain 5m 9s) Loss: 0.0834(0.0834) LR: 0.00002000 Accuracy: 1.0000
Epoch: [5][300/936] Elapsed 0m 45s (remain 1m 35s) Loss: 0.0498(0.2429) LR: 0.00002000 Accuracy: 0.9111
Epoch: [5][600/936] Elapsed 1m 29s (remain 0m 50s) Loss: 0.3445(0.2407) LR: 0.00002000 Accuracy: 0.9081
Epoch: [5][900/936] Elapsed 2m 12s (remain 0m 5s) Loss: 0.0600(0.2430) LR: 0.00002000 Accuracy: 0.9073
Epoch: [5][935/936] Elapsed 2m 17s (remain 0m 0s) Loss: 0.2991(0.2427) LR: 0.00002000 Accuracy: 0.9073
EVAL: [0/104] Elapsed 0m 0s (remain 0m 45s) Loss: 0.3217(0.3217) Accuracy: 1.0000 F1 Score: 1.0000
EVAL: [103/104] Elapsed 0m 2s (remain 0m 0s) Loss: 0.7161(0.6666) Accuracy: 0.6659 F1 Score: 0.6632
Epoch 5 - avg_train_loss: 0.2427  train_acc: 0.9073  valid_acc: 0.6659  valid_f1: 0.6632  time: 140s
Epoch: [6][0/936] Elapsed 0m 0s (remain 4m 58s) Loss: 0.5404(0.5404) LR: 0.00001050 Accuracy: 0.5000
Epoch: [6][300/936] Elapsed 0m 43s (remain 1m 31s) Loss: 0.8219(0.1437) LR: 0.00001050 Accuracy: 0.9460
Epoch: [6][600/936] Elapsed 1m 28s (remain 0m 49s) Loss: 0.0319(0.1364) LR: 0.00001050 Accuracy: 0.9497
Epoch: [6][900/936] Elapsed 2m 13s (remain 0m 5s) Loss: 0.0302(0.1395) LR: 0.00001050 Accuracy: 0.9501
Epoch: [6][935/936] Elapsed 2m 18s (remain 0m 0s) Loss: 0.0429(0.1388) LR: 0.00001050 Accuracy: 0.9509
EVAL: [0/104] Elapsed 0m 0s (remain 0m 28s) Loss: 0.3180(0.3180) Accuracy: 1.0000 F1 Score: 1.0000
EVAL: [103/104] Elapsed 0m 2s (remain 0m 0s) Loss: 0.7121(0.6700) Accuracy: 0.6538 F1 Score: 0.6530
Epoch 6 - avg_train_loss: 0.1388  train_acc: 0.9509  valid_acc: 0.6538  valid_f1: 0.6530  time: 141s
Epoch: [7][0/936] Elapsed 0m 0s (remain 5m 15s) Loss: 0.0283(0.0283) LR: 0.00000100 Accuracy: 1.0000
Epoch: [7][300/936] Elapsed 0m 44s (remain 1m 33s) Loss: 0.0820(0.0748) LR: 0.00000100 Accuracy: 0.9826
Epoch: [7][600/936] Elapsed 1m 29s (remain 0m 49s) Loss: 0.0210(0.0782) LR: 0.00000100 Accuracy: 0.9800
Epoch: [7][900/936] Elapsed 2m 12s (remain 0m 5s) Loss: 0.0307(0.0724) LR: 0.00000100 Accuracy: 0.9822
Epoch: [7][935/936] Elapsed 2m 17s (remain 0m 0s) Loss: 0.0225(0.0722) LR: 0.00000100 Accuracy: 0.9826
EVAL: [0/104] Elapsed 0m 0s (remain 0m 41s) Loss: 0.3177(0.3177) Accuracy: 1.0000 F1 Score: 1.0000
EVAL: [103/104] Elapsed 0m 3s (remain 0m 0s) Loss: 0.7129(0.6721) Accuracy: 0.6514 F1 Score: 0.6514
Epoch 7 - avg_train_loss: 0.0722  train_acc: 0.9826  valid_acc: 0.6514  valid_f1: 0.6514  time: 141s
Epoch: [8][0/936] Elapsed 0m 0s (remain 7m 24s) Loss: 0.0426(0.0426) LR: 0.00001050 Accuracy: 1.0000
Epoch: [8][300/936] Elapsed 0m 45s (remain 1m 36s) Loss: 0.2285(0.0791) LR: 0.00001050 Accuracy: 0.9767
Epoch: [8][600/936] Elapsed 1m 28s (remain 0m 49s) Loss: 0.0490(0.0887) LR: 0.00001050 Accuracy: 0.9734
Epoch: [8][900/936] Elapsed 2m 11s (remain 0m 5s) Loss: 0.0151(0.0873) LR: 0.00001050 Accuracy: 0.9736
Epoch: [8][935/936] Elapsed 2m 16s (remain 0m 0s) Loss: 0.4774(0.0855) LR: 0.00001050 Accuracy: 0.9744
EVAL: [0/104] Elapsed 0m 0s (remain 0m 36s) Loss: 0.3164(0.3164) Accuracy: 1.0000 F1 Score: 1.0000
EVAL: [103/104] Elapsed 0m 2s (remain 0m 0s) Loss: 0.7171(0.6620) Accuracy: 0.6731 F1 Score: 0.6727
Epoch 8 - avg_train_loss: 0.0855  train_acc: 0.9744  valid_acc: 0.6731  valid_f1: 0.6727  time: 139s
Epoch: [9][0/936] Elapsed 0m 0s (remain 5m 36s) Loss: 0.0332(0.0332) LR: 0.00002000 Accuracy: 1.0000
Epoch: [9][300/936] Elapsed 0m 44s (remain 1m 34s) Loss: 0.0141(0.0612) LR: 0.00002000 Accuracy: 0.9842
Epoch: [9][600/936] Elapsed 1m 28s (remain 0m 49s) Loss: 0.0850(0.0936) LR: 0.00002000 Accuracy: 0.9696
Epoch: [9][900/936] Elapsed 2m 14s (remain 0m 5s) Loss: 0.0144(0.1003) LR: 0.00002000 Accuracy: 0.9673
Epoch: [9][935/936] Elapsed 2m 19s (remain 0m 0s) Loss: 0.0240(0.1002) LR: 0.00002000 Accuracy: 0.9677
EVAL: [0/104] Elapsed 0m 0s (remain 0m 42s) Loss: 0.3155(0.3155) Accuracy: 1.0000 F1 Score: 1.0000
EVAL: [103/104] Elapsed 0m 3s (remain 0m 0s) Loss: 0.6991(0.6837) Accuracy: 0.6466 F1 Score: 0.6463
Epoch 9 - avg_train_loss: 0.1002  train_acc: 0.9677  valid_acc: 0.6466  valid_f1: 0.6463  time: 143s
Epoch: [10][0/936] Elapsed 0m 0s (remain 6m 32s) Loss: 0.0197(0.0197) LR: 0.00001050 Accuracy: 1.0000
Epoch: [10][300/936] Elapsed 0m 45s (remain 1m 36s) Loss: 0.4932(0.0712) LR: 0.00001050 Accuracy: 0.9776
Epoch: [10][600/936] Elapsed 1m 29s (remain 0m 49s) Loss: 0.0130(0.0679) LR: 0.00001050 Accuracy: 0.9792
Epoch: [10][900/936] Elapsed 2m 13s (remain 0m 5s) Loss: 0.0102(0.0619) LR: 0.00001050 Accuracy: 0.9809
Epoch: [10][935/936] Elapsed 2m 18s (remain 0m 0s) Loss: 0.0119(0.0618) LR: 0.00001050 Accuracy: 0.9810
EVAL: [0/104] Elapsed 0m 0s (remain 0m 29s) Loss: 0.3152(0.3152) Accuracy: 1.0000 F1 Score: 1.0000
EVAL: [103/104] Elapsed 0m 2s (remain 0m 0s) Loss: 0.7357(0.6732) Accuracy: 0.6635 F1 Score: 0.6633
Epoch 10 - avg_train_loss: 0.0618  train_acc: 0.9810  valid_acc: 0.6635  valid_f1: 0.6633  time: 141s
[Fold8] Best score: 0.6896868765721225
================== fold: 9 training ======================
Epoch: [1][0/936] Elapsed 0m 0s (remain 5m 6s) Loss: 0.6958(0.6958) LR: 0.00002000 Accuracy: 0.5000
Epoch: [1][300/936] Elapsed 0m 45s (remain 1m 35s) Loss: 0.7322(0.6753) LR: 0.00002000 Accuracy: 0.5291
Epoch: [1][600/936] Elapsed 1m 29s (remain 0m 49s) Loss: 0.5051(0.6610) LR: 0.00002000 Accuracy: 0.5653
Epoch: [1][900/936] Elapsed 2m 11s (remain 0m 5s) Loss: 0.5558(0.6550) LR: 0.00002000 Accuracy: 0.5813
Epoch: [1][935/936] Elapsed 2m 16s (remain 0m 0s) Loss: 0.8453(0.6543) LR: 0.00002000 Accuracy: 0.5804
EVAL: [0/104] Elapsed 0m 0s (remain 0m 31s) Loss: 0.3527(0.3527) Accuracy: 1.0000 F1 Score: 1.0000
EVAL: [103/104] Elapsed 0m 2s (remain 0m 0s) Loss: 0.9517(0.7088) Accuracy: 0.6490 F1 Score: 0.6439
Epoch 1 - avg_train_loss: 0.6543  train_acc: 0.5804  valid_acc: 0.6490  valid_f1: 0.6439  time: 139s
Epoch 1 - Save Best Score: 0.6439 Model
Epoch: [2][0/936] Elapsed 0m 0s (remain 5m 4s) Loss: 0.3854(0.3854) LR: 0.00001050 Accuracy: 1.0000
Epoch: [2][300/936] Elapsed 0m 45s (remain 1m 35s) Loss: 0.3632(0.5152) LR: 0.00001050 Accuracy: 0.7434
Epoch: [2][600/936] Elapsed 1m 29s (remain 0m 49s) Loss: 0.4547(0.5143) LR: 0.00001050 Accuracy: 0.7438
Epoch: [2][900/936] Elapsed 2m 13s (remain 0m 5s) Loss: 0.7268(0.5010) LR: 0.00001050 Accuracy: 0.7536
Epoch: [2][935/936] Elapsed 2m 19s (remain 0m 0s) Loss: 0.5352(0.5018) LR: 0.00001050 Accuracy: 0.7521
EVAL: [0/104] Elapsed 0m 0s (remain 0m 42s) Loss: 0.3494(0.3494) Accuracy: 1.0000 F1 Score: 1.0000
EVAL: [103/104] Elapsed 0m 2s (remain 0m 0s) Loss: 0.7948(0.6787) Accuracy: 0.6514 F1 Score: 0.6391
Epoch 2 - avg_train_loss: 0.5018  train_acc: 0.7521  valid_acc: 0.6514  valid_f1: 0.6391  time: 142s
Epoch: [3][0/936] Elapsed 0m 0s (remain 7m 12s) Loss: 0.2318(0.2318) LR: 0.00000100 Accuracy: 1.0000
Epoch: [3][300/936] Elapsed 0m 44s (remain 1m 34s) Loss: 0.0903(0.3582) LR: 0.00000100 Accuracy: 0.8306
Epoch: [3][600/936] Elapsed 1m 30s (remain 0m 50s) Loss: 0.3682(0.3372) LR: 0.00000100 Accuracy: 0.8536
Epoch: [3][900/936] Elapsed 2m 14s (remain 0m 5s) Loss: 0.0839(0.3154) LR: 0.00000100 Accuracy: 0.8679
Epoch: [3][935/936] Elapsed 2m 19s (remain 0m 0s) Loss: 0.0710(0.3124) LR: 0.00000100 Accuracy: 0.8699
EVAL: [0/104] Elapsed 0m 0s (remain 0m 44s) Loss: 0.3284(0.3284) Accuracy: 1.0000 F1 Score: 1.0000
EVAL: [103/104] Elapsed 0m 3s (remain 0m 0s) Loss: 0.7692(0.6760) Accuracy: 0.6755 F1 Score: 0.6749
Epoch 3 - avg_train_loss: 0.3124  train_acc: 0.8699  valid_acc: 0.6755  valid_f1: 0.6749  time: 143s
Epoch 3 - Save Best Score: 0.6749 Model
Epoch: [4][0/936] Elapsed 0m 0s (remain 7m 46s) Loss: 0.1045(0.1045) LR: 0.00001050 Accuracy: 1.0000
Epoch: [4][300/936] Elapsed 0m 46s (remain 1m 37s) Loss: 0.2464(0.2765) LR: 0.00001050 Accuracy: 0.8945
Epoch: [4][600/936] Elapsed 1m 29s (remain 0m 49s) Loss: 0.2571(0.2855) LR: 0.00001050 Accuracy: 0.8848
Epoch: [4][900/936] Elapsed 2m 12s (remain 0m 5s) Loss: 0.5747(0.2900) LR: 0.00001050 Accuracy: 0.8810
Epoch: [4][935/936] Elapsed 2m 17s (remain 0m 0s) Loss: 0.0402(0.2899) LR: 0.00001050 Accuracy: 0.8806
EVAL: [0/104] Elapsed 0m 0s (remain 0m 26s) Loss: 0.3230(0.3230) Accuracy: 1.0000 F1 Score: 1.0000
EVAL: [103/104] Elapsed 0m 2s (remain 0m 0s) Loss: 0.7648(0.6778) Accuracy: 0.6635 F1 Score: 0.6628
Epoch 4 - avg_train_loss: 0.2899  train_acc: 0.8806  valid_acc: 0.6635  valid_f1: 0.6628  time: 140s
Epoch: [5][0/936] Elapsed 0m 0s (remain 6m 57s) Loss: 0.1623(0.1623) LR: 0.00002000 Accuracy: 1.0000
Epoch: [5][300/936] Elapsed 0m 46s (remain 1m 37s) Loss: 0.4286(0.2050) LR: 0.00002000 Accuracy: 0.9194
Epoch: [5][600/936] Elapsed 1m 26s (remain 0m 48s) Loss: 0.1379(0.2163) LR: 0.00002000 Accuracy: 0.9164
Epoch: [5][900/936] Elapsed 2m 9s (remain 0m 5s) Loss: 0.1756(0.2164) LR: 0.00002000 Accuracy: 0.9168
Epoch: [5][935/936] Elapsed 2m 14s (remain 0m 0s) Loss: 0.0933(0.2169) LR: 0.00002000 Accuracy: 0.9156
EVAL: [0/104] Elapsed 0m 0s (remain 0m 40s) Loss: 0.3189(0.3189) Accuracy: 1.0000 F1 Score: 1.0000
EVAL: [103/104] Elapsed 0m 2s (remain 0m 0s) Loss: 0.7423(0.6837) Accuracy: 0.6394 F1 Score: 0.6380
Epoch 5 - avg_train_loss: 0.2169  train_acc: 0.9156  valid_acc: 0.6394  valid_f1: 0.6380  time: 137s
Epoch: [6][0/936] Elapsed 0m 0s (remain 7m 45s) Loss: 0.0274(0.0274) LR: 0.00001050 Accuracy: 1.0000
Epoch: [6][300/936] Elapsed 0m 44s (remain 1m 33s) Loss: 0.1817(0.1290) LR: 0.00001050 Accuracy: 0.9510
Epoch: [6][600/936] Elapsed 1m 27s (remain 0m 48s) Loss: 0.1657(0.1247) LR: 0.00001050 Accuracy: 0.9526
Epoch: [6][900/936] Elapsed 2m 11s (remain 0m 5s) Loss: 0.1821(0.1172) LR: 0.00001050 Accuracy: 0.9573
Epoch: [6][935/936] Elapsed 2m 16s (remain 0m 0s) Loss: 0.1269(0.1154) LR: 0.00001050 Accuracy: 0.9578
EVAL: [0/104] Elapsed 0m 0s (remain 0m 36s) Loss: 0.3174(0.3174) Accuracy: 1.0000 F1 Score: 1.0000
EVAL: [103/104] Elapsed 0m 2s (remain 0m 0s) Loss: 0.7131(0.6659) Accuracy: 0.6683 F1 Score: 0.6678
Epoch 6 - avg_train_loss: 0.1154  train_acc: 0.9578  valid_acc: 0.6683  valid_f1: 0.6678  time: 139s
Epoch: [7][0/936] Elapsed 0m 0s (remain 4m 37s) Loss: 0.0311(0.0311) LR: 0.00000100 Accuracy: 1.0000
Epoch: [7][300/936] Elapsed 0m 45s (remain 1m 36s) Loss: 0.0218(0.0639) LR: 0.00000100 Accuracy: 0.9809
Epoch: [7][600/936] Elapsed 1m 27s (remain 0m 48s) Loss: 0.0827(0.0588) LR: 0.00000100 Accuracy: 0.9829
Epoch: [7][900/936] Elapsed 2m 10s (remain 0m 5s) Loss: 0.0218(0.0613) LR: 0.00000100 Accuracy: 0.9820
Epoch: [7][935/936] Elapsed 2m 15s (remain 0m 0s) Loss: 0.0730(0.0606) LR: 0.00000100 Accuracy: 0.9824
EVAL: [0/104] Elapsed 0m 0s (remain 0m 42s) Loss: 0.3170(0.3170) Accuracy: 1.0000 F1 Score: 1.0000
EVAL: [103/104] Elapsed 0m 2s (remain 0m 0s) Loss: 0.7095(0.6686) Accuracy: 0.6659 F1 Score: 0.6654
Epoch 7 - avg_train_loss: 0.0606  train_acc: 0.9824  valid_acc: 0.6659  valid_f1: 0.6654  time: 139s
Epoch: [8][0/936] Elapsed 0m 0s (remain 7m 28s) Loss: 0.0305(0.0305) LR: 0.00001050 Accuracy: 1.0000
Epoch: [8][300/936] Elapsed 0m 44s (remain 1m 34s) Loss: 0.0165(0.0786) LR: 0.00001050 Accuracy: 0.9759
Epoch: [8][600/936] Elapsed 1m 28s (remain 0m 49s) Loss: 0.0158(0.0719) LR: 0.00001050 Accuracy: 0.9780
Epoch: [8][900/936] Elapsed 2m 12s (remain 0m 5s) Loss: 0.0805(0.0796) LR: 0.00001050 Accuracy: 0.9745
Epoch: [8][935/936] Elapsed 2m 17s (remain 0m 0s) Loss: 0.0173(0.0812) LR: 0.00001050 Accuracy: 0.9736
EVAL: [0/104] Elapsed 0m 0s (remain 0m 39s) Loss: 0.3163(0.3163) Accuracy: 1.0000 F1 Score: 1.0000
EVAL: [103/104] Elapsed 0m 2s (remain 0m 0s) Loss: 0.7125(0.6860) Accuracy: 0.6635 F1 Score: 0.6617
Epoch 8 - avg_train_loss: 0.0812  train_acc: 0.9736  valid_acc: 0.6635  valid_f1: 0.6617  time: 140s
Epoch: [9][0/936] Elapsed 0m 0s (remain 5m 18s) Loss: 0.0167(0.0167) LR: 0.00002000 Accuracy: 1.0000
Epoch: [9][300/936] Elapsed 0m 43s (remain 1m 32s) Loss: 0.6866(0.0717) LR: 0.00002000 Accuracy: 0.9776
Epoch: [9][600/936] Elapsed 1m 27s (remain 0m 48s) Loss: 0.0087(0.0664) LR: 0.00002000 Accuracy: 0.9796
Epoch: [9][900/936] Elapsed 2m 11s (remain 0m 5s) Loss: 0.8945(0.0802) LR: 0.00002000 Accuracy: 0.9748
Epoch: [9][935/936] Elapsed 2m 16s (remain 0m 0s) Loss: 0.1312(0.0857) LR: 0.00002000 Accuracy: 0.9733
EVAL: [0/104] Elapsed 0m 0s (remain 0m 32s) Loss: 0.3173(0.3173) Accuracy: 1.0000 F1 Score: 1.0000
EVAL: [103/104] Elapsed 0m 2s (remain 0m 0s) Loss: 0.7192(0.6651) Accuracy: 0.6755 F1 Score: 0.6751
Epoch 9 - avg_train_loss: 0.0857  train_acc: 0.9733  valid_acc: 0.6755  valid_f1: 0.6751  time: 139s
Epoch 9 - Save Best Score: 0.6751 Model
Epoch: [10][0/936] Elapsed 0m 0s (remain 7m 59s) Loss: 0.0252(0.0252) LR: 0.00001050 Accuracy: 1.0000
Epoch: [10][300/936] Elapsed 0m 44s (remain 1m 34s) Loss: 0.0092(0.0578) LR: 0.00001050 Accuracy: 0.9850
Epoch: [10][600/936] Elapsed 1m 29s (remain 0m 50s) Loss: 0.0083(0.0534) LR: 0.00001050 Accuracy: 0.9825
Epoch: [10][900/936] Elapsed 2m 13s (remain 0m 5s) Loss: 0.0386(0.0511) LR: 0.00001050 Accuracy: 0.9839
Epoch: [10][935/936] Elapsed 2m 18s (remain 0m 0s) Loss: 0.0135(0.0502) LR: 0.00001050 Accuracy: 0.9842
EVAL: [0/104] Elapsed 0m 0s (remain 0m 43s) Loss: 0.3151(0.3151) Accuracy: 1.0000 F1 Score: 1.0000
EVAL: [103/104] Elapsed 0m 3s (remain 0m 0s) Loss: 0.7058(0.6660) Accuracy: 0.6683 F1 Score: 0.6672
Epoch 10 - avg_train_loss: 0.0502  train_acc: 0.9842  valid_acc: 0.6683  valid_f1: 0.6672  time: 142s
[Fold9] Best score: 0.6750582939403231
