================== fold: 0 training ======================
Epoch: [1][0/1109] Elapsed 0m 1s (remain 25m 7s) Loss: 1.0479(1.0479) LR: 0.00002000 Accuracy: 0.2500
Epoch: [1][300/1109] Elapsed 1m 9s (remain 3m 7s) Loss: 0.4474(0.8502) LR: 0.00002000 Accuracy: 0.5332
Epoch: [1][600/1109] Elapsed 2m 19s (remain 1m 57s) Loss: 1.5706(0.7943) LR: 0.00002000 Accuracy: 0.5437
Epoch: [1][900/1109] Elapsed 3m 29s (remain 0m 48s) Loss: 1.1646(0.7646) LR: 0.00002000 Accuracy: 0.5566
Epoch: [1][1108/1109] Elapsed 4m 17s (remain 0m 0s) Loss: 0.7191(0.7542) LR: 0.00002000 Accuracy: 0.5622
EVAL: [0/124] Elapsed 0m 0s (remain 0m 33s) Loss: 0.7415(0.7415) Accuracy: 0.5000 F1 Score: 0.3333
EVAL: [123/124] Elapsed 0m 6s (remain 0m 0s) Loss: 0.9050(0.7192) Accuracy: 0.5984 F1 Score: 0.5793
Epoch 1 - avg_train_loss: 0.7542  train_acc: 0.5622  valid_acc: 0.5984  valid_f1: 0.5793  time: 265s
Epoch 1 - Save Best Score: 0.5793 Model
Epoch: [2][0/1109] Elapsed 0m 0s (remain 7m 15s) Loss: 0.3081(0.3081) LR: 0.00001050 Accuracy: 1.0000
Epoch: [2][300/1109] Elapsed 1m 10s (remain 3m 8s) Loss: 0.4027(0.6751) LR: 0.00001050 Accuracy: 0.5880
Epoch: [2][600/1109] Elapsed 2m 20s (remain 1m 58s) Loss: 0.4900(0.6692) LR: 0.00001050 Accuracy: 0.6061
Epoch: [2][900/1109] Elapsed 3m 29s (remain 0m 48s) Loss: 0.5260(0.6680) LR: 0.00001050 Accuracy: 0.6082
Epoch: [2][1108/1109] Elapsed 4m 18s (remain 0m 0s) Loss: 0.8270(0.6681) LR: 0.00001050 Accuracy: 0.5999
EVAL: [0/124] Elapsed 0m 0s (remain 0m 30s) Loss: 0.6567(0.6567) Accuracy: 1.0000 F1 Score: 1.0000
EVAL: [123/124] Elapsed 0m 6s (remain 0m 0s) Loss: 0.9299(0.6982) Accuracy: 0.6329 F1 Score: 0.6281
Epoch 2 - avg_train_loss: 0.6681  train_acc: 0.5999  valid_acc: 0.6329  valid_f1: 0.6281  time: 265s
Epoch 2 - Save Best Score: 0.6281 Model
Epoch: [3][0/1109] Elapsed 0m 0s (remain 9m 33s) Loss: 0.6091(0.6091) LR: 0.00000100 Accuracy: 0.7500
Epoch: [3][300/1109] Elapsed 1m 10s (remain 3m 9s) Loss: 0.5952(0.6201) LR: 0.00000100 Accuracy: 0.6262
Epoch: [3][600/1109] Elapsed 2m 20s (remain 1m 58s) Loss: 0.6016(0.6232) LR: 0.00000100 Accuracy: 0.6402
Epoch: [3][900/1109] Elapsed 3m 30s (remain 0m 48s) Loss: 0.9352(0.6229) LR: 0.00000100 Accuracy: 0.6423
Epoch: [3][1108/1109] Elapsed 4m 19s (remain 0m 0s) Loss: 0.7988(0.6261) LR: 0.00000100 Accuracy: 0.6382
EVAL: [0/124] Elapsed 0m 0s (remain 0m 38s) Loss: 0.6534(0.6534) Accuracy: 1.0000 F1 Score: 1.0000
EVAL: [123/124] Elapsed 0m 7s (remain 0m 0s) Loss: 0.9714(0.7030) Accuracy: 0.6187 F1 Score: 0.6169
Epoch 3 - avg_train_loss: 0.6261  train_acc: 0.6382  valid_acc: 0.6187  valid_f1: 0.6169  time: 267s
Epoch: [4][0/1109] Elapsed 0m 0s (remain 8m 58s) Loss: 0.3234(0.3234) LR: 0.00001050 Accuracy: 1.0000
Epoch: [4][300/1109] Elapsed 1m 10s (remain 3m 9s) Loss: 0.6693(0.6403) LR: 0.00001050 Accuracy: 0.6321
Epoch: [4][600/1109] Elapsed 2m 20s (remain 1m 59s) Loss: 0.8102(0.6265) LR: 0.00001050 Accuracy: 0.6531
Epoch: [4][900/1109] Elapsed 3m 30s (remain 0m 48s) Loss: 0.5928(0.6278) LR: 0.00001050 Accuracy: 0.6526
Epoch: [4][1108/1109] Elapsed 4m 19s (remain 0m 0s) Loss: 0.3975(0.6309) LR: 0.00001050 Accuracy: 0.6490
EVAL: [0/124] Elapsed 0m 0s (remain 0m 44s) Loss: 0.6497(0.6497) Accuracy: 0.7500 F1 Score: 0.7333
EVAL: [123/124] Elapsed 0m 7s (remain 0m 0s) Loss: 0.9182(0.6967) Accuracy: 0.6268 F1 Score: 0.6247
Epoch 4 - avg_train_loss: 0.6309  train_acc: 0.6490  valid_acc: 0.6268  valid_f1: 0.6247  time: 267s
Epoch: [5][0/1109] Elapsed 0m 0s (remain 9m 34s) Loss: 0.5558(0.5558) LR: 0.00002000 Accuracy: 0.7500
Epoch: [5][300/1109] Elapsed 1m 10s (remain 3m 9s) Loss: 0.5239(0.6332) LR: 0.00002000 Accuracy: 0.6512
Epoch: [5][600/1109] Elapsed 2m 20s (remain 1m 58s) Loss: 1.1675(0.6251) LR: 0.00002000 Accuracy: 0.6522
Epoch: [5][900/1109] Elapsed 3m 30s (remain 0m 48s) Loss: 0.7023(0.6310) LR: 0.00002000 Accuracy: 0.6512
Epoch: [5][1108/1109] Elapsed 4m 19s (remain 0m 0s) Loss: 0.6099(0.6262) LR: 0.00002000 Accuracy: 0.6580
EVAL: [0/124] Elapsed 0m 0s (remain 0m 35s) Loss: 0.6336(0.6336) Accuracy: 1.0000 F1 Score: 1.0000
EVAL: [123/124] Elapsed 0m 6s (remain 0m 0s) Loss: 0.9023(0.6966) Accuracy: 0.6126 F1 Score: 0.6036
Epoch 5 - avg_train_loss: 0.6262  train_acc: 0.6580  valid_acc: 0.6126  valid_f1: 0.6036  time: 266s
Epoch: [6][0/1109] Elapsed 0m 0s (remain 8m 29s) Loss: 0.4712(0.4712) LR: 0.00001050 Accuracy: 1.0000
Epoch: [6][300/1109] Elapsed 1m 10s (remain 3m 8s) Loss: 0.4604(0.5569) LR: 0.00001050 Accuracy: 0.7234
Epoch: [6][600/1109] Elapsed 2m 20s (remain 1m 58s) Loss: 1.0619(0.5507) LR: 0.00001050 Accuracy: 0.7275
Epoch: [6][900/1109] Elapsed 3m 30s (remain 0m 48s) Loss: 0.7573(0.5500) LR: 0.00001050 Accuracy: 0.7292
Epoch: [6][1108/1109] Elapsed 4m 18s (remain 0m 0s) Loss: 0.3740(0.5421) LR: 0.00001050 Accuracy: 0.7317
EVAL: [0/124] Elapsed 0m 0s (remain 0m 32s) Loss: 0.7085(0.7085) Accuracy: 0.5000 F1 Score: 0.3333
EVAL: [123/124] Elapsed 0m 6s (remain 0m 0s) Loss: 1.2634(0.7173) Accuracy: 0.5903 F1 Score: 0.5835
Epoch 6 - avg_train_loss: 0.5421  train_acc: 0.7317  valid_acc: 0.5903  valid_f1: 0.5835  time: 266s
Epoch: [7][0/1109] Elapsed 0m 0s (remain 7m 47s) Loss: 0.2496(0.2496) LR: 0.00000100 Accuracy: 1.0000
Epoch: [7][300/1109] Elapsed 1m 10s (remain 3m 8s) Loss: 0.3821(0.4480) LR: 0.00000100 Accuracy: 0.7982
Epoch: [7][600/1109] Elapsed 2m 20s (remain 1m 58s) Loss: 0.1597(0.4542) LR: 0.00000100 Accuracy: 0.7883
Epoch: [7][900/1109] Elapsed 3m 30s (remain 0m 48s) Loss: 0.4760(0.4450) LR: 0.00000100 Accuracy: 0.7963
Epoch: [7][1108/1109] Elapsed 4m 18s (remain 0m 0s) Loss: 0.1317(0.4358) LR: 0.00000100 Accuracy: 0.8032
EVAL: [0/124] Elapsed 0m 0s (remain 0m 37s) Loss: 0.7545(0.7545) Accuracy: 0.5000 F1 Score: 0.3333
EVAL: [123/124] Elapsed 0m 7s (remain 0m 0s) Loss: 1.2617(0.7061) Accuracy: 0.6004 F1 Score: 0.5997
Epoch 7 - avg_train_loss: 0.4358  train_acc: 0.8032  valid_acc: 0.6004  valid_f1: 0.5997  time: 266s
Epoch: [8][0/1109] Elapsed 0m 0s (remain 9m 14s) Loss: 0.6068(0.6068) LR: 0.00001050 Accuracy: 0.7500
Epoch: [8][300/1109] Elapsed 1m 10s (remain 3m 8s) Loss: 0.2447(0.4386) LR: 0.00001050 Accuracy: 0.8056
Epoch: [8][600/1109] Elapsed 2m 20s (remain 1m 58s) Loss: 0.3840(0.4501) LR: 0.00001050 Accuracy: 0.7974
Epoch: [8][900/1109] Elapsed 3m 30s (remain 0m 48s) Loss: 0.1937(0.4576) LR: 0.00001050 Accuracy: 0.7913
Epoch: [8][1108/1109] Elapsed 4m 18s (remain 0m 0s) Loss: 0.5501(0.4608) LR: 0.00001050 Accuracy: 0.7890
EVAL: [0/124] Elapsed 0m 0s (remain 0m 34s) Loss: 0.6748(0.6748) Accuracy: 0.7500 F1 Score: 0.7333
EVAL: [123/124] Elapsed 0m 6s (remain 0m 0s) Loss: 1.1443(0.7169) Accuracy: 0.5781 F1 Score: 0.5724
Epoch 8 - avg_train_loss: 0.4608  train_acc: 0.7890  valid_acc: 0.5781  valid_f1: 0.5724  time: 266s
Epoch: [9][0/1109] Elapsed 0m 0s (remain 9m 10s) Loss: 0.1118(0.1118) LR: 0.00002000 Accuracy: 1.0000
Epoch: [9][300/1109] Elapsed 1m 10s (remain 3m 8s) Loss: 0.1391(0.4527) LR: 0.00002000 Accuracy: 0.8015
Epoch: [9][600/1109] Elapsed 2m 20s (remain 1m 58s) Loss: 0.6838(0.4612) LR: 0.00002000 Accuracy: 0.7912
Epoch: [9][900/1109] Elapsed 3m 30s (remain 0m 48s) Loss: 0.3467(0.4654) LR: 0.00002000 Accuracy: 0.7858
Epoch: [9][1108/1109] Elapsed 4m 18s (remain 0m 0s) Loss: 0.3231(0.4666) LR: 0.00002000 Accuracy: 0.7836
EVAL: [0/124] Elapsed 0m 0s (remain 0m 36s) Loss: 0.7417(0.7417) Accuracy: 0.5000 F1 Score: 0.3333
EVAL: [123/124] Elapsed 0m 6s (remain 0m 0s) Loss: 1.1609(0.7274) Accuracy: 0.5598 F1 Score: 0.5518
Epoch 9 - avg_train_loss: 0.4666  train_acc: 0.7836  valid_acc: 0.5598  valid_f1: 0.5518  time: 266s
Epoch: [10][0/1109] Elapsed 0m 0s (remain 7m 18s) Loss: 0.2852(0.2852) LR: 0.00001050 Accuracy: 1.0000
Epoch: [10][300/1109] Elapsed 1m 10s (remain 3m 8s) Loss: 0.0553(0.3605) LR: 0.00001050 Accuracy: 0.8472
Epoch: [10][600/1109] Elapsed 2m 19s (remain 1m 58s) Loss: 0.3218(0.3594) LR: 0.00001050 Accuracy: 0.8486
Epoch: [10][900/1109] Elapsed 3m 29s (remain 0m 48s) Loss: 0.2843(0.3554) LR: 0.00001050 Accuracy: 0.8491
Epoch: [10][1108/1109] Elapsed 4m 17s (remain 0m 0s) Loss: 0.0579(0.3535) LR: 0.00001050 Accuracy: 0.8508
EVAL: [0/124] Elapsed 0m 0s (remain 0m 33s) Loss: 0.7322(0.7322) Accuracy: 0.5000 F1 Score: 0.3333
EVAL: [123/124] Elapsed 0m 6s (remain 0m 0s) Loss: 1.0354(0.7088) Accuracy: 0.5680 F1 Score: 0.5675
Epoch 10 - avg_train_loss: 0.3535  train_acc: 0.8508  valid_acc: 0.5680  valid_f1: 0.5675  time: 265s
[Fold0] Best score: 0.6280610054478082
================== fold: 1 training ======================
Epoch: [1][0/1109] Elapsed 0m 0s (remain 7m 16s) Loss: 1.2071(1.2071) LR: 0.00002000 Accuracy: 0.2500
Epoch: [1][300/1109] Elapsed 1m 10s (remain 3m 8s) Loss: 0.5202(0.8466) LR: 0.00002000 Accuracy: 0.5266
Epoch: [1][600/1109] Elapsed 2m 20s (remain 1m 58s) Loss: 0.4769(0.7910) LR: 0.00002000 Accuracy: 0.5358
Epoch: [1][900/1109] Elapsed 3m 29s (remain 0m 48s) Loss: 0.8264(0.7633) LR: 0.00002000 Accuracy: 0.5488
Epoch: [1][1108/1109] Elapsed 4m 18s (remain 0m 0s) Loss: 0.7672(0.7555) LR: 0.00002000 Accuracy: 0.5500
EVAL: [0/124] Elapsed 0m 0s (remain 0m 31s) Loss: 0.4542(0.4542) Accuracy: 0.5000 F1 Score: 0.3333
EVAL: [123/124] Elapsed 0m 6s (remain 0m 0s) Loss: 0.3955(0.7030) Accuracy: 0.6613 F1 Score: 0.6611
Epoch 1 - avg_train_loss: 0.7555  train_acc: 0.5500  valid_acc: 0.6613  valid_f1: 0.6611  time: 265s
Epoch 1 - Save Best Score: 0.6611 Model
Epoch: [2][0/1109] Elapsed 0m 0s (remain 7m 18s) Loss: 0.7436(0.7436) LR: 0.00001050 Accuracy: 0.5000
Epoch: [2][300/1109] Elapsed 1m 10s (remain 3m 9s) Loss: 0.7540(0.6719) LR: 0.00001050 Accuracy: 0.6138
Epoch: [2][600/1109] Elapsed 2m 20s (remain 1m 58s) Loss: 0.5199(0.6623) LR: 0.00001050 Accuracy: 0.6181
Epoch: [2][900/1109] Elapsed 3m 30s (remain 0m 48s) Loss: 0.7097(0.6695) LR: 0.00001050 Accuracy: 0.6132
Epoch: [2][1108/1109] Elapsed 4m 19s (remain 0m 0s) Loss: 0.7721(0.6646) LR: 0.00001050 Accuracy: 0.6181
EVAL: [0/124] Elapsed 0m 0s (remain 0m 33s) Loss: 0.4617(0.4617) Accuracy: 0.5000 F1 Score: 0.3333
EVAL: [123/124] Elapsed 0m 6s (remain 0m 0s) Loss: 0.3643(0.6924) Accuracy: 0.6410 F1 Score: 0.6268
Epoch 2 - avg_train_loss: 0.6646  train_acc: 0.6181  valid_acc: 0.6410  valid_f1: 0.6268  time: 266s
Epoch: [3][0/1109] Elapsed 0m 0s (remain 6m 58s) Loss: 0.4741(0.4741) LR: 0.00000100 Accuracy: 0.7500
Epoch: [3][300/1109] Elapsed 1m 10s (remain 3m 9s) Loss: 0.4300(0.6324) LR: 0.00000100 Accuracy: 0.6470
Epoch: [3][600/1109] Elapsed 2m 20s (remain 1m 59s) Loss: 0.6295(0.6202) LR: 0.00000100 Accuracy: 0.6614
Epoch: [3][900/1109] Elapsed 3m 31s (remain 0m 48s) Loss: 0.2183(0.6247) LR: 0.00000100 Accuracy: 0.6576
Epoch: [3][1108/1109] Elapsed 4m 19s (remain 0m 0s) Loss: 0.6467(0.6232) LR: 0.00000100 Accuracy: 0.6555
EVAL: [0/124] Elapsed 0m 0s (remain 0m 34s) Loss: 0.4412(0.4412) Accuracy: 0.5000 F1 Score: 0.3333
EVAL: [123/124] Elapsed 0m 6s (remain 0m 0s) Loss: 0.3511(0.6920) Accuracy: 0.6572 F1 Score: 0.6556
Epoch 3 - avg_train_loss: 0.6232  train_acc: 0.6555  valid_acc: 0.6572  valid_f1: 0.6556  time: 267s
Epoch: [4][0/1109] Elapsed 0m 0s (remain 9m 17s) Loss: 0.6829(0.6829) LR: 0.00001050 Accuracy: 0.7500
Epoch: [4][300/1109] Elapsed 1m 10s (remain 3m 9s) Loss: 0.3058(0.6476) LR: 0.00001050 Accuracy: 0.6420
Epoch: [4][600/1109] Elapsed 2m 20s (remain 1m 58s) Loss: 0.6321(0.6351) LR: 0.00001050 Accuracy: 0.6485
Epoch: [4][900/1109] Elapsed 3m 30s (remain 0m 48s) Loss: 0.6348(0.6326) LR: 0.00001050 Accuracy: 0.6532
Epoch: [4][1108/1109] Elapsed 4m 19s (remain 0m 0s) Loss: 0.6317(0.6331) LR: 0.00001050 Accuracy: 0.6497
EVAL: [0/124] Elapsed 0m 0s (remain 0m 31s) Loss: 0.4650(0.4650) Accuracy: 0.5000 F1 Score: 0.3333
EVAL: [123/124] Elapsed 0m 6s (remain 0m 0s) Loss: 0.3748(0.6931) Accuracy: 0.6613 F1 Score: 0.6571
Epoch 4 - avg_train_loss: 0.6331  train_acc: 0.6497  valid_acc: 0.6613  valid_f1: 0.6571  time: 266s
Epoch: [5][0/1109] Elapsed 0m 0s (remain 8m 58s) Loss: 0.6071(0.6071) LR: 0.00002000 Accuracy: 0.7500
Epoch: [5][300/1109] Elapsed 1m 10s (remain 3m 9s) Loss: 0.8662(0.6356) LR: 0.00002000 Accuracy: 0.6395
Epoch: [5][600/1109] Elapsed 2m 20s (remain 1m 58s) Loss: 0.7577(0.6339) LR: 0.00002000 Accuracy: 0.6435
Epoch: [5][900/1109] Elapsed 3m 30s (remain 0m 48s) Loss: 0.3965(0.6268) LR: 0.00002000 Accuracy: 0.6557
Epoch: [5][1108/1109] Elapsed 4m 18s (remain 0m 0s) Loss: 0.2012(0.6313) LR: 0.00002000 Accuracy: 0.6495
EVAL: [0/124] Elapsed 0m 0s (remain 0m 41s) Loss: 0.4614(0.4614) Accuracy: 0.5000 F1 Score: 0.3333
EVAL: [123/124] Elapsed 0m 6s (remain 0m 0s) Loss: 0.3530(0.6888) Accuracy: 0.6450 F1 Score: 0.6377
Epoch 5 - avg_train_loss: 0.6313  train_acc: 0.6495  valid_acc: 0.6450  valid_f1: 0.6377  time: 266s
Epoch: [6][0/1109] Elapsed 0m 0s (remain 9m 16s) Loss: 0.4106(0.4106) LR: 0.00001050 Accuracy: 0.5000
Epoch: [6][300/1109] Elapsed 1m 10s (remain 3m 9s) Loss: 0.3592(0.5623) LR: 0.00001050 Accuracy: 0.7126
Epoch: [6][600/1109] Elapsed 2m 20s (remain 1m 58s) Loss: 0.7588(0.5499) LR: 0.00001050 Accuracy: 0.7325
Epoch: [6][900/1109] Elapsed 3m 30s (remain 0m 48s) Loss: 0.3552(0.5527) LR: 0.00001050 Accuracy: 0.7317
Epoch: [6][1108/1109] Elapsed 4m 19s (remain 0m 0s) Loss: 0.8533(0.5574) LR: 0.00001050 Accuracy: 0.7270
EVAL: [0/124] Elapsed 0m 0s (remain 0m 33s) Loss: 0.4255(0.4255) Accuracy: 0.7500 F1 Score: 0.4286
EVAL: [123/124] Elapsed 0m 6s (remain 0m 0s) Loss: 0.3721(0.6954) Accuracy: 0.6471 F1 Score: 0.6470
Epoch 6 - avg_train_loss: 0.5574  train_acc: 0.7270  valid_acc: 0.6471  valid_f1: 0.6470  time: 266s
Epoch: [7][0/1109] Elapsed 0m 0s (remain 6m 51s) Loss: 0.7193(0.7193) LR: 0.00000100 Accuracy: 0.2500
Epoch: [7][300/1109] Elapsed 1m 10s (remain 3m 8s) Loss: 0.2299(0.5034) LR: 0.00000100 Accuracy: 0.7782
Epoch: [7][600/1109] Elapsed 2m 20s (remain 1m 58s) Loss: 0.1807(0.4825) LR: 0.00000100 Accuracy: 0.7895
Epoch: [7][900/1109] Elapsed 3m 29s (remain 0m 48s) Loss: 0.3283(0.4655) LR: 0.00000100 Accuracy: 0.7999
Epoch: [7][1108/1109] Elapsed 4m 18s (remain 0m 0s) Loss: 0.8118(0.4598) LR: 0.00000100 Accuracy: 0.8034
EVAL: [0/124] Elapsed 0m 0s (remain 0m 41s) Loss: 0.4363(0.4363) Accuracy: 0.7500 F1 Score: 0.4286
EVAL: [123/124] Elapsed 0m 6s (remain 0m 0s) Loss: 0.3425(0.6852) Accuracy: 0.6288 F1 Score: 0.6263
Epoch 7 - avg_train_loss: 0.4598  train_acc: 0.8034  valid_acc: 0.6288  valid_f1: 0.6263  time: 265s
Epoch: [8][0/1109] Elapsed 0m 0s (remain 8m 56s) Loss: 0.1891(0.1891) LR: 0.00001050 Accuracy: 1.0000
Epoch: [8][300/1109] Elapsed 1m 10s (remain 3m 8s) Loss: 0.8290(0.4544) LR: 0.00001050 Accuracy: 0.7982
Epoch: [8][600/1109] Elapsed 2m 20s (remain 1m 58s) Loss: 0.8381(0.4742) LR: 0.00001050 Accuracy: 0.7891
Epoch: [8][900/1109] Elapsed 3m 30s (remain 0m 48s) Loss: 0.5293(0.4791) LR: 0.00001050 Accuracy: 0.7819
Epoch: [8][1108/1109] Elapsed 4m 18s (remain 0m 0s) Loss: 0.2111(0.4804) LR: 0.00001050 Accuracy: 0.7807
EVAL: [0/124] Elapsed 0m 0s (remain 0m 47s) Loss: 0.4112(0.4112) Accuracy: 0.7500 F1 Score: 0.4286
EVAL: [123/124] Elapsed 0m 7s (remain 0m 0s) Loss: 0.3372(0.6975) Accuracy: 0.6430 F1 Score: 0.6414
Epoch 8 - avg_train_loss: 0.4804  train_acc: 0.7807  valid_acc: 0.6430  valid_f1: 0.6414  time: 266s
Epoch: [9][0/1109] Elapsed 0m 0s (remain 7m 33s) Loss: 0.6438(0.6438) LR: 0.00002000 Accuracy: 0.7500
Epoch: [9][300/1109] Elapsed 1m 10s (remain 3m 8s) Loss: 0.6073(0.4796) LR: 0.00002000 Accuracy: 0.7890
Epoch: [9][600/1109] Elapsed 2m 20s (remain 1m 58s) Loss: 0.5222(0.4866) LR: 0.00002000 Accuracy: 0.7795
Epoch: [9][900/1109] Elapsed 3m 29s (remain 0m 48s) Loss: 0.2100(0.4821) LR: 0.00002000 Accuracy: 0.7775
Epoch: [9][1108/1109] Elapsed 4m 17s (remain 0m 0s) Loss: 0.3398(0.4877) LR: 0.00002000 Accuracy: 0.7752
EVAL: [0/124] Elapsed 0m 0s (remain 0m 31s) Loss: 0.4108(0.4108) Accuracy: 0.7500 F1 Score: 0.4286
EVAL: [123/124] Elapsed 0m 6s (remain 0m 0s) Loss: 0.3389(0.6872) Accuracy: 0.6227 F1 Score: 0.6172
Epoch 9 - avg_train_loss: 0.4877  train_acc: 0.7752  valid_acc: 0.6227  valid_f1: 0.6172  time: 265s
Epoch: [10][0/1109] Elapsed 0m 0s (remain 6m 52s) Loss: 0.2404(0.2404) LR: 0.00001050 Accuracy: 0.7500
Epoch: [10][300/1109] Elapsed 1m 9s (remain 3m 7s) Loss: 0.0659(0.3826) LR: 0.00001050 Accuracy: 0.8248
Epoch: [10][600/1109] Elapsed 2m 19s (remain 1m 57s) Loss: 0.1796(0.3656) LR: 0.00001050 Accuracy: 0.8374
Epoch: [10][900/1109] Elapsed 3m 28s (remain 0m 48s) Loss: 0.5241(0.3732) LR: 0.00001050 Accuracy: 0.8374
Epoch: [10][1108/1109] Elapsed 4m 16s (remain 0m 0s) Loss: 0.1539(0.3781) LR: 0.00001050 Accuracy: 0.8375
EVAL: [0/124] Elapsed 0m 0s (remain 0m 30s) Loss: 0.4614(0.4614) Accuracy: 0.5000 F1 Score: 0.3333
EVAL: [123/124] Elapsed 0m 6s (remain 0m 0s) Loss: 0.3274(0.6924) Accuracy: 0.6268 F1 Score: 0.6255
Epoch 10 - avg_train_loss: 0.3781  train_acc: 0.8375  valid_acc: 0.6268  valid_f1: 0.6255  time: 264s
[Fold1] Best score: 0.661056791749861
================== fold: 2 training ======================
Epoch: [1][0/1109] Elapsed 0m 0s (remain 6m 57s) Loss: 0.4894(0.4894) LR: 0.00002000 Accuracy: 0.7500
Epoch: [1][300/1109] Elapsed 1m 10s (remain 3m 8s) Loss: 0.6586(0.8914) LR: 0.00002000 Accuracy: 0.5357
Epoch: [1][600/1109] Elapsed 2m 20s (remain 1m 58s) Loss: 0.4617(0.8210) LR: 0.00002000 Accuracy: 0.5466
Epoch: [1][900/1109] Elapsed 3m 30s (remain 0m 48s) Loss: 0.5468(0.7833) LR: 0.00002000 Accuracy: 0.5580
Epoch: [1][1108/1109] Elapsed 4m 19s (remain 0m 0s) Loss: 0.4836(0.7680) LR: 0.00002000 Accuracy: 0.5618
EVAL: [0/124] Elapsed 0m 0s (remain 0m 33s) Loss: 0.4039(0.4039) Accuracy: 0.7500 F1 Score: 0.4286
EVAL: [123/124] Elapsed 0m 6s (remain 0m 0s) Loss: 0.4580(0.7150) Accuracy: 0.6146 F1 Score: 0.6097
Epoch 1 - avg_train_loss: 0.7680  train_acc: 0.5618  valid_acc: 0.6146  valid_f1: 0.6097  time: 266s
Epoch 1 - Save Best Score: 0.6097 Model
Epoch: [2][0/1109] Elapsed 0m 0s (remain 7m 7s) Loss: 0.6491(0.6491) LR: 0.00001050 Accuracy: 0.5000
Epoch: [2][300/1109] Elapsed 1m 10s (remain 3m 8s) Loss: 0.7040(0.6831) LR: 0.00001050 Accuracy: 0.6013
Epoch: [2][600/1109] Elapsed 2m 20s (remain 1m 58s) Loss: 0.4107(0.6663) LR: 0.00001050 Accuracy: 0.6194
Epoch: [2][900/1109] Elapsed 3m 29s (remain 0m 48s) Loss: 0.6424(0.6679) LR: 0.00001050 Accuracy: 0.6165
Epoch: [2][1108/1109] Elapsed 4m 18s (remain 0m 0s) Loss: 0.7639(0.6755) LR: 0.00001050 Accuracy: 0.6060
EVAL: [0/124] Elapsed 0m 0s (remain 0m 31s) Loss: 0.4647(0.4647) Accuracy: 0.7500 F1 Score: 0.4286
EVAL: [123/124] Elapsed 0m 6s (remain 0m 0s) Loss: 0.4880(0.7114) Accuracy: 0.6146 F1 Score: 0.6142
Epoch 2 - avg_train_loss: 0.6755  train_acc: 0.6060  valid_acc: 0.6146  valid_f1: 0.6142  time: 265s
Epoch 2 - Save Best Score: 0.6142 Model
Epoch: [3][0/1109] Elapsed 0m 0s (remain 9m 50s) Loss: 0.8539(0.8539) LR: 0.00000100 Accuracy: 0.0000
Epoch: [3][300/1109] Elapsed 1m 10s (remain 3m 9s) Loss: 0.3257(0.6465) LR: 0.00000100 Accuracy: 0.5980
Epoch: [3][600/1109] Elapsed 2m 21s (remain 1m 59s) Loss: 0.4147(0.6515) LR: 0.00000100 Accuracy: 0.5990
Epoch: [3][900/1109] Elapsed 3m 31s (remain 0m 48s) Loss: 0.7541(0.6601) LR: 0.00000100 Accuracy: 0.5896
Epoch: [3][1108/1109] Elapsed 4m 20s (remain 0m 0s) Loss: 0.7444(0.6573) LR: 0.00000100 Accuracy: 0.5960
EVAL: [0/124] Elapsed 0m 0s (remain 0m 41s) Loss: 0.4393(0.4393) Accuracy: 1.0000 F1 Score: 1.0000
EVAL: [123/124] Elapsed 0m 6s (remain 0m 0s) Loss: 0.4561(0.7047) Accuracy: 0.6187 F1 Score: 0.6152
Epoch 3 - avg_train_loss: 0.6573  train_acc: 0.5960  valid_acc: 0.6187  valid_f1: 0.6152  time: 268s
Epoch 3 - Save Best Score: 0.6152 Model
Epoch: [4][0/1109] Elapsed 0m 0s (remain 9m 16s) Loss: 0.5952(0.5952) LR: 0.00001050 Accuracy: 0.7500
Epoch: [4][300/1109] Elapsed 1m 10s (remain 3m 9s) Loss: 0.6267(0.6466) LR: 0.00001050 Accuracy: 0.6163
Epoch: [4][600/1109] Elapsed 2m 21s (remain 1m 59s) Loss: 0.3640(0.6510) LR: 0.00001050 Accuracy: 0.6223
Epoch: [4][900/1109] Elapsed 3m 31s (remain 0m 48s) Loss: 0.8289(0.6586) LR: 0.00001050 Accuracy: 0.6157
Epoch: [4][1108/1109] Elapsed 4m 19s (remain 0m 0s) Loss: 0.7439(0.6605) LR: 0.00001050 Accuracy: 0.6168
EVAL: [0/124] Elapsed 0m 0s (remain 0m 35s) Loss: 0.4633(0.4633) Accuracy: 0.5000 F1 Score: 0.3333
EVAL: [123/124] Elapsed 0m 6s (remain 0m 0s) Loss: 0.5073(0.7040) Accuracy: 0.6024 F1 Score: 0.5958
Epoch 4 - avg_train_loss: 0.6605  train_acc: 0.6168  valid_acc: 0.6024  valid_f1: 0.5958  time: 267s
Epoch: [5][0/1109] Elapsed 0m 0s (remain 7m 34s) Loss: 0.3822(0.3822) LR: 0.00002000 Accuracy: 0.5000
Epoch: [5][300/1109] Elapsed 1m 10s (remain 3m 8s) Loss: 0.6094(0.6595) LR: 0.00002000 Accuracy: 0.6130
Epoch: [5][600/1109] Elapsed 2m 20s (remain 1m 58s) Loss: 0.6416(0.6487) LR: 0.00002000 Accuracy: 0.6314
Epoch: [5][900/1109] Elapsed 3m 30s (remain 0m 48s) Loss: 0.3998(0.6477) LR: 0.00002000 Accuracy: 0.6335
Epoch: [5][1108/1109] Elapsed 4m 19s (remain 0m 0s) Loss: 0.6661(0.6493) LR: 0.00002000 Accuracy: 0.6283
EVAL: [0/124] Elapsed 0m 0s (remain 0m 33s) Loss: 0.3851(0.3851) Accuracy: 1.0000 F1 Score: 1.0000
EVAL: [123/124] Elapsed 0m 6s (remain 0m 0s) Loss: 0.4062(0.7134) Accuracy: 0.6227 F1 Score: 0.6214
Epoch 5 - avg_train_loss: 0.6493  train_acc: 0.6283  valid_acc: 0.6227  valid_f1: 0.6214  time: 266s
Epoch 5 - Save Best Score: 0.6214 Model
Epoch: [6][0/1109] Elapsed 0m 0s (remain 9m 29s) Loss: 0.8031(0.8031) LR: 0.00001050 Accuracy: 0.5000
Epoch: [6][300/1109] Elapsed 1m 10s (remain 3m 9s) Loss: 0.5040(0.6099) LR: 0.00001050 Accuracy: 0.6744
Epoch: [6][600/1109] Elapsed 2m 20s (remain 1m 59s) Loss: 0.4885(0.6073) LR: 0.00001050 Accuracy: 0.6772
Epoch: [6][900/1109] Elapsed 3m 30s (remain 0m 48s) Loss: 0.4703(0.5977) LR: 0.00001050 Accuracy: 0.6845
Epoch: [6][1108/1109] Elapsed 4m 19s (remain 0m 0s) Loss: 0.2865(0.5971) LR: 0.00001050 Accuracy: 0.6889
EVAL: [0/124] Elapsed 0m 0s (remain 0m 39s) Loss: 0.4504(0.4504) Accuracy: 0.7500 F1 Score: 0.4286
EVAL: [123/124] Elapsed 0m 6s (remain 0m 0s) Loss: 0.4810(0.6911) Accuracy: 0.5923 F1 Score: 0.5618
Epoch 6 - avg_train_loss: 0.5971  train_acc: 0.6889  valid_acc: 0.5923  valid_f1: 0.5618  time: 267s
Epoch: [7][0/1109] Elapsed 0m 0s (remain 7m 17s) Loss: 0.3954(0.3954) LR: 0.00000100 Accuracy: 0.7500
Epoch: [7][300/1109] Elapsed 1m 10s (remain 3m 8s) Loss: 0.4745(0.5494) LR: 0.00000100 Accuracy: 0.7201
Epoch: [7][600/1109] Elapsed 2m 20s (remain 1m 58s) Loss: 0.2979(0.5414) LR: 0.00000100 Accuracy: 0.7292
Epoch: [7][900/1109] Elapsed 3m 30s (remain 0m 48s) Loss: 0.2608(0.5373) LR: 0.00000100 Accuracy: 0.7306
Epoch: [7][1108/1109] Elapsed 4m 18s (remain 0m 0s) Loss: 0.8018(0.5424) LR: 0.00000100 Accuracy: 0.7252
EVAL: [0/124] Elapsed 0m 0s (remain 0m 49s) Loss: 0.3904(0.3904) Accuracy: 0.7500 F1 Score: 0.4286
EVAL: [123/124] Elapsed 0m 7s (remain 0m 0s) Loss: 0.3572(0.7035) Accuracy: 0.6024 F1 Score: 0.6012
Epoch 7 - avg_train_loss: 0.5424  train_acc: 0.7252  valid_acc: 0.6024  valid_f1: 0.6012  time: 266s
Epoch: [8][0/1109] Elapsed 0m 0s (remain 8m 53s) Loss: 0.3714(0.3714) LR: 0.00001050 Accuracy: 0.7500
Epoch: [8][300/1109] Elapsed 1m 10s (remain 3m 9s) Loss: 0.5043(0.5564) LR: 0.00001050 Accuracy: 0.7201
Epoch: [8][600/1109] Elapsed 2m 20s (remain 1m 58s) Loss: 0.2368(0.5341) LR: 0.00001050 Accuracy: 0.7363
Epoch: [8][900/1109] Elapsed 3m 30s (remain 0m 48s) Loss: 0.5461(0.5415) LR: 0.00001050 Accuracy: 0.7336
Epoch: [8][1108/1109] Elapsed 4m 19s (remain 0m 0s) Loss: 0.7086(0.5502) LR: 0.00001050 Accuracy: 0.7284
EVAL: [0/124] Elapsed 0m 0s (remain 0m 38s) Loss: 0.4305(0.4305) Accuracy: 0.7500 F1 Score: 0.4286
EVAL: [123/124] Elapsed 0m 6s (remain 0m 0s) Loss: 0.4346(0.7018) Accuracy: 0.5903 F1 Score: 0.5777
Epoch 8 - avg_train_loss: 0.5502  train_acc: 0.7284  valid_acc: 0.5903  valid_f1: 0.5777  time: 267s
Epoch: [9][0/1109] Elapsed 0m 0s (remain 9m 28s) Loss: 0.5447(0.5447) LR: 0.00002000 Accuracy: 0.5000
Epoch: [9][300/1109] Elapsed 1m 10s (remain 3m 9s) Loss: 0.4883(0.5246) LR: 0.00002000 Accuracy: 0.7450
Epoch: [9][600/1109] Elapsed 2m 20s (remain 1m 58s) Loss: 0.5327(0.5441) LR: 0.00002000 Accuracy: 0.7321
Epoch: [9][900/1109] Elapsed 3m 30s (remain 0m 48s) Loss: 0.4983(0.5550) LR: 0.00002000 Accuracy: 0.7248
Epoch: [9][1108/1109] Elapsed 4m 19s (remain 0m 0s) Loss: 1.1815(0.5510) LR: 0.00002000 Accuracy: 0.7268
EVAL: [0/124] Elapsed 0m 0s (remain 0m 39s) Loss: 0.3516(0.3516) Accuracy: 1.0000 F1 Score: 1.0000
EVAL: [123/124] Elapsed 0m 7s (remain 0m 0s) Loss: 0.3284(0.7299) Accuracy: 0.5882 F1 Score: 0.5753
Epoch 9 - avg_train_loss: 0.5510  train_acc: 0.7268  valid_acc: 0.5882  valid_f1: 0.5753  time: 267s
Epoch: [10][0/1109] Elapsed 0m 0s (remain 8m 50s) Loss: 0.1600(0.1600) LR: 0.00001050 Accuracy: 1.0000
Epoch: [10][300/1109] Elapsed 1m 10s (remain 3m 9s) Loss: 0.5209(0.4689) LR: 0.00001050 Accuracy: 0.7957
Epoch: [10][600/1109] Elapsed 2m 20s (remain 1m 58s) Loss: 0.1425(0.4747) LR: 0.00001050 Accuracy: 0.7833
Epoch: [10][900/1109] Elapsed 3m 30s (remain 0m 48s) Loss: 0.1156(0.4752) LR: 0.00001050 Accuracy: 0.7797
Epoch: [10][1108/1109] Elapsed 4m 19s (remain 0m 0s) Loss: 0.5512(0.4829) LR: 0.00001050 Accuracy: 0.7752
EVAL: [0/124] Elapsed 0m 0s (remain 0m 35s) Loss: 0.4424(0.4424) Accuracy: 0.7500 F1 Score: 0.4286
EVAL: [123/124] Elapsed 0m 6s (remain 0m 0s) Loss: 0.3953(0.7033) Accuracy: 0.5700 F1 Score: 0.5619
Epoch 10 - avg_train_loss: 0.4829  train_acc: 0.7752  valid_acc: 0.5700  valid_f1: 0.5619  time: 266s
[Fold2] Best score: 0.6214080459770115
================== fold: 3 training ======================
Epoch: [1][0/1109] Elapsed 0m 0s (remain 7m 31s) Loss: 2.0800(2.0800) LR: 0.00002000 Accuracy: 0.0000
Epoch: [1][300/1109] Elapsed 1m 10s (remain 3m 9s) Loss: 0.5959(0.8044) LR: 0.00002000 Accuracy: 0.5341
Epoch: [1][600/1109] Elapsed 2m 21s (remain 1m 59s) Loss: 0.6953(0.7777) LR: 0.00002000 Accuracy: 0.5420
