================== fold: 0 training ======================
Epoch: [1][0/936] Elapsed 0m 1s (remain 27m 1s) Loss: 0.7427(0.7427) LR: 0.00002000 Accuracy: 0.7500
Epoch: [1][300/936] Elapsed 0m 49s (remain 1m 44s) Loss: 0.5453(0.6866) LR: 0.00002000 Accuracy: 0.5008
Epoch: [1][600/936] Elapsed 1m 33s (remain 0m 51s) Loss: 0.6185(0.6815) LR: 0.00002000 Accuracy: 0.5200
Epoch: [1][900/936] Elapsed 2m 16s (remain 0m 5s) Loss: 0.5684(0.6688) LR: 0.00002000 Accuracy: 0.5477
Epoch: [1][935/936] Elapsed 2m 21s (remain 0m 0s) Loss: 0.7257(0.6675) LR: 0.00002000 Accuracy: 0.5521
EVAL: [0/105] Elapsed 0m 0s (remain 0m 30s) Loss: 0.4330(0.4330) Accuracy: 0.7500 F1 Score: 0.4286
EVAL: [104/105] Elapsed 0m 2s (remain 0m 0s) Loss: 0.9187(0.7025) Accuracy: 0.5995 F1 Score: 0.5634
Epoch 1 - avg_train_loss: 0.6675  train_acc: 0.5521  valid_acc: 0.5995  valid_f1: 0.5634  time: 144s
Epoch 1 - Save Best Score: 0.5634 Model
Epoch: [2][0/936] Elapsed 0m 0s (remain 5m 44s) Loss: 0.4490(0.4490) LR: 0.00001050 Accuracy: 0.7500
Epoch: [2][300/936] Elapsed 0m 44s (remain 1m 34s) Loss: 0.6098(0.5934) LR: 0.00001050 Accuracy: 0.6728
Epoch: [2][600/936] Elapsed 1m 30s (remain 0m 50s) Loss: 0.4055(0.5753) LR: 0.00001050 Accuracy: 0.6872
Epoch: [2][900/936] Elapsed 2m 13s (remain 0m 5s) Loss: 0.8906(0.5690) LR: 0.00001050 Accuracy: 0.6920
Epoch: [2][935/936] Elapsed 2m 18s (remain 0m 0s) Loss: 0.4588(0.5696) LR: 0.00001050 Accuracy: 0.6915
EVAL: [0/105] Elapsed 0m 0s (remain 0m 49s) Loss: 0.3418(0.3418) Accuracy: 1.0000 F1 Score: 1.0000
EVAL: [104/105] Elapsed 0m 3s (remain 0m 0s) Loss: 0.9875(0.6928) Accuracy: 0.6355 F1 Score: 0.6319
Epoch 2 - avg_train_loss: 0.5696  train_acc: 0.6915  valid_acc: 0.6355  valid_f1: 0.6319  time: 142s
Epoch 2 - Save Best Score: 0.6319 Model
Epoch: [3][0/936] Elapsed 0m 0s (remain 8m 53s) Loss: 0.3524(0.3524) LR: 0.00000100 Accuracy: 1.0000
Epoch: [3][300/936] Elapsed 0m 45s (remain 1m 34s) Loss: 0.3148(0.4150) LR: 0.00000100 Accuracy: 0.8123
Epoch: [3][600/936] Elapsed 1m 29s (remain 0m 49s) Loss: 0.1975(0.3898) LR: 0.00000100 Accuracy: 0.8336
Epoch: [3][900/936] Elapsed 2m 12s (remain 0m 5s) Loss: 0.4652(0.3851) LR: 0.00000100 Accuracy: 0.8330
Epoch: [3][935/936] Elapsed 2m 17s (remain 0m 0s) Loss: 0.2156(0.3833) LR: 0.00000100 Accuracy: 0.8328
EVAL: [0/105] Elapsed 0m 0s (remain 0m 35s) Loss: 0.3304(0.3304) Accuracy: 1.0000 F1 Score: 1.0000
EVAL: [104/105] Elapsed 0m 2s (remain 0m 0s) Loss: 1.0046(0.6911) Accuracy: 0.6427 F1 Score: 0.6426
Epoch 3 - avg_train_loss: 0.3833  train_acc: 0.8328  valid_acc: 0.6427  valid_f1: 0.6426  time: 140s
Epoch 3 - Save Best Score: 0.6426 Model
Epoch: [4][0/936] Elapsed 0m 0s (remain 8m 8s) Loss: 0.4152(0.4152) LR: 0.00001050 Accuracy: 0.7500
Epoch: [4][300/936] Elapsed 0m 44s (remain 1m 33s) Loss: 0.4371(0.3646) LR: 0.00001050 Accuracy: 0.8414
Epoch: [4][600/936] Elapsed 1m 28s (remain 0m 49s) Loss: 0.1527(0.3418) LR: 0.00001050 Accuracy: 0.8511
Epoch: [4][900/936] Elapsed 2m 13s (remain 0m 5s) Loss: 0.2205(0.3434) LR: 0.00001050 Accuracy: 0.8496
Epoch: [4][935/936] Elapsed 2m 18s (remain 0m 0s) Loss: 0.1792(0.3456) LR: 0.00001050 Accuracy: 0.8464
EVAL: [0/105] Elapsed 0m 0s (remain 0m 50s) Loss: 0.3218(0.3218) Accuracy: 1.0000 F1 Score: 1.0000
EVAL: [104/105] Elapsed 0m 3s (remain 0m 0s) Loss: 1.1306(0.7008) Accuracy: 0.6235 F1 Score: 0.6193
Epoch 4 - avg_train_loss: 0.3456  train_acc: 0.8464  valid_acc: 0.6235  valid_f1: 0.6193  time: 142s
Epoch: [5][0/936] Elapsed 0m 0s (remain 8m 50s) Loss: 0.0902(0.0902) LR: 0.00002000 Accuracy: 1.0000
Epoch: [5][300/936] Elapsed 0m 42s (remain 1m 30s) Loss: 0.2043(0.2060) LR: 0.00002000 Accuracy: 0.9277
Epoch: [5][600/936] Elapsed 1m 27s (remain 0m 48s) Loss: 0.0615(0.2353) LR: 0.00002000 Accuracy: 0.9114
Epoch: [5][900/936] Elapsed 2m 12s (remain 0m 5s) Loss: 0.5675(0.2514) LR: 0.00002000 Accuracy: 0.9023
Epoch: [5][935/936] Elapsed 2m 17s (remain 0m 0s) Loss: 1.1445(0.2527) LR: 0.00002000 Accuracy: 0.9022
EVAL: [0/105] Elapsed 0m 0s (remain 0m 52s) Loss: 0.3214(0.3214) Accuracy: 1.0000 F1 Score: 1.0000
EVAL: [104/105] Elapsed 0m 3s (remain 0m 0s) Loss: 0.9485(0.6897) Accuracy: 0.6355 F1 Score: 0.6353
Epoch 5 - avg_train_loss: 0.2527  train_acc: 0.9022  valid_acc: 0.6355  valid_f1: 0.6353  time: 141s
Epoch: [6][0/936] Elapsed 0m 0s (remain 8m 55s) Loss: 0.6192(0.6192) LR: 0.00001050 Accuracy: 0.7500
Epoch: [6][300/936] Elapsed 0m 44s (remain 1m 33s) Loss: 0.0334(0.1382) LR: 0.00001050 Accuracy: 0.9576
Epoch: [6][600/936] Elapsed 1m 27s (remain 0m 48s) Loss: 0.0410(0.1378) LR: 0.00001050 Accuracy: 0.9551
Epoch: [6][900/936] Elapsed 2m 13s (remain 0m 5s) Loss: 0.1317(0.1346) LR: 0.00001050 Accuracy: 0.9537
Epoch: [6][935/936] Elapsed 2m 18s (remain 0m 0s) Loss: 0.0355(0.1336) LR: 0.00001050 Accuracy: 0.9535
EVAL: [0/105] Elapsed 0m 0s (remain 0m 53s) Loss: 0.3174(0.3174) Accuracy: 1.0000 F1 Score: 1.0000
EVAL: [104/105] Elapsed 0m 3s (remain 0m 0s) Loss: 1.2019(0.6907) Accuracy: 0.6475 F1 Score: 0.6456
Epoch 6 - avg_train_loss: 0.1336  train_acc: 0.9535  valid_acc: 0.6475  valid_f1: 0.6456  time: 142s
Epoch 6 - Save Best Score: 0.6456 Model
Epoch: [7][0/936] Elapsed 0m 0s (remain 9m 23s) Loss: 0.0432(0.0432) LR: 0.00000100 Accuracy: 1.0000
Epoch: [7][300/936] Elapsed 0m 42s (remain 1m 30s) Loss: 0.0339(0.0641) LR: 0.00000100 Accuracy: 0.9875
Epoch: [7][600/936] Elapsed 1m 27s (remain 0m 49s) Loss: 0.0184(0.0585) LR: 0.00000100 Accuracy: 0.9863
Epoch: [7][900/936] Elapsed 2m 11s (remain 0m 5s) Loss: 0.0279(0.0685) LR: 0.00000100 Accuracy: 0.9822
Epoch: [7][935/936] Elapsed 2m 16s (remain 0m 0s) Loss: 0.0280(0.0699) LR: 0.00000100 Accuracy: 0.9818
EVAL: [0/105] Elapsed 0m 0s (remain 0m 34s) Loss: 0.3173(0.3173) Accuracy: 1.0000 F1 Score: 1.0000
EVAL: [104/105] Elapsed 0m 2s (remain 0m 0s) Loss: 1.1260(0.6855) Accuracy: 0.6283 F1 Score: 0.6283
Epoch 7 - avg_train_loss: 0.0699  train_acc: 0.9818  valid_acc: 0.6283  valid_f1: 0.6283  time: 140s
Epoch: [8][0/936] Elapsed 0m 0s (remain 8m 29s) Loss: 0.0275(0.0275) LR: 0.00001050 Accuracy: 1.0000
Epoch: [8][300/936] Elapsed 0m 44s (remain 1m 33s) Loss: 0.2326(0.0467) LR: 0.00001050 Accuracy: 0.9917
Epoch: [8][600/936] Elapsed 1m 28s (remain 0m 49s) Loss: 0.0206(0.0594) LR: 0.00001050 Accuracy: 0.9846
Epoch: [8][900/936] Elapsed 2m 13s (remain 0m 5s) Loss: 0.0152(0.0643) LR: 0.00001050 Accuracy: 0.9817
Epoch: [8][935/936] Elapsed 2m 18s (remain 0m 0s) Loss: 0.0151(0.0643) LR: 0.00001050 Accuracy: 0.9821
EVAL: [0/105] Elapsed 0m 0s (remain 0m 50s) Loss: 0.3162(0.3162) Accuracy: 1.0000 F1 Score: 1.0000
EVAL: [104/105] Elapsed 0m 2s (remain 0m 0s) Loss: 1.1758(0.6846) Accuracy: 0.6307 F1 Score: 0.6307
Epoch 8 - avg_train_loss: 0.0643  train_acc: 0.9821  valid_acc: 0.6307  valid_f1: 0.6307  time: 142s
Epoch: [9][0/936] Elapsed 0m 0s (remain 6m 8s) Loss: 0.0206(0.0206) LR: 0.00002000 Accuracy: 1.0000
Epoch: [9][300/936] Elapsed 0m 44s (remain 1m 33s) Loss: 0.0174(0.0872) LR: 0.00002000 Accuracy: 0.9751
Epoch: [9][600/936] Elapsed 1m 29s (remain 0m 49s) Loss: 0.0459(0.0966) LR: 0.00002000 Accuracy: 0.9700
Epoch: [9][900/936] Elapsed 2m 13s (remain 0m 5s) Loss: 0.0128(0.0979) LR: 0.00002000 Accuracy: 0.9681
Epoch: [9][935/936] Elapsed 2m 18s (remain 0m 0s) Loss: 0.9897(0.1013) LR: 0.00002000 Accuracy: 0.9663
EVAL: [0/105] Elapsed 0m 0s (remain 0m 57s) Loss: 0.3157(0.3157) Accuracy: 1.0000 F1 Score: 1.0000
EVAL: [104/105] Elapsed 0m 3s (remain 0m 0s) Loss: 1.1003(0.6818) Accuracy: 0.6547 F1 Score: 0.6530
Epoch 9 - avg_train_loss: 0.1013  train_acc: 0.9663  valid_acc: 0.6547  valid_f1: 0.6530  time: 142s
Epoch 9 - Save Best Score: 0.6530 Model
Epoch: [10][0/936] Elapsed 0m 0s (remain 8m 39s) Loss: 0.7183(0.7183) LR: 0.00001050 Accuracy: 0.7500
Epoch: [10][300/936] Elapsed 0m 45s (remain 1m 36s) Loss: 0.0152(0.0704) LR: 0.00001050 Accuracy: 0.9792
Epoch: [10][600/936] Elapsed 1m 29s (remain 0m 49s) Loss: 0.0148(0.0583) LR: 0.00001050 Accuracy: 0.9825
Epoch: [10][900/936] Elapsed 2m 12s (remain 0m 5s) Loss: 0.0078(0.0580) LR: 0.00001050 Accuracy: 0.9817
Epoch: [10][935/936] Elapsed 2m 16s (remain 0m 0s) Loss: 0.0120(0.0589) LR: 0.00001050 Accuracy: 0.9818
EVAL: [0/105] Elapsed 0m 0s (remain 0m 29s) Loss: 0.3152(0.3152) Accuracy: 1.0000 F1 Score: 1.0000
EVAL: [104/105] Elapsed 0m 2s (remain 0m 0s) Loss: 1.2446(0.6633) Accuracy: 0.6739 F1 Score: 0.6732
Epoch 10 - avg_train_loss: 0.0589  train_acc: 0.9818  valid_acc: 0.6739  valid_f1: 0.6732  time: 139s
Epoch 10 - Save Best Score: 0.6732 Model
[Fold0] Best score: 0.6731824258909225
================== fold: 1 training ======================
Epoch: [1][0/936] Elapsed 0m 0s (remain 6m 33s) Loss: 0.6994(0.6994) LR: 0.00002000 Accuracy: 0.7500
Epoch: [1][300/936] Elapsed 0m 44s (remain 1m 33s) Loss: 0.4800(0.6820) LR: 0.00002000 Accuracy: 0.5274
Epoch: [1][600/936] Elapsed 1m 27s (remain 0m 48s) Loss: 0.6104(0.6726) LR: 0.00002000 Accuracy: 0.5453
Epoch: [1][900/936] Elapsed 2m 11s (remain 0m 5s) Loss: 0.6322(0.6616) LR: 0.00002000 Accuracy: 0.5652
Epoch: [1][935/936] Elapsed 2m 15s (remain 0m 0s) Loss: 0.6763(0.6598) LR: 0.00002000 Accuracy: 0.5676
EVAL: [0/105] Elapsed 0m 0s (remain 0m 51s) Loss: 0.4082(0.4082) Accuracy: 0.7500 F1 Score: 0.4286
EVAL: [104/105] Elapsed 0m 3s (remain 0m 0s) Loss: 0.9185(0.7029) Accuracy: 0.6307 F1 Score: 0.6169
Epoch 1 - avg_train_loss: 0.6598  train_acc: 0.5676  valid_acc: 0.6307  valid_f1: 0.6169  time: 139s
Epoch 1 - Save Best Score: 0.6169 Model
Epoch: [2][0/936] Elapsed 0m 0s (remain 8m 48s) Loss: 0.4016(0.4016) LR: 0.00001050 Accuracy: 1.0000
Epoch: [2][300/936] Elapsed 0m 45s (remain 1m 36s) Loss: 0.8446(0.5821) LR: 0.00001050 Accuracy: 0.6860
Epoch: [2][600/936] Elapsed 1m 29s (remain 0m 49s) Loss: 1.0690(0.5577) LR: 0.00001050 Accuracy: 0.7051
Epoch: [2][900/936] Elapsed 2m 13s (remain 0m 5s) Loss: 0.6898(0.5529) LR: 0.00001050 Accuracy: 0.7070
Epoch: [2][935/936] Elapsed 2m 18s (remain 0m 0s) Loss: 0.5776(0.5497) LR: 0.00001050 Accuracy: 0.7099
EVAL: [0/105] Elapsed 0m 0s (remain 0m 53s) Loss: 0.3414(0.3414) Accuracy: 1.0000 F1 Score: 1.0000
EVAL: [104/105] Elapsed 0m 2s (remain 0m 0s) Loss: 0.9004(0.6924) Accuracy: 0.6715 F1 Score: 0.6707
Epoch 2 - avg_train_loss: 0.5497  train_acc: 0.7099  valid_acc: 0.6715  valid_f1: 0.6707  time: 141s
Epoch 2 - Save Best Score: 0.6707 Model
Epoch: [3][0/936] Elapsed 0m 0s (remain 9m 13s) Loss: 0.2663(0.2663) LR: 0.00000100 Accuracy: 1.0000
Epoch: [3][300/936] Elapsed 0m 44s (remain 1m 33s) Loss: 0.4074(0.3674) LR: 0.00000100 Accuracy: 0.8538
Epoch: [3][600/936] Elapsed 1m 28s (remain 0m 49s) Loss: 0.2486(0.3533) LR: 0.00000100 Accuracy: 0.8623
Epoch: [3][900/936] Elapsed 2m 10s (remain 0m 5s) Loss: 0.1301(0.3532) LR: 0.00000100 Accuracy: 0.8590
Epoch: [3][935/936] Elapsed 2m 15s (remain 0m 0s) Loss: 0.1272(0.3537) LR: 0.00000100 Accuracy: 0.8592
EVAL: [0/105] Elapsed 0m 0s (remain 0m 36s) Loss: 0.3370(0.3370) Accuracy: 1.0000 F1 Score: 1.0000
EVAL: [104/105] Elapsed 0m 2s (remain 0m 0s) Loss: 0.8931(0.6849) Accuracy: 0.6739 F1 Score: 0.6720
Epoch 3 - avg_train_loss: 0.3537  train_acc: 0.8592  valid_acc: 0.6739  valid_f1: 0.6720  time: 138s
Epoch 3 - Save Best Score: 0.6720 Model
Epoch: [4][0/936] Elapsed 0m 0s (remain 9m 9s) Loss: 0.2966(0.2966) LR: 0.00001050 Accuracy: 1.0000
Epoch: [4][300/936] Elapsed 0m 44s (remain 1m 33s) Loss: 0.1550(0.3016) LR: 0.00001050 Accuracy: 0.8821
Epoch: [4][600/936] Elapsed 1m 27s (remain 0m 48s) Loss: 0.4130(0.3065) LR: 0.00001050 Accuracy: 0.8777
Epoch: [4][900/936] Elapsed 2m 10s (remain 0m 5s) Loss: 0.4097(0.3122) LR: 0.00001050 Accuracy: 0.8738
Epoch: [4][935/936] Elapsed 2m 16s (remain 0m 0s) Loss: 0.3015(0.3136) LR: 0.00001050 Accuracy: 0.8731
EVAL: [0/105] Elapsed 0m 0s (remain 0m 56s) Loss: 0.3242(0.3242) Accuracy: 1.0000 F1 Score: 1.0000
EVAL: [104/105] Elapsed 0m 2s (remain 0m 0s) Loss: 1.1030(0.6964) Accuracy: 0.6355 F1 Score: 0.6312
Epoch 4 - avg_train_loss: 0.3136  train_acc: 0.8731  valid_acc: 0.6355  valid_f1: 0.6312  time: 139s
Epoch: [5][0/936] Elapsed 0m 0s (remain 6m 18s) Loss: 0.0526(0.0526) LR: 0.00002000 Accuracy: 1.0000
Epoch: [5][300/936] Elapsed 0m 42s (remain 1m 28s) Loss: 0.0382(0.1906) LR: 0.00002000 Accuracy: 0.9352
Epoch: [5][600/936] Elapsed 1m 27s (remain 0m 48s) Loss: 0.5827(0.2150) LR: 0.00002000 Accuracy: 0.9235
Epoch: [5][900/936] Elapsed 2m 9s (remain 0m 5s) Loss: 0.1235(0.2309) LR: 0.00002000 Accuracy: 0.9151
Epoch: [5][935/936] Elapsed 2m 14s (remain 0m 0s) Loss: 0.0332(0.2289) LR: 0.00002000 Accuracy: 0.9159
EVAL: [0/105] Elapsed 0m 0s (remain 0m 55s) Loss: 0.3208(0.3208) Accuracy: 1.0000 F1 Score: 1.0000
EVAL: [104/105] Elapsed 0m 3s (remain 0m 0s) Loss: 0.9512(0.6862) Accuracy: 0.6475 F1 Score: 0.6461
Epoch 5 - avg_train_loss: 0.2289  train_acc: 0.9159  valid_acc: 0.6475  valid_f1: 0.6461  time: 138s
Epoch: [6][0/936] Elapsed 0m 0s (remain 9m 29s) Loss: 0.0335(0.0335) LR: 0.00001050 Accuracy: 1.0000
Epoch: [6][300/936] Elapsed 0m 44s (remain 1m 34s) Loss: 0.0654(0.1149) LR: 0.00001050 Accuracy: 0.9635
Epoch: [6][600/936] Elapsed 1m 29s (remain 0m 50s) Loss: 0.0328(0.1132) LR: 0.00001050 Accuracy: 0.9651
Epoch: [6][900/936] Elapsed 2m 13s (remain 0m 5s) Loss: 0.0318(0.1128) LR: 0.00001050 Accuracy: 0.9648
Epoch: [6][935/936] Elapsed 2m 18s (remain 0m 0s) Loss: 0.0308(0.1140) LR: 0.00001050 Accuracy: 0.9645
EVAL: [0/105] Elapsed 0m 0s (remain 0m 50s) Loss: 0.3189(0.3189) Accuracy: 1.0000 F1 Score: 1.0000
EVAL: [104/105] Elapsed 0m 3s (remain 0m 0s) Loss: 0.7172(0.6904) Accuracy: 0.6331 F1 Score: 0.6330
Epoch 6 - avg_train_loss: 0.1140  train_acc: 0.9645  valid_acc: 0.6331  valid_f1: 0.6330  time: 142s
Epoch: [7][0/936] Elapsed 0m 0s (remain 9m 3s) Loss: 0.0255(0.0255) LR: 0.00000100 Accuracy: 1.0000
Epoch: [7][300/936] Elapsed 0m 42s (remain 1m 29s) Loss: 0.0475(0.0734) LR: 0.00000100 Accuracy: 0.9867
Epoch: [7][600/936] Elapsed 1m 25s (remain 0m 47s) Loss: 0.0362(0.0683) LR: 0.00000100 Accuracy: 0.9871
Epoch: [7][900/936] Elapsed 2m 7s (remain 0m 4s) Loss: 0.0307(0.0617) LR: 0.00000100 Accuracy: 0.9881
Epoch: [7][935/936] Elapsed 2m 11s (remain 0m 0s) Loss: 0.0297(0.0628) LR: 0.00000100 Accuracy: 0.9877
EVAL: [0/105] Elapsed 0m 0s (remain 0m 33s) Loss: 0.3184(0.3184) Accuracy: 1.0000 F1 Score: 1.0000
EVAL: [104/105] Elapsed 0m 2s (remain 0m 0s) Loss: 0.7090(0.6853) Accuracy: 0.6331 F1 Score: 0.6327
Epoch 7 - avg_train_loss: 0.0628  train_acc: 0.9877  valid_acc: 0.6331  valid_f1: 0.6327  time: 134s
Epoch: [8][0/936] Elapsed 0m 0s (remain 5m 46s) Loss: 0.0369(0.0369) LR: 0.00001050 Accuracy: 1.0000
Epoch: [8][300/936] Elapsed 0m 42s (remain 1m 30s) Loss: 0.0215(0.0396) LR: 0.00001050 Accuracy: 0.9925
Epoch: [8][600/936] Elapsed 1m 27s (remain 0m 49s) Loss: 0.0195(0.0456) LR: 0.00001050 Accuracy: 0.9904
Epoch: [8][900/936] Elapsed 2m 9s (remain 0m 5s) Loss: 0.0141(0.0530) LR: 0.00001050 Accuracy: 0.9878
Epoch: [8][935/936] Elapsed 2m 14s (remain 0m 0s) Loss: 0.1509(0.0569) LR: 0.00001050 Accuracy: 0.9866
EVAL: [0/105] Elapsed 0m 0s (remain 0m 54s) Loss: 0.3165(0.3165) Accuracy: 1.0000 F1 Score: 1.0000
EVAL: [104/105] Elapsed 0m 3s (remain 0m 0s) Loss: 0.9683(0.7153) Accuracy: 0.6163 F1 Score: 0.5980
Epoch 8 - avg_train_loss: 0.0569  train_acc: 0.9866  valid_acc: 0.6163  valid_f1: 0.5980  time: 138s
Epoch: [9][0/936] Elapsed 0m 0s (remain 6m 21s) Loss: 0.0526(0.0526) LR: 0.00002000 Accuracy: 1.0000
Epoch: [9][300/936] Elapsed 0m 42s (remain 1m 29s) Loss: 0.0134(0.0777) LR: 0.00002000 Accuracy: 0.9743
Epoch: [9][600/936] Elapsed 1m 26s (remain 0m 48s) Loss: 0.0133(0.0911) LR: 0.00002000 Accuracy: 0.9709
Epoch: [9][900/936] Elapsed 2m 9s (remain 0m 5s) Loss: 0.0135(0.0970) LR: 0.00002000 Accuracy: 0.9686
Epoch: [9][935/936] Elapsed 2m 14s (remain 0m 0s) Loss: 0.0368(0.0965) LR: 0.00002000 Accuracy: 0.9690
EVAL: [0/105] Elapsed 0m 0s (remain 0m 33s) Loss: 0.3160(0.3160) Accuracy: 1.0000 F1 Score: 1.0000
EVAL: [104/105] Elapsed 0m 2s (remain 0m 0s) Loss: 1.0281(0.6912) Accuracy: 0.6451 F1 Score: 0.6431
Epoch 9 - avg_train_loss: 0.0965  train_acc: 0.9690  valid_acc: 0.6451  valid_f1: 0.6431  time: 137s
Epoch: [10][0/936] Elapsed 0m 0s (remain 5m 44s) Loss: 0.0131(0.0131) LR: 0.00001050 Accuracy: 1.0000
Epoch: [10][300/936] Elapsed 0m 44s (remain 1m 33s) Loss: 0.0136(0.0498) LR: 0.00001050 Accuracy: 0.9842
Epoch: [10][600/936] Elapsed 1m 27s (remain 0m 48s) Loss: 0.0090(0.0468) LR: 0.00001050 Accuracy: 0.9867
Epoch: [10][900/936] Elapsed 2m 11s (remain 0m 5s) Loss: 0.0098(0.0424) LR: 0.00001050 Accuracy: 0.9886
Epoch: [10][935/936] Elapsed 2m 15s (remain 0m 0s) Loss: 0.0088(0.0414) LR: 0.00001050 Accuracy: 0.9890
EVAL: [0/105] Elapsed 0m 0s (remain 0m 32s) Loss: 0.3154(0.3154) Accuracy: 1.0000 F1 Score: 1.0000
EVAL: [104/105] Elapsed 0m 2s (remain 0m 0s) Loss: 0.6975(0.6696) Accuracy: 0.6643 F1 Score: 0.6643
Epoch 10 - avg_train_loss: 0.0414  train_acc: 0.9890  valid_acc: 0.6643  valid_f1: 0.6643  time: 138s
[Fold1] Best score: 0.6720484826054774
================== fold: 2 training ======================
Epoch: [1][0/936] Elapsed 0m 0s (remain 5m 24s) Loss: 0.6801(0.6801) LR: 0.00002000 Accuracy: 0.5000
Epoch: [1][300/936] Elapsed 0m 42s (remain 1m 30s) Loss: 0.8860(0.6809) LR: 0.00002000 Accuracy: 0.5374
Epoch: [1][600/936] Elapsed 1m 26s (remain 0m 48s) Loss: 0.6041(0.6709) LR: 0.00002000 Accuracy: 0.5532
Epoch: [1][900/936] Elapsed 2m 8s (remain 0m 5s) Loss: 0.6985(0.6663) LR: 0.00002000 Accuracy: 0.5649
Epoch: [1][935/936] Elapsed 2m 13s (remain 0m 0s) Loss: 0.6880(0.6648) LR: 0.00002000 Accuracy: 0.5681
EVAL: [0/104] Elapsed 0m 0s (remain 0m 51s) Loss: 0.5147(0.5147) Accuracy: 1.0000 F1 Score: 1.0000
EVAL: [103/104] Elapsed 0m 3s (remain 0m 0s) Loss: 0.8139(0.6920) Accuracy: 0.6731 F1 Score: 0.6711
Epoch 1 - avg_train_loss: 0.6648  train_acc: 0.5681  valid_acc: 0.6731  valid_f1: 0.6711  time: 137s
Epoch 1 - Save Best Score: 0.6711 Model
Epoch: [2][0/936] Elapsed 0m 0s (remain 8m 44s) Loss: 0.2440(0.2440) LR: 0.00001050 Accuracy: 1.0000
Epoch: [2][300/936] Elapsed 0m 43s (remain 1m 31s) Loss: 0.4941(0.5331) LR: 0.00001050 Accuracy: 0.7301
Epoch: [2][600/936] Elapsed 1m 26s (remain 0m 47s) Loss: 0.7245(0.5443) LR: 0.00001050 Accuracy: 0.7142
Epoch: [2][900/936] Elapsed 2m 7s (remain 0m 4s) Loss: 0.4651(0.5419) LR: 0.00001050 Accuracy: 0.7178
Epoch: [2][935/936] Elapsed 2m 12s (remain 0m 0s) Loss: 0.6841(0.5409) LR: 0.00001050 Accuracy: 0.7190
EVAL: [0/104] Elapsed 0m 0s (remain 0m 52s) Loss: 0.5616(0.5616) Accuracy: 0.7500 F1 Score: 0.4286
EVAL: [103/104] Elapsed 0m 3s (remain 0m 0s) Loss: 0.7418(0.6752) Accuracy: 0.6514 F1 Score: 0.6480
Epoch 2 - avg_train_loss: 0.5409  train_acc: 0.7190  valid_acc: 0.6514  valid_f1: 0.6480  time: 136s
Epoch: [3][0/936] Elapsed 0m 0s (remain 7m 40s) Loss: 0.3287(0.3287) LR: 0.00000100 Accuracy: 0.7500
Epoch: [3][300/936] Elapsed 0m 43s (remain 1m 31s) Loss: 0.7156(0.3440) LR: 0.00000100 Accuracy: 0.8547
Epoch: [3][600/936] Elapsed 1m 27s (remain 0m 48s) Loss: 0.1893(0.3423) LR: 0.00000100 Accuracy: 0.8552
Epoch: [3][900/936] Elapsed 2m 10s (remain 0m 5s) Loss: 0.3356(0.3338) LR: 0.00000100 Accuracy: 0.8590
Epoch: [3][935/936] Elapsed 2m 14s (remain 0m 0s) Loss: 0.5104(0.3336) LR: 0.00000100 Accuracy: 0.8592
EVAL: [0/104] Elapsed 0m 0s (remain 0m 33s) Loss: 0.5618(0.5618) Accuracy: 0.7500 F1 Score: 0.4286
EVAL: [103/104] Elapsed 0m 2s (remain 0m 0s) Loss: 0.7218(0.6743) Accuracy: 0.6803 F1 Score: 0.6801
Epoch 3 - avg_train_loss: 0.3336  train_acc: 0.8592  valid_acc: 0.6803  valid_f1: 0.6801  time: 137s
Epoch 3 - Save Best Score: 0.6801 Model
Epoch: [4][0/936] Elapsed 0m 0s (remain 9m 54s) Loss: 0.1120(0.1120) LR: 0.00001050 Accuracy: 1.0000
Epoch: [4][300/936] Elapsed 0m 45s (remain 1m 36s) Loss: 0.5158(0.3300) LR: 0.00001050 Accuracy: 0.8547
Epoch: [4][600/936] Elapsed 1m 31s (remain 0m 51s) Loss: 0.0669(0.3032) LR: 0.00001050 Accuracy: 0.8690
Epoch: [4][900/936] Elapsed 2m 15s (remain 0m 5s) Loss: 0.3034(0.3048) LR: 0.00001050 Accuracy: 0.8674
Epoch: [4][935/936] Elapsed 2m 19s (remain 0m 0s) Loss: 0.5352(0.3062) LR: 0.00001050 Accuracy: 0.8665
EVAL: [0/104] Elapsed 0m 0s (remain 0m 32s) Loss: 0.5609(0.5609) Accuracy: 0.7500 F1 Score: 0.4286
EVAL: [103/104] Elapsed 0m 2s (remain 0m 0s) Loss: 0.6775(0.6648) Accuracy: 0.6947 F1 Score: 0.6946
Epoch 4 - avg_train_loss: 0.3062  train_acc: 0.8665  valid_acc: 0.6947  valid_f1: 0.6946  time: 142s
Epoch 4 - Save Best Score: 0.6946 Model
Epoch: [5][0/936] Elapsed 0m 0s (remain 9m 31s) Loss: 0.7489(0.7489) LR: 0.00002000 Accuracy: 0.7500
Epoch: [5][300/936] Elapsed 0m 42s (remain 1m 30s) Loss: 0.1491(0.1965) LR: 0.00002000 Accuracy: 0.9311
Epoch: [5][600/936] Elapsed 1m 26s (remain 0m 48s) Loss: 0.0437(0.2280) LR: 0.00002000 Accuracy: 0.9168
Epoch: [5][900/936] Elapsed 2m 10s (remain 0m 5s) Loss: 0.1295(0.2262) LR: 0.00002000 Accuracy: 0.9168
Epoch: [5][935/936] Elapsed 2m 15s (remain 0m 0s) Loss: 0.0469(0.2251) LR: 0.00002000 Accuracy: 0.9172
EVAL: [0/104] Elapsed 0m 0s (remain 0m 36s) Loss: 0.5607(0.5607) Accuracy: 0.7500 F1 Score: 0.4286
EVAL: [103/104] Elapsed 0m 2s (remain 0m 0s) Loss: 0.6713(0.6584) Accuracy: 0.6418 F1 Score: 0.6345
Epoch 5 - avg_train_loss: 0.2251  train_acc: 0.9172  valid_acc: 0.6418  valid_f1: 0.6345  time: 138s
Epoch: [6][0/936] Elapsed 0m 0s (remain 6m 9s) Loss: 0.0449(0.0449) LR: 0.00001050 Accuracy: 1.0000
Epoch: [6][300/936] Elapsed 0m 41s (remain 1m 28s) Loss: 0.0329(0.1057) LR: 0.00001050 Accuracy: 0.9718
Epoch: [6][600/936] Elapsed 1m 26s (remain 0m 47s) Loss: 0.7208(0.1056) LR: 0.00001050 Accuracy: 0.9713
Epoch: [6][900/936] Elapsed 2m 9s (remain 0m 5s) Loss: 0.0222(0.1110) LR: 0.00001050 Accuracy: 0.9675
Epoch: [6][935/936] Elapsed 2m 14s (remain 0m 0s) Loss: 0.0231(0.1113) LR: 0.00001050 Accuracy: 0.9674
EVAL: [0/104] Elapsed 0m 0s (remain 0m 50s) Loss: 0.5615(0.5615) Accuracy: 0.7500 F1 Score: 0.4286
EVAL: [103/104] Elapsed 0m 2s (remain 0m 0s) Loss: 0.6288(0.6509) Accuracy: 0.6803 F1 Score: 0.6762
Epoch 6 - avg_train_loss: 0.1113  train_acc: 0.9674  valid_acc: 0.6803  valid_f1: 0.6762  time: 138s
Epoch: [7][0/936] Elapsed 0m 0s (remain 8m 24s) Loss: 0.0255(0.0255) LR: 0.00000100 Accuracy: 1.0000
Epoch: [7][300/936] Elapsed 0m 45s (remain 1m 34s) Loss: 0.0220(0.0493) LR: 0.00000100 Accuracy: 0.9909
Epoch: [7][600/936] Elapsed 1m 30s (remain 0m 50s) Loss: 0.0267(0.0544) LR: 0.00000100 Accuracy: 0.9888
Epoch: [7][900/936] Elapsed 2m 13s (remain 0m 5s) Loss: 0.0207(0.0557) LR: 0.00000100 Accuracy: 0.9878
Epoch: [7][935/936] Elapsed 2m 18s (remain 0m 0s) Loss: 0.0214(0.0550) LR: 0.00000100 Accuracy: 0.9882
EVAL: [0/104] Elapsed 0m 0s (remain 0m 53s) Loss: 0.5626(0.5626) Accuracy: 0.7500 F1 Score: 0.4286
EVAL: [103/104] Elapsed 0m 3s (remain 0m 0s) Loss: 0.6536(0.6574) Accuracy: 0.6803 F1 Score: 0.6791
Epoch 7 - avg_train_loss: 0.0550  train_acc: 0.9882  valid_acc: 0.6803  valid_f1: 0.6791  time: 142s
Epoch: [8][0/936] Elapsed 0m 0s (remain 9m 45s) Loss: 0.0620(0.0620) LR: 0.00001050 Accuracy: 1.0000
Epoch: [8][300/936] Elapsed 0m 46s (remain 1m 37s) Loss: 0.0607(0.0459) LR: 0.00001050 Accuracy: 0.9884
Epoch: [8][600/936] Elapsed 1m 29s (remain 0m 49s) Loss: 0.0598(0.0587) LR: 0.00001050 Accuracy: 0.9859
Epoch: [8][900/936] Elapsed 2m 12s (remain 0m 5s) Loss: 0.0167(0.0662) LR: 0.00001050 Accuracy: 0.9836
Epoch: [8][935/936] Elapsed 2m 17s (remain 0m 0s) Loss: 1.0508(0.0658) LR: 0.00001050 Accuracy: 0.9840
EVAL: [0/104] Elapsed 0m 0s (remain 0m 40s) Loss: 0.5634(0.5634) Accuracy: 0.7500 F1 Score: 0.4286
EVAL: [103/104] Elapsed 0m 2s (remain 0m 0s) Loss: 0.7098(0.6525) Accuracy: 0.7091 F1 Score: 0.7089
Epoch 8 - avg_train_loss: 0.0658  train_acc: 0.9840  valid_acc: 0.7091  valid_f1: 0.7089  time: 141s
Epoch 8 - Save Best Score: 0.7089 Model
Epoch: [9][0/936] Elapsed 0m 0s (remain 9m 12s) Loss: 0.0260(0.0260) LR: 0.00002000 Accuracy: 1.0000
Epoch: [9][300/936] Elapsed 0m 45s (remain 1m 36s) Loss: 0.0479(0.0594) LR: 0.00002000 Accuracy: 0.9850
Epoch: [9][600/936] Elapsed 1m 28s (remain 0m 49s) Loss: 0.0231(0.0950) LR: 0.00002000 Accuracy: 0.9734
Epoch: [9][900/936] Elapsed 2m 12s (remain 0m 5s) Loss: 0.0213(0.0985) LR: 0.00002000 Accuracy: 0.9703
Epoch: [9][935/936] Elapsed 2m 17s (remain 0m 0s) Loss: 0.0203(0.0977) LR: 0.00002000 Accuracy: 0.9701
EVAL: [0/104] Elapsed 0m 0s (remain 0m 32s) Loss: 0.5632(0.5632) Accuracy: 0.7500 F1 Score: 0.4286
EVAL: [103/104] Elapsed 0m 2s (remain 0m 0s) Loss: 0.6157(0.6741) Accuracy: 0.6587 F1 Score: 0.6571
Epoch 9 - avg_train_loss: 0.0977  train_acc: 0.9701  valid_acc: 0.6587  valid_f1: 0.6571  time: 140s
Epoch: [10][0/936] Elapsed 0m 0s (remain 6m 11s) Loss: 0.0129(0.0129) LR: 0.00001050 Accuracy: 1.0000
Epoch: [10][300/936] Elapsed 0m 45s (remain 1m 35s) Loss: 0.0256(0.0550) LR: 0.00001050 Accuracy: 0.9834
Epoch: [10][600/936] Elapsed 1m 31s (remain 0m 50s) Loss: 0.0203(0.0505) LR: 0.00001050 Accuracy: 0.9850
Epoch: [10][900/936] Elapsed 2m 12s (remain 0m 5s) Loss: 0.0140(0.0513) LR: 0.00001050 Accuracy: 0.9856
Epoch: [10][935/936] Elapsed 2m 17s (remain 0m 0s) Loss: 0.0128(0.0521) LR: 0.00001050 Accuracy: 0.9853
EVAL: [0/104] Elapsed 0m 0s (remain 0m 32s) Loss: 0.5632(0.5632) Accuracy: 0.7500 F1 Score: 0.4286
EVAL: [103/104] Elapsed 0m 2s (remain 0m 0s) Loss: 0.6120(0.6523) Accuracy: 0.6827 F1 Score: 0.6808
Epoch 10 - avg_train_loss: 0.0521  train_acc: 0.9853  valid_acc: 0.6827  valid_f1: 0.6808  time: 140s
[Fold2] Best score: 0.7089311012808281
================== fold: 3 training ======================
Epoch: [1][0/936] Elapsed 0m 0s (remain 5m 51s) Loss: 0.7080(0.7080) LR: 0.00002000 Accuracy: 0.2500
Epoch: [1][300/936] Elapsed 0m 42s (remain 1m 29s) Loss: 0.7295(0.6890) LR: 0.00002000 Accuracy: 0.4958
Epoch: [1][600/936] Elapsed 1m 26s (remain 0m 47s) Loss: 0.8549(0.6906) LR: 0.00002000 Accuracy: 0.5000
Epoch: [1][900/936] Elapsed 2m 11s (remain 0m 5s) Loss: 0.7021(0.6899) LR: 0.00002000 Accuracy: 0.5067
Epoch: [1][935/936] Elapsed 2m 16s (remain 0m 0s) Loss: 0.5376(0.6898) LR: 0.00002000 Accuracy: 0.5067
EVAL: [0/104] Elapsed 0m 0s (remain 0m 51s) Loss: 0.4533(0.4533) Accuracy: 0.7500 F1 Score: 0.4286
EVAL: [103/104] Elapsed 0m 2s (remain 0m 0s) Loss: 0.9750(0.7199) Accuracy: 0.5288 F1 Score: 0.5288
Epoch 1 - avg_train_loss: 0.6898  train_acc: 0.5067  valid_acc: 0.5288  valid_f1: 0.5288  time: 140s
Epoch 1 - Save Best Score: 0.5288 Model
Epoch: [2][0/936] Elapsed 0m 0s (remain 6m 24s) Loss: 0.5974(0.5974) LR: 0.00001050 Accuracy: 0.5000
Epoch: [2][300/936] Elapsed 0m 44s (remain 1m 34s) Loss: 0.6747(0.6520) LR: 0.00001050 Accuracy: 0.5947
Epoch: [2][600/936] Elapsed 1m 28s (remain 0m 49s) Loss: 0.7660(0.6459) LR: 0.00001050 Accuracy: 0.6111
Epoch: [2][900/936] Elapsed 2m 12s (remain 0m 5s) Loss: 0.4559(0.6417) LR: 0.00001050 Accuracy: 0.6135
Epoch: [2][935/936] Elapsed 2m 17s (remain 0m 0s) Loss: 0.4932(0.6424) LR: 0.00001050 Accuracy: 0.6122
EVAL: [0/104] Elapsed 0m 0s (remain 0m 52s) Loss: 0.4297(0.4297) Accuracy: 0.7500 F1 Score: 0.4286
EVAL: [103/104] Elapsed 0m 3s (remain 0m 0s) Loss: 1.0342(0.7116) Accuracy: 0.5913 F1 Score: 0.5913
Epoch 2 - avg_train_loss: 0.6424  train_acc: 0.6122  valid_acc: 0.5913  valid_f1: 0.5913  time: 141s
Epoch 2 - Save Best Score: 0.5913 Model
Epoch: [3][0/936] Elapsed 0m 0s (remain 9m 47s) Loss: 0.7786(0.7786) LR: 0.00000100 Accuracy: 0.2500
Epoch: [3][300/936] Elapsed 0m 44s (remain 1m 33s) Loss: 0.4188(0.5645) LR: 0.00000100 Accuracy: 0.7101
Epoch: [3][600/936] Elapsed 1m 28s (remain 0m 49s) Loss: 0.6205(0.5624) LR: 0.00000100 Accuracy: 0.7051
Epoch: [3][900/936] Elapsed 2m 13s (remain 0m 5s) Loss: 0.4924(0.5603) LR: 0.00000100 Accuracy: 0.7056
Epoch: [3][935/936] Elapsed 2m 18s (remain 0m 0s) Loss: 0.6987(0.5610) LR: 0.00000100 Accuracy: 0.7049
EVAL: [0/104] Elapsed 0m 0s (remain 0m 31s) Loss: 0.4139(0.4139) Accuracy: 0.7500 F1 Score: 0.4286
EVAL: [103/104] Elapsed 0m 2s (remain 0m 0s) Loss: 1.0179(0.7024) Accuracy: 0.6034 F1 Score: 0.6021
Epoch 3 - avg_train_loss: 0.5610  train_acc: 0.7049  valid_acc: 0.6034  valid_f1: 0.6021  time: 141s
Epoch 3 - Save Best Score: 0.6021 Model
Epoch: [4][0/936] Elapsed 0m 0s (remain 9m 10s) Loss: 0.4243(0.4243) LR: 0.00001050 Accuracy: 1.0000
Epoch: [4][300/936] Elapsed 0m 43s (remain 1m 31s) Loss: 0.5380(0.5392) LR: 0.00001050 Accuracy: 0.7184
Epoch: [4][600/936] Elapsed 1m 27s (remain 0m 48s) Loss: 0.4873(0.5436) LR: 0.00001050 Accuracy: 0.7217
Epoch: [4][900/936] Elapsed 2m 10s (remain 0m 5s) Loss: 0.3943(0.5474) LR: 0.00001050 Accuracy: 0.7148
Epoch: [4][935/936] Elapsed 2m 15s (remain 0m 0s) Loss: 0.1551(0.5469) LR: 0.00001050 Accuracy: 0.7142
EVAL: [0/104] Elapsed 0m 0s (remain 0m 52s) Loss: 0.4022(0.4022) Accuracy: 0.7500 F1 Score: 0.4286
EVAL: [103/104] Elapsed 0m 3s (remain 0m 0s) Loss: 1.0865(0.7068) Accuracy: 0.6130 F1 Score: 0.6102
Epoch 4 - avg_train_loss: 0.5469  train_acc: 0.7142  valid_acc: 0.6130  valid_f1: 0.6102  time: 139s
Epoch 4 - Save Best Score: 0.6102 Model
Epoch: [5][0/936] Elapsed 0m 0s (remain 9m 45s) Loss: 0.2976(0.2976) LR: 0.00002000 Accuracy: 1.0000
Epoch: [5][300/936] Elapsed 0m 46s (remain 1m 38s) Loss: 0.2509(0.4589) LR: 0.00002000 Accuracy: 0.7774
Epoch: [5][600/936] Elapsed 1m 31s (remain 0m 50s) Loss: 0.3141(0.4623) LR: 0.00002000 Accuracy: 0.7800
Epoch: [5][900/936] Elapsed 2m 17s (remain 0m 5s) Loss: 0.2543(0.4617) LR: 0.00002000 Accuracy: 0.7783
Epoch: [5][935/936] Elapsed 2m 21s (remain 0m 0s) Loss: 0.2655(0.4632) LR: 0.00002000 Accuracy: 0.7756
EVAL: [0/104] Elapsed 0m 0s (remain 0m 35s) Loss: 0.4364(0.4364) Accuracy: 0.5000 F1 Score: 0.3333
EVAL: [103/104] Elapsed 0m 2s (remain 0m 0s) Loss: 0.9653(0.6967) Accuracy: 0.6082 F1 Score: 0.6022
Epoch 5 - avg_train_loss: 0.4632  train_acc: 0.7756  valid_acc: 0.6082  valid_f1: 0.6022  time: 144s
Epoch: [6][0/936] Elapsed 0m 0s (remain 9m 34s) Loss: 0.2085(0.2085) LR: 0.00001050 Accuracy: 1.0000
Epoch: [6][300/936] Elapsed 0m 44s (remain 1m 34s) Loss: 0.8589(0.2878) LR: 0.00001050 Accuracy: 0.8771
Epoch: [6][600/936] Elapsed 1m 28s (remain 0m 49s) Loss: 0.5123(0.2843) LR: 0.00001050 Accuracy: 0.8827
Epoch: [6][900/936] Elapsed 2m 13s (remain 0m 5s) Loss: 0.0979(0.2853) LR: 0.00001050 Accuracy: 0.8807
Epoch: [6][935/936] Elapsed 2m 18s (remain 0m 0s) Loss: 0.3804(0.2865) LR: 0.00001050 Accuracy: 0.8793
EVAL: [0/104] Elapsed 0m 0s (remain 0m 47s) Loss: 0.3830(0.3830) Accuracy: 0.7500 F1 Score: 0.4286
EVAL: [103/104] Elapsed 0m 3s (remain 0m 0s) Loss: 1.0649(0.7162) Accuracy: 0.5769 F1 Score: 0.5755
Epoch 6 - avg_train_loss: 0.2865  train_acc: 0.8793  valid_acc: 0.5769  valid_f1: 0.5755  time: 142s
Epoch: [7][0/936] Elapsed 0m 0s (remain 9m 19s) Loss: 0.4169(0.4169) LR: 0.00000100 Accuracy: 0.7500
Epoch: [7][300/936] Elapsed 0m 46s (remain 1m 37s) Loss: 0.1129(0.1895) LR: 0.00000100 Accuracy: 0.9311
Epoch: [7][600/936] Elapsed 1m 29s (remain 0m 50s) Loss: 0.0670(0.1798) LR: 0.00000100 Accuracy: 0.9368
Epoch: [7][900/936] Elapsed 2m 10s (remain 0m 5s) Loss: 0.0341(0.1712) LR: 0.00000100 Accuracy: 0.9406
Epoch: [7][935/936] Elapsed 2m 15s (remain 0m 0s) Loss: 0.0509(0.1699) LR: 0.00000100 Accuracy: 0.9415
EVAL: [0/104] Elapsed 0m 0s (remain 0m 35s) Loss: 0.3943(0.3943) Accuracy: 0.7500 F1 Score: 0.4286
EVAL: [103/104] Elapsed 0m 2s (remain 0m 0s) Loss: 1.0499(0.7065) Accuracy: 0.5962 F1 Score: 0.5954
Epoch 7 - avg_train_loss: 0.1699  train_acc: 0.9415  valid_acc: 0.5962  valid_f1: 0.5954  time: 138s
Epoch: [8][0/936] Elapsed 0m 0s (remain 5m 28s) Loss: 0.0394(0.0394) LR: 0.00001050 Accuracy: 1.0000
Epoch: [8][300/936] Elapsed 0m 45s (remain 1m 35s) Loss: 0.0386(0.1514) LR: 0.00001050 Accuracy: 0.9444
Epoch: [8][600/936] Elapsed 1m 27s (remain 0m 48s) Loss: 0.6853(0.1583) LR: 0.00001050 Accuracy: 0.9418
Epoch: [8][900/936] Elapsed 2m 10s (remain 0m 5s) Loss: 0.1217(0.1609) LR: 0.00001050 Accuracy: 0.9412
Epoch: [8][935/936] Elapsed 2m 14s (remain 0m 0s) Loss: 0.0248(0.1646) LR: 0.00001050 Accuracy: 0.9391
EVAL: [0/104] Elapsed 0m 0s (remain 0m 33s) Loss: 0.4100(0.4100) Accuracy: 0.7500 F1 Score: 0.4286
EVAL: [103/104] Elapsed 0m 2s (remain 0m 0s) Loss: 1.0347(0.6994) Accuracy: 0.5986 F1 Score: 0.5985
Epoch 8 - avg_train_loss: 0.1646  train_acc: 0.9391  valid_acc: 0.5986  valid_f1: 0.5985  time: 137s
Epoch: [9][0/936] Elapsed 0m 0s (remain 5m 26s) Loss: 0.0310(0.0310) LR: 0.00002000 Accuracy: 1.0000
Epoch: [9][300/936] Elapsed 0m 45s (remain 1m 36s) Loss: 0.0250(0.1519) LR: 0.00002000 Accuracy: 0.9535
Epoch: [9][600/936] Elapsed 1m 26s (remain 0m 48s) Loss: 0.0834(0.1574) LR: 0.00002000 Accuracy: 0.9472
Epoch: [9][900/936] Elapsed 2m 8s (remain 0m 4s) Loss: 0.2056(0.1588) LR: 0.00002000 Accuracy: 0.9451
Epoch: [9][935/936] Elapsed 2m 12s (remain 0m 0s) Loss: 0.0655(0.1589) LR: 0.00002000 Accuracy: 0.9444
EVAL: [0/104] Elapsed 0m 0s (remain 0m 56s) Loss: 0.4083(0.4083) Accuracy: 0.7500 F1 Score: 0.4286
EVAL: [103/104] Elapsed 0m 3s (remain 0m 0s) Loss: 1.0336(0.7103) Accuracy: 0.5865 F1 Score: 0.5859
Epoch 9 - avg_train_loss: 0.1589  train_acc: 0.9444  valid_acc: 0.5865  valid_f1: 0.5859  time: 136s
Epoch: [10][0/936] Elapsed 0m 0s (remain 6m 7s) Loss: 0.3603(0.3603) LR: 0.00001050 Accuracy: 0.7500
Epoch: [10][300/936] Elapsed 0m 45s (remain 1m 36s) Loss: 0.0649(0.1069) LR: 0.00001050 Accuracy: 0.9626
Epoch: [10][600/936] Elapsed 1m 28s (remain 0m 49s) Loss: 0.4361(0.1160) LR: 0.00001050 Accuracy: 0.9592
Epoch: [10][900/936] Elapsed 2m 11s (remain 0m 5s) Loss: 0.3068(0.1075) LR: 0.00001050 Accuracy: 0.9634
Epoch: [10][935/936] Elapsed 2m 17s (remain 0m 0s) Loss: 0.0219(0.1070) LR: 0.00001050 Accuracy: 0.9637
EVAL: [0/104] Elapsed 0m 0s (remain 0m 42s) Loss: 0.4087(0.4087) Accuracy: 0.7500 F1 Score: 0.4286
EVAL: [103/104] Elapsed 0m 2s (remain 0m 0s) Loss: 0.8611(0.6968) Accuracy: 0.5986 F1 Score: 0.5980
Epoch 10 - avg_train_loss: 0.1070  train_acc: 0.9637  valid_acc: 0.5986  valid_f1: 0.5980  time: 140s
[Fold3] Best score: 0.6102216712933057
================== fold: 4 training ======================
Epoch: [1][0/936] Elapsed 0m 0s (remain 6m 44s) Loss: 0.6835(0.6835) LR: 0.00002000 Accuracy: 0.5000
Epoch: [1][300/936] Elapsed 0m 42s (remain 1m 28s) Loss: 0.6069(0.6848) LR: 0.00002000 Accuracy: 0.5257
Epoch: [1][600/936] Elapsed 1m 24s (remain 0m 47s) Loss: 0.8412(0.6823) LR: 0.00002000 Accuracy: 0.5250
Epoch: [1][900/936] Elapsed 2m 10s (remain 0m 5s) Loss: 0.5169(0.6741) LR: 0.00002000 Accuracy: 0.5383
Epoch: [1][935/936] Elapsed 2m 15s (remain 0m 0s) Loss: 0.5584(0.6737) LR: 0.00002000 Accuracy: 0.5422
EVAL: [0/104] Elapsed 0m 0s (remain 0m 56s) Loss: 0.4603(0.4603) Accuracy: 0.7500 F1 Score: 0.4286
EVAL: [103/104] Elapsed 0m 2s (remain 0m 0s) Loss: 0.8149(0.6999) Accuracy: 0.6202 F1 Score: 0.5747
Epoch 1 - avg_train_loss: 0.6737  train_acc: 0.5422  valid_acc: 0.6202  valid_f1: 0.5747  time: 139s
Epoch 1 - Save Best Score: 0.5747 Model
Epoch: [2][0/936] Elapsed 0m 0s (remain 6m 28s) Loss: 0.4847(0.4847) LR: 0.00001050 Accuracy: 0.7500
Epoch: [2][300/936] Elapsed 0m 44s (remain 1m 34s) Loss: 0.6577(0.5954) LR: 0.00001050 Accuracy: 0.6478
Epoch: [2][600/936] Elapsed 1m 28s (remain 0m 49s) Loss: 0.4819(0.5879) LR: 0.00001050 Accuracy: 0.6622
Epoch: [2][900/936] Elapsed 2m 13s (remain 0m 5s) Loss: 0.5446(0.5725) LR: 0.00001050 Accuracy: 0.6776
Epoch: [2][935/936] Elapsed 2m 18s (remain 0m 0s) Loss: 0.7719(0.5719) LR: 0.00001050 Accuracy: 0.6792
EVAL: [0/104] Elapsed 0m 0s (remain 0m 55s) Loss: 0.3521(0.3521) Accuracy: 1.0000 F1 Score: 1.0000
EVAL: [103/104] Elapsed 0m 2s (remain 0m 0s) Loss: 0.8246(0.6873) Accuracy: 0.6466 F1 Score: 0.6464
Epoch 2 - avg_train_loss: 0.5719  train_acc: 0.6792  valid_acc: 0.6466  valid_f1: 0.6464  time: 142s
Epoch 2 - Save Best Score: 0.6464 Model
Epoch: [3][0/936] Elapsed 0m 0s (remain 7m 4s) Loss: 0.7584(0.7584) LR: 0.00000100 Accuracy: 0.2500
Epoch: [3][300/936] Elapsed 0m 46s (remain 1m 38s) Loss: 0.4612(0.3861) LR: 0.00000100 Accuracy: 0.8430
Epoch: [3][600/936] Elapsed 1m 31s (remain 0m 51s) Loss: 0.5111(0.3782) LR: 0.00000100 Accuracy: 0.8440
Epoch: [3][900/936] Elapsed 2m 15s (remain 0m 5s) Loss: 0.1622(0.3635) LR: 0.00000100 Accuracy: 0.8574
Epoch: [3][935/936] Elapsed 2m 20s (remain 0m 0s) Loss: 0.1140(0.3639) LR: 0.00000100 Accuracy: 0.8566
EVAL: [0/104] Elapsed 0m 0s (remain 0m 58s) Loss: 0.3404(0.3404) Accuracy: 1.0000 F1 Score: 1.0000
EVAL: [103/104] Elapsed 0m 3s (remain 0m 0s) Loss: 0.8169(0.6773) Accuracy: 0.6827 F1 Score: 0.6824
Epoch 3 - avg_train_loss: 0.3639  train_acc: 0.8566  valid_acc: 0.6827  valid_f1: 0.6824  time: 144s
Epoch 3 - Save Best Score: 0.6824 Model
Epoch: [4][0/936] Elapsed 0m 0s (remain 10m 4s) Loss: 0.1896(0.1896) LR: 0.00001050 Accuracy: 1.0000
Epoch: [4][300/936] Elapsed 0m 46s (remain 1m 37s) Loss: 0.1189(0.3245) LR: 0.00001050 Accuracy: 0.8754
Epoch: [4][600/936] Elapsed 1m 28s (remain 0m 49s) Loss: 0.5233(0.3191) LR: 0.00001050 Accuracy: 0.8706
Epoch: [4][900/936] Elapsed 2m 11s (remain 0m 5s) Loss: 0.5480(0.3220) LR: 0.00001050 Accuracy: 0.8690
Epoch: [4][935/936] Elapsed 2m 16s (remain 0m 0s) Loss: 0.0814(0.3219) LR: 0.00001050 Accuracy: 0.8689
EVAL: [0/104] Elapsed 0m 0s (remain 0m 33s) Loss: 0.3409(0.3409) Accuracy: 1.0000 F1 Score: 1.0000
EVAL: [103/104] Elapsed 0m 2s (remain 0m 0s) Loss: 0.8006(0.6664) Accuracy: 0.6707 F1 Score: 0.6693
Epoch 4 - avg_train_loss: 0.3219  train_acc: 0.8689  valid_acc: 0.6707  valid_f1: 0.6693  time: 139s
Epoch: [5][0/936] Elapsed 0m 0s (remain 6m 5s) Loss: 0.3185(0.3185) LR: 0.00002000 Accuracy: 0.7500
Epoch: [5][300/936] Elapsed 0m 44s (remain 1m 33s) Loss: 0.1543(0.1816) LR: 0.00002000 Accuracy: 0.9394
Epoch: [5][600/936] Elapsed 1m 28s (remain 0m 49s) Loss: 0.4861(0.2036) LR: 0.00002000 Accuracy: 0.9230
Epoch: [5][900/936] Elapsed 2m 13s (remain 0m 5s) Loss: 0.5214(0.2168) LR: 0.00002000 Accuracy: 0.9168
Epoch: [5][935/936] Elapsed 2m 18s (remain 0m 0s) Loss: 0.0571(0.2180) LR: 0.00002000 Accuracy: 0.9164
EVAL: [0/104] Elapsed 0m 0s (remain 0m 58s) Loss: 0.3242(0.3242) Accuracy: 1.0000 F1 Score: 1.0000
EVAL: [103/104] Elapsed 0m 3s (remain 0m 0s) Loss: 0.8319(0.6821) Accuracy: 0.6611 F1 Score: 0.6600
Epoch 5 - avg_train_loss: 0.2180  train_acc: 0.9164  valid_acc: 0.6611  valid_f1: 0.6600  time: 142s
Epoch: [6][0/936] Elapsed 0m 0s (remain 9m 25s) Loss: 0.2554(0.2554) LR: 0.00001050 Accuracy: 0.7500
Epoch: [6][300/936] Elapsed 0m 45s (remain 1m 35s) Loss: 0.0479(0.1086) LR: 0.00001050 Accuracy: 0.9651
Epoch: [6][600/936] Elapsed 1m 27s (remain 0m 48s) Loss: 0.0474(0.1203) LR: 0.00001050 Accuracy: 0.9576
Epoch: [6][900/936] Elapsed 2m 11s (remain 0m 5s) Loss: 0.0307(0.1095) LR: 0.00001050 Accuracy: 0.9634
Epoch: [6][935/936] Elapsed 2m 16s (remain 0m 0s) Loss: 0.7063(0.1093) LR: 0.00001050 Accuracy: 0.9626
EVAL: [0/104] Elapsed 0m 0s (remain 1m 0s) Loss: 0.3177(0.3177) Accuracy: 1.0000 F1 Score: 1.0000
EVAL: [103/104] Elapsed 0m 2s (remain 0m 0s) Loss: 0.8613(0.6833) Accuracy: 0.6538 F1 Score: 0.6520
Epoch 6 - avg_train_loss: 0.1093  train_acc: 0.9626  valid_acc: 0.6538  valid_f1: 0.6520  time: 140s
Epoch: [7][0/936] Elapsed 0m 0s (remain 6m 3s) Loss: 0.0260(0.0260) LR: 0.00000100 Accuracy: 1.0000
Epoch: [7][300/936] Elapsed 0m 44s (remain 1m 34s) Loss: 0.0184(0.0551) LR: 0.00000100 Accuracy: 0.9834
Epoch: [7][600/936] Elapsed 1m 27s (remain 0m 48s) Loss: 0.0245(0.0544) LR: 0.00000100 Accuracy: 0.9863
Epoch: [7][900/936] Elapsed 2m 9s (remain 0m 5s) Loss: 0.0264(0.0528) LR: 0.00000100 Accuracy: 0.9875
Epoch: [7][935/936] Elapsed 2m 14s (remain 0m 0s) Loss: 0.1753(0.0523) LR: 0.00000100 Accuracy: 0.9877
EVAL: [0/104] Elapsed 0m 0s (remain 0m 34s) Loss: 0.3176(0.3176) Accuracy: 1.0000 F1 Score: 1.0000
EVAL: [103/104] Elapsed 0m 2s (remain 0m 0s) Loss: 0.8512(0.6710) Accuracy: 0.6659 F1 Score: 0.6657
Epoch 7 - avg_train_loss: 0.0523  train_acc: 0.9877  valid_acc: 0.6659  valid_f1: 0.6657  time: 137s
Epoch: [8][0/936] Elapsed 0m 0s (remain 9m 32s) Loss: 0.0179(0.0179) LR: 0.00001050 Accuracy: 1.0000
Epoch: [8][300/936] Elapsed 0m 42s (remain 1m 29s) Loss: 0.0164(0.0568) LR: 0.00001050 Accuracy: 0.9859
Epoch: [8][600/936] Elapsed 1m 26s (remain 0m 48s) Loss: 0.0236(0.0576) LR: 0.00001050 Accuracy: 0.9854
Epoch: [8][900/936] Elapsed 2m 9s (remain 0m 5s) Loss: 0.0319(0.0564) LR: 0.00001050 Accuracy: 0.9853
Epoch: [8][935/936] Elapsed 2m 14s (remain 0m 0s) Loss: 0.0166(0.0557) LR: 0.00001050 Accuracy: 0.9853
EVAL: [0/104] Elapsed 0m 0s (remain 0m 57s) Loss: 0.3162(0.3162) Accuracy: 1.0000 F1 Score: 1.0000
EVAL: [103/104] Elapsed 0m 3s (remain 0m 0s) Loss: 0.8920(0.6785) Accuracy: 0.6514 F1 Score: 0.6504
Epoch 8 - avg_train_loss: 0.0557  train_acc: 0.9853  valid_acc: 0.6514  valid_f1: 0.6504  time: 138s
Epoch: [9][0/936] Elapsed 0m 0s (remain 9m 33s) Loss: 0.0171(0.0171) LR: 0.00002000 Accuracy: 1.0000
Epoch: [9][300/936] Elapsed 0m 46s (remain 1m 37s) Loss: 0.0168(0.1197) LR: 0.00002000 Accuracy: 0.9643
Epoch: [9][600/936] Elapsed 1m 30s (remain 0m 50s) Loss: 0.0402(0.1186) LR: 0.00002000 Accuracy: 0.9609
Epoch: [9][900/936] Elapsed 2m 14s (remain 0m 5s) Loss: 0.0322(0.1138) LR: 0.00002000 Accuracy: 0.9623
Epoch: [9][935/936] Elapsed 2m 19s (remain 0m 0s) Loss: 0.0561(0.1125) LR: 0.00002000 Accuracy: 0.9623
EVAL: [0/104] Elapsed 0m 0s (remain 0m 57s) Loss: 0.3176(0.3176) Accuracy: 1.0000 F1 Score: 1.0000
EVAL: [103/104] Elapsed 0m 3s (remain 0m 0s) Loss: 0.8876(0.6690) Accuracy: 0.6707 F1 Score: 0.6704
Epoch 9 - avg_train_loss: 0.1125  train_acc: 0.9623  valid_acc: 0.6707  valid_f1: 0.6704  time: 143s
Epoch: [10][0/936] Elapsed 0m 0s (remain 9m 44s) Loss: 0.0122(0.0122) LR: 0.00001050 Accuracy: 1.0000
Epoch: [10][300/936] Elapsed 0m 45s (remain 1m 37s) Loss: 0.0114(0.0492) LR: 0.00001050 Accuracy: 0.9859
Epoch: [10][600/936] Elapsed 1m 29s (remain 0m 49s) Loss: 0.0220(0.0549) LR: 0.00001050 Accuracy: 0.9834
Epoch: [10][900/936] Elapsed 2m 12s (remain 0m 5s) Loss: 0.0182(0.0516) LR: 0.00001050 Accuracy: 0.9850
Epoch: [10][935/936] Elapsed 2m 17s (remain 0m 0s) Loss: 0.0076(0.0521) LR: 0.00001050 Accuracy: 0.9848
EVAL: [0/104] Elapsed 0m 0s (remain 0m 53s) Loss: 0.3947(0.3947) Accuracy: 0.7500 F1 Score: 0.4286
EVAL: [103/104] Elapsed 0m 3s (remain 0m 0s) Loss: 0.7278(0.6562) Accuracy: 0.6587 F1 Score: 0.6528
Epoch 10 - avg_train_loss: 0.0521  train_acc: 0.9848  valid_acc: 0.6587  valid_f1: 0.6528  time: 141s
[Fold4] Best score: 0.6824280558897011
================== fold: 5 training ======================
Epoch: [1][0/936] Elapsed 0m 0s (remain 5m 45s) Loss: 0.6806(0.6806) LR: 0.00002000 Accuracy: 0.5000
Epoch: [1][300/936] Elapsed 0m 42s (remain 1m 29s) Loss: 0.6747(0.6848) LR: 0.00002000 Accuracy: 0.5108
Epoch: [1][600/936] Elapsed 1m 27s (remain 0m 48s) Loss: 0.6116(0.6716) LR: 0.00002000 Accuracy: 0.5428
Epoch: [1][900/936] Elapsed 2m 11s (remain 0m 5s) Loss: 0.3468(0.6578) LR: 0.00002000 Accuracy: 0.5738
Epoch: [1][935/936] Elapsed 2m 17s (remain 0m 0s) Loss: 0.3112(0.6570) LR: 0.00002000 Accuracy: 0.5756
EVAL: [0/104] Elapsed 0m 0s (remain 0m 31s) Loss: 0.4272(0.4272) Accuracy: 0.5000 F1 Score: 0.3333
EVAL: [103/104] Elapsed 0m 2s (remain 0m 0s) Loss: 0.7339(0.7042) Accuracy: 0.5889 F1 Score: 0.5860
Epoch 1 - avg_train_loss: 0.6570  train_acc: 0.5756  valid_acc: 0.5889  valid_f1: 0.5860  time: 140s
Epoch 1 - Save Best Score: 0.5860 Model
Epoch: [2][0/936] Elapsed 0m 0s (remain 5m 48s) Loss: 0.7265(0.7265) LR: 0.00001050 Accuracy: 0.7500
Epoch: [2][300/936] Elapsed 0m 44s (remain 1m 34s) Loss: 0.4137(0.5440) LR: 0.00001050 Accuracy: 0.7201
Epoch: [2][600/936] Elapsed 1m 29s (remain 0m 49s) Loss: 0.2049(0.5294) LR: 0.00001050 Accuracy: 0.7259
Epoch: [2][900/936] Elapsed 2m 13s (remain 0m 5s) Loss: 0.3486(0.5131) LR: 0.00001050 Accuracy: 0.7461
Epoch: [2][935/936] Elapsed 2m 18s (remain 0m 0s) Loss: 0.5317(0.5121) LR: 0.00001050 Accuracy: 0.7473
EVAL: [0/104] Elapsed 0m 0s (remain 0m 52s) Loss: 0.4299(0.4299) Accuracy: 0.5000 F1 Score: 0.3333
EVAL: [103/104] Elapsed 0m 2s (remain 0m 0s) Loss: 0.7384(0.6798) Accuracy: 0.6274 F1 Score: 0.6230
Epoch 2 - avg_train_loss: 0.5121  train_acc: 0.7473  valid_acc: 0.6274  valid_f1: 0.6230  time: 142s
Epoch 2 - Save Best Score: 0.6230 Model
Epoch: [3][0/936] Elapsed 0m 0s (remain 8m 34s) Loss: 0.7807(0.7807) LR: 0.00000100 Accuracy: 0.7500
Epoch: [3][300/936] Elapsed 0m 45s (remain 1m 36s) Loss: 0.3088(0.3061) LR: 0.00000100 Accuracy: 0.8754
Epoch: [3][600/936] Elapsed 1m 30s (remain 0m 50s) Loss: 0.5663(0.3016) LR: 0.00000100 Accuracy: 0.8869
Epoch: [3][900/936] Elapsed 2m 15s (remain 0m 5s) Loss: 0.1174(0.2893) LR: 0.00000100 Accuracy: 0.8940
Epoch: [3][935/936] Elapsed 2m 20s (remain 0m 0s) Loss: 0.2716(0.2868) LR: 0.00000100 Accuracy: 0.8956
EVAL: [0/104] Elapsed 0m 0s (remain 0m 40s) Loss: 0.3596(0.3596) Accuracy: 1.0000 F1 Score: 1.0000
EVAL: [103/104] Elapsed 0m 2s (remain 0m 0s) Loss: 0.7375(0.6860) Accuracy: 0.6562 F1 Score: 0.6560
Epoch 3 - avg_train_loss: 0.2868  train_acc: 0.8956  valid_acc: 0.6562  valid_f1: 0.6560  time: 144s
Epoch 3 - Save Best Score: 0.6560 Model
Epoch: [4][0/936] Elapsed 0m 0s (remain 9m 40s) Loss: 0.3902(0.3902) LR: 0.00001050 Accuracy: 0.7500
Epoch: [4][300/936] Elapsed 0m 45s (remain 1m 36s) Loss: 0.0979(0.2602) LR: 0.00001050 Accuracy: 0.9020
Epoch: [4][600/936] Elapsed 1m 29s (remain 0m 49s) Loss: 0.6827(0.2643) LR: 0.00001050 Accuracy: 0.8985
Epoch: [4][900/936] Elapsed 2m 13s (remain 0m 5s) Loss: 0.0536(0.2609) LR: 0.00001050 Accuracy: 0.8990
Epoch: [4][935/936] Elapsed 2m 17s (remain 0m 0s) Loss: 0.8041(0.2590) LR: 0.00001050 Accuracy: 0.8998
EVAL: [0/104] Elapsed 0m 0s (remain 0m 30s) Loss: 0.3708(0.3708) Accuracy: 0.7500 F1 Score: 0.4286
EVAL: [103/104] Elapsed 0m 2s (remain 0m 0s) Loss: 0.7553(0.7034) Accuracy: 0.6202 F1 Score: 0.6173
Epoch 4 - avg_train_loss: 0.2590  train_acc: 0.8998  valid_acc: 0.6202  valid_f1: 0.6173  time: 140s
Epoch: [5][0/936] Elapsed 0m 0s (remain 9m 14s) Loss: 0.0475(0.0475) LR: 0.00002000 Accuracy: 1.0000
Epoch: [5][300/936] Elapsed 0m 44s (remain 1m 34s) Loss: 0.2969(0.1669) LR: 0.00002000 Accuracy: 0.9477
Epoch: [5][600/936] Elapsed 1m 27s (remain 0m 49s) Loss: 0.0824(0.1739) LR: 0.00002000 Accuracy: 0.9468
Epoch: [5][900/936] Elapsed 2m 10s (remain 0m 5s) Loss: 0.2180(0.1884) LR: 0.00002000 Accuracy: 0.9378
Epoch: [5][935/936] Elapsed 2m 16s (remain 0m 0s) Loss: 0.0512(0.1871) LR: 0.00002000 Accuracy: 0.9386
EVAL: [0/104] Elapsed 0m 0s (remain 0m 33s) Loss: 0.4537(0.4537) Accuracy: 0.5000 F1 Score: 0.3333
EVAL: [103/104] Elapsed 0m 2s (remain 0m 0s) Loss: 0.5868(0.7005) Accuracy: 0.5938 F1 Score: 0.5935
Epoch 5 - avg_train_loss: 0.1871  train_acc: 0.9386  valid_acc: 0.5938  valid_f1: 0.5935  time: 139s
Epoch: [6][0/936] Elapsed 0m 0s (remain 6m 1s) Loss: 0.0305(0.0305) LR: 0.00001050 Accuracy: 1.0000
Epoch: [6][300/936] Elapsed 0m 45s (remain 1m 36s) Loss: 0.0371(0.0947) LR: 0.00001050 Accuracy: 0.9709
Epoch: [6][600/936] Elapsed 1m 31s (remain 0m 50s) Loss: 0.0295(0.1026) LR: 0.00001050 Accuracy: 0.9684
Epoch: [6][900/936] Elapsed 2m 15s (remain 0m 5s) Loss: 0.0552(0.1003) LR: 0.00001050 Accuracy: 0.9709
Epoch: [6][935/936] Elapsed 2m 21s (remain 0m 0s) Loss: 0.4153(0.1003) LR: 0.00001050 Accuracy: 0.9709
EVAL: [0/104] Elapsed 0m 0s (remain 0m 36s) Loss: 0.4937(0.4937) Accuracy: 0.5000 F1 Score: 0.3333
EVAL: [103/104] Elapsed 0m 2s (remain 0m 0s) Loss: 0.6182(0.6885) Accuracy: 0.6058 F1 Score: 0.6042
Epoch 6 - avg_train_loss: 0.1003  train_acc: 0.9709  valid_acc: 0.6058  valid_f1: 0.6042  time: 144s
Epoch: [7][0/936] Elapsed 0m 0s (remain 5m 36s) Loss: 0.0253(0.0253) LR: 0.00000100 Accuracy: 1.0000
Epoch: [7][300/936] Elapsed 0m 43s (remain 1m 30s) Loss: 0.0364(0.0794) LR: 0.00000100 Accuracy: 0.9734
Epoch: [7][600/936] Elapsed 1m 26s (remain 0m 48s) Loss: 0.0176(0.0676) LR: 0.00000100 Accuracy: 0.9813
Epoch: [7][900/936] Elapsed 2m 9s (remain 0m 5s) Loss: 0.0181(0.0662) LR: 0.00000100 Accuracy: 0.9814
Epoch: [7][935/936] Elapsed 2m 14s (remain 0m 0s) Loss: 0.0451(0.0657) LR: 0.00000100 Accuracy: 0.9818
EVAL: [0/104] Elapsed 0m 0s (remain 0m 56s) Loss: 0.4746(0.4746) Accuracy: 0.5000 F1 Score: 0.3333
EVAL: [103/104] Elapsed 0m 3s (remain 0m 0s) Loss: 0.6702(0.7000) Accuracy: 0.6058 F1 Score: 0.6050
Epoch 7 - avg_train_loss: 0.0657  train_acc: 0.9818  valid_acc: 0.6058  valid_f1: 0.6050  time: 138s
Epoch: [8][0/936] Elapsed 0m 0s (remain 6m 9s) Loss: 0.0209(0.0209) LR: 0.00001050 Accuracy: 1.0000
Epoch: [8][300/936] Elapsed 0m 45s (remain 1m 34s) Loss: 0.0210(0.0708) LR: 0.00001050 Accuracy: 0.9776
Epoch: [8][600/936] Elapsed 1m 30s (remain 0m 50s) Loss: 0.0181(0.0613) LR: 0.00001050 Accuracy: 0.9825
Epoch: [8][900/936] Elapsed 2m 15s (remain 0m 5s) Loss: 0.0167(0.0643) LR: 0.00001050 Accuracy: 0.9820
Epoch: [8][935/936] Elapsed 2m 20s (remain 0m 0s) Loss: 0.0120(0.0641) LR: 0.00001050 Accuracy: 0.9818
EVAL: [0/104] Elapsed 0m 0s (remain 0m 50s) Loss: 0.4466(0.4466) Accuracy: 0.7500 F1 Score: 0.4286
EVAL: [103/104] Elapsed 0m 3s (remain 0m 0s) Loss: 0.6848(0.7055) Accuracy: 0.6298 F1 Score: 0.6244
Epoch 8 - avg_train_loss: 0.0641  train_acc: 0.9818  valid_acc: 0.6298  valid_f1: 0.6244  time: 145s
Epoch: [9][0/936] Elapsed 0m 0s (remain 9m 54s) Loss: 0.0130(0.0130) LR: 0.00002000 Accuracy: 1.0000
Epoch: [9][300/936] Elapsed 0m 45s (remain 1m 36s) Loss: 0.7915(0.0810) LR: 0.00002000 Accuracy: 0.9767
Epoch: [9][600/936] Elapsed 1m 32s (remain 0m 51s) Loss: 0.1461(0.0884) LR: 0.00002000 Accuracy: 0.9730
Epoch: [9][900/936] Elapsed 2m 13s (remain 0m 5s) Loss: 0.0322(0.1059) LR: 0.00002000 Accuracy: 0.9648
Epoch: [9][935/936] Elapsed 2m 19s (remain 0m 0s) Loss: 0.0265(0.1071) LR: 0.00002000 Accuracy: 0.9647
EVAL: [0/104] Elapsed 0m 0s (remain 0m 51s) Loss: 0.4442(0.4442) Accuracy: 0.7500 F1 Score: 0.4286
EVAL: [103/104] Elapsed 0m 2s (remain 0m 0s) Loss: 0.6316(0.6869) Accuracy: 0.6106 F1 Score: 0.6101
Epoch 9 - avg_train_loss: 0.1071  train_acc: 0.9647  valid_acc: 0.6106  valid_f1: 0.6101  time: 142s
Epoch: [10][0/936] Elapsed 0m 0s (remain 9m 38s) Loss: 0.0158(0.0158) LR: 0.00001050 Accuracy: 1.0000
Epoch: [10][300/936] Elapsed 0m 45s (remain 1m 35s) Loss: 0.0110(0.0608) LR: 0.00001050 Accuracy: 0.9850
Epoch: [10][600/936] Elapsed 1m 30s (remain 0m 50s) Loss: 0.2798(0.0568) LR: 0.00001050 Accuracy: 0.9850
Epoch: [10][900/936] Elapsed 2m 14s (remain 0m 5s) Loss: 0.0086(0.0599) LR: 0.00001050 Accuracy: 0.9836
Epoch: [10][935/936] Elapsed 2m 19s (remain 0m 0s) Loss: 0.0127(0.0583) LR: 0.00001050 Accuracy: 0.9842
EVAL: [0/104] Elapsed 0m 0s (remain 0m 57s) Loss: 0.4766(0.4766) Accuracy: 0.5000 F1 Score: 0.3333
EVAL: [103/104] Elapsed 0m 2s (remain 0m 0s) Loss: 0.6460(0.6888) Accuracy: 0.6274 F1 Score: 0.6274
Epoch 10 - avg_train_loss: 0.0583  train_acc: 0.9842  valid_acc: 0.6274  valid_f1: 0.6274  time: 142s
[Fold5] Best score: 0.6560094833318877
================== fold: 6 training ======================
Epoch: [1][0/936] Elapsed 0m 0s (remain 5m 51s) Loss: 0.6860(0.6860) LR: 0.00002000 Accuracy: 0.7500
Epoch: [1][300/936] Elapsed 0m 43s (remain 1m 30s) Loss: 0.6286(0.6795) LR: 0.00002000 Accuracy: 0.5183
Epoch: [1][600/936] Elapsed 1m 25s (remain 0m 47s) Loss: 0.6989(0.6614) LR: 0.00002000 Accuracy: 0.5574
Epoch: [1][900/936] Elapsed 2m 8s (remain 0m 4s) Loss: 0.6497(0.6610) LR: 0.00002000 Accuracy: 0.5694
Epoch: [1][935/936] Elapsed 2m 13s (remain 0m 0s) Loss: 0.6160(0.6607) LR: 0.00002000 Accuracy: 0.5702
EVAL: [0/104] Elapsed 0m 0s (remain 0m 54s) Loss: 0.4279(0.4279) Accuracy: 0.7500 F1 Score: 0.4286
EVAL: [103/104] Elapsed 0m 3s (remain 0m 0s) Loss: 0.8041(0.7027) Accuracy: 0.6106 F1 Score: 0.5857
Epoch 1 - avg_train_loss: 0.6607  train_acc: 0.5702  valid_acc: 0.6106  valid_f1: 0.5857  time: 137s
Epoch 1 - Save Best Score: 0.5857 Model
Epoch: [2][0/936] Elapsed 0m 0s (remain 9m 33s) Loss: 0.8159(0.8159) LR: 0.00001050 Accuracy: 0.2500
Epoch: [2][300/936] Elapsed 0m 47s (remain 1m 39s) Loss: 0.7385(0.5411) LR: 0.00001050 Accuracy: 0.7176
Epoch: [2][600/936] Elapsed 1m 32s (remain 0m 51s) Loss: 0.7815(0.5498) LR: 0.00001050 Accuracy: 0.7155
Epoch: [2][900/936] Elapsed 2m 15s (remain 0m 5s) Loss: 0.6061(0.5449) LR: 0.00001050 Accuracy: 0.7186
Epoch: [2][935/936] Elapsed 2m 20s (remain 0m 0s) Loss: 0.2286(0.5438) LR: 0.00001050 Accuracy: 0.7179
EVAL: [0/104] Elapsed 0m 0s (remain 0m 56s) Loss: 0.3417(0.3417) Accuracy: 1.0000 F1 Score: 1.0000
EVAL: [103/104] Elapsed 0m 2s (remain 0m 0s) Loss: 0.7587(0.6894) Accuracy: 0.6659 F1 Score: 0.6657
Epoch 2 - avg_train_loss: 0.5438  train_acc: 0.7179  valid_acc: 0.6659  valid_f1: 0.6657  time: 144s
Epoch 2 - Save Best Score: 0.6657 Model
Epoch: [3][0/936] Elapsed 0m 0s (remain 9m 23s) Loss: 0.3748(0.3748) LR: 0.00000100 Accuracy: 1.0000
Epoch: [3][300/936] Elapsed 0m 46s (remain 1m 38s) Loss: 0.6635(0.4006) LR: 0.00000100 Accuracy: 0.8214
Epoch: [3][600/936] Elapsed 1m 31s (remain 0m 51s) Loss: 0.3311(0.3787) LR: 0.00000100 Accuracy: 0.8378
Epoch: [3][900/936] Elapsed 2m 14s (remain 0m 5s) Loss: 0.1924(0.3727) LR: 0.00000100 Accuracy: 0.8396
Epoch: [3][935/936] Elapsed 2m 19s (remain 0m 0s) Loss: 0.1156(0.3713) LR: 0.00000100 Accuracy: 0.8411
EVAL: [0/104] Elapsed 0m 0s (remain 0m 35s) Loss: 0.3379(0.3379) Accuracy: 1.0000 F1 Score: 1.0000
EVAL: [103/104] Elapsed 0m 2s (remain 0m 0s) Loss: 0.7404(0.6871) Accuracy: 0.6466 F1 Score: 0.6457
Epoch 3 - avg_train_loss: 0.3713  train_acc: 0.8411  valid_acc: 0.6466  valid_f1: 0.6457  time: 142s
Epoch: [4][0/936] Elapsed 0m 0s (remain 5m 59s) Loss: 0.4055(0.4055) LR: 0.00001050 Accuracy: 1.0000
Epoch: [4][300/936] Elapsed 0m 46s (remain 1m 37s) Loss: 0.1967(0.3113) LR: 0.00001050 Accuracy: 0.8821
Epoch: [4][600/936] Elapsed 1m 30s (remain 0m 50s) Loss: 0.2960(0.3330) LR: 0.00001050 Accuracy: 0.8627
Epoch: [4][900/936] Elapsed 2m 13s (remain 0m 5s) Loss: 0.0512(0.3409) LR: 0.00001050 Accuracy: 0.8577
Epoch: [4][935/936] Elapsed 2m 18s (remain 0m 0s) Loss: 0.2804(0.3415) LR: 0.00001050 Accuracy: 0.8571
EVAL: [0/104] Elapsed 0m 0s (remain 0m 55s) Loss: 0.3490(0.3490) Accuracy: 1.0000 F1 Score: 1.0000
EVAL: [103/104] Elapsed 0m 2s (remain 0m 0s) Loss: 0.7565(0.6853) Accuracy: 0.6490 F1 Score: 0.6488
Epoch 4 - avg_train_loss: 0.3415  train_acc: 0.8571  valid_acc: 0.6490  valid_f1: 0.6488  time: 142s
Epoch: [5][0/936] Elapsed 0m 0s (remain 8m 44s) Loss: 0.1245(0.1245) LR: 0.00002000 Accuracy: 1.0000
Epoch: [5][300/936] Elapsed 0m 44s (remain 1m 32s) Loss: 0.0575(0.2488) LR: 0.00002000 Accuracy: 0.9003
Epoch: [5][600/936] Elapsed 1m 29s (remain 0m 49s) Loss: 0.4496(0.2706) LR: 0.00002000 Accuracy: 0.8918
Epoch: [5][900/936] Elapsed 2m 14s (remain 0m 5s) Loss: 0.0470(0.2736) LR: 0.00002000 Accuracy: 0.8904
Epoch: [5][935/936] Elapsed 2m 19s (remain 0m 0s) Loss: 0.1039(0.2717) LR: 0.00002000 Accuracy: 0.8910
EVAL: [0/104] Elapsed 0m 0s (remain 0m 51s) Loss: 0.3237(0.3237) Accuracy: 1.0000 F1 Score: 1.0000
EVAL: [103/104] Elapsed 0m 2s (remain 0m 0s) Loss: 0.7130(0.6905) Accuracy: 0.6659 F1 Score: 0.6608
Epoch 5 - avg_train_loss: 0.2717  train_acc: 0.8910  valid_acc: 0.6659  valid_f1: 0.6608  time: 142s
Epoch: [6][0/936] Elapsed 0m 0s (remain 9m 48s) Loss: 0.4193(0.4193) LR: 0.00001050 Accuracy: 0.7500
Epoch: [6][300/936] Elapsed 0m 45s (remain 1m 35s) Loss: 0.5476(0.1522) LR: 0.00001050 Accuracy: 0.9468
Epoch: [6][600/936] Elapsed 1m 29s (remain 0m 49s) Loss: 0.0231(0.1491) LR: 0.00001050 Accuracy: 0.9455
Epoch: [6][900/936] Elapsed 2m 11s (remain 0m 5s) Loss: 0.0358(0.1440) LR: 0.00001050 Accuracy: 0.9484
Epoch: [6][935/936] Elapsed 2m 16s (remain 0m 0s) Loss: 0.0293(0.1443) LR: 0.00001050 Accuracy: 0.9490
EVAL: [0/104] Elapsed 0m 0s (remain 1m 0s) Loss: 0.3204(0.3204) Accuracy: 1.0000 F1 Score: 1.0000
EVAL: [103/104] Elapsed 0m 3s (remain 0m 0s) Loss: 0.7019(0.6762) Accuracy: 0.6538 F1 Score: 0.6538
Epoch 6 - avg_train_loss: 0.1443  train_acc: 0.9490  valid_acc: 0.6538  valid_f1: 0.6538  time: 140s
Epoch: [7][0/936] Elapsed 0m 0s (remain 5m 27s) Loss: 0.0251(0.0251) LR: 0.00000100 Accuracy: 1.0000
Epoch: [7][300/936] Elapsed 0m 44s (remain 1m 34s) Loss: 0.0416(0.0822) LR: 0.00000100 Accuracy: 0.9767
Epoch: [7][600/936] Elapsed 1m 28s (remain 0m 49s) Loss: 0.0196(0.0772) LR: 0.00000100 Accuracy: 0.9792
Epoch: [7][900/936] Elapsed 2m 14s (remain 0m 5s) Loss: 0.0230(0.0768) LR: 0.00000100 Accuracy: 0.9789
Epoch: [7][935/936] Elapsed 2m 19s (remain 0m 0s) Loss: 0.0222(0.0755) LR: 0.00000100 Accuracy: 0.9794
EVAL: [0/104] Elapsed 0m 0s (remain 0m 55s) Loss: 0.3195(0.3195) Accuracy: 1.0000 F1 Score: 1.0000
EVAL: [103/104] Elapsed 0m 3s (remain 0m 0s) Loss: 0.7279(0.6845) Accuracy: 0.6490 F1 Score: 0.6484
Epoch 7 - avg_train_loss: 0.0755  train_acc: 0.9794  valid_acc: 0.6490  valid_f1: 0.6484  time: 143s
Epoch: [8][0/936] Elapsed 0m 0s (remain 6m 47s) Loss: 0.0637(0.0637) LR: 0.00001050 Accuracy: 1.0000
Epoch: [8][300/936] Elapsed 0m 42s (remain 1m 30s) Loss: 0.0306(0.0747) LR: 0.00001050 Accuracy: 0.9809
Epoch: [8][600/936] Elapsed 1m 26s (remain 0m 48s) Loss: 0.0232(0.0839) LR: 0.00001050 Accuracy: 0.9738
Epoch: [8][900/936] Elapsed 2m 10s (remain 0m 5s) Loss: 0.0212(0.0955) LR: 0.00001050 Accuracy: 0.9695
Epoch: [8][935/936] Elapsed 2m 16s (remain 0m 0s) Loss: 0.0149(0.0940) LR: 0.00001050 Accuracy: 0.9701
EVAL: [0/104] Elapsed 0m 0s (remain 0m 56s) Loss: 0.3177(0.3177) Accuracy: 1.0000 F1 Score: 1.0000
EVAL: [103/104] Elapsed 0m 3s (remain 0m 0s) Loss: 0.7341(0.6740) Accuracy: 0.6611 F1 Score: 0.6608
Epoch 8 - avg_train_loss: 0.0940  train_acc: 0.9701  valid_acc: 0.6611  valid_f1: 0.6608  time: 140s
Epoch: [9][0/936] Elapsed 0m 0s (remain 9m 39s) Loss: 0.0204(0.0204) LR: 0.00002000 Accuracy: 1.0000
Epoch: [9][300/936] Elapsed 0m 46s (remain 1m 37s) Loss: 0.0520(0.1086) LR: 0.00002000 Accuracy: 0.9618
Epoch: [9][600/936] Elapsed 1m 30s (remain 0m 50s) Loss: 0.0143(0.1063) LR: 0.00002000 Accuracy: 0.9659
Epoch: [9][900/936] Elapsed 2m 15s (remain 0m 5s) Loss: 0.0309(0.1089) LR: 0.00002000 Accuracy: 0.9628
Epoch: [9][935/936] Elapsed 2m 20s (remain 0m 0s) Loss: 0.0130(0.1081) LR: 0.00002000 Accuracy: 0.9626
EVAL: [0/104] Elapsed 0m 0s (remain 0m 53s) Loss: 0.3178(0.3178) Accuracy: 1.0000 F1 Score: 1.0000
EVAL: [103/104] Elapsed 0m 3s (remain 0m 0s) Loss: 0.7203(0.6824) Accuracy: 0.6635 F1 Score: 0.6621
Epoch 9 - avg_train_loss: 0.1081  train_acc: 0.9626  valid_acc: 0.6635  valid_f1: 0.6621  time: 144s
Epoch: [10][0/936] Elapsed 0m 0s (remain 9m 17s) Loss: 0.0204(0.0204) LR: 0.00001050 Accuracy: 1.0000
Epoch: [10][300/936] Elapsed 0m 45s (remain 1m 35s) Loss: 0.0197(0.0603) LR: 0.00001050 Accuracy: 0.9850
Epoch: [10][600/936] Elapsed 1m 28s (remain 0m 49s) Loss: 0.1068(0.0608) LR: 0.00001050 Accuracy: 0.9838
Epoch: [10][900/936] Elapsed 2m 12s (remain 0m 5s) Loss: 1.0153(0.0658) LR: 0.00001050 Accuracy: 0.9831
Epoch: [10][935/936] Elapsed 2m 17s (remain 0m 0s) Loss: 0.0169(0.0660) LR: 0.00001050 Accuracy: 0.9829
EVAL: [0/104] Elapsed 0m 0s (remain 0m 43s) Loss: 0.3159(0.3159) Accuracy: 1.0000 F1 Score: 1.0000
EVAL: [103/104] Elapsed 0m 2s (remain 0m 0s) Loss: 0.7263(0.6756) Accuracy: 0.6683 F1 Score: 0.6676
Epoch 10 - avg_train_loss: 0.0660  train_acc: 0.9829  valid_acc: 0.6683  valid_f1: 0.6676  time: 141s
Epoch 10 - Save Best Score: 0.6676 Model
[Fold6] Best score: 0.6676469907139384
================== fold: 7 training ======================
Epoch: [1][0/936] Elapsed 0m 0s (remain 6m 25s) Loss: 0.6983(0.6983) LR: 0.00002000 Accuracy: 0.5000
Epoch: [1][300/936] Elapsed 0m 45s (remain 1m 36s) Loss: 0.7462(0.6799) LR: 0.00002000 Accuracy: 0.5399
Epoch: [1][600/936] Elapsed 1m 29s (remain 0m 49s) Loss: 0.5737(0.6662) LR: 0.00002000 Accuracy: 0.5657
Epoch: [1][900/936] Elapsed 2m 13s (remain 0m 5s) Loss: 0.4454(0.6618) LR: 0.00002000 Accuracy: 0.5763
Epoch: [1][935/936] Elapsed 2m 19s (remain 0m 0s) Loss: 0.7062(0.6614) LR: 0.00002000 Accuracy: 0.5780
EVAL: [0/104] Elapsed 0m 0s (remain 0m 35s) Loss: 0.3771(0.3771) Accuracy: 1.0000 F1 Score: 1.0000
EVAL: [103/104] Elapsed 0m 2s (remain 0m 0s) Loss: 0.7018(0.6949) Accuracy: 0.6899 F1 Score: 0.6877
Epoch 1 - avg_train_loss: 0.6614  train_acc: 0.5780  valid_acc: 0.6899  valid_f1: 0.6877  time: 142s
Epoch 1 - Save Best Score: 0.6877 Model
Epoch: [2][0/936] Elapsed 0m 0s (remain 9m 31s) Loss: 0.6597(0.6597) LR: 0.00001050 Accuracy: 0.5000
Epoch: [2][300/936] Elapsed 0m 46s (remain 1m 38s) Loss: 0.7643(0.5248) LR: 0.00001050 Accuracy: 0.7251
Epoch: [2][600/936] Elapsed 1m 30s (remain 0m 50s) Loss: 0.4799(0.5268) LR: 0.00001050 Accuracy: 0.7246
Epoch: [2][900/936] Elapsed 2m 15s (remain 0m 5s) Loss: 0.6420(0.5271) LR: 0.00001050 Accuracy: 0.7264
Epoch: [2][935/936] Elapsed 2m 20s (remain 0m 0s) Loss: 0.3071(0.5260) LR: 0.00001050 Accuracy: 0.7276
EVAL: [0/104] Elapsed 0m 0s (remain 0m 57s) Loss: 0.3426(0.3426) Accuracy: 1.0000 F1 Score: 1.0000
EVAL: [103/104] Elapsed 0m 3s (remain 0m 0s) Loss: 0.6918(0.6699) Accuracy: 0.6755 F1 Score: 0.6701
Epoch 2 - avg_train_loss: 0.5260  train_acc: 0.7276  valid_acc: 0.6755  valid_f1: 0.6701  time: 144s
Epoch: [3][0/936] Elapsed 0m 0s (remain 9m 52s) Loss: 0.2134(0.2134) LR: 0.00000100 Accuracy: 1.0000
Epoch: [3][300/936] Elapsed 0m 44s (remain 1m 34s) Loss: 0.2600(0.3388) LR: 0.00000100 Accuracy: 0.8563
Epoch: [3][600/936] Elapsed 1m 30s (remain 0m 50s) Loss: 0.2068(0.3155) LR: 0.00000100 Accuracy: 0.8752
Epoch: [3][900/936] Elapsed 2m 15s (remain 0m 5s) Loss: 0.7812(0.3091) LR: 0.00000100 Accuracy: 0.8815
Epoch: [3][935/936] Elapsed 2m 21s (remain 0m 0s) Loss: 0.0863(0.3088) LR: 0.00000100 Accuracy: 0.8806
EVAL: [0/104] Elapsed 0m 0s (remain 0m 48s) Loss: 0.3307(0.3307) Accuracy: 1.0000 F1 Score: 1.0000
EVAL: [103/104] Elapsed 0m 2s (remain 0m 0s) Loss: 0.6875(0.6689) Accuracy: 0.6923 F1 Score: 0.6923
Epoch 3 - avg_train_loss: 0.3088  train_acc: 0.8806  valid_acc: 0.6923  valid_f1: 0.6923  time: 144s
Epoch 3 - Save Best Score: 0.6923 Model
Epoch: [4][0/936] Elapsed 0m 0s (remain 10m 5s) Loss: 0.1361(0.1361) LR: 0.00001050 Accuracy: 1.0000
Epoch: [4][300/936] Elapsed 0m 45s (remain 1m 35s) Loss: 0.2946(0.2852) LR: 0.00001050 Accuracy: 0.8929
Epoch: [4][600/936] Elapsed 1m 29s (remain 0m 50s) Loss: 0.0604(0.2627) LR: 0.00001050 Accuracy: 0.9043
Epoch: [4][900/936] Elapsed 2m 14s (remain 0m 5s) Loss: 0.3099(0.2765) LR: 0.00001050 Accuracy: 0.8968
Epoch: [4][935/936] Elapsed 2m 19s (remain 0m 0s) Loss: 0.1240(0.2784) LR: 0.00001050 Accuracy: 0.8940
EVAL: [0/104] Elapsed 0m 0s (remain 0m 58s) Loss: 0.3229(0.3229) Accuracy: 1.0000 F1 Score: 1.0000
EVAL: [103/104] Elapsed 0m 2s (remain 0m 0s) Loss: 0.6595(0.6756) Accuracy: 0.6803 F1 Score: 0.6785
Epoch 4 - avg_train_loss: 0.2784  train_acc: 0.8940  valid_acc: 0.6803  valid_f1: 0.6785  time: 143s
Epoch: [5][0/936] Elapsed 0m 0s (remain 9m 24s) Loss: 0.2495(0.2495) LR: 0.00002000 Accuracy: 0.7500
Epoch: [5][300/936] Elapsed 0m 46s (remain 1m 37s) Loss: 0.3040(0.1863) LR: 0.00002000 Accuracy: 0.9352
Epoch: [5][600/936] Elapsed 1m 29s (remain 0m 49s) Loss: 0.4642(0.1974) LR: 0.00002000 Accuracy: 0.9314
Epoch: [5][900/936] Elapsed 2m 13s (remain 0m 5s) Loss: 0.1966(0.2056) LR: 0.00002000 Accuracy: 0.9259
Epoch: [5][935/936] Elapsed 2m 18s (remain 0m 0s) Loss: 0.0302(0.2059) LR: 0.00002000 Accuracy: 0.9255
EVAL: [0/104] Elapsed 0m 0s (remain 0m 54s) Loss: 0.3208(0.3208) Accuracy: 1.0000 F1 Score: 1.0000
EVAL: [103/104] Elapsed 0m 3s (remain 0m 0s) Loss: 0.6921(0.6569) Accuracy: 0.6899 F1 Score: 0.6895
Epoch 5 - avg_train_loss: 0.2059  train_acc: 0.9255  valid_acc: 0.6899  valid_f1: 0.6895  time: 142s
Epoch: [6][0/936] Elapsed 0m 0s (remain 9m 0s) Loss: 0.0322(0.0322) LR: 0.00001050 Accuracy: 1.0000
Epoch: [6][300/936] Elapsed 0m 43s (remain 1m 32s) Loss: 0.0446(0.0943) LR: 0.00001050 Accuracy: 0.9759
Epoch: [6][600/936] Elapsed 1m 27s (remain 0m 48s) Loss: 0.2746(0.0925) LR: 0.00001050 Accuracy: 0.9763
Epoch: [6][900/936] Elapsed 2m 10s (remain 0m 5s) Loss: 0.7917(0.0945) LR: 0.00001050 Accuracy: 0.9745
Epoch: [6][935/936] Elapsed 2m 15s (remain 0m 0s) Loss: 0.5647(0.0961) LR: 0.00001050 Accuracy: 0.9738
EVAL: [0/104] Elapsed 0m 0s (remain 0m 54s) Loss: 0.3184(0.3184) Accuracy: 1.0000 F1 Score: 1.0000
EVAL: [103/104] Elapsed 0m 2s (remain 0m 0s) Loss: 0.6967(0.6437) Accuracy: 0.7139 F1 Score: 0.7106
Epoch 6 - avg_train_loss: 0.0961  train_acc: 0.9738  valid_acc: 0.7139  valid_f1: 0.7106  time: 139s
Epoch 6 - Save Best Score: 0.7106 Model
Epoch: [7][0/936] Elapsed 0m 0s (remain 9m 46s) Loss: 0.0282(0.0282) LR: 0.00000100 Accuracy: 1.0000
Epoch: [7][300/936] Elapsed 0m 43s (remain 1m 32s) Loss: 0.0216(0.0528) LR: 0.00000100 Accuracy: 0.9875
Epoch: [7][600/936] Elapsed 1m 29s (remain 0m 49s) Loss: 0.0185(0.0579) LR: 0.00000100 Accuracy: 0.9863
Epoch: [7][900/936] Elapsed 2m 13s (remain 0m 5s) Loss: 0.0176(0.0566) LR: 0.00000100 Accuracy: 0.9864
Epoch: [7][935/936] Elapsed 2m 18s (remain 0m 0s) Loss: 0.0294(0.0563) LR: 0.00000100 Accuracy: 0.9866
EVAL: [0/104] Elapsed 0m 0s (remain 1m 1s) Loss: 0.3175(0.3175) Accuracy: 1.0000 F1 Score: 1.0000
EVAL: [103/104] Elapsed 0m 3s (remain 0m 0s) Loss: 0.6998(0.6619) Accuracy: 0.6707 F1 Score: 0.6707
Epoch 7 - avg_train_loss: 0.0563  train_acc: 0.9866  valid_acc: 0.6707  valid_f1: 0.6707  time: 142s
Epoch: [8][0/936] Elapsed 0m 0s (remain 9m 50s) Loss: 0.0273(0.0273) LR: 0.00001050 Accuracy: 1.0000
Epoch: [8][300/936] Elapsed 0m 43s (remain 1m 31s) Loss: 0.2091(0.0360) LR: 0.00001050 Accuracy: 0.9925
Epoch: [8][600/936] Elapsed 1m 29s (remain 0m 49s) Loss: 0.0131(0.0442) LR: 0.00001050 Accuracy: 0.9896
Epoch: [8][900/936] Elapsed 2m 12s (remain 0m 5s) Loss: 0.0171(0.0502) LR: 0.00001050 Accuracy: 0.9872
Epoch: [8][935/936] Elapsed 2m 18s (remain 0m 0s) Loss: 1.0910(0.0535) LR: 0.00001050 Accuracy: 0.9864
EVAL: [0/104] Elapsed 0m 0s (remain 0m 57s) Loss: 0.3163(0.3163) Accuracy: 1.0000 F1 Score: 1.0000
EVAL: [103/104] Elapsed 0m 3s (remain 0m 0s) Loss: 0.6971(0.6533) Accuracy: 0.6851 F1 Score: 0.6851
Epoch 8 - avg_train_loss: 0.0535  train_acc: 0.9864  valid_acc: 0.6851  valid_f1: 0.6851  time: 142s
Epoch: [9][0/936] Elapsed 0m 0s (remain 9m 46s) Loss: 0.2797(0.2797) LR: 0.00002000 Accuracy: 0.7500
Epoch: [9][300/936] Elapsed 0m 43s (remain 1m 30s) Loss: 0.0196(0.0731) LR: 0.00002000 Accuracy: 0.9776
Epoch: [9][600/936] Elapsed 1m 25s (remain 0m 47s) Loss: 0.5551(0.0811) LR: 0.00002000 Accuracy: 0.9730
Epoch: [9][900/936] Elapsed 2m 11s (remain 0m 5s) Loss: 0.0990(0.0954) LR: 0.00002000 Accuracy: 0.9653
Epoch: [9][935/936] Elapsed 2m 16s (remain 0m 0s) Loss: 0.7169(0.0957) LR: 0.00002000 Accuracy: 0.9647
EVAL: [0/104] Elapsed 0m 0s (remain 0m 32s) Loss: 0.3159(0.3159) Accuracy: 1.0000 F1 Score: 1.0000
EVAL: [103/104] Elapsed 0m 2s (remain 0m 0s) Loss: 0.7699(0.6520) Accuracy: 0.6779 F1 Score: 0.6757
Epoch 9 - avg_train_loss: 0.0957  train_acc: 0.9647  valid_acc: 0.6779  valid_f1: 0.6757  time: 139s
Epoch: [10][0/936] Elapsed 0m 0s (remain 10m 6s) Loss: 0.0231(0.0231) LR: 0.00001050 Accuracy: 1.0000
Epoch: [10][300/936] Elapsed 0m 44s (remain 1m 34s) Loss: 0.1053(0.0550) LR: 0.00001050 Accuracy: 0.9826
Epoch: [10][600/936] Elapsed 1m 29s (remain 0m 49s) Loss: 0.0153(0.0507) LR: 0.00001050 Accuracy: 0.9850
Epoch: [10][900/936] Elapsed 2m 14s (remain 0m 5s) Loss: 0.0097(0.0559) LR: 0.00001050 Accuracy: 0.9839
Epoch: [10][935/936] Elapsed 2m 19s (remain 0m 0s) Loss: 0.2438(0.0560) LR: 0.00001050 Accuracy: 0.9842
EVAL: [0/104] Elapsed 0m 0s (remain 0m 59s) Loss: 0.3152(0.3152) Accuracy: 1.0000 F1 Score: 1.0000
EVAL: [103/104] Elapsed 0m 3s (remain 0m 0s) Loss: 0.7062(0.6604) Accuracy: 0.6683 F1 Score: 0.6680
Epoch 10 - avg_train_loss: 0.0560  train_acc: 0.9842  valid_acc: 0.6683  valid_f1: 0.6680  time: 143s
[Fold7] Best score: 0.7105553963901281
================== fold: 8 training ======================
Epoch: [1][0/936] Elapsed 0m 0s (remain 6m 0s) Loss: 0.6859(0.6859) LR: 0.00002000 Accuracy: 0.5000
Epoch: [1][300/936] Elapsed 0m 41s (remain 1m 28s) Loss: 0.6180(0.6818) LR: 0.00002000 Accuracy: 0.5091
Epoch: [1][600/936] Elapsed 1m 25s (remain 0m 47s) Loss: 0.6883(0.6763) LR: 0.00002000 Accuracy: 0.5391
Epoch: [1][900/936] Elapsed 2m 9s (remain 0m 5s) Loss: 0.6591(0.6672) LR: 0.00002000 Accuracy: 0.5560
Epoch: [1][935/936] Elapsed 2m 14s (remain 0m 0s) Loss: 0.5063(0.6670) LR: 0.00002000 Accuracy: 0.5564
EVAL: [0/104] Elapsed 0m 0s (remain 0m 58s) Loss: 0.3978(0.3978) Accuracy: 1.0000 F1 Score: 1.0000
EVAL: [103/104] Elapsed 0m 3s (remain 0m 0s) Loss: 0.8463(0.7107) Accuracy: 0.6322 F1 Score: 0.6247
Epoch 1 - avg_train_loss: 0.6670  train_acc: 0.5564  valid_acc: 0.6322  valid_f1: 0.6247  time: 138s
Epoch 1 - Save Best Score: 0.6247 Model
Epoch: [2][0/936] Elapsed 0m 0s (remain 9m 8s) Loss: 0.6196(0.6196) LR: 0.00001050 Accuracy: 0.7500
Epoch: [2][300/936] Elapsed 0m 44s (remain 1m 33s) Loss: 0.7847(0.5692) LR: 0.00001050 Accuracy: 0.6902
Epoch: [2][600/936] Elapsed 1m 28s (remain 0m 49s) Loss: 0.1807(0.5554) LR: 0.00001050 Accuracy: 0.7080
Epoch: [2][900/936] Elapsed 2m 14s (remain 0m 5s) Loss: 0.4344(0.5492) LR: 0.00001050 Accuracy: 0.7084
Epoch: [2][935/936] Elapsed 2m 19s (remain 0m 0s) Loss: 0.7400(0.5510) LR: 0.00001050 Accuracy: 0.7078
EVAL: [0/104] Elapsed 0m 0s (remain 0m 56s) Loss: 0.3614(0.3614) Accuracy: 1.0000 F1 Score: 1.0000
EVAL: [103/104] Elapsed 0m 3s (remain 0m 0s) Loss: 0.7949(0.6691) Accuracy: 0.6562 F1 Score: 0.6413
Epoch 2 - avg_train_loss: 0.5510  train_acc: 0.7078  valid_acc: 0.6562  valid_f1: 0.6413  time: 143s
Epoch 2 - Save Best Score: 0.6413 Model
Epoch: [3][0/936] Elapsed 0m 0s (remain 8m 52s) Loss: 0.2323(0.2323) LR: 0.00000100 Accuracy: 1.0000
Epoch: [3][300/936] Elapsed 0m 44s (remain 1m 33s) Loss: 0.1339(0.3622) LR: 0.00000100 Accuracy: 0.8372
Epoch: [3][600/936] Elapsed 1m 28s (remain 0m 49s) Loss: 0.1328(0.3491) LR: 0.00000100 Accuracy: 0.8494
Epoch: [3][900/936] Elapsed 2m 14s (remain 0m 5s) Loss: 0.3458(0.3362) LR: 0.00000100 Accuracy: 0.8613
Epoch: [3][935/936] Elapsed 2m 19s (remain 0m 0s) Loss: 0.3299(0.3335) LR: 0.00000100 Accuracy: 0.8630
EVAL: [0/104] Elapsed 0m 0s (remain 0m 35s) Loss: 0.3354(0.3354) Accuracy: 1.0000 F1 Score: 1.0000
EVAL: [103/104] Elapsed 0m 2s (remain 0m 0s) Loss: 0.8288(0.6687) Accuracy: 0.6803 F1 Score: 0.6800
Epoch 3 - avg_train_loss: 0.3335  train_acc: 0.8630  valid_acc: 0.6803  valid_f1: 0.6800  time: 142s
Epoch 3 - Save Best Score: 0.6800 Model
Epoch: [4][0/936] Elapsed 0m 0s (remain 6m 10s) Loss: 0.1184(0.1184) LR: 0.00001050 Accuracy: 1.0000
Epoch: [4][300/936] Elapsed 0m 45s (remain 1m 36s) Loss: 0.2068(0.3108) LR: 0.00001050 Accuracy: 0.8787
Epoch: [4][600/936] Elapsed 1m 29s (remain 0m 49s) Loss: 0.0649(0.3058) LR: 0.00001050 Accuracy: 0.8806
Epoch: [4][900/936] Elapsed 2m 15s (remain 0m 5s) Loss: 0.0411(0.3021) LR: 0.00001050 Accuracy: 0.8821
Epoch: [4][935/936] Elapsed 2m 20s (remain 0m 0s) Loss: 0.5119(0.3033) LR: 0.00001050 Accuracy: 0.8817
EVAL: [0/104] Elapsed 0m 0s (remain 0m 47s) Loss: 0.3314(0.3314) Accuracy: 1.0000 F1 Score: 1.0000
EVAL: [103/104] Elapsed 0m 2s (remain 0m 0s) Loss: 0.8378(0.6645) Accuracy: 0.6779 F1 Score: 0.6775
Epoch 4 - avg_train_loss: 0.3033  train_acc: 0.8817  valid_acc: 0.6779  valid_f1: 0.6775  time: 144s
Epoch: [5][0/936] Elapsed 0m 0s (remain 9m 32s) Loss: 0.1014(0.1014) LR: 0.00002000 Accuracy: 1.0000
Epoch: [5][300/936] Elapsed 0m 45s (remain 1m 35s) Loss: 0.0771(0.1962) LR: 0.00002000 Accuracy: 0.9302
Epoch: [5][600/936] Elapsed 1m 30s (remain 0m 50s) Loss: 0.1516(0.2220) LR: 0.00002000 Accuracy: 0.9168
Epoch: [5][900/936] Elapsed 2m 15s (remain 0m 5s) Loss: 0.0403(0.2311) LR: 0.00002000 Accuracy: 0.9137
Epoch: [5][935/936] Elapsed 2m 20s (remain 0m 0s) Loss: 0.0598(0.2291) LR: 0.00002000 Accuracy: 0.9151
EVAL: [0/104] Elapsed 0m 0s (remain 0m 56s) Loss: 0.3257(0.3257) Accuracy: 1.0000 F1 Score: 1.0000
EVAL: [103/104] Elapsed 0m 3s (remain 0m 0s) Loss: 0.8527(0.6727) Accuracy: 0.6611 F1 Score: 0.6610
Epoch 5 - avg_train_loss: 0.2291  train_acc: 0.9151  valid_acc: 0.6611  valid_f1: 0.6610  time: 144s
Epoch: [6][0/936] Elapsed 0m 0s (remain 9m 21s) Loss: 0.1483(0.1483) LR: 0.00001050 Accuracy: 0.7500
Epoch: [6][300/936] Elapsed 0m 45s (remain 1m 35s) Loss: 0.1333(0.1387) LR: 0.00001050 Accuracy: 0.9585
Epoch: [6][600/936] Elapsed 1m 27s (remain 0m 48s) Loss: 0.7173(0.1253) LR: 0.00001050 Accuracy: 0.9609
Epoch: [6][900/936] Elapsed 2m 10s (remain 0m 5s) Loss: 0.2395(0.1236) LR: 0.00001050 Accuracy: 0.9623
Epoch: [6][935/936] Elapsed 2m 15s (remain 0m 0s) Loss: 0.0277(0.1216) LR: 0.00001050 Accuracy: 0.9631
EVAL: [0/104] Elapsed 0m 0s (remain 0m 56s) Loss: 0.3221(0.3221) Accuracy: 1.0000 F1 Score: 1.0000
EVAL: [103/104] Elapsed 0m 3s (remain 0m 0s) Loss: 0.8469(0.6666) Accuracy: 0.6490 F1 Score: 0.6451
Epoch 6 - avg_train_loss: 0.1216  train_acc: 0.9631  valid_acc: 0.6490  valid_f1: 0.6451  time: 140s
Epoch: [7][0/936] Elapsed 0m 0s (remain 9m 26s) Loss: 0.0310(0.0310) LR: 0.00000100 Accuracy: 1.0000
Epoch: [7][300/936] Elapsed 0m 46s (remain 1m 37s) Loss: 0.0392(0.0680) LR: 0.00000100 Accuracy: 0.9834
Epoch: [7][600/936] Elapsed 1m 31s (remain 0m 51s) Loss: 0.0201(0.0786) LR: 0.00000100 Accuracy: 0.9800
Epoch: [7][900/936] Elapsed 2m 14s (remain 0m 5s) Loss: 0.0347(0.0712) LR: 0.00000100 Accuracy: 0.9822
Epoch: [7][935/936] Elapsed 2m 19s (remain 0m 0s) Loss: 0.0234(0.0712) LR: 0.00000100 Accuracy: 0.9824
EVAL: [0/104] Elapsed 0m 0s (remain 0m 56s) Loss: 0.3190(0.3190) Accuracy: 1.0000 F1 Score: 1.0000
EVAL: [103/104] Elapsed 0m 3s (remain 0m 0s) Loss: 0.8476(0.6666) Accuracy: 0.6514 F1 Score: 0.6497
Epoch 7 - avg_train_loss: 0.0712  train_acc: 0.9824  valid_acc: 0.6514  valid_f1: 0.6497  time: 143s
Epoch: [8][0/936] Elapsed 0m 0s (remain 7m 28s) Loss: 0.0237(0.0237) LR: 0.00001050 Accuracy: 1.0000
Epoch: [8][300/936] Elapsed 0m 45s (remain 1m 35s) Loss: 0.4450(0.0821) LR: 0.00001050 Accuracy: 0.9784
Epoch: [8][600/936] Elapsed 1m 28s (remain 0m 49s) Loss: 0.0556(0.0786) LR: 0.00001050 Accuracy: 0.9788
Epoch: [8][900/936] Elapsed 2m 14s (remain 0m 5s) Loss: 0.0151(0.0754) LR: 0.00001050 Accuracy: 0.9803
Epoch: [8][935/936] Elapsed 2m 19s (remain 0m 0s) Loss: 0.0174(0.0746) LR: 0.00001050 Accuracy: 0.9808
EVAL: [0/104] Elapsed 0m 0s (remain 0m 34s) Loss: 0.3948(0.3948) Accuracy: 0.7500 F1 Score: 0.4286
EVAL: [103/104] Elapsed 0m 2s (remain 0m 0s) Loss: 0.8459(0.6579) Accuracy: 0.6683 F1 Score: 0.6642
Epoch 8 - avg_train_loss: 0.0746  train_acc: 0.9808  valid_acc: 0.6683  valid_f1: 0.6642  time: 143s
Epoch: [9][0/936] Elapsed 0m 0s (remain 10m 4s) Loss: 0.0234(0.0234) LR: 0.00002000 Accuracy: 1.0000
Epoch: [9][300/936] Elapsed 0m 43s (remain 1m 31s) Loss: 0.0150(0.1070) LR: 0.00002000 Accuracy: 0.9684
Epoch: [9][600/936] Elapsed 1m 27s (remain 0m 48s) Loss: 0.1511(0.1377) LR: 0.00002000 Accuracy: 0.9530
Epoch: [9][900/936] Elapsed 2m 11s (remain 0m 5s) Loss: 0.5939(0.1402) LR: 0.00002000 Accuracy: 0.9537
Epoch: [9][935/936] Elapsed 2m 17s (remain 0m 0s) Loss: 0.1011(0.1374) LR: 0.00002000 Accuracy: 0.9549
EVAL: [0/104] Elapsed 0m 0s (remain 0m 58s) Loss: 0.3221(0.3221) Accuracy: 1.0000 F1 Score: 1.0000
EVAL: [103/104] Elapsed 0m 3s (remain 0m 0s) Loss: 0.8442(0.6715) Accuracy: 0.6370 F1 Score: 0.6357
Epoch 9 - avg_train_loss: 0.1374  train_acc: 0.9549  valid_acc: 0.6370  valid_f1: 0.6357  time: 141s
Epoch: [10][0/936] Elapsed 0m 0s (remain 9m 41s) Loss: 0.0171(0.0171) LR: 0.00001050 Accuracy: 1.0000
Epoch: [10][300/936] Elapsed 0m 43s (remain 1m 31s) Loss: 0.0531(0.0771) LR: 0.00001050 Accuracy: 0.9784
Epoch: [10][600/936] Elapsed 1m 29s (remain 0m 49s) Loss: 0.0241(0.0754) LR: 0.00001050 Accuracy: 0.9796
Epoch: [10][900/936] Elapsed 2m 14s (remain 0m 5s) Loss: 0.0196(0.0692) LR: 0.00001050 Accuracy: 0.9803
Epoch: [10][935/936] Elapsed 2m 19s (remain 0m 0s) Loss: 0.0120(0.0686) LR: 0.00001050 Accuracy: 0.9808
EVAL: [0/104] Elapsed 0m 0s (remain 0m 55s) Loss: 0.3160(0.3160) Accuracy: 1.0000 F1 Score: 1.0000
EVAL: [103/104] Elapsed 0m 3s (remain 0m 0s) Loss: 0.7821(0.6829) Accuracy: 0.6490 F1 Score: 0.6486
Epoch 10 - avg_train_loss: 0.0686  train_acc: 0.9808  valid_acc: 0.6490  valid_f1: 0.6486  time: 143s
[Fold8] Best score: 0.6799759380404542
================== fold: 9 training ======================
Epoch: [1][0/936] Elapsed 0m 0s (remain 5m 42s) Loss: 0.7062(0.7062) LR: 0.00002000 Accuracy: 0.5000
Epoch: [1][300/936] Elapsed 0m 44s (remain 1m 33s) Loss: 0.6356(0.6758) LR: 0.00002000 Accuracy: 0.5216
Epoch: [1][600/936] Elapsed 1m 27s (remain 0m 48s) Loss: 0.6118(0.6600) LR: 0.00002000 Accuracy: 0.5715
Epoch: [1][900/936] Elapsed 2m 12s (remain 0m 5s) Loss: 0.6454(0.6572) LR: 0.00002000 Accuracy: 0.5813
Epoch: [1][935/936] Elapsed 2m 18s (remain 0m 0s) Loss: 0.5546(0.6567) LR: 0.00002000 Accuracy: 0.5799
EVAL: [0/104] Elapsed 0m 0s (remain 0m 52s) Loss: 0.3561(0.3561) Accuracy: 1.0000 F1 Score: 1.0000
EVAL: [103/104] Elapsed 0m 3s (remain 0m 0s) Loss: 0.9497(0.7081) Accuracy: 0.6466 F1 Score: 0.6466
Epoch 1 - avg_train_loss: 0.6567  train_acc: 0.5799  valid_acc: 0.6466  valid_f1: 0.6466  time: 142s
Epoch 1 - Save Best Score: 0.6466 Model
Epoch: [2][0/936] Elapsed 0m 0s (remain 8m 30s) Loss: 0.4879(0.4879) LR: 0.00001050 Accuracy: 0.7500
Epoch: [2][300/936] Elapsed 0m 42s (remain 1m 29s) Loss: 0.6528(0.5381) LR: 0.00001050 Accuracy: 0.7184
Epoch: [2][600/936] Elapsed 1m 24s (remain 0m 47s) Loss: 0.2971(0.5209) LR: 0.00001050 Accuracy: 0.7288
Epoch: [2][900/936] Elapsed 2m 10s (remain 0m 5s) Loss: 0.6865(0.5062) LR: 0.00001050 Accuracy: 0.7389
Epoch: [2][935/936] Elapsed 2m 14s (remain 0m 0s) Loss: 0.6648(0.5073) LR: 0.00001050 Accuracy: 0.7388
EVAL: [0/104] Elapsed 0m 0s (remain 0m 50s) Loss: 0.3341(0.3341) Accuracy: 1.0000 F1 Score: 1.0000
EVAL: [103/104] Elapsed 0m 2s (remain 0m 0s) Loss: 0.8721(0.6908) Accuracy: 0.6442 F1 Score: 0.6441
Epoch 2 - avg_train_loss: 0.5073  train_acc: 0.7388  valid_acc: 0.6442  valid_f1: 0.6441  time: 138s
Epoch: [3][0/936] Elapsed 0m 0s (remain 9m 19s) Loss: 0.3241(0.3241) LR: 0.00000100 Accuracy: 1.0000
Epoch: [3][300/936] Elapsed 0m 45s (remain 1m 35s) Loss: 0.2330(0.3286) LR: 0.00000100 Accuracy: 0.8638
Epoch: [3][600/936] Elapsed 1m 29s (remain 0m 49s) Loss: 0.2258(0.3045) LR: 0.00000100 Accuracy: 0.8806
Epoch: [3][900/936] Elapsed 2m 14s (remain 0m 5s) Loss: 0.1985(0.2920) LR: 0.00000100 Accuracy: 0.8873
Epoch: [3][935/936] Elapsed 2m 19s (remain 0m 0s) Loss: 0.0714(0.2898) LR: 0.00000100 Accuracy: 0.8892
EVAL: [0/104] Elapsed 0m 0s (remain 0m 50s) Loss: 0.3287(0.3287) Accuracy: 1.0000 F1 Score: 1.0000
EVAL: [103/104] Elapsed 0m 3s (remain 0m 0s) Loss: 0.8534(0.6832) Accuracy: 0.6514 F1 Score: 0.6514
Epoch 3 - avg_train_loss: 0.2898  train_acc: 0.8892  valid_acc: 0.6514  valid_f1: 0.6514  time: 143s
Epoch 3 - Save Best Score: 0.6514 Model
Epoch: [4][0/936] Elapsed 0m 0s (remain 9m 0s) Loss: 0.0827(0.0827) LR: 0.00001050 Accuracy: 1.0000
Epoch: [4][300/936] Elapsed 0m 45s (remain 1m 35s) Loss: 0.0739(0.2582) LR: 0.00001050 Accuracy: 0.8970
Epoch: [4][600/936] Elapsed 1m 30s (remain 0m 50s) Loss: 0.1032(0.2606) LR: 0.00001050 Accuracy: 0.8973
Epoch: [4][900/936] Elapsed 2m 16s (remain 0m 5s) Loss: 0.1796(0.2685) LR: 0.00001050 Accuracy: 0.8946
Epoch: [4][935/936] Elapsed 2m 21s (remain 0m 0s) Loss: 0.0629(0.2685) LR: 0.00001050 Accuracy: 0.8945
EVAL: [0/104] Elapsed 0m 0s (remain 0m 44s) Loss: 0.3229(0.3229) Accuracy: 1.0000 F1 Score: 1.0000
EVAL: [103/104] Elapsed 0m 2s (remain 0m 0s) Loss: 0.9648(0.6938) Accuracy: 0.6226 F1 Score: 0.6225
Epoch 4 - avg_train_loss: 0.2685  train_acc: 0.8945  valid_acc: 0.6226  valid_f1: 0.6225  time: 144s
Epoch: [5][0/936] Elapsed 0m 0s (remain 6m 13s) Loss: 0.1629(0.1629) LR: 0.00002000 Accuracy: 1.0000
Epoch: [5][300/936] Elapsed 0m 43s (remain 1m 31s) Loss: 0.1204(0.1734) LR: 0.00002000 Accuracy: 0.9369
Epoch: [5][600/936] Elapsed 1m 26s (remain 0m 48s) Loss: 0.1575(0.1928) LR: 0.00002000 Accuracy: 0.9260
Epoch: [5][900/936] Elapsed 2m 12s (remain 0m 5s) Loss: 0.1432(0.2076) LR: 0.00002000 Accuracy: 0.9179
Epoch: [5][935/936] Elapsed 2m 17s (remain 0m 0s) Loss: 0.0597(0.2059) LR: 0.00002000 Accuracy: 0.9185
EVAL: [0/104] Elapsed 0m 0s (remain 0m 31s) Loss: 0.3186(0.3186) Accuracy: 1.0000 F1 Score: 1.0000
EVAL: [103/104] Elapsed 0m 2s (remain 0m 0s) Loss: 0.8042(0.6849) Accuracy: 0.6298 F1 Score: 0.6298
Epoch 5 - avg_train_loss: 0.2059  train_acc: 0.9185  valid_acc: 0.6298  valid_f1: 0.6298  time: 140s
Epoch: [6][0/936] Elapsed 0m 0s (remain 5m 48s) Loss: 0.0506(0.0506) LR: 0.00001050 Accuracy: 1.0000
Epoch: [6][300/936] Elapsed 0m 42s (remain 1m 29s) Loss: 0.0516(0.0992) LR: 0.00001050 Accuracy: 0.9709
Epoch: [6][600/936] Elapsed 1m 25s (remain 0m 47s) Loss: 0.0251(0.0992) LR: 0.00001050 Accuracy: 0.9688
Epoch: [6][900/936] Elapsed 2m 9s (remain 0m 5s) Loss: 0.0198(0.0984) LR: 0.00001050 Accuracy: 0.9689
Epoch: [6][935/936] Elapsed 2m 14s (remain 0m 0s) Loss: 0.0308(0.0972) LR: 0.00001050 Accuracy: 0.9696
EVAL: [0/104] Elapsed 0m 0s (remain 0m 51s) Loss: 0.3172(0.3172) Accuracy: 1.0000 F1 Score: 1.0000
EVAL: [103/104] Elapsed 0m 2s (remain 0m 0s) Loss: 0.7442(0.6668) Accuracy: 0.6442 F1 Score: 0.6372
Epoch 6 - avg_train_loss: 0.0972  train_acc: 0.9696  valid_acc: 0.6442  valid_f1: 0.6372  time: 138s
Epoch: [7][0/936] Elapsed 0m 0s (remain 8m 40s) Loss: 0.0198(0.0198) LR: 0.00000100 Accuracy: 1.0000
Epoch: [7][300/936] Elapsed 0m 43s (remain 1m 32s) Loss: 0.0210(0.0534) LR: 0.00000100 Accuracy: 0.9859
Epoch: [7][600/936] Elapsed 1m 27s (remain 0m 48s) Loss: 0.0177(0.0551) LR: 0.00000100 Accuracy: 0.9854
Epoch: [7][900/936] Elapsed 2m 12s (remain 0m 5s) Loss: 0.2842(0.0543) LR: 0.00000100 Accuracy: 0.9858
Epoch: [7][935/936] Elapsed 2m 17s (remain 0m 0s) Loss: 0.0342(0.0532) LR: 0.00000100 Accuracy: 0.9861
EVAL: [0/104] Elapsed 0m 0s (remain 0m 32s) Loss: 0.3170(0.3170) Accuracy: 1.0000 F1 Score: 1.0000
EVAL: [103/104] Elapsed 0m 2s (remain 0m 0s) Loss: 0.8329(0.6769) Accuracy: 0.6370 F1 Score: 0.6357
Epoch 7 - avg_train_loss: 0.0532  train_acc: 0.9861  valid_acc: 0.6370  valid_f1: 0.6357  time: 140s
Epoch: [8][0/936] Elapsed 0m 0s (remain 6m 12s) Loss: 0.0168(0.0168) LR: 0.00001050 Accuracy: 1.0000
Epoch: [8][300/936] Elapsed 0m 42s (remain 1m 28s) Loss: 0.0159(0.0421) LR: 0.00001050 Accuracy: 0.9900
Epoch: [8][600/936] Elapsed 1m 25s (remain 0m 47s) Loss: 0.0183(0.0523) LR: 0.00001050 Accuracy: 0.9863
Epoch: [8][900/936] Elapsed 2m 10s (remain 0m 5s) Loss: 0.0139(0.0591) LR: 0.00001050 Accuracy: 0.9842
Epoch: [8][935/936] Elapsed 2m 14s (remain 0m 0s) Loss: 0.0148(0.0614) LR: 0.00001050 Accuracy: 0.9834
EVAL: [0/104] Elapsed 0m 0s (remain 0m 33s) Loss: 0.3173(0.3173) Accuracy: 1.0000 F1 Score: 1.0000
EVAL: [103/104] Elapsed 0m 2s (remain 0m 0s) Loss: 0.7861(0.6696) Accuracy: 0.6514 F1 Score: 0.6484
Epoch 8 - avg_train_loss: 0.0614  train_acc: 0.9834  valid_acc: 0.6514  valid_f1: 0.6484  time: 137s
Epoch: [9][0/936] Elapsed 0m 0s (remain 6m 5s) Loss: 0.0148(0.0148) LR: 0.00002000 Accuracy: 1.0000
Epoch: [9][300/936] Elapsed 0m 44s (remain 1m 33s) Loss: 0.0136(0.1136) LR: 0.00002000 Accuracy: 0.9618
Epoch: [9][600/936] Elapsed 1m 28s (remain 0m 49s) Loss: 0.0335(0.1140) LR: 0.00002000 Accuracy: 0.9634
Epoch: [9][900/936] Elapsed 2m 12s (remain 0m 5s) Loss: 0.0156(0.1053) LR: 0.00002000 Accuracy: 0.9661
Epoch: [9][935/936] Elapsed 2m 17s (remain 0m 0s) Loss: 0.7467(0.1058) LR: 0.00002000 Accuracy: 0.9661
EVAL: [0/104] Elapsed 0m 0s (remain 0m 28s) Loss: 0.3160(0.3160) Accuracy: 1.0000 F1 Score: 1.0000
EVAL: [103/104] Elapsed 0m 2s (remain 0m 0s) Loss: 0.7875(0.6736) Accuracy: 0.6538 F1 Score: 0.6532
Epoch 9 - avg_train_loss: 0.1058  train_acc: 0.9661  valid_acc: 0.6538  valid_f1: 0.6532  time: 140s
Epoch 9 - Save Best Score: 0.6532 Model
Epoch: [10][0/936] Elapsed 0m 0s (remain 9m 15s) Loss: 0.0158(0.0158) LR: 0.00001050 Accuracy: 1.0000
Epoch: [10][300/936] Elapsed 0m 43s (remain 1m 31s) Loss: 0.0089(0.0501) LR: 0.00001050 Accuracy: 0.9875
Epoch: [10][600/936] Elapsed 1m 29s (remain 0m 49s) Loss: 0.0090(0.0491) LR: 0.00001050 Accuracy: 0.9871
Epoch: [10][900/936] Elapsed 2m 12s (remain 0m 5s) Loss: 0.0078(0.0569) LR: 0.00001050 Accuracy: 0.9845
Epoch: [10][935/936] Elapsed 2m 18s (remain 0m 0s) Loss: 0.0097(0.0555) LR: 0.00001050 Accuracy: 0.9850
EVAL: [0/104] Elapsed 0m 0s (remain 0m 52s) Loss: 0.3156(0.3156) Accuracy: 1.0000 F1 Score: 1.0000
EVAL: [103/104] Elapsed 0m 3s (remain 0m 0s) Loss: 0.8370(0.6872) Accuracy: 0.6490 F1 Score: 0.6486
Epoch 10 - avg_train_loss: 0.0555  train_acc: 0.9850  valid_acc: 0.6490  valid_f1: 0.6486  time: 142s
[Fold9] Best score: 0.6531968598754139
