================== fold: 0 training ======================
Epoch: [1][0/936] Elapsed 0m 1.252488136291504s (remain 19m 31.076407432555925s) Loss: 0.7294(0.7294) LR: 0.00002000 Accuracy: 0.7500
================== fold: 0 training ======================
Epoch: [1][0/936] Elapsed 0m 1s (remain 18m 31s) Loss: 0.7294(0.7294) LR: 0.00002000 Accuracy: 0.7500
Epoch: [1][300/936] Elapsed 0m 48s (remain 1m 42s) Loss: 0.6177(0.6798) LR: 0.00002000 Accuracy: 0.5199
Epoch: [1][600/936] Elapsed 1m 33s (remain 0m 52s) Loss: 0.7011(0.6764) LR: 0.00002000 Accuracy: 0.5374
Epoch: [1][900/936] Elapsed 2m 15s (remain 0m 5s) Loss: 0.5281(0.6625) LR: 0.00002000 Accuracy: 0.5680
Epoch: [1][935/936] Elapsed 2m 21s (remain 0m 0s) Loss: 0.8365(0.6651) LR: 0.00002000 Accuracy: 0.5681
EVAL: [0/105] Elapsed 0m 0s (remain 0m 54s) Loss: 0.5284(0.5284) Accuracy: 0.0000 F1 Score: 0.0000
EVAL: [104/105] Elapsed 0m 3s (remain 0m 0s) Loss: 0.8821(0.7088) Accuracy: 0.5012 F1 Score: 0.3339
Epoch 1 - avg_train_loss: 0.6651  train_acc: 0.5681  valid_acc: 0.5012  valid_f1: 0.3339  time: 145s
Epoch 1 - Save Best Score: 0.3339 Model
Epoch: [2][0/936] Elapsed 0m 0s (remain 8m 49s) Loss: 0.7475(0.7475) LR: 0.00001050 Accuracy: 0.5000
Epoch: [2][300/936] Elapsed 0m 44s (remain 1m 34s) Loss: 0.6153(0.6753) LR: 0.00001050 Accuracy: 0.5382
Epoch: [2][600/936] Elapsed 1m 29s (remain 0m 49s) Loss: 0.6734(0.6453) LR: 0.00001050 Accuracy: 0.5978
Epoch: [2][900/936] Elapsed 2m 12s (remain 0m 5s) Loss: 0.9829(0.6256) LR: 0.00001050 Accuracy: 0.6238
Epoch: [2][935/936] Elapsed 2m 18s (remain 0m 0s) Loss: 0.4212(0.6238) LR: 0.00001050 Accuracy: 0.6253
EVAL: [0/105] Elapsed 0m 0s (remain 0m 53s) Loss: 0.3643(0.3643) Accuracy: 1.0000 F1 Score: 1.0000
EVAL: [104/105] Elapsed 0m 3s (remain 0m 0s) Loss: 0.8038(0.7089) Accuracy: 0.6403 F1 Score: 0.6403
Epoch 2 - avg_train_loss: 0.6238  train_acc: 0.6253  valid_acc: 0.6403  valid_f1: 0.6403  time: 142s
Epoch 2 - Save Best Score: 0.6403 Model
Epoch: [3][0/936] Elapsed 0m 0s (remain 9m 49s) Loss: 0.4970(0.4970) LR: 0.00000100 Accuracy: 0.5000
Epoch: [3][300/936] Elapsed 0m 43s (remain 1m 32s) Loss: 0.5502(0.5138) LR: 0.00000100 Accuracy: 0.7517
Epoch: [3][600/936] Elapsed 1m 27s (remain 0m 48s) Loss: 0.3996(0.5048) LR: 0.00000100 Accuracy: 0.7587
Epoch: [3][900/936] Elapsed 2m 12s (remain 0m 5s) Loss: 0.5120(0.4931) LR: 0.00000100 Accuracy: 0.7658
Epoch: [3][935/936] Elapsed 2m 17s (remain 0m 0s) Loss: 0.4155(0.4924) LR: 0.00000100 Accuracy: 0.7652
EVAL: [0/105] Elapsed 0m 0s (remain 0m 48s) Loss: 0.3506(0.3506) Accuracy: 1.0000 F1 Score: 1.0000
EVAL: [104/105] Elapsed 0m 3s (remain 0m 0s) Loss: 0.7784(0.7022) Accuracy: 0.6355 F1 Score: 0.6352
Epoch 3 - avg_train_loss: 0.4924  train_acc: 0.7652  valid_acc: 0.6355  valid_f1: 0.6352  time: 141s
Epoch: [4][0/936] Elapsed 0m 0s (remain 8m 52s) Loss: 0.8477(0.8477) LR: 0.00001050 Accuracy: 0.5000
Epoch: [4][300/936] Elapsed 0m 45s (remain 1m 35s) Loss: 0.3627(0.4866) LR: 0.00001050 Accuracy: 0.7641
Epoch: [4][600/936] Elapsed 1m 29s (remain 0m 49s) Loss: 0.3042(0.4700) LR: 0.00001050 Accuracy: 0.7783
Epoch: [4][900/936] Elapsed 2m 13s (remain 0m 5s) Loss: 0.1623(0.4658) LR: 0.00001050 Accuracy: 0.7750
Epoch: [4][935/936] Elapsed 2m 18s (remain 0m 0s) Loss: 0.5065(0.4662) LR: 0.00001050 Accuracy: 0.7748
EVAL: [0/105] Elapsed 0m 0s (remain 0m 54s) Loss: 0.3367(0.3367) Accuracy: 1.0000 F1 Score: 1.0000
EVAL: [104/105] Elapsed 0m 3s (remain 0m 0s) Loss: 0.8116(0.6945) Accuracy: 0.6163 F1 Score: 0.6149
Epoch 4 - avg_train_loss: 0.4662  train_acc: 0.7748  valid_acc: 0.6163  valid_f1: 0.6149  time: 142s
Epoch: [5][0/936] Elapsed 0m 0s (remain 8m 6s) Loss: 0.3090(0.3090) LR: 0.00002000 Accuracy: 0.7500
Epoch: [5][300/936] Elapsed 0m 44s (remain 1m 33s) Loss: 0.7005(0.3259) LR: 0.00002000 Accuracy: 0.8613
Epoch: [5][600/936] Elapsed 1m 28s (remain 0m 49s) Loss: 0.1423(0.3234) LR: 0.00002000 Accuracy: 0.8631
Epoch: [5][900/936] Elapsed 2m 14s (remain 0m 5s) Loss: 0.0501(0.3336) LR: 0.00002000 Accuracy: 0.8571
Epoch: [5][935/936] Elapsed 2m 19s (remain 0m 0s) Loss: 0.3019(0.3323) LR: 0.00002000 Accuracy: 0.8576
EVAL: [0/105] Elapsed 0m 0s (remain 0m 32s) Loss: 0.3495(0.3495) Accuracy: 1.0000 F1 Score: 1.0000
EVAL: [104/105] Elapsed 0m 2s (remain 0m 0s) Loss: 0.7788(0.6968) Accuracy: 0.5995 F1 Score: 0.5974
Epoch 5 - avg_train_loss: 0.3323  train_acc: 0.8576  valid_acc: 0.5995  valid_f1: 0.5974  time: 142s
Epoch: [6][0/936] Elapsed 0m 0s (remain 6m 14s) Loss: 0.1779(0.1779) LR: 0.00001050 Accuracy: 1.0000
Epoch: [6][300/936] Elapsed 0m 43s (remain 1m 32s) Loss: 0.8593(0.1685) LR: 0.00001050 Accuracy: 0.9394
Epoch: [6][600/936] Elapsed 1m 28s (remain 0m 49s) Loss: 0.5422(0.1627) LR: 0.00001050 Accuracy: 0.9401
Epoch: [6][900/936] Elapsed 2m 13s (remain 0m 5s) Loss: 0.0811(0.1622) LR: 0.00001050 Accuracy: 0.9384
Epoch: [6][935/936] Elapsed 2m 18s (remain 0m 0s) Loss: 0.0350(0.1629) LR: 0.00001050 Accuracy: 0.9378
EVAL: [0/105] Elapsed 0m 0s (remain 0m 56s) Loss: 0.3204(0.3204) Accuracy: 1.0000 F1 Score: 1.0000
EVAL: [104/105] Elapsed 0m 3s (remain 0m 0s) Loss: 0.7493(0.6959) Accuracy: 0.6259 F1 Score: 0.6258
Epoch 6 - avg_train_loss: 0.1629  train_acc: 0.9378  valid_acc: 0.6259  valid_f1: 0.6258  time: 142s
Epoch: [7][0/936] Elapsed 0m 0s (remain 9m 7s) Loss: 0.0966(0.0966) LR: 0.00000100 Accuracy: 1.0000
Epoch: [7][300/936] Elapsed 0m 44s (remain 1m 34s) Loss: 0.0284(0.1161) LR: 0.00000100 Accuracy: 0.9551
Epoch: [7][600/936] Elapsed 1m 30s (remain 0m 50s) Loss: 0.0441(0.1025) LR: 0.00000100 Accuracy: 0.9617
Epoch: [7][900/936] Elapsed 2m 15s (remain 0m 5s) Loss: 0.0267(0.1029) LR: 0.00000100 Accuracy: 0.9623
Epoch: [7][935/936] Elapsed 2m 20s (remain 0m 0s) Loss: 0.0281(0.1049) LR: 0.00000100 Accuracy: 0.9610
EVAL: [0/105] Elapsed 0m 0s (remain 0m 54s) Loss: 0.3195(0.3195) Accuracy: 1.0000 F1 Score: 1.0000
EVAL: [104/105] Elapsed 0m 3s (remain 0m 0s) Loss: 0.7256(0.6967) Accuracy: 0.6115 F1 Score: 0.6114
Epoch 7 - avg_train_loss: 0.1049  train_acc: 0.9610  valid_acc: 0.6115  valid_f1: 0.6114  time: 144s
Epoch: [8][0/936] Elapsed 0m 0s (remain 8m 48s) Loss: 0.0221(0.0221) LR: 0.00001050 Accuracy: 1.0000
Epoch: [8][300/936] Elapsed 0m 46s (remain 1m 37s) Loss: 0.1098(0.1028) LR: 0.00001050 Accuracy: 0.9626
Epoch: [8][600/936] Elapsed 1m 31s (remain 0m 50s) Loss: 0.0397(0.1082) LR: 0.00001050 Accuracy: 0.9617
Epoch: [8][900/936] Elapsed 2m 16s (remain 0m 5s) Loss: 0.0586(0.1139) LR: 0.00001050 Accuracy: 0.9575
Epoch: [8][935/936] Elapsed 2m 21s (remain 0m 0s) Loss: 0.0185(0.1121) LR: 0.00001050 Accuracy: 0.9586
EVAL: [0/105] Elapsed 0m 0s (remain 0m 52s) Loss: 0.3177(0.3177) Accuracy: 1.0000 F1 Score: 1.0000
EVAL: [104/105] Elapsed 0m 3s (remain 0m 0s) Loss: 0.7277(0.6909) Accuracy: 0.6355 F1 Score: 0.6355
Epoch 8 - avg_train_loss: 0.1121  train_acc: 0.9586  valid_acc: 0.6355  valid_f1: 0.6355  time: 145s
Epoch: [9][0/936] Elapsed 0m 0s (remain 9m 3s) Loss: 0.0191(0.0191) LR: 0.00002000 Accuracy: 1.0000
Epoch: [9][300/936] Elapsed 0m 48s (remain 1m 41s) Loss: 0.0118(0.0777) LR: 0.00002000 Accuracy: 0.9759
Epoch: [9][600/936] Elapsed 1m 32s (remain 0m 51s) Loss: 0.0333(0.0989) LR: 0.00002000 Accuracy: 0.9655
Epoch: [9][900/936] Elapsed 2m 16s (remain 0m 5s) Loss: 0.0749(0.1103) LR: 0.00002000 Accuracy: 0.9587
Epoch: [9][935/936] Elapsed 2m 21s (remain 0m 0s) Loss: 0.3117(0.1114) LR: 0.00002000 Accuracy: 0.9573
EVAL: [0/105] Elapsed 0m 0s (remain 0m 50s) Loss: 0.3169(0.3169) Accuracy: 1.0000 F1 Score: 1.0000
EVAL: [104/105] Elapsed 0m 2s (remain 0m 0s) Loss: 0.7152(0.6953) Accuracy: 0.6091 F1 Score: 0.6071
Epoch 9 - avg_train_loss: 0.1114  train_acc: 0.9573  valid_acc: 0.6091  valid_f1: 0.6071  time: 145s
Epoch: [10][0/936] Elapsed 0m 0s (remain 8m 59s) Loss: 0.0172(0.0172) LR: 0.00001050 Accuracy: 1.0000
Epoch: [10][300/936] Elapsed 0m 46s (remain 1m 37s) Loss: 0.0108(0.0721) LR: 0.00001050 Accuracy: 0.9751
Epoch: [10][600/936] Elapsed 1m 32s (remain 0m 51s) Loss: 0.0126(0.0614) LR: 0.00001050 Accuracy: 0.9780
Epoch: [10][900/936] Elapsed 2m 17s (remain 0m 5s) Loss: 0.0381(0.0622) LR: 0.00001050 Accuracy: 0.9792
Epoch: [10][935/936] Elapsed 2m 21s (remain 0m 0s) Loss: 0.0089(0.0612) LR: 0.00001050 Accuracy: 0.9797
EVAL: [0/105] Elapsed 0m 0s (remain 0m 31s) Loss: 0.3152(0.3152) Accuracy: 1.0000 F1 Score: 1.0000
EVAL: [104/105] Elapsed 0m 2s (remain 0m 0s) Loss: 0.7349(0.6885) Accuracy: 0.6307 F1 Score: 0.6307
Epoch 10 - avg_train_loss: 0.0612  train_acc: 0.9797  valid_acc: 0.6307  valid_f1: 0.6307  time: 144s
[Fold0] Best score: 0.6402857011409643
================== fold: 1 training ======================
Epoch: [1][0/936] Elapsed 0m 0s (remain 6m 27s) Loss: 0.7122(0.7122) LR: 0.00002000 Accuracy: 0.7500
Epoch: [1][300/936] Elapsed 0m 42s (remain 1m 29s) Loss: 0.6774(0.6877) LR: 0.00002000 Accuracy: 0.5191
Epoch: [1][600/936] Elapsed 1m 27s (remain 0m 48s) Loss: 0.6717(0.6892) LR: 0.00002000 Accuracy: 0.5112
Epoch: [1][900/936] Elapsed 2m 13s (remain 0m 5s) Loss: 0.6986(0.6882) LR: 0.00002000 Accuracy: 0.5136
Epoch: [1][935/936] Elapsed 2m 18s (remain 0m 0s) Loss: 0.6281(0.6872) LR: 0.00002000 Accuracy: 0.5142
EVAL: [0/105] Elapsed 0m 0s (remain 0m 56s) Loss: 0.4239(0.4239) Accuracy: 1.0000 F1 Score: 1.0000
EVAL: [104/105] Elapsed 0m 3s (remain 0m 0s) Loss: 0.9341(0.7132) Accuracy: 0.6067 F1 Score: 0.6055
Epoch 1 - avg_train_loss: 0.6872  train_acc: 0.5142  valid_acc: 0.6067  valid_f1: 0.6055  time: 142s
Epoch 1 - Save Best Score: 0.6055 Model
Epoch: [2][0/936] Elapsed 0m 0s (remain 9m 27s) Loss: 0.6042(0.6042) LR: 0.00001050 Accuracy: 0.7500
Epoch: [2][300/936] Elapsed 0m 43s (remain 1m 32s) Loss: 0.5817(0.6573) LR: 0.00001050 Accuracy: 0.5831
Epoch: [2][600/936] Elapsed 1m 27s (remain 0m 48s) Loss: 0.4053(0.6416) LR: 0.00001050 Accuracy: 0.6086
Epoch: [2][900/936] Elapsed 2m 8s (remain 0m 5s) Loss: 0.6677(0.6356) LR: 0.00001050 Accuracy: 0.6182
Epoch: [2][935/936] Elapsed 2m 14s (remain 0m 0s) Loss: 0.8163(0.6347) LR: 0.00001050 Accuracy: 0.6189
EVAL: [0/105] Elapsed 0m 0s (remain 0m 52s) Loss: 0.3722(0.3722) Accuracy: 1.0000 F1 Score: 1.0000
EVAL: [104/105] Elapsed 0m 3s (remain 0m 0s) Loss: 0.9326(0.7036) Accuracy: 0.6427 F1 Score: 0.6427
Epoch 2 - avg_train_loss: 0.6347  train_acc: 0.6189  valid_acc: 0.6427  valid_f1: 0.6427  time: 138s
Epoch 2 - Save Best Score: 0.6427 Model
Epoch: [3][0/936] Elapsed 0m 0s (remain 9m 9s) Loss: 0.7213(0.7213) LR: 0.00000100 Accuracy: 0.7500
Epoch: [3][300/936] Elapsed 0m 45s (remain 1m 36s) Loss: 0.6649(0.5400) LR: 0.00000100 Accuracy: 0.7417
Epoch: [3][600/936] Elapsed 1m 30s (remain 0m 50s) Loss: 0.6573(0.5267) LR: 0.00000100 Accuracy: 0.7508
Epoch: [3][900/936] Elapsed 2m 14s (remain 0m 5s) Loss: 0.2308(0.5245) LR: 0.00000100 Accuracy: 0.7472
Epoch: [3][935/936] Elapsed 2m 19s (remain 0m 0s) Loss: 0.4545(0.5241) LR: 0.00000100 Accuracy: 0.7481
EVAL: [0/105] Elapsed 0m 0s (remain 0m 56s) Loss: 0.3696(0.3696) Accuracy: 1.0000 F1 Score: 1.0000
EVAL: [104/105] Elapsed 0m 2s (remain 0m 0s) Loss: 0.8713(0.6946) Accuracy: 0.6523 F1 Score: 0.6516
Epoch 3 - avg_train_loss: 0.5241  train_acc: 0.7481  valid_acc: 0.6523  valid_f1: 0.6516  time: 143s
Epoch 3 - Save Best Score: 0.6516 Model
Epoch: [4][0/936] Elapsed 0m 0s (remain 9m 46s) Loss: 0.3552(0.3552) LR: 0.00001050 Accuracy: 1.0000
Epoch: [4][300/936] Elapsed 0m 46s (remain 1m 37s) Loss: 0.5104(0.5005) LR: 0.00001050 Accuracy: 0.7508
Epoch: [4][600/936] Elapsed 1m 31s (remain 0m 50s) Loss: 0.2181(0.4910) LR: 0.00001050 Accuracy: 0.7621
Epoch: [4][900/936] Elapsed 2m 15s (remain 0m 5s) Loss: 0.2258(0.4902) LR: 0.00001050 Accuracy: 0.7600
Epoch: [4][935/936] Elapsed 2m 20s (remain 0m 0s) Loss: 0.2721(0.4904) LR: 0.00001050 Accuracy: 0.7593
EVAL: [0/105] Elapsed 0m 0s (remain 0m 35s) Loss: 0.3807(0.3807) Accuracy: 0.7500 F1 Score: 0.4286
EVAL: [104/105] Elapsed 0m 3s (remain 0m 0s) Loss: 0.8777(0.6949) Accuracy: 0.6451 F1 Score: 0.6449
Epoch 4 - avg_train_loss: 0.4904  train_acc: 0.7593  valid_acc: 0.6451  valid_f1: 0.6449  time: 144s
Epoch: [5][0/936] Elapsed 0m 0s (remain 8m 57s) Loss: 0.0919(0.0919) LR: 0.00002000 Accuracy: 1.0000
Epoch: [5][300/936] Elapsed 0m 45s (remain 1m 35s) Loss: 0.1300(0.3692) LR: 0.00002000 Accuracy: 0.8339
Epoch: [5][600/936] Elapsed 1m 31s (remain 0m 50s) Loss: 0.3795(0.3762) LR: 0.00002000 Accuracy: 0.8336
Epoch: [5][900/936] Elapsed 2m 15s (remain 0m 5s) Loss: 0.1078(0.3702) LR: 0.00002000 Accuracy: 0.8363
Epoch: [5][935/936] Elapsed 2m 20s (remain 0m 0s) Loss: 0.2802(0.3713) LR: 0.00002000 Accuracy: 0.8352
EVAL: [0/105] Elapsed 0m 0s (remain 0m 56s) Loss: 0.3693(0.3693) Accuracy: 0.7500 F1 Score: 0.4286
EVAL: [104/105] Elapsed 0m 3s (remain 0m 0s) Loss: 0.8943(0.6923) Accuracy: 0.6523 F1 Score: 0.6523
Epoch 5 - avg_train_loss: 0.3713  train_acc: 0.8352  valid_acc: 0.6523  valid_f1: 0.6523  time: 144s
Epoch 5 - Save Best Score: 0.6523 Model
Epoch: [6][0/936] Elapsed 0m 0s (remain 9m 25s) Loss: 0.0902(0.0902) LR: 0.00001050 Accuracy: 1.0000
Epoch: [6][300/936] Elapsed 0m 44s (remain 1m 33s) Loss: 0.0550(0.1975) LR: 0.00001050 Accuracy: 0.9261
Epoch: [6][600/936] Elapsed 1m 28s (remain 0m 49s) Loss: 0.0399(0.2011) LR: 0.00001050 Accuracy: 0.9239
Epoch: [6][900/936] Elapsed 2m 13s (remain 0m 5s) Loss: 0.0523(0.1974) LR: 0.00001050 Accuracy: 0.9234
Epoch: [6][935/936] Elapsed 2m 18s (remain 0m 0s) Loss: 0.1352(0.1994) LR: 0.00001050 Accuracy: 0.9220
EVAL: [0/105] Elapsed 0m 0s (remain 0m 55s) Loss: 0.3501(0.3501) Accuracy: 1.0000 F1 Score: 1.0000
EVAL: [104/105] Elapsed 0m 3s (remain 0m 0s) Loss: 1.2456(0.7022) Accuracy: 0.6187 F1 Score: 0.6162
Epoch 6 - avg_train_loss: 0.1994  train_acc: 0.9220  valid_acc: 0.6187  valid_f1: 0.6162  time: 142s
Epoch: [7][0/936] Elapsed 0m 0s (remain 8m 45s) Loss: 0.0463(0.0463) LR: 0.00000100 Accuracy: 1.0000
Epoch: [7][300/936] Elapsed 0m 45s (remain 1m 35s) Loss: 0.2471(0.1464) LR: 0.00000100 Accuracy: 0.9468
Epoch: [7][600/936] Elapsed 1m 30s (remain 0m 50s) Loss: 0.0384(0.1376) LR: 0.00000100 Accuracy: 0.9505
Epoch: [7][900/936] Elapsed 2m 13s (remain 0m 5s) Loss: 0.3704(0.1297) LR: 0.00000100 Accuracy: 0.9539
Epoch: [7][935/936] Elapsed 2m 19s (remain 0m 0s) Loss: 0.1475(0.1307) LR: 0.00000100 Accuracy: 0.9541
EVAL: [0/105] Elapsed 0m 0s (remain 0m 54s) Loss: 0.3525(0.3525) Accuracy: 1.0000 F1 Score: 1.0000
EVAL: [104/105] Elapsed 0m 2s (remain 0m 0s) Loss: 0.8340(0.6876) Accuracy: 0.6547 F1 Score: 0.6546
Epoch 7 - avg_train_loss: 0.1307  train_acc: 0.9541  valid_acc: 0.6547  valid_f1: 0.6546  time: 142s
Epoch 7 - Save Best Score: 0.6546 Model
Epoch: [8][0/936] Elapsed 0m 0s (remain 9m 41s) Loss: 0.0360(0.0360) LR: 0.00001050 Accuracy: 1.0000
Epoch: [8][300/936] Elapsed 0m 45s (remain 1m 35s) Loss: 0.0350(0.1219) LR: 0.00001050 Accuracy: 0.9551
Epoch: [8][600/936] Elapsed 1m 30s (remain 0m 50s) Loss: 0.0941(0.1222) LR: 0.00001050 Accuracy: 0.9555
Epoch: [8][900/936] Elapsed 2m 14s (remain 0m 5s) Loss: 0.0789(0.1267) LR: 0.00001050 Accuracy: 0.9542
Epoch: [8][935/936] Elapsed 2m 19s (remain 0m 0s) Loss: 0.0285(0.1261) LR: 0.00001050 Accuracy: 0.9541
EVAL: [0/105] Elapsed 0m 0s (remain 0m 50s) Loss: 0.4001(0.4001) Accuracy: 0.7500 F1 Score: 0.4286
EVAL: [104/105] Elapsed 0m 3s (remain 0m 0s) Loss: 0.7044(0.6775) Accuracy: 0.6379 F1 Score: 0.6352
Epoch 8 - avg_train_loss: 0.1261  train_acc: 0.9541  valid_acc: 0.6379  valid_f1: 0.6352  time: 143s
Epoch: [9][0/936] Elapsed 0m 0s (remain 10m 9s) Loss: 0.0275(0.0275) LR: 0.00002000 Accuracy: 1.0000
Epoch: [9][300/936] Elapsed 0m 44s (remain 1m 33s) Loss: 0.0200(0.1531) LR: 0.00002000 Accuracy: 0.9435
Epoch: [9][600/936] Elapsed 1m 29s (remain 0m 50s) Loss: 0.0563(0.1451) LR: 0.00002000 Accuracy: 0.9480
Epoch: [9][900/936] Elapsed 2m 14s (remain 0m 5s) Loss: 0.8826(0.1447) LR: 0.00002000 Accuracy: 0.9478
Epoch: [9][935/936] Elapsed 2m 19s (remain 0m 0s) Loss: 0.1839(0.1509) LR: 0.00002000 Accuracy: 0.9460
EVAL: [0/105] Elapsed 0m 0s (remain 0m 56s) Loss: 0.3466(0.3466) Accuracy: 1.0000 F1 Score: 1.0000
EVAL: [104/105] Elapsed 0m 3s (remain 0m 0s) Loss: 0.7029(0.6990) Accuracy: 0.6259 F1 Score: 0.6248
Epoch 9 - avg_train_loss: 0.1509  train_acc: 0.9460  valid_acc: 0.6259  valid_f1: 0.6248  time: 143s
Epoch: [10][0/936] Elapsed 0m 0s (remain 9m 6s) Loss: 0.0507(0.0507) LR: 0.00001050 Accuracy: 1.0000
Epoch: [10][300/936] Elapsed 0m 45s (remain 1m 35s) Loss: 0.1131(0.0864) LR: 0.00001050 Accuracy: 0.9701
Epoch: [10][600/936] Elapsed 1m 28s (remain 0m 49s) Loss: 0.0105(0.0958) LR: 0.00001050 Accuracy: 0.9646
Epoch: [10][900/936] Elapsed 2m 9s (remain 0m 5s) Loss: 0.0748(0.0980) LR: 0.00001050 Accuracy: 0.9642
Epoch: [10][935/936] Elapsed 2m 14s (remain 0m 0s) Loss: 0.0356(0.0995) LR: 0.00001050 Accuracy: 0.9634
EVAL: [0/105] Elapsed 0m 0s (remain 0m 34s) Loss: 0.3869(0.3869) Accuracy: 0.7500 F1 Score: 0.4286
EVAL: [104/105] Elapsed 0m 2s (remain 0m 0s) Loss: 0.7102(0.7043) Accuracy: 0.6163 F1 Score: 0.6144
Epoch 10 - avg_train_loss: 0.0995  train_acc: 0.9634  valid_acc: 0.6163  valid_f1: 0.6144  time: 137s
[Fold1] Best score: 0.6546266047025261
================== fold: 2 training ======================
Epoch: [1][0/936] Elapsed 0m 0s (remain 6m 36s) Loss: 0.6886(0.6886) LR: 0.00002000 Accuracy: 0.5000
Epoch: [1][300/936] Elapsed 0m 46s (remain 1m 37s) Loss: 0.9510(0.6821) LR: 0.00002000 Accuracy: 0.5399
Epoch: [1][600/936] Elapsed 1m 32s (remain 0m 51s) Loss: 0.7802(0.6696) LR: 0.00002000 Accuracy: 0.5641
Epoch: [1][900/936] Elapsed 2m 16s (remain 0m 5s) Loss: 0.7770(0.6633) LR: 0.00002000 Accuracy: 0.5724
Epoch: [1][935/936] Elapsed 2m 21s (remain 0m 0s) Loss: 0.9195(0.6632) LR: 0.00002000 Accuracy: 0.5732
EVAL: [0/104] Elapsed 0m 0s (remain 0m 57s) Loss: 0.5571(0.5571) Accuracy: 0.7500 F1 Score: 0.4286
EVAL: [103/104] Elapsed 0m 3s (remain 0m 0s) Loss: 0.7999(0.7014) Accuracy: 0.6587 F1 Score: 0.6537
Epoch 1 - avg_train_loss: 0.6632  train_acc: 0.5732  valid_acc: 0.6587  valid_f1: 0.6537  time: 145s
Epoch 1 - Save Best Score: 0.6537 Model
Epoch: [2][0/936] Elapsed 0m 0s (remain 9m 6s) Loss: 0.2397(0.2397) LR: 0.00001050 Accuracy: 1.0000
Epoch: [2][300/936] Elapsed 0m 46s (remain 1m 37s) Loss: 0.4117(0.5282) LR: 0.00001050 Accuracy: 0.7292
Epoch: [2][600/936] Elapsed 1m 31s (remain 0m 50s) Loss: 0.3097(0.5311) LR: 0.00001050 Accuracy: 0.7246
Epoch: [2][900/936] Elapsed 2m 16s (remain 0m 5s) Loss: 0.5396(0.5262) LR: 0.00001050 Accuracy: 0.7253
Epoch: [2][935/936] Elapsed 2m 21s (remain 0m 0s) Loss: 0.5013(0.5258) LR: 0.00001050 Accuracy: 0.7254
EVAL: [0/104] Elapsed 0m 0s (remain 0m 55s) Loss: 0.5594(0.5594) Accuracy: 0.7500 F1 Score: 0.4286
EVAL: [103/104] Elapsed 0m 3s (remain 0m 0s) Loss: 0.7773(0.6799) Accuracy: 0.6538 F1 Score: 0.6509
Epoch 2 - avg_train_loss: 0.5258  train_acc: 0.7254  valid_acc: 0.6538  valid_f1: 0.6509  time: 145s
Epoch: [3][0/936] Elapsed 0m 0s (remain 9m 20s) Loss: 0.2897(0.2897) LR: 0.00000100 Accuracy: 0.7500
Epoch: [3][300/936] Elapsed 0m 42s (remain 1m 29s) Loss: 0.6059(0.3281) LR: 0.00000100 Accuracy: 0.8696
Epoch: [3][600/936] Elapsed 1m 28s (remain 0m 49s) Loss: 0.5279(0.3364) LR: 0.00000100 Accuracy: 0.8627
Epoch: [3][900/936] Elapsed 2m 11s (remain 0m 5s) Loss: 0.1268(0.3271) LR: 0.00000100 Accuracy: 0.8657
Epoch: [3][935/936] Elapsed 2m 16s (remain 0m 0s) Loss: 0.5535(0.3275) LR: 0.00000100 Accuracy: 0.8659
EVAL: [0/104] Elapsed 0m 0s (remain 0m 49s) Loss: 0.5605(0.5605) Accuracy: 0.7500 F1 Score: 0.4286
EVAL: [103/104] Elapsed 0m 2s (remain 0m 0s) Loss: 0.7806(0.6808) Accuracy: 0.6346 F1 Score: 0.6339
Epoch 3 - avg_train_loss: 0.3275  train_acc: 0.8659  valid_acc: 0.6346  valid_f1: 0.6339  time: 140s
Epoch: [4][0/936] Elapsed 0m 0s (remain 5m 55s) Loss: 0.2488(0.2488) LR: 0.00001050 Accuracy: 0.7500
Epoch: [4][300/936] Elapsed 0m 43s (remain 1m 31s) Loss: 0.7252(0.3033) LR: 0.00001050 Accuracy: 0.8646
Epoch: [4][600/936] Elapsed 1m 27s (remain 0m 48s) Loss: 0.1091(0.3003) LR: 0.00001050 Accuracy: 0.8719
Epoch: [4][900/936] Elapsed 2m 10s (remain 0m 5s) Loss: 0.0586(0.2954) LR: 0.00001050 Accuracy: 0.8760
Epoch: [4][935/936] Elapsed 2m 15s (remain 0m 0s) Loss: 0.6976(0.2966) LR: 0.00001050 Accuracy: 0.8761
EVAL: [0/104] Elapsed 0m 0s (remain 0m 35s) Loss: 0.5624(0.5624) Accuracy: 0.7500 F1 Score: 0.4286
EVAL: [103/104] Elapsed 0m 2s (remain 0m 0s) Loss: 0.7874(0.6856) Accuracy: 0.6514 F1 Score: 0.6510
Epoch 4 - avg_train_loss: 0.2966  train_acc: 0.8761  valid_acc: 0.6514  valid_f1: 0.6510  time: 138s
Epoch: [5][0/936] Elapsed 0m 0s (remain 8m 58s) Loss: 0.1026(0.1026) LR: 0.00002000 Accuracy: 1.0000
Epoch: [5][300/936] Elapsed 0m 45s (remain 1m 35s) Loss: 0.0426(0.1983) LR: 0.00002000 Accuracy: 0.9302
Epoch: [5][600/936] Elapsed 1m 28s (remain 0m 49s) Loss: 0.0455(0.2062) LR: 0.00002000 Accuracy: 0.9230
Epoch: [5][900/936] Elapsed 2m 10s (remain 0m 5s) Loss: 0.1204(0.2097) LR: 0.00002000 Accuracy: 0.9198
Epoch: [5][935/936] Elapsed 2m 15s (remain 0m 0s) Loss: 0.0450(0.2083) LR: 0.00002000 Accuracy: 0.9201
EVAL: [0/104] Elapsed 0m 0s (remain 1m 0s) Loss: 0.5626(0.5626) Accuracy: 0.7500 F1 Score: 0.4286
EVAL: [103/104] Elapsed 0m 3s (remain 0m 0s) Loss: 0.7197(0.6862) Accuracy: 0.6202 F1 Score: 0.6200
Epoch 5 - avg_train_loss: 0.2083  train_acc: 0.9201  valid_acc: 0.6202  valid_f1: 0.6200  time: 140s
Epoch: [6][0/936] Elapsed 0m 0s (remain 10m 10s) Loss: 0.0322(0.0322) LR: 0.00001050 Accuracy: 1.0000
Epoch: [6][300/936] Elapsed 0m 44s (remain 1m 34s) Loss: 0.0364(0.1196) LR: 0.00001050 Accuracy: 0.9518
Epoch: [6][600/936] Elapsed 1m 29s (remain 0m 49s) Loss: 0.5517(0.1055) LR: 0.00001050 Accuracy: 0.9609
Epoch: [6][900/936] Elapsed 2m 13s (remain 0m 5s) Loss: 0.0435(0.1009) LR: 0.00001050 Accuracy: 0.9642
Epoch: [6][935/936] Elapsed 2m 18s (remain 0m 0s) Loss: 0.0166(0.1009) LR: 0.00001050 Accuracy: 0.9645
EVAL: [0/104] Elapsed 0m 0s (remain 0m 37s) Loss: 0.5632(0.5632) Accuracy: 0.7500 F1 Score: 0.4286
EVAL: [103/104] Elapsed 0m 2s (remain 0m 0s) Loss: 0.7631(0.6951) Accuracy: 0.6322 F1 Score: 0.6293
Epoch 6 - avg_train_loss: 0.1009  train_acc: 0.9645  valid_acc: 0.6322  valid_f1: 0.6293  time: 141s
Epoch: [7][0/936] Elapsed 0m 0s (remain 6m 25s) Loss: 0.0163(0.0163) LR: 0.00000100 Accuracy: 1.0000
Epoch: [7][300/936] Elapsed 0m 45s (remain 1m 35s) Loss: 0.0191(0.0517) LR: 0.00000100 Accuracy: 0.9859
Epoch: [7][600/936] Elapsed 1m 29s (remain 0m 49s) Loss: 0.0329(0.0554) LR: 0.00000100 Accuracy: 0.9834
Epoch: [7][900/936] Elapsed 2m 13s (remain 0m 5s) Loss: 0.0174(0.0534) LR: 0.00000100 Accuracy: 0.9847
Epoch: [7][935/936] Elapsed 2m 18s (remain 0m 0s) Loss: 0.0186(0.0532) LR: 0.00000100 Accuracy: 0.9850
EVAL: [0/104] Elapsed 0m 0s (remain 0m 47s) Loss: 0.5631(0.5631) Accuracy: 0.7500 F1 Score: 0.4286
EVAL: [103/104] Elapsed 0m 2s (remain 0m 0s) Loss: 0.7268(0.6853) Accuracy: 0.6418 F1 Score: 0.6416
Epoch 7 - avg_train_loss: 0.0532  train_acc: 0.9850  valid_acc: 0.6418  valid_f1: 0.6416  time: 141s
Epoch: [8][0/936] Elapsed 0m 0s (remain 7m 6s) Loss: 0.0270(0.0270) LR: 0.00001050 Accuracy: 1.0000
Epoch: [8][300/936] Elapsed 0m 46s (remain 1m 37s) Loss: 0.0123(0.0544) LR: 0.00001050 Accuracy: 0.9826
Epoch: [8][600/936] Elapsed 1m 28s (remain 0m 49s) Loss: 0.0151(0.0635) LR: 0.00001050 Accuracy: 0.9796
Epoch: [8][900/936] Elapsed 2m 8s (remain 0m 5s) Loss: 0.0319(0.0675) LR: 0.00001050 Accuracy: 0.9786
Epoch: [8][935/936] Elapsed 2m 13s (remain 0m 0s) Loss: 0.0991(0.0686) LR: 0.00001050 Accuracy: 0.9786
EVAL: [0/104] Elapsed 0m 0s (remain 0m 37s) Loss: 0.5630(0.5630) Accuracy: 0.7500 F1 Score: 0.4286
EVAL: [103/104] Elapsed 0m 2s (remain 0m 0s) Loss: 0.7073(0.6860) Accuracy: 0.6034 F1 Score: 0.6025
Epoch 8 - avg_train_loss: 0.0686  train_acc: 0.9786  valid_acc: 0.6034  valid_f1: 0.6025  time: 136s
Epoch: [9][0/936] Elapsed 0m 0s (remain 7m 3s) Loss: 0.0189(0.0189) LR: 0.00002000 Accuracy: 1.0000
Epoch: [9][300/936] Elapsed 0m 43s (remain 1m 32s) Loss: 0.0104(0.0577) LR: 0.00002000 Accuracy: 0.9826
Epoch: [9][600/936] Elapsed 1m 25s (remain 0m 47s) Loss: 0.0282(0.0693) LR: 0.00002000 Accuracy: 0.9780
Epoch: [9][900/936] Elapsed 2m 9s (remain 0m 5s) Loss: 0.0154(0.0837) LR: 0.00002000 Accuracy: 0.9725
Epoch: [9][935/936] Elapsed 2m 14s (remain 0m 0s) Loss: 0.0143(0.0845) LR: 0.00002000 Accuracy: 0.9725
EVAL: [0/104] Elapsed 0m 0s (remain 0m 57s) Loss: 0.5633(0.5633) Accuracy: 0.7500 F1 Score: 0.4286
EVAL: [103/104] Elapsed 0m 3s (remain 0m 0s) Loss: 0.8105(0.6987) Accuracy: 0.6274 F1 Score: 0.6253
Epoch 9 - avg_train_loss: 0.0845  train_acc: 0.9725  valid_acc: 0.6274  valid_f1: 0.6253  time: 138s
Epoch: [10][0/936] Elapsed 0m 0s (remain 9m 35s) Loss: 0.0184(0.0184) LR: 0.00001050 Accuracy: 1.0000
Epoch: [10][300/936] Elapsed 0m 45s (remain 1m 35s) Loss: 0.0090(0.0530) LR: 0.00001050 Accuracy: 0.9801
Epoch: [10][600/936] Elapsed 1m 31s (remain 0m 51s) Loss: 0.0097(0.0479) LR: 0.00001050 Accuracy: 0.9842
Epoch: [10][900/936] Elapsed 2m 14s (remain 0m 5s) Loss: 0.0158(0.0488) LR: 0.00001050 Accuracy: 0.9845
Epoch: [10][935/936] Elapsed 2m 19s (remain 0m 0s) Loss: 0.0096(0.0481) LR: 0.00001050 Accuracy: 0.9845
EVAL: [0/104] Elapsed 0m 0s (remain 0m 34s) Loss: 0.5634(0.5634) Accuracy: 0.7500 F1 Score: 0.4286
EVAL: [103/104] Elapsed 0m 2s (remain 0m 0s) Loss: 0.7564(0.6935) Accuracy: 0.6202 F1 Score: 0.6195
Epoch 10 - avg_train_loss: 0.0481  train_acc: 0.9845  valid_acc: 0.6202  valid_f1: 0.6195  time: 142s
[Fold2] Best score: 0.6536504139402894
================== fold: 3 training ======================
Epoch: [1][0/936] Elapsed 0m 0s (remain 5m 59s) Loss: 0.7084(0.7084) LR: 0.00002000 Accuracy: 0.2500
Epoch: [1][300/936] Elapsed 0m 46s (remain 1m 37s) Loss: 0.6933(0.6940) LR: 0.00002000 Accuracy: 0.4950
Epoch: [1][600/936] Elapsed 1m 29s (remain 0m 50s) Loss: 0.9106(0.6926) LR: 0.00002000 Accuracy: 0.4979
Epoch: [1][900/936] Elapsed 2m 14s (remain 0m 5s) Loss: 0.6157(0.6911) LR: 0.00002000 Accuracy: 0.5019
Epoch: [1][935/936] Elapsed 2m 19s (remain 0m 0s) Loss: 0.6252(0.6903) LR: 0.00002000 Accuracy: 0.5019
EVAL: [0/104] Elapsed 0m 0s (remain 0m 34s) Loss: 0.4390(0.4390) Accuracy: 1.0000 F1 Score: 1.0000
EVAL: [103/104] Elapsed 0m 2s (remain 0m 0s) Loss: 0.9910(0.7226) Accuracy: 0.5577 F1 Score: 0.5360
Epoch 1 - avg_train_loss: 0.6903  train_acc: 0.5019  valid_acc: 0.5577  valid_f1: 0.5360  time: 141s
Epoch 1 - Save Best Score: 0.5360 Model
Epoch: [2][0/936] Elapsed 0m 0s (remain 5m 42s) Loss: 0.5858(0.5858) LR: 0.00001050 Accuracy: 0.7500
Epoch: [2][300/936] Elapsed 0m 45s (remain 1m 36s) Loss: 0.6951(0.6790) LR: 0.00001050 Accuracy: 0.5100
Epoch: [2][600/936] Elapsed 1m 30s (remain 0m 50s) Loss: 0.5973(0.6746) LR: 0.00001050 Accuracy: 0.5208
Epoch: [2][900/936] Elapsed 2m 15s (remain 0m 5s) Loss: 0.5939(0.6723) LR: 0.00001050 Accuracy: 0.5250
Epoch: [2][935/936] Elapsed 2m 21s (remain 0m 0s) Loss: 0.6653(0.6730) LR: 0.00001050 Accuracy: 0.5240
EVAL: [0/104] Elapsed 0m 0s (remain 0m 56s) Loss: 0.4536(0.4536) Accuracy: 0.7500 F1 Score: 0.4286
EVAL: [103/104] Elapsed 0m 3s (remain 0m 0s) Loss: 0.9343(0.7118) Accuracy: 0.5721 F1 Score: 0.5685
Epoch 2 - avg_train_loss: 0.6730  train_acc: 0.5240  valid_acc: 0.5721  valid_f1: 0.5685  time: 145s
Epoch 2 - Save Best Score: 0.5685 Model
Epoch: [3][0/936] Elapsed 0m 0s (remain 9m 15s) Loss: 0.7507(0.7507) LR: 0.00000100 Accuracy: 0.2500
Epoch: [3][300/936] Elapsed 0m 45s (remain 1m 36s) Loss: 0.6472(0.6510) LR: 0.00000100 Accuracy: 0.5822
Epoch: [3][600/936] Elapsed 1m 28s (remain 0m 49s) Loss: 0.9752(0.6554) LR: 0.00000100 Accuracy: 0.5732
Epoch: [3][900/936] Elapsed 2m 12s (remain 0m 5s) Loss: 0.6414(0.6542) LR: 0.00000100 Accuracy: 0.5785
Epoch: [3][935/936] Elapsed 2m 17s (remain 0m 0s) Loss: 0.8495(0.6536) LR: 0.00000100 Accuracy: 0.5793
EVAL: [0/104] Elapsed 0m 0s (remain 0m 32s) Loss: 0.4404(0.4404) Accuracy: 0.7500 F1 Score: 0.4286
EVAL: [103/104] Elapsed 0m 2s (remain 0m 0s) Loss: 0.9277(0.7096) Accuracy: 0.5913 F1 Score: 0.5909
Epoch 3 - avg_train_loss: 0.6536  train_acc: 0.5793  valid_acc: 0.5913  valid_f1: 0.5909  time: 140s
Epoch 3 - Save Best Score: 0.5909 Model
Epoch: [4][0/936] Elapsed 0m 0s (remain 10m 19s) Loss: 0.4941(0.4941) LR: 0.00001050 Accuracy: 1.0000
Epoch: [4][300/936] Elapsed 0m 45s (remain 1m 35s) Loss: 0.6213(0.6561) LR: 0.00001050 Accuracy: 0.5955
Epoch: [4][600/936] Elapsed 1m 28s (remain 0m 49s) Loss: 0.7009(0.6540) LR: 0.00001050 Accuracy: 0.6065
Epoch: [4][900/936] Elapsed 2m 10s (remain 0m 5s) Loss: 0.6129(0.6546) LR: 0.00001050 Accuracy: 0.6041
Epoch: [4][935/936] Elapsed 2m 15s (remain 0m 0s) Loss: 0.4781(0.6548) LR: 0.00001050 Accuracy: 0.6018
EVAL: [0/104] Elapsed 0m 0s (remain 0m 35s) Loss: 0.4496(0.4496) Accuracy: 0.7500 F1 Score: 0.4286
EVAL: [103/104] Elapsed 0m 2s (remain 0m 0s) Loss: 0.9191(0.7094) Accuracy: 0.6130 F1 Score: 0.6088
Epoch 4 - avg_train_loss: 0.6548  train_acc: 0.6018  valid_acc: 0.6130  valid_f1: 0.6088  time: 138s
Epoch 4 - Save Best Score: 0.6088 Model
Epoch: [5][0/936] Elapsed 0m 0s (remain 9m 33s) Loss: 0.5399(0.5399) LR: 0.00002000 Accuracy: 1.0000
Epoch: [5][300/936] Elapsed 0m 45s (remain 1m 35s) Loss: 0.5652(0.6418) LR: 0.00002000 Accuracy: 0.5880
Epoch: [5][600/936] Elapsed 1m 29s (remain 0m 50s) Loss: 0.4997(0.6420) LR: 0.00002000 Accuracy: 0.5978
Epoch: [5][900/936] Elapsed 2m 11s (remain 0m 5s) Loss: 0.3329(0.6429) LR: 0.00002000 Accuracy: 0.5968
Epoch: [5][935/936] Elapsed 2m 16s (remain 0m 0s) Loss: 0.6992(0.6435) LR: 0.00002000 Accuracy: 0.5964
EVAL: [0/104] Elapsed 0m 0s (remain 0m 58s) Loss: 0.4591(0.4591) Accuracy: 0.5000 F1 Score: 0.3333
EVAL: [103/104] Elapsed 0m 3s (remain 0m 0s) Loss: 0.8994(0.7027) Accuracy: 0.5793 F1 Score: 0.5404
Epoch 5 - avg_train_loss: 0.6435  train_acc: 0.5964  valid_acc: 0.5793  valid_f1: 0.5404  time: 140s
Epoch: [6][0/936] Elapsed 0m 0s (remain 5m 23s) Loss: 0.6057(0.6057) LR: 0.00001050 Accuracy: 0.7500
Epoch: [6][300/936] Elapsed 0m 43s (remain 1m 31s) Loss: 0.5649(0.5907) LR: 0.00001050 Accuracy: 0.6728
Epoch: [6][600/936] Elapsed 1m 25s (remain 0m 47s) Loss: 0.8925(0.5958) LR: 0.00001050 Accuracy: 0.6764
Epoch: [6][900/936] Elapsed 2m 8s (remain 0m 4s) Loss: 0.6725(0.5938) LR: 0.00001050 Accuracy: 0.6773
Epoch: [6][935/936] Elapsed 2m 13s (remain 0m 0s) Loss: 0.4585(0.5955) LR: 0.00001050 Accuracy: 0.6749
EVAL: [0/104] Elapsed 0m 0s (remain 0m 33s) Loss: 0.3939(0.3939) Accuracy: 1.0000 F1 Score: 1.0000
EVAL: [103/104] Elapsed 0m 2s (remain 0m 0s) Loss: 0.9838(0.7120) Accuracy: 0.6250 F1 Score: 0.6153
Epoch 6 - avg_train_loss: 0.5955  train_acc: 0.6749  valid_acc: 0.6250  valid_f1: 0.6153  time: 136s
Epoch 6 - Save Best Score: 0.6153 Model
Epoch: [7][0/936] Elapsed 0m 0s (remain 10m 9s) Loss: 0.7527(0.7527) LR: 0.00000100 Accuracy: 0.2500
Epoch: [7][300/936] Elapsed 0m 44s (remain 1m 33s) Loss: 0.9068(0.5413) LR: 0.00000100 Accuracy: 0.7218
Epoch: [7][600/936] Elapsed 1m 28s (remain 0m 49s) Loss: 0.4799(0.5329) LR: 0.00000100 Accuracy: 0.7221
Epoch: [7][900/936] Elapsed 2m 13s (remain 0m 5s) Loss: 0.2983(0.5240) LR: 0.00000100 Accuracy: 0.7328
Epoch: [7][935/936] Elapsed 2m 18s (remain 0m 0s) Loss: 0.5980(0.5250) LR: 0.00000100 Accuracy: 0.7321
EVAL: [0/104] Elapsed 0m 0s (remain 0m 33s) Loss: 0.3934(0.3934) Accuracy: 0.7500 F1 Score: 0.4286
EVAL: [103/104] Elapsed 0m 2s (remain 0m 0s) Loss: 0.8962(0.6930) Accuracy: 0.5938 F1 Score: 0.5898
Epoch 7 - avg_train_loss: 0.5250  train_acc: 0.7321  valid_acc: 0.5938  valid_f1: 0.5898  time: 141s
Epoch: [8][0/936] Elapsed 0m 0s (remain 9m 38s) Loss: 0.1460(0.1460) LR: 0.00001050 Accuracy: 1.0000
Epoch: [8][300/936] Elapsed 0m 45s (remain 1m 36s) Loss: 0.5396(0.5164) LR: 0.00001050 Accuracy: 0.7458
Epoch: [8][600/936] Elapsed 1m 28s (remain 0m 49s) Loss: 0.5771(0.5328) LR: 0.00001050 Accuracy: 0.7300
Epoch: [8][900/936] Elapsed 2m 11s (remain 0m 5s) Loss: 0.3358(0.5289) LR: 0.00001050 Accuracy: 0.7361
Epoch: [8][935/936] Elapsed 2m 16s (remain 0m 0s) Loss: 0.1879(0.5274) LR: 0.00001050 Accuracy: 0.7382
EVAL: [0/104] Elapsed 0m 0s (remain 0m 35s) Loss: 0.3756(0.3756) Accuracy: 1.0000 F1 Score: 1.0000
EVAL: [103/104] Elapsed 0m 2s (remain 0m 0s) Loss: 0.9122(0.7036) Accuracy: 0.5962 F1 Score: 0.5934
Epoch 8 - avg_train_loss: 0.5274  train_acc: 0.7382  valid_acc: 0.5962  valid_f1: 0.5934  time: 139s
Epoch: [9][0/936] Elapsed 0m 0s (remain 6m 8s) Loss: 0.6112(0.6112) LR: 0.00002000 Accuracy: 0.7500
Epoch: [9][300/936] Elapsed 0m 43s (remain 1m 32s) Loss: 0.5393(0.4843) LR: 0.00002000 Accuracy: 0.7716
Epoch: [9][600/936] Elapsed 1m 27s (remain 0m 48s) Loss: 0.4125(0.5116) LR: 0.00002000 Accuracy: 0.7575
Epoch: [9][900/936] Elapsed 2m 12s (remain 0m 5s) Loss: 0.6611(0.5178) LR: 0.00002000 Accuracy: 0.7497
Epoch: [9][935/936] Elapsed 2m 17s (remain 0m 0s) Loss: 1.0448(0.5167) LR: 0.00002000 Accuracy: 0.7500
EVAL: [0/104] Elapsed 0m 0s (remain 0m 34s) Loss: 0.3890(0.3890) Accuracy: 0.7500 F1 Score: 0.4286
EVAL: [103/104] Elapsed 0m 2s (remain 0m 0s) Loss: 0.8791(0.6914) Accuracy: 0.5962 F1 Score: 0.5822
Epoch 9 - avg_train_loss: 0.5167  train_acc: 0.7500  valid_acc: 0.5962  valid_f1: 0.5822  time: 140s
Epoch: [10][0/936] Elapsed 0m 0s (remain 6m 30s) Loss: 0.4739(0.4739) LR: 0.00001050 Accuracy: 0.5000
Epoch: [10][300/936] Elapsed 0m 45s (remain 1m 35s) Loss: 1.0139(0.4232) LR: 0.00001050 Accuracy: 0.8164
Epoch: [10][600/936] Elapsed 1m 28s (remain 0m 49s) Loss: 0.1307(0.4293) LR: 0.00001050 Accuracy: 0.8153
Epoch: [10][900/936] Elapsed 2m 13s (remain 0m 5s) Loss: 0.2260(0.4310) LR: 0.00001050 Accuracy: 0.8094
Epoch: [10][935/936] Elapsed 2m 18s (remain 0m 0s) Loss: 0.2245(0.4289) LR: 0.00001050 Accuracy: 0.8104
EVAL: [0/104] Elapsed 0m 0s (remain 0m 55s) Loss: 0.3573(0.3573) Accuracy: 1.0000 F1 Score: 1.0000
EVAL: [103/104] Elapsed 0m 3s (remain 0m 0s) Loss: 0.8859(0.6998) Accuracy: 0.6106 F1 Score: 0.6093
Epoch 10 - avg_train_loss: 0.4289  train_acc: 0.8104  valid_acc: 0.6106  valid_f1: 0.6093  time: 142s
[Fold3] Best score: 0.6153171310017782
================== fold: 4 training ======================
Epoch: [1][0/936] Elapsed 0m 0s (remain 6m 17s) Loss: 0.6718(0.6718) LR: 0.00002000 Accuracy: 0.5000
Epoch: [1][300/936] Elapsed 0m 45s (remain 1m 35s) Loss: 0.4453(0.6753) LR: 0.00002000 Accuracy: 0.5390
Epoch: [1][600/936] Elapsed 1m 27s (remain 0m 49s) Loss: 0.5978(0.6755) LR: 0.00002000 Accuracy: 0.5337
Epoch: [1][900/936] Elapsed 2m 13s (remain 0m 5s) Loss: 0.8010(0.6693) LR: 0.00002000 Accuracy: 0.5527
Epoch: [1][935/936] Elapsed 2m 18s (remain 0m 0s) Loss: 0.6110(0.6681) LR: 0.00002000 Accuracy: 0.5561
EVAL: [0/104] Elapsed 0m 0s (remain 1m 4s) Loss: 0.4174(0.4174) Accuracy: 1.0000 F1 Score: 1.0000
EVAL: [103/104] Elapsed 0m 2s (remain 0m 0s) Loss: 0.8170(0.6975) Accuracy: 0.6058 F1 Score: 0.5659
Epoch 1 - avg_train_loss: 0.6681  train_acc: 0.5561  valid_acc: 0.6058  valid_f1: 0.5659  time: 141s
Epoch 1 - Save Best Score: 0.5659 Model
Epoch: [2][0/936] Elapsed 0m 0s (remain 6m 34s) Loss: 0.3863(0.3863) LR: 0.00001050 Accuracy: 1.0000
Epoch: [2][300/936] Elapsed 0m 45s (remain 1m 35s) Loss: 0.8481(0.5661) LR: 0.00001050 Accuracy: 0.6952
Epoch: [2][600/936] Elapsed 1m 30s (remain 0m 50s) Loss: 0.4228(0.5670) LR: 0.00001050 Accuracy: 0.6980
Epoch: [2][900/936] Elapsed 2m 15s (remain 0m 5s) Loss: 0.5253(0.5576) LR: 0.00001050 Accuracy: 0.7020
Epoch: [2][935/936] Elapsed 2m 19s (remain 0m 0s) Loss: 0.4141(0.5584) LR: 0.00001050 Accuracy: 0.7014
EVAL: [0/104] Elapsed 0m 0s (remain 0m 39s) Loss: 0.3665(0.3665) Accuracy: 1.0000 F1 Score: 1.0000
EVAL: [103/104] Elapsed 0m 2s (remain 0m 0s) Loss: 0.7852(0.6769) Accuracy: 0.6683 F1 Score: 0.6535
Epoch 2 - avg_train_loss: 0.5584  train_acc: 0.7014  valid_acc: 0.6683  valid_f1: 0.6535  time: 142s
Epoch 2 - Save Best Score: 0.6535 Model
Epoch: [3][0/936] Elapsed 0m 0s (remain 9m 46s) Loss: 0.7863(0.7863) LR: 0.00000100 Accuracy: 0.2500
Epoch: [3][300/936] Elapsed 0m 44s (remain 1m 34s) Loss: 0.3210(0.3910) LR: 0.00000100 Accuracy: 0.8231
Epoch: [3][600/936] Elapsed 1m 29s (remain 0m 49s) Loss: 0.3545(0.3782) LR: 0.00000100 Accuracy: 0.8357
Epoch: [3][900/936] Elapsed 2m 15s (remain 0m 5s) Loss: 0.1386(0.3633) LR: 0.00000100 Accuracy: 0.8471
Epoch: [3][935/936] Elapsed 2m 20s (remain 0m 0s) Loss: 0.2656(0.3615) LR: 0.00000100 Accuracy: 0.8480
EVAL: [0/104] Elapsed 0m 0s (remain 0m 57s) Loss: 0.3381(0.3381) Accuracy: 1.0000 F1 Score: 1.0000
EVAL: [103/104] Elapsed 0m 3s (remain 0m 0s) Loss: 0.7735(0.6827) Accuracy: 0.6803 F1 Score: 0.6802
